Device: cuda
Configuration: {'dataset': 'wco_l4_ifcb_pml', 'dino_model': 'vit_small_patch16_dinov3', 'projection_dim': 128, 'image_size': 224, 'num_clients': 200, 'client_frac': 0.01, 'rounds': 20, 'local_epochs': 5, 'batch_size': 128, 'lr': 0.0001, 'wd': 0.0001, 'grad_clip': 1.0, 'linear_lr': 0.001, 'linear_wd': 0.0001, 'linear_bs': 256, 'linear_epochs': 50, 'linear_patience': 10, 'dirichlet_alpha': 0.3, 'balanced_partition': False, 'normalization': 'imagenet', 'seed': 1, 'backbone_tag': 'dino_s16', 'run_name': 'dino_s16_200C_1pct_seed1', 'verbose': False, 'progress_every': 20, 'eval_every': 0, 'save_test_embeddings': False, 'cpu': False, 'eval_datasets': ['wco_l4_ifcb_pml', 'syke_ifcb', 'syke_zooscan', 'plankto_share', 'daplankton_lab_ifcb', 'daplankton_lab_cs', 'daplankton_lab_fc'], 'tiny_root': './tiny', 'celeba_root': './celeba', 'device': device(type='cuda')}
Loading DINOv3 backbone (vit_small_patch16_dinov3)...
DINOv3 image feature dim: 384
Using Dirichlet alpha=0.3 for non-IID partition...
Using imbalanced Dirichlet partition
Starting federated unsupervised SimCLR (CLIP backbone)...

--- Round 1/20 ---
Client 34: 4.9766
Client 145: 4.8564
Round avg loss: 4.9165 (Best: 4.9165)

--- Round 2/20 ---
Client 195: 4.9447
Client 16: 4.9470
Round avg loss: 4.9459 (Best: 4.9165)

--- Round 3/20 ---
Client 65: 4.8684
Client 30: 4.9363
Round avg loss: 4.9023 (Best: 4.9023)

--- Round 4/20 ---
Client 126: 4.8703
Client 194: 5.0467
Round avg loss: 4.9585 (Best: 4.9023)

--- Round 5/20 ---
Client 115: 4.8868
Client 120: 4.9314
Round avg loss: 4.9091 (Best: 4.9023)

--- Round 6/20 ---
Client 166: 4.9259
Client 97: 4.8229
Round avg loss: 4.8744 (Best: 4.8744)

--- Round 7/20 ---
Client 53: 4.9582
Client 24: 4.8737
Round avg loss: 4.9159 (Best: 4.8744)

--- Round 8/20 ---
Client 124: 5.0537
Client 7: 4.9408
Round avg loss: 4.9972 (Best: 4.8744)

--- Round 9/20 ---
Client 99: 4.8321
Client 110: 4.9443
Round avg loss: 4.8882 (Best: 4.8744)

--- Round 10/20 ---
Client 155: 5.0074
Client 195: 4.5209
Round avg loss: 4.7642 (Best: 4.7642)

--- Round 11/20 ---
Client 196: 4.8898
Client 0: 5.0480
Round avg loss: 4.9689 (Best: 4.7642)

--- Round 12/20 ---
Client 178: 4.8834
Client 114: 4.9418
Round avg loss: 4.9126 (Best: 4.7642)

--- Round 13/20 ---
Client 68: 5.0367
Client 184: 4.9758
Round avg loss: 5.0062 (Best: 4.7642)

--- Round 14/20 ---
Client 58: 4.8437
Client 151: 4.9353
Round avg loss: 4.8895 (Best: 4.7642)

--- Round 15/20 ---
Client 26: 4.9432
Client 81: 4.8883
Round avg loss: 4.9157 (Best: 4.7642)

--- Round 16/20 ---
Client 7: 4.5608
Client 5: 4.9388
Round avg loss: 4.7498 (Best: 4.7498)

--- Round 17/20 ---
Client 6: 5.0073
Client 166: 4.5106
Round avg loss: 4.7589 (Best: 4.7498)

--- Round 18/20 ---
Client 138: 4.8557
Client 2: 5.0862
Round avg loss: 4.9709 (Best: 4.7498)

--- Round 19/20 ---
Client 97: 4.3925
Client 175: 4.8712
Round avg loss: 4.6319 (Best: 4.6319)

--- Round 20/20 ---
Client 55: 4.9534
Client 108: 5.0800
Round avg loss: 5.0167 (Best: 4.6319)
Projector checkpoint saved to fl_results/checkpoints/projector_dino_s16_wco_l4_ifcb_pml_dino_s16_200C_1pct_seed1_20260527_230440.pt

Running final evaluations...

>>> Evaluating on 'wco_l4_ifcb_pml' <<<
[wco_l4_ifcb_pml] Linear split: 43525 train, 10882 val, 18135 test
Linear Epoch 5: Train Loss=1.3756, Val Acc=72.34%
Linear Epoch 10: Train Loss=0.9189, Val Acc=79.67%
Linear Epoch 15: Train Loss=0.7634, Val Acc=82.03%
Linear Epoch 20: Train Loss=0.6857, Val Acc=83.18%
Linear Epoch 25: Train Loss=0.6417, Val Acc=83.94%
Linear Epoch 30: Train Loss=0.6096, Val Acc=84.44%
Linear Epoch 35: Train Loss=0.5957, Val Acc=84.75%
Linear Epoch 40: Train Loss=0.5764, Val Acc=84.96%
Linear Epoch 45: Train Loss=0.5671, Val Acc=85.24%
Linear Epoch 50: Train Loss=0.5619, Val Acc=85.25%
[wco_l4_ifcb_pml] Linear accuracy: 85.49% | Val accuracy: 85.49%
[wco_l4_ifcb_pml] Eval-only accuracy: 0.20%
Running unsupervised k-NN evaluation...
k-NN Top-1 accuracy: 82.80%
Running unsupervised clustering evaluation...
K-Means clustering accuracy (Hungarian matched): 36.77%
Silhouette score: 0.063
Prototype accuracy: 71.45%

>>> Evaluating on 'syke_ifcb' <<<
[syke_ifcb] Linear split: 30272 train, 7568 val, 12618 test
Linear Epoch 5: Train Loss=0.8906, Val Acc=82.03%
Linear Epoch 10: Train Loss=0.5613, Val Acc=87.13%
Linear Epoch 15: Train Loss=0.4386, Val Acc=89.01%
Linear Epoch 20: Train Loss=0.3731, Val Acc=90.09%
Linear Epoch 25: Train Loss=0.3331, Val Acc=90.84%
Linear Epoch 30: Train Loss=0.3060, Val Acc=91.37%
Linear Epoch 35: Train Loss=0.2876, Val Acc=91.82%
Linear Epoch 40: Train Loss=0.2736, Val Acc=92.07%
Linear Epoch 45: Train Loss=0.2638, Val Acc=92.46%
Linear Epoch 50: Train Loss=0.2548, Val Acc=92.47%
[syke_ifcb] Linear accuracy: 93.03% | Val accuracy: 92.49%
[syke_ifcb] Eval-only accuracy: 1.44%
Running unsupervised k-NN evaluation...
k-NN Top-1 accuracy: 91.04%
Running unsupervised clustering evaluation...
K-Means clustering accuracy (Hungarian matched): 33.60%
Silhouette score: 0.074
Prototype accuracy: 74.05%

>>> Evaluating on 'syke_zooscan' <<<
[syke_zooscan] Linear split: 10896 train, 2724 val, 4597 test
Linear Epoch 5: Train Loss=1.1844, Val Acc=70.63%
Linear Epoch 10: Train Loss=0.8611, Val Acc=77.39%
Linear Epoch 15: Train Loss=0.6991, Val Acc=81.42%
Linear Epoch 20: Train Loss=0.5980, Val Acc=84.14%
Linear Epoch 25: Train Loss=0.5272, Val Acc=86.20%
Linear Epoch 30: Train Loss=0.4747, Val Acc=87.41%
Linear Epoch 35: Train Loss=0.4349, Val Acc=88.33%
Linear Epoch 40: Train Loss=0.4039, Val Acc=89.06%
Linear Epoch 45: Train Loss=0.3776, Val Acc=90.12%
Linear Epoch 50: Train Loss=0.3573, Val Acc=90.53%
[syke_zooscan] Linear accuracy: 89.58% | Val accuracy: 90.53%
[syke_zooscan] Eval-only accuracy: 0.39%
Running unsupervised k-NN evaluation...
k-NN Top-1 accuracy: 88.71%
Running unsupervised clustering evaluation...
K-Means clustering accuracy (Hungarian matched): 29.06%
Silhouette score: 0.061
Prototype accuracy: 63.04%

>>> Evaluating on 'plankto_share' <<<
[plankto_share] Linear split: 25363 train, 6341 val, 10572 test
Linear Epoch 5: Train Loss=2.1925, Val Acc=50.51%
Linear Epoch 10: Train Loss=1.6590, Val Acc=59.56%
Linear Epoch 15: Train Loss=1.4225, Val Acc=63.18%
Linear Epoch 20: Train Loss=1.2913, Val Acc=65.43%
Linear Epoch 25: Train Loss=1.2074, Val Acc=67.06%
Linear Epoch 30: Train Loss=1.1465, Val Acc=68.27%
Linear Epoch 35: Train Loss=1.0999, Val Acc=68.93%
Linear Epoch 40: Train Loss=1.0721, Val Acc=69.41%
Linear Epoch 45: Train Loss=1.0441, Val Acc=69.88%
Linear Epoch 50: Train Loss=1.0212, Val Acc=70.26%
[plankto_share] Linear accuracy: 70.40% | Val accuracy: 70.26%
[plankto_share] Eval-only accuracy: 1.12%
Running unsupervised k-NN evaluation...
k-NN Top-1 accuracy: 66.21%
Running unsupervised clustering evaluation...
K-Means clustering accuracy (Hungarian matched): 24.84%
Silhouette score: 0.043
Prototype accuracy: 48.31%

>>> Evaluating on 'daplankton_lab_ifcb' <<<
[daplankton_lab_ifcb] Linear split: 7909 train, 1978 val, 3294 test
Linear Epoch 5: Train Loss=1.4750, Val Acc=80.18%
Linear Epoch 10: Train Loss=0.9795, Val Acc=83.97%
Linear Epoch 15: Train Loss=0.7518, Val Acc=86.05%
Linear Epoch 20: Train Loss=0.6247, Val Acc=86.65%
Linear Epoch 25: Train Loss=0.5433, Val Acc=88.02%
Linear Epoch 30: Train Loss=0.4864, Val Acc=88.73%
Linear Epoch 35: Train Loss=0.4440, Val Acc=89.53%
Linear Epoch 40: Train Loss=0.4110, Val Acc=90.09%
Linear Epoch 45: Train Loss=0.3847, Val Acc=90.34%
Linear Epoch 50: Train Loss=0.3625, Val Acc=90.50%
[daplankton_lab_ifcb] Linear accuracy: 89.56% | Val accuracy: 90.60%
[daplankton_lab_ifcb] Eval-only accuracy: 3.92%
Running unsupervised k-NN evaluation...
k-NN Top-1 accuracy: 89.04%
Running unsupervised clustering evaluation...
K-Means clustering accuracy (Hungarian matched): 62.30%
Silhouette score: 0.133
Prototype accuracy: 81.91%

>>> Evaluating on 'daplankton_lab_cs' <<<
[daplankton_lab_cs] Linear split: 6330 train, 1583 val, 2638 test
Linear Epoch 5: Train Loss=1.9224, Val Acc=57.11%
Linear Epoch 10: Train Loss=1.4749, Val Acc=70.88%
Linear Epoch 15: Train Loss=1.2167, Val Acc=74.98%
Linear Epoch 20: Train Loss=1.0492, Val Acc=78.27%
Linear Epoch 25: Train Loss=0.9316, Val Acc=79.41%
Linear Epoch 30: Train Loss=0.8441, Val Acc=80.61%
Linear Epoch 35: Train Loss=0.7774, Val Acc=81.93%
Linear Epoch 40: Train Loss=0.7238, Val Acc=82.12%
Linear Epoch 45: Train Loss=0.6806, Val Acc=83.01%
Linear Epoch 50: Train Loss=0.6447, Val Acc=83.39%
[daplankton_lab_cs] Linear accuracy: 84.23% | Val accuracy: 83.39%
[daplankton_lab_cs] Eval-only accuracy: 5.12%
Running unsupervised k-NN evaluation...
k-NN Top-1 accuracy: 86.05%
Running unsupervised clustering evaluation...
K-Means clustering accuracy (Hungarian matched): 42.46%
Silhouette score: 0.097
Prototype accuracy: 73.69%

>>> Evaluating on 'daplankton_lab_fc' <<<
[daplankton_lab_fc] Linear split: 8548 train, 2137 val, 3561 test
Linear Epoch 5: Train Loss=1.4594, Val Acc=64.90%
Linear Epoch 10: Train Loss=1.0336, Val Acc=74.40%
Linear Epoch 15: Train Loss=0.8338, Val Acc=77.77%
Linear Epoch 20: Train Loss=0.7188, Val Acc=80.35%
Linear Epoch 25: Train Loss=0.6421, Val Acc=81.38%
Linear Epoch 30: Train Loss=0.5896, Val Acc=82.59%
Linear Epoch 35: Train Loss=0.5493, Val Acc=83.58%
Linear Epoch 40: Train Loss=0.5141, Val Acc=84.65%
Linear Epoch 45: Train Loss=0.4868, Val Acc=85.40%
Linear Epoch 50: Train Loss=0.4642, Val Acc=86.15%
[daplankton_lab_fc] Linear accuracy: 86.16% | Val accuracy: 86.15%
[daplankton_lab_fc] Eval-only accuracy: 7.36%
Running unsupervised k-NN evaluation...
k-NN Top-1 accuracy: 85.85%
Running unsupervised clustering evaluation...
K-Means clustering accuracy (Hungarian matched): 51.08%
Silhouette score: 0.107
Prototype accuracy: 72.59%
Results saved to fl_results/fed_unsup_simclr_dino_s16_wco_l4_ifcb_pml_dino_s16_200C_1pct_seed1_20260527_230440.json
