Device: cuda
Configuration: {'dataset': 'wco_l4_ifcb_pml', 'dino_model': 'vit_small_patch16_dinov3', 'projection_dim': 128, 'image_size': 224, 'num_clients': 2000, 'client_frac': 0.05, 'rounds': 20, 'local_epochs': 5, 'batch_size': 128, 'lr': 0.0001, 'wd': 0.0001, 'grad_clip': 1.0, 'linear_lr': 0.001, 'linear_wd': 0.0001, 'linear_bs': 256, 'linear_epochs': 50, 'linear_patience': 10, 'dirichlet_alpha': 0.3, 'balanced_partition': False, 'normalization': 'imagenet', 'seed': 17, 'backbone_tag': 'dino_s16', 'run_name': 'dino_s16_2000C_5pct_seed17', 'verbose': False, 'progress_every': 20, 'eval_every': 0, 'save_test_embeddings': False, 'cpu': False, 'eval_datasets': ['wco_l4_ifcb_pml', 'syke_ifcb', 'syke_zooscan', 'plankto_share', 'daplankton_lab_ifcb', 'daplankton_lab_cs', 'daplankton_lab_fc'], 'tiny_root': './tiny', 'celeba_root': './celeba', 'device': device(type='cuda')}
Loading DINOv3 backbone (vit_small_patch16_dinov3)...
DINOv3 image feature dim: 384
Using Dirichlet alpha=0.3 for non-IID partition...
Using imbalanced Dirichlet partition
Starting federated unsupervised SimCLR (CLIP backbone)...

--- Round 1/20 ---
Client 1069: 3.2466
Client 848: 3.4594
Client 1652: 3.1519
Client 621: 4.2383
Client 1967: 3.2926
Client 748: 4.1897
Client 593: 3.4818
Client 357: 3.5346
Client 1568: 3.0044
Client 1444: 3.8570
Client 1442: 3.3238
Client 1106: 3.6247
Client 1354: 3.8349
Client 569: 3.9485
Client 225: 3.2193
Client 1879: 3.6985
Client 55: 3.7059
Client 509: 4.0777
Client 786: 3.2327
Client 1669: 3.3671
Client 1528: 3.5641
Client 859: 3.8381
Client 516: 3.5004
Client 1760: 3.9143
Client 1027: 3.8040
Client 1643: 3.7180
Client 650: 3.9778
Client 1311: 3.1684
Client 1733: 3.5891
Client 1401: 3.8133
Client 1935: 3.9658
Client 1483: 3.9396
Client 822: 3.8595
Client 281: 3.4783
Client 1128: 3.8768
Client 127: 3.6987
Client 286: 3.6501
Client 1664: 3.5457
Client 1621: 3.5785
Client 1792: 2.9125
Client 402: 4.0115
Client 309: 3.8264
Client 1807: 3.6818
Client 1445: 4.0317
Client 1091: 3.8326
Client 1144: 3.7456
Client 1642: 3.5436
Client 1956: 4.2384
Client 1404: 3.8719
Client 430: 3.5221
Client 677: 4.1468
Client 1105: 3.6646
Client 252: 3.5137
Client 1465: 3.3377
Client 1308: 3.9784
Client 141: 3.4354
Client 633: 3.6582
Client 839: 3.1340
Client 167: 4.1080
Client 1038: 3.5249
Client 1924: 3.7922
Client 1758: 3.5272
Client 970: 3.6796
Client 1228: 3.5337
Client 290: 3.1733
Client 1397: 3.3707
Client 1663: 3.6471
Client 836: 3.6610
Client 1665: 3.9795
Client 1036: 3.6369
Client 1884: 3.7385
Client 688: 3.4083
Client 36: 3.4240
Client 886: 4.0896
Client 762: 3.9555
Client 1170: 3.9893
Client 105: 3.5418
Client 1836: 3.3489
Client 1540: 3.8773
Client 1513: 4.1279
Client 726: 3.6901
Client 103: 3.4982
Client 1965: 3.8901
Client 977: 3.2067
Client 767: 3.6215
Client 1187: 3.4268
Client 1585: 3.8816
Client 10: 4.2871
Client 1777: 3.5406
Client 830: 3.5254
Client 489: 3.5155
Client 239: 3.7373
Client 1140: 3.9229
Client 437: 3.6043
Client 1960: 3.5029
Client 1079: 3.7993
Client 736: 3.3610
Client 119: 4.1723
Client 547: 3.7350
Client 131: 3.6674
Round avg loss: 3.6678 (Best: 3.6678)

--- Round 2/20 ---
Client 1610: 4.1578
Client 564: 3.1501
Client 394: 3.9009
Client 1530: 3.5218
Client 1236: 3.8038
Client 1697: 3.6489
Client 1137: 3.8056
Client 1091: 3.5907
Client 1133: 3.9822
Client 1846: 3.0321
Client 265: 2.8863
Client 512: 3.4735
Client 1348: 3.5353
Client 629: 3.8368
Client 1877: 3.6110
Client 712: 3.3724
Client 653: 3.8642
Client 349: 4.0602
Client 680: 4.0283
Client 192: 3.3520
Client 1861: 3.4667
Client 1177: 3.6679
Client 1184: 3.8358
Client 1602: 3.9838
Client 558: 3.6101
Client 686: 3.9620
Client 19: 3.5070
Client 103: 3.2540
Client 1542: 3.8397
Client 39: 4.1094
Client 956: 3.5552
Client 1525: 3.7378
Client 970: 3.4484
Client 1296: 3.6108
Client 110: 3.6750
Client 1492: 3.4922
Client 406: 4.1540
Client 634: 3.7895
Client 528: 3.8984
Client 153: 3.4577
Client 1532: 3.1427
Client 1464: 3.7481
Client 1863: 3.9460
Client 993: 3.6149
Client 42: 3.7953
Client 1271: 3.0612
Client 1155: 3.5451
Client 1075: 3.7942
Client 1404: 3.6699
Client 283: 3.6594
Client 825: 3.9679
Client 1498: 3.5076
Client 1948: 4.0140
Client 1965: 3.6549
Client 1208: 3.9478
Client 1672: 4.1879
Client 801: 3.8991
Client 375: 3.8693
Client 400: 4.0960
Client 514: 3.6896
Client 1967: 3.0565
Client 308: 3.8109
Client 1385: 4.4211
Client 226: 3.8331
Client 1858: 3.6584
Client 434: 3.9256
Client 102: 3.5174
Client 1724: 3.7145
Client 1993: 3.5530
Client 1099: 3.9232
Client 624: 3.9688
Client 1648: 4.0186
Client 1822: 3.5946
Client 1884: 3.5487
Client 646: 3.5227
Client 1660: 3.9942
Client 647: 3.7431
Client 101: 3.8464
Client 330: 3.9875
Client 1896: 3.4828
Client 858: 3.9199
Client 190: 3.4121
Client 1415: 3.6227
Client 1578: 3.1904
Client 638: 3.4815
Client 1718: 3.6283
Client 513: 4.2287
Client 1346: 3.4214
Client 826: 3.7499
Client 983: 4.2024
Client 1110: 3.7133
Client 174: 3.9352
Client 1112: 4.1501
Client 1303: 3.6382
Client 495: 3.5479
Client 460: 3.9246
Client 1090: 3.7103
Client 1961: 3.7614
Client 543: 3.6628
Client 1179: 4.0747
Round avg loss: 3.7158 (Best: 3.6678)

--- Round 3/20 ---
Client 334: 3.3873
Client 1641: 3.7177
Client 604: 3.5610
Client 100: 4.1412
Client 1484: 3.5843
Client 1818: 3.4364
Client 996: 3.5160
Client 1200: 3.6941
Client 804: 3.8907
Client 1688: 3.9185
Client 455: 3.6999
Client 1134: 3.0530
Client 835: 3.6128
Client 1056: 3.3854
Client 1283: 3.4577
Client 911: 3.7691
Client 158: 3.8057
Client 1981: 3.6269
Client 940: 3.7180
Client 1539: 3.4882
Client 447: 3.4127
Client 469: 3.4303
Client 989: 3.6484
Client 651: 3.9133
Client 1678: 3.4923
Client 386: 3.7541
Client 1986: 3.9561
Client 745: 3.5393
Client 1225: 3.9663
Client 58: 4.0421
Client 1969: 3.1250
Client 1524: 3.6107
Client 1183: 3.9777
Client 1163: 3.6737
Client 1063: 4.0788
Client 865: 3.8255
Client 109: 3.6279
Client 1829: 3.6514
Client 1704: 3.5609
Client 673: 3.6967
Client 1975: 3.8778
Client 1184: 3.5872
Client 346: 3.3766
Client 1904: 3.9359
Client 1138: 4.3938
Client 473: 4.3093
Client 1255: 3.7737
Client 641: 3.9110
Client 753: 3.4750
Client 352: 3.5412
Client 1991: 3.5402
Client 1545: 3.9829
Client 432: 4.1121
Client 621: 3.9654
Client 888: 4.1584
Client 728: 4.0435
Client 919: 3.2297
Client 1211: 3.8475
Client 191: 3.7263
Client 1062: 3.7555
Client 216: 3.8503
Client 1071: 3.5343
Client 21: 4.1342
Client 393: 3.4811
Client 1929: 4.0214
Client 1179: 3.8276
Client 1840: 3.5456
Client 1441: 3.0087
Client 1133: 3.7459
Client 1566: 4.3681
Client 366: 3.6634
Client 920: 3.7220
Client 949: 4.0757
Client 912: 3.8069
Client 1752: 3.0691
Client 1032: 3.8983
Client 280: 3.7742
Client 1098: 3.6770
Client 1125: 3.4482
Client 972: 3.3196
Client 927: 3.5329
Client 24: 3.5109
Client 602: 3.2807
Client 539: 3.7140
Client 376: 3.4701
Client 16: 3.3102
Client 1692: 3.6232
Client 1846: 2.8403
Client 957: 3.3812
Client 690: 3.5460
Client 1540: 3.6640
Client 106: 3.5702
Client 547: 3.5112
Client 201: 3.9807
Client 1060: 3.9066
Client 1366: 3.5816
Client 1432: 3.9277
Client 31: 3.3474
Client 56: 3.1254
Client 231: 3.4545
Round avg loss: 3.6724 (Best: 3.6678)

--- Round 4/20 ---
Client 966: 3.6291
Client 1454: 3.8889
Client 1855: 3.6481
Client 617: 3.6304
Client 1253: 3.6700
Client 417: 3.5089
Client 1597: 3.5770
Client 202: 4.2096
Client 1593: 3.5644
Client 1860: 3.9791
Client 1679: 3.6136
Client 1714: 3.7100
Client 53: 3.8196
Client 932: 3.0558
Client 1098: 3.4687
Client 1681: 3.4290
Client 1555: 3.5021
Client 1892: 3.9544
Client 454: 3.9726
Client 1776: 3.7869
Client 1329: 3.9645
Client 61: 3.6277
Client 1741: 3.8228
Client 819: 3.7438
Client 1626: 4.0661
Client 251: 3.2549
Client 876: 3.8259
Client 1957: 3.4522
Client 119: 3.9381
Client 1512: 3.2048
Client 1104: 3.7362
Client 122: 3.1345
Client 385: 3.5760
Client 1995: 3.6116
Client 1103: 3.6460
Client 537: 3.7984
Client 551: 3.8583
Client 730: 3.8315
Client 711: 3.9970
Client 1925: 3.8254
Client 1113: 3.6848
Client 1190: 3.2958
Client 1678: 3.2831
Client 1997: 2.7227
Client 853: 3.4953
Client 830: 3.2885
Client 1869: 3.6710
Client 15: 3.5655
Client 1076: 3.6919
Client 1536: 4.0079
Client 694: 3.2566
Client 165: 3.9160
Client 1551: 3.7190
Client 1534: 3.1235
Client 1701: 3.7817
Client 68: 3.1352
Client 1282: 4.2187
Client 1496: 4.0467
Client 1771: 3.6116
Client 583: 4.1074
Client 666: 3.7876
Client 658: 3.4899
Client 240: 4.2040
Client 684: 3.7671
Client 260: 3.6913
Client 1102: 3.9591
Client 498: 3.7049
Client 1891: 3.7268
Client 1012: 3.3997
Client 1683: 3.7049
Client 580: 3.7077
Client 906: 3.6949
Client 255: 3.7629
Client 522: 3.9953
Client 511: 3.4174
Client 150: 3.8196
Client 1394: 3.8564
Client 861: 3.3128
Client 635: 2.8239
Client 1402: 3.7749
Client 410: 3.7031
Client 988: 3.6245
Client 748: 3.9768
Client 262: 3.6990
Client 437: 3.3615
Client 1033: 3.6477
Client 1996: 4.1658
Client 1612: 3.4860
Client 1171: 3.5504
Client 310: 3.1794
Client 1606: 3.6730
Client 601: 3.8496
Client 170: 4.0284
Client 892: 3.4762
Client 896: 3.6061
Client 1081: 3.8549
Client 1837: 4.1968
Client 795: 3.8756
Client 1599: 4.0571
Client 1071: 3.3181
Round avg loss: 3.6709 (Best: 3.6678)

--- Round 5/20 ---
Client 1237: 3.4680
Client 1556: 4.0562
Client 1843: 3.2226
Client 315: 3.9923
Client 1358: 3.7810
Client 1145: 3.9056
Client 292: 3.6783
Client 336: 3.2107
Client 1201: 3.8133
Client 1095: 2.9701
Client 1916: 3.8701
Client 649: 3.5962
Client 1010: 3.8296
Client 1644: 3.8560
Client 1788: 3.5006
Client 1804: 3.6628
Client 576: 3.8923
Client 1959: 3.2948
Client 1910: 3.6744
Client 833: 3.4505
Client 134: 3.7963
Client 1263: 4.0258
Client 483: 3.6371
Client 345: 3.8710
Client 1847: 3.6386
Client 1457: 3.7832
Client 309: 3.6156
Client 1593: 3.2967
Client 482: 4.0460
Client 874: 3.0530
Client 1120: 3.6452
Client 658: 3.2632
Client 1106: 3.4340
Client 1552: 3.7235
Client 907: 3.5354
Client 1536: 3.8112
Client 1027: 3.5484
Client 1636: 4.2355
Client 263: 3.5395
Client 591: 3.9197
Client 1922: 3.6304
Client 496: 3.5601
Client 1015: 3.7762
Client 513: 3.9943
Client 1028: 4.0462
Client 391: 3.5917
Client 762: 3.7166
Client 14: 3.7323
Client 1301: 3.8813
Client 250: 3.7500
Client 686: 3.7610
Client 1009: 3.6201
Client 157: 2.9747
Client 881: 4.3389
Client 177: 3.7049
Client 1822: 3.3718
Client 1055: 3.6843
Client 774: 3.9250
Client 499: 3.5177
Client 348: 3.9805
Client 144: 4.0075
Client 1906: 3.5288
Client 607: 3.4733
Client 149: 3.4057
Client 590: 3.5079
Client 695: 4.0629
Client 1857: 3.1352
Client 1563: 3.5661
Client 947: 3.6102
Client 304: 3.4905
Client 1974: 3.7681
Client 306: 3.4900
Client 1522: 3.5228
Client 544: 3.3098
Client 631: 3.7217
Client 785: 3.9685
Client 1768: 3.9120
Client 666: 3.5766
Client 1887: 3.6366
Client 1177: 3.4551
Client 1052: 3.6558
Client 1294: 3.5583
Client 293: 3.7961
Client 893: 3.8104
Client 213: 3.7075
Client 1943: 3.4425
Client 1675: 3.9848
Client 1546: 3.8111
Client 1818: 3.2597
Client 1339: 4.2492
Client 1281: 3.5859
Client 1584: 3.9311
Client 1839: 3.4666
Client 1625: 4.4485
Client 527: 3.8845
Client 485: 4.1175
Client 443: 3.7943
Client 436: 3.7638
Client 1115: 3.1854
Client 1776: 3.5650
Round avg loss: 3.6787 (Best: 3.6678)

--- Round 6/20 ---
Client 756: 3.5818
Client 1718: 3.3938
Client 1488: 3.8611
Client 893: 3.6433
Client 768: 3.5437
Client 553: 3.5531
Client 1935: 3.7367
Client 161: 3.4896
Client 630: 3.5405
Client 828: 3.5980
Client 1989: 3.6223
Client 1861: 3.2461
Client 1324: 3.8752
Client 416: 3.7137
Client 1804: 3.4564
Client 646: 3.2304
Client 24: 3.3171
Client 72: 3.8178
Client 1779: 3.7518
Client 1165: 3.6538
Client 1192: 3.7461
Client 123: 3.7576
Client 720: 3.9162
Client 1382: 3.4195
Client 1331: 3.9041
Client 1007: 3.9676
Client 827: 3.4522
Client 866: 3.5573
Client 1249: 3.7343
Client 531: 3.4201
Client 1411: 3.7544
Client 619: 3.3191
Client 920: 3.4816
Client 1828: 3.9718
Client 1581: 3.9700
Client 1926: 3.5128
Client 332: 3.5382
Client 1540: 3.4834
Client 849: 3.5138
Client 436: 3.5627
Client 387: 3.4321
Client 426: 3.8789
Client 1748: 3.2675
Client 742: 3.8409
Client 1509: 4.0672
Client 1793: 3.9126
Client 1448: 3.4608
Client 1930: 3.7479
Client 401: 3.3712
Client 471: 3.7451
Client 1565: 3.6734
Client 1297: 3.8145
Client 1724: 3.4850
Client 777: 4.1807
Client 146: 3.6291
Client 932: 2.8652
Client 1349: 3.8393
Client 404: 3.8718
Client 727: 4.1606
Client 1477: 3.8932
Client 1025: 3.8629
Client 1601: 3.2718
Client 256: 2.8195
Client 1924: 3.6210
Client 1196: 3.7029
Client 991: 4.1446
Client 1510: 3.9257
Client 904: 4.1545
Client 1667: 4.2089
Client 1323: 3.6252
Client 179: 3.9738
Client 268: 3.8286
Client 482: 3.7950
Client 1799: 4.1902
Client 892: 3.2727
Client 1572: 3.7207
Client 806: 4.0283
Client 466: 3.4189
Client 1403: 3.7455
Client 822: 3.6287
Client 775: 4.1985
Client 995: 3.6071
Client 685: 4.1724
Client 1744: 3.8165
Client 1785: 3.4175
Client 1418: 3.9950
Client 1627: 4.2517
Client 489: 3.2561
Client 669: 4.2166
Client 1947: 3.7938
Client 790: 3.9802
Client 1904: 3.7281
Client 438: 3.8103
Client 1756: 3.5098
Client 355: 3.8031
Client 1009: 3.4164
Client 23: 4.2321
Client 969: 3.6502
Client 200: 3.7900
Client 832: 3.4242
Round avg loss: 3.6975 (Best: 3.6678)

--- Round 7/20 ---
Client 1788: 3.2900
Client 1332: 3.8654
Client 986: 3.8687
Client 203: 3.7146
Client 1965: 3.4453
Client 376: 3.3107
Client 1017: 3.6167
Client 62: 3.7145
Client 541: 3.4698
Client 966: 3.3981
Client 264: 3.7673
Client 407: 4.2315
Client 321: 3.3277
Client 525: 3.7840
Client 300: 3.8579
Client 73: 3.5543
Client 1755: 3.3212
Client 254: 3.7625
Client 596: 2.9554
Client 903: 3.8367
Client 110: 3.4959
Client 179: 3.7035
Client 1841: 3.7486
Client 606: 3.5851
Client 1737: 3.8972
Client 1254: 3.9964
Client 1323: 3.4164
Client 532: 3.7157
Client 1088: 3.6603
Client 637: 3.8740
Client 1325: 3.8076
Client 775: 3.9520
Client 1059: 3.6302
Client 539: 3.4964
Client 1657: 3.7059
Client 1153: 4.1854
Client 69: 3.6643
Client 1590: 3.5803
Client 1326: 3.5710
Client 63: 3.8472
Client 1452: 3.9144
Client 1098: 3.2473
Client 583: 3.8790
Client 1095: 2.8083
Client 1252: 3.8644
Client 1880: 3.8819
Client 146: 3.4340
Client 1441: 2.8029
Client 113: 3.9331
Client 562: 3.9639
Client 603: 3.9478
Client 1261: 3.8707
Client 719: 3.8129
Client 1844: 3.5941
Client 1948: 3.8225
Client 434: 3.6863
Client 1571: 4.1363
Client 1026: 3.4045
Client 220: 3.8351
Client 89: 3.1882
Client 761: 3.3532
Client 762: 3.5362
Client 980: 3.8325
Client 914: 3.2444
Client 674: 3.9820
Client 1644: 3.6297
Client 1553: 3.8879
Client 1009: 3.2216
Client 751: 3.7761
Client 449: 3.8787
Client 16: 3.1454
Client 1230: 3.5141
Client 1654: 3.7279
Client 1629: 3.5989
Client 232: 3.6771
Client 713: 4.0188
Client 1062: 3.5107
Client 1613: 3.1950
Client 304: 3.2629
Client 1743: 3.9572
Client 782: 3.4540
Client 235: 4.2744
Client 1251: 3.7663
Client 1142: 3.4566
Client 1963: 3.9656
Client 162: 3.4592
Client 83: 3.6888
Client 1461: 3.9129
Client 802: 3.5865
Client 1922: 3.3720
Client 224: 4.0746
Client 1385: 4.1779
Client 1521: 3.6030
Client 944: 3.2598
Client 294: 3.3175
Client 1329: 3.7904
Client 403: 3.5190
Client 1121: 3.7726
Client 1656: 3.5137
Client 906: 3.4443
Round avg loss: 3.6501 (Best: 3.6501)

--- Round 8/20 ---
Client 96: 4.3493
Client 1389: 3.4717
Client 1813: 3.9211
Client 1723: 3.8122
Client 549: 3.9195
Client 37: 3.2595
Client 1214: 4.0650
Client 217: 3.4840
Client 1583: 3.9794
Client 196: 3.6453
Client 287: 3.6364
Client 974: 3.5165
Client 451: 4.1086
Client 632: 4.2067
Client 1617: 3.6028
Client 1319: 4.2650
Client 615: 3.3843
Client 620: 3.5626
Client 1240: 3.9142
Client 677: 3.8818
Client 1131: 3.4994
Client 34: 3.6537
Client 895: 4.0827
Client 181: 3.3315
Client 786: 3.0184
Client 6: 4.0329
Client 1299: 3.5844
Client 944: 3.0473
Client 212: 3.3647
Client 1794: 3.5092
Client 668: 3.9019
Client 1099: 3.6968
Client 1542: 3.6503
Client 662: 3.8670
Client 1507: 3.9727
Client 940: 3.5421
Client 1897: 4.1449
Client 1568: 2.7605
Client 117: 3.7702
Client 1782: 3.5277
Client 997: 3.5708
Client 190: 3.1827
Client 1094: 2.7525
Client 1323: 3.2095
Client 958: 3.5459
Client 608: 3.3203
Client 1244: 3.2289
Client 1902: 3.4963
Client 251: 3.0083
Client 1484: 3.3686
Client 1775: 3.6646
Client 1208: 3.7688
Client 1701: 3.5696
Client 1364: 3.6886
Client 315: 3.7463
Client 1560: 3.8209
Client 1960: 3.2619
Client 145: 4.0657
Client 1387: 3.5860
Client 659: 4.3240
Client 1392: 3.5587
Client 79: 3.9163
Client 1746: 3.8687
Client 1724: 3.2512
Client 1899: 3.8390
Client 1951: 3.3530
Client 1171: 3.3022
Client 410: 3.5074
Client 1790: 3.5045
Client 604: 3.3405
Client 1532: 2.9191
Client 858: 3.6912
Client 1626: 3.8578
Client 174: 3.7342
Client 221: 3.3232
Client 1668: 3.7961
Client 1567: 3.7438
Client 780: 3.6421
Client 1639: 3.3923
Client 115: 4.0715
Client 1002: 3.4742
Client 1053: 3.3915
Client 839: 2.8662
Client 847: 3.6139
Client 1634: 3.4389
Client 1562: 3.2031
Client 1382: 3.1889
Client 539: 3.2983
Client 1181: 3.6484
Client 488: 3.6174
Client 1152: 3.7821
Client 1027: 3.3332
Client 1504: 3.7730
Client 829: 3.4983
Client 1233: 3.4345
Client 264: 3.5374
Client 1580: 3.5442
Client 1506: 3.5744
Client 454: 3.7779
Client 1773: 4.1241
Round avg loss: 3.5986 (Best: 3.5986)

--- Round 9/20 ---
Client 678: 3.3610
Client 1702: 3.6702
Client 474: 3.9514
Client 1347: 3.4274
Client 650: 3.7871
Client 964: 3.8367
Client 644: 4.0186
Client 1618: 3.4814
Client 1919: 2.9241
Client 432: 3.8904
Client 1270: 3.6514
Client 202: 4.0341
Client 1709: 3.4498
Client 419: 3.7941
Client 1540: 3.2960
Client 1086: 3.5743
Client 958: 3.3451
Client 426: 3.6365
Client 900: 3.7850
Client 892: 3.0337
Client 748: 3.7876
Client 1664: 3.2933
Client 894: 3.6688
Client 1264: 3.4873
Client 107: 3.8956
Client 407: 4.0130
Client 1967: 2.8676
Client 249: 3.6982
Client 510: 4.0128
Client 11: 4.1907
Client 530: 3.5741
Client 104: 3.2402
Client 1820: 3.6141
Client 535: 3.7325
Client 1778: 3.8610
Client 1458: 3.4157
Client 740: 3.8293
Client 1698: 3.5649
Client 877: 3.8867
Client 791: 3.7968
Client 1446: 3.7462
Client 93: 3.5906
Client 1094: 2.5067
Client 1146: 3.7763
Client 1067: 3.5895
Client 1942: 4.1076
Client 1568: 2.5429
Client 31: 3.1209
Client 48: 3.6942
Client 1287: 3.8419
Client 1108: 3.3427
Client 1549: 3.8371
Client 663: 3.4238
Client 1434: 3.9513
Client 1212: 3.6179
Client 658: 3.0565
Client 1661: 3.7307
Client 1603: 4.3303
Client 1364: 3.4778
Client 1812: 3.5924
Client 353: 3.6546
Client 1610: 3.9128
Client 733: 3.3056
Client 1199: 4.0656
Client 1246: 3.4131
Client 1352: 3.6017
Client 649: 3.4133
Client 1226: 3.4476
Client 488: 3.4028
Client 1691: 3.8401
Client 544: 3.0362
Client 1170: 3.7513
Client 906: 3.2702
Client 1890: 3.7049
Client 914: 3.0316
Client 226: 3.5962
Client 262: 3.4951
Client 1839: 3.2618
Client 281: 3.2525
Client 929: 3.5637
Client 1039: 3.3790
Client 313: 3.4117
Client 1471: 3.6316
Client 911: 3.5738
Client 1879: 3.4306
Client 1201: 3.6210
Client 14: 3.4998
Client 1821: 3.3175
Client 15: 3.3569
Client 354: 4.0321
Client 783: 3.8694
Client 769: 3.6575
Client 1346: 3.2292
Client 1432: 3.7029
Client 816: 4.0230
Client 203: 3.4848
Client 573: 3.9240
Client 392: 3.3888
Client 414: 4.2177
Client 288: 3.9780
Round avg loss: 3.5901 (Best: 3.5901)

--- Round 10/20 ---
Client 1459: 4.1514
Client 37: 3.0364
Client 1242: 3.2973
Client 1923: 3.8355
Client 1950: 3.6434
Client 958: 3.1713
Client 669: 3.9938
Client 307: 3.6162
Client 974: 3.3076
Client 452: 3.2382
Client 1970: 3.4838
Client 864: 3.4828
Client 1433: 3.7735
Client 740: 3.5800
Client 535: 3.5210
Client 1455: 4.0036
Client 1492: 3.2758
Client 1834: 3.7561
Client 915: 4.5049
Client 961: 3.4202
Client 183: 3.6153
Client 352: 3.3064
Client 215: 3.7590
Client 507: 3.7836
Client 1020: 4.2395
Client 510: 3.7778
Client 637: 3.7190
Client 209: 3.6396
Client 531: 3.2045
Client 1059: 3.3668
Client 1481: 3.5376
Client 1189: 3.5057
Client 527: 3.6896
Client 661: 3.8378
Client 923: 3.9244
Client 534: 3.2168
Client 1041: 3.3113
Client 800: 4.0331
Client 16: 2.9420
Client 927: 3.3276
Client 1646: 4.1664
Client 1839: 3.0480
Client 548: 3.3699
Client 1533: 3.5431
Client 331: 3.4886
Client 1954: 3.4076
Client 1053: 3.1667
Client 434: 3.4653
Client 436: 3.4307
Client 213: 3.4849
Client 66: 3.8893
Client 732: 3.8902
Client 232: 3.4613
Client 1463: 3.9727
Client 82: 3.8513
Client 385: 3.3678
Client 725: 3.6220
Client 1568: 2.4192
Client 668: 3.6843
Client 465: 3.9861
Client 429: 3.8589
Client 1036: 3.4376
Client 358: 3.7507
Client 333: 3.7910
Client 1730: 3.7625
Client 1903: 3.7189
Client 1179: 3.6070
Client 1266: 3.6003
Client 19: 3.2840
Client 1000: 3.7048
Client 1890: 3.4772
Client 1745: 4.1052
Client 1458: 3.1657
Client 1564: 3.1624
Client 1670: 3.5646
Client 1338: 3.3095
Client 941: 3.9893
Client 841: 4.1315
Client 849: 3.3075
Client 686: 3.5633
Client 1064: 3.6183
Client 1108: 3.1116
Client 953: 3.9488
Client 1190: 3.0856
Client 1814: 3.5344
Client 1726: 3.8888
Client 116: 3.7366
Client 54: 3.5700
Client 182: 3.6251
Client 130: 3.7890
Client 1279: 3.9750
Client 343: 3.4046
Client 581: 3.7958
Client 1567: 3.5628
Client 1187: 3.2270
Client 1656: 3.3066
Client 783: 3.6231
Client 69: 3.4249
Client 318: 3.1931
Client 1687: 3.9344
Round avg loss: 3.5819 (Best: 3.5819)

--- Round 11/20 ---
Client 586: 3.5509
Client 382: 3.3217
Client 1654: 3.4908
Client 683: 3.4595
Client 1710: 3.8124
Client 1522: 3.3522
Client 335: 3.2800
Client 1871: 3.7144
Client 1496: 3.8256
Client 1754: 3.8576
Client 697: 3.8225
Client 1903: 3.4895
Client 1994: 3.7041
Client 654: 3.8903
Client 1001: 3.8934
Client 478: 3.2392
Client 1154: 3.8633
Client 939: 3.8122
Client 1970: 3.2940
Client 1695: 3.7585
Client 600: 3.6981
Client 1329: 3.5561
Client 1507: 3.7355
Client 1280: 3.5409
Client 1446: 3.5274
Client 849: 3.0856
Client 442: 3.4093
Client 345: 3.6505
Client 1160: 3.7730
Client 1227: 3.7559
Client 875: 3.7339
Client 1863: 3.7173
Client 1803: 3.5112
Client 1916: 3.6454
Client 634: 3.5582
Client 951: 4.2246
Client 1114: 3.6490
Client 635: 2.5703
Client 1295: 4.4648
Client 127: 3.4848
Client 1445: 3.7977
Client 1574: 3.6678
Client 1612: 3.2105
Client 1082: 3.6323
Client 1531: 3.2290
Client 676: 3.3651
Client 272: 3.8757
Client 1980: 3.9647
Client 1977: 3.8234
Client 669: 3.7648
Client 76: 3.3591
Client 9: 3.6372
Client 1498: 3.2817
Client 1973: 3.9123
Client 622: 3.9272
Client 1610: 3.6892
Client 205: 3.6168
Client 173: 3.6011
Client 742: 3.6323
Client 1200: 3.4518
Client 233: 4.4181
Client 1024: 3.5836
Client 432: 3.6785
Client 1883: 3.7676
Client 178: 3.6343
Client 1663: 3.3815
Client 1546: 3.5840
Client 757: 3.6680
Client 321: 3.1296
Client 1011: 4.0896
Client 1730: 3.5546
Client 1225: 3.7355
Client 973: 3.7645
Client 650: 3.5582
Client 1899: 3.6276
Client 276: 3.4851
Client 1668: 3.5778
Client 903: 3.6562
Client 1731: 3.9198
Client 972: 3.1055
Client 1967: 2.8029
Client 445: 3.7012
Client 1244: 3.0478
Client 463: 3.5803
Client 1641: 3.5010
Client 1880: 3.6618
Client 857: 4.0184
Client 60: 3.6350
Client 1609: 3.8355
Client 488: 3.1877
Client 1658: 3.4136
Client 1132: 4.0930
Client 1848: 3.7903
Client 1687: 3.6965
Client 395: 3.7774
Client 1074: 3.4134
Client 1314: 3.8482
Client 151: 3.4621
Client 845: 3.9022
Client 1191: 3.9087
Round avg loss: 3.6236 (Best: 3.5819)

--- Round 12/20 ---
Client 508: 3.2904
Client 968: 3.4363
Client 560: 3.3446
Client 1210: 3.4291
Client 598: 3.8192
Client 1089: 3.7630
Client 356: 3.5434
Client 702: 3.6259
Client 920: 3.2884
Client 288: 3.7894
Client 1344: 3.4545
Client 657: 3.5601
Client 1974: 3.5127
Client 1597: 3.3728
Client 542: 3.8591
Client 565: 3.6822
Client 131: 3.4413
Client 1977: 3.5748
Client 1475: 3.5978
Client 1717: 4.0238
Client 971: 3.4318
Client 540: 3.8667
Client 1856: 3.4566
Client 926: 3.6755
Client 793: 3.7215
Client 1635: 3.9712
Client 1387: 3.3603
Client 18: 4.0512
Client 1068: 3.5489
Client 1576: 3.6251
Client 331: 3.2419
Client 832: 3.1821
Client 1382: 2.9736
Client 688: 3.1762
Client 433: 3.6095
Client 1329: 3.4349
Client 1524: 3.3753
Client 117: 3.5273
Client 990: 3.7916
Client 581: 3.5673
Client 249: 3.4850
Client 1256: 3.8030
Client 1657: 3.4867
Client 1298: 3.8628
Client 1306: 3.7126
Client 740: 3.3919
Client 528: 3.6403
Client 1046: 3.6531
Client 747: 3.5822
Client 1439: 3.8393
Client 618: 3.8415
Client 1422: 3.4391
Client 466: 3.1892
Client 66: 3.6398
Client 506: 2.8952
Client 51: 3.2809
Client 1017: 3.3513
Client 144: 3.7791
Client 1540: 3.2193
Client 877: 3.6567
Client 1684: 3.6679
Client 806: 3.8369
Client 1328: 3.9003
Client 1934: 3.1920
Client 1489: 4.5192
Client 710: 3.7684
Client 1765: 3.5300
Client 1709: 3.2768
Client 1257: 3.6065
Client 1667: 3.9480
Client 451: 3.9177
Client 1542: 3.4872
Client 1971: 3.6804
Client 1863: 3.5099
Client 1844: 3.3346
Client 1236: 3.6038
Client 1319: 4.0235
Client 1804: 3.2727
Client 559: 4.2064
Client 1882: 4.0931
Client 1037: 3.6025
Client 585: 3.7973
Client 1165: 3.4729
Client 1908: 3.9022
Client 1091: 3.3939
Client 122: 2.8905
Client 10: 4.0561
Client 526: 3.9549
Client 1947: 3.5351
Client 1293: 3.8049
Client 1659: 3.6552
Client 751: 3.5476
Client 24: 3.1418
Client 1437: 3.5912
Client 1192: 3.5119
Client 1501: 4.0835
Client 456: 3.9883
Client 1132: 3.8353
Client 1681: 3.2534
Client 271: 3.8091
Round avg loss: 3.5995 (Best: 3.5819)

--- Round 13/20 ---
Client 1380: 3.7868
Client 914: 2.8191
Client 75: 3.2001
Client 1888: 3.4267
Client 1724: 3.1411
Client 644: 3.8498
Client 1655: 2.9447
Client 183: 3.3918
Client 1258: 3.5590
Client 1574: 3.4597
Client 1217: 3.9800
Client 752: 3.0465
Client 69: 3.1923
Client 408: 3.3161
Client 612: 3.4365
Client 1050: 3.6879
Client 1633: 3.3389
Client 1873: 3.2600
Client 526: 3.7426
Client 1150: 3.9539
Client 1503: 3.7155
Client 433: 3.3775
Client 1049: 3.5844
Client 17: 3.0721
Client 758: 3.5906
Client 864: 3.2964
Client 195: 3.4872
Client 539: 3.1773
Client 1972: 3.5391
Client 1520: 3.5627
Client 1809: 3.0858
Client 1368: 4.3239
Client 1480: 3.9756
Client 1870: 3.3301
Client 1175: 3.0816
Client 573: 3.7040
Client 1301: 3.6853
Client 1915: 4.1824
Client 1130: 3.6298
Client 1032: 3.6983
Client 1090: 3.4889
Client 783: 3.4213
Client 1108: 2.8894
Client 1188: 3.9822
Client 445: 3.4346
Client 1260: 3.8360
Client 317: 4.2034
Client 613: 3.9033
Client 112: 3.1007
Client 1166: 3.6595
Client 1412: 3.6475
Client 1880: 3.4069
Client 341: 4.1185
Client 935: 3.5796
Client 1770: 3.5715
Client 1328: 3.6671
Client 1760: 3.7338
Client 627: 4.3224
Client 229: 4.0159
Client 1832: 3.8112
Client 337: 3.3203
Client 188: 3.2405
Client 106: 3.3483
Client 415: 4.1461
Client 414: 3.9952
Client 1627: 4.0354
Client 477: 3.4063
Client 1067: 3.3391
Client 1858: 3.4637
Client 584: 3.3204
Client 1008: 4.0581
Client 1951: 3.1006
Client 0: 3.2301
Client 137: 3.7467
Client 1905: 3.7676
Client 883: 3.5931
Client 1103: 3.4157
Client 925: 3.6799
Client 1192: 3.3017
Client 1463: 3.7574
Client 1436: 3.8569
Client 1398: 3.7395
Client 339: 3.4032
Client 207: 3.8574
Client 1547: 3.5957
Client 678: 3.1542
Client 1007: 3.7248
Client 804: 3.6414
Client 1421: 3.7235
Client 1087: 3.8075
Client 9: 3.3990
Client 1060: 3.6748
Client 837: 3.2468
Client 934: 3.8132
Client 403: 3.3660
Client 1255: 3.5262
Client 1898: 4.1590
Client 1644: 3.4197
Client 60: 3.3943
Client 237: 3.9478
Round avg loss: 3.5714 (Best: 3.5714)

--- Round 14/20 ---
Client 51: 3.0874
Client 551: 3.6083
Client 665: 4.1874
Client 1255: 3.3434
Client 1673: 3.2276
Client 1600: 3.6725
Client 395: 3.5422
Client 371: 3.3857
Client 1397: 3.2006
Client 1803: 3.2425
Client 1613: 2.9252
Client 1176: 3.9209
Client 1219: 3.6614
Client 407: 3.8558
Client 791: 3.5566
Client 1459: 3.9428
Client 1525: 3.5584
Client 244: 4.1090
Client 1702: 3.4345
Client 548: 3.1453
Client 1719: 3.9162
Client 1770: 3.3848
Client 1361: 4.0923
Client 440: 3.5103
Client 414: 3.7997
Client 528: 3.4363
Client 1962: 3.4420
Client 279: 3.8891
Client 741: 3.4374
Client 1093: 3.8815
Client 1978: 3.7317
Client 1900: 3.8917
Client 1363: 3.4643
Client 296: 3.6381
Client 1880: 3.2932
Client 1051: 3.5927
Client 626: 3.8920
Client 1829: 3.4050
Client 174: 3.5216
Client 178: 3.3534
Client 1284: 4.2655
Client 991: 3.8622
Client 1844: 3.0748
Client 614: 3.6513
Client 1288: 3.6087
Client 1127: 3.9288
Client 832: 3.0040
Client 1929: 3.7728
Client 860: 3.7470
Client 1918: 2.8919
Client 1937: 3.8106
Client 680: 3.7963
Client 1201: 3.3888
Client 413: 3.5671
Client 1837: 3.9995
Client 1439: 3.5726
Client 1931: 4.0238
Client 508: 3.0346
Client 494: 3.4460
Client 611: 3.4279
Client 557: 4.1002
Client 1953: 3.3748
Client 792: 3.3571
Client 1921: 3.7101
Client 1986: 3.7103
Client 608: 3.1057
Client 340: 3.9959
Client 396: 4.0044
Client 1236: 3.4248
Client 822: 3.4669
Client 1304: 3.5092
Client 1111: 3.8437
Client 694: 3.0046
Client 456: 3.7634
Client 546: 3.6871
Client 1585: 3.7092
Client 35: 3.8362
Client 399: 3.8469
Client 698: 3.4605
Client 1081: 3.6571
Client 1597: 3.1963
Client 732: 3.6858
Client 1386: 3.8430
Client 1809: 2.8851
Client 1768: 3.6716
Client 1997: 2.5010
Client 603: 3.6986
Client 952: 4.0109
Client 760: 3.5987
Client 818: 3.6806
Client 1080: 2.9763
Client 828: 3.4394
Client 561: 3.4429
Client 1285: 3.9214
Client 330: 3.7398
Client 447: 3.1624
Client 79: 3.7100
Client 1265: 3.8243
Client 543: 3.4443
Client 1168: 3.7720
Round avg loss: 3.5783 (Best: 3.5714)

--- Round 15/20 ---
Client 1164: 3.9790
Client 833: 3.2477
Client 704: 3.6544
Client 484: 4.1799
Client 333: 3.5857
Client 668: 3.5023
Client 1128: 3.6901
Client 1627: 3.8114
Client 1968: 3.6773
Client 987: 3.5423
Client 1931: 3.8235
Client 102: 3.3154
Client 504: 3.4012
Client 354: 3.7931
Client 395: 3.3708
Client 1936: 3.8760
Client 1398: 3.5133
Client 440: 3.2714
Client 1760: 3.5195
Client 196: 3.3953
Client 251: 2.8018
Client 1782: 3.2732
Client 1056: 3.1645
Client 864: 3.1005
Client 643: 3.8122
Client 1466: 3.3604
Client 1973: 3.6734
Client 1396: 3.7885
Client 1938: 3.5218
Client 125: 3.5547
Client 502: 3.6529
Client 261: 3.4867
Client 1962: 3.2107
Client 1046: 3.4243
Client 295: 3.7551
Client 708: 3.5277
Client 513: 3.7797
Client 45: 3.3417
Client 1921: 3.4710
Client 447: 2.9737
Client 705: 3.3642
Client 1784: 4.4477
Client 1954: 3.1579
Client 850: 3.7527
Client 1184: 3.4165
Client 1446: 3.3413
Client 1290: 3.6089
Client 189: 3.9702
Client 1883: 3.5566
Client 1582: 3.7603
Client 1501: 3.8526
Client 523: 3.6426
Client 663: 3.1803
Client 161: 3.2961
Client 861: 3.1167
Client 1714: 3.4761
Client 717: 3.8069
Client 760: 3.3456
Client 488: 3.0676
Client 436: 3.2226
Client 659: 4.0970
Client 299: 3.6288
Client 1440: 3.9705
Client 974: 3.1002
Client 883: 3.3720
Client 70: 3.6256
Client 113: 3.7276
Client 345: 3.4098
Client 1665: 3.7419
Client 863: 2.9462
Client 1361: 3.8426
Client 109: 3.3882
Client 1877: 3.4390
Client 120: 3.7392
Client 1177: 3.2158
Client 135: 3.8873
Client 699: 3.4055
Client 1079: 3.5940
Client 1633: 3.1081
Client 846: 3.6509
Client 1433: 3.5541
Client 346: 3.1595
Client 1185: 3.7285
Client 1846: 2.6189
Client 1233: 3.1960
Client 1990: 3.3881
Client 755: 3.1342
Client 726: 3.4411
Client 570: 3.7301
Client 1949: 3.5381
Client 68: 2.9122
Client 52: 3.7175
Client 890: 3.7282
Client 1006: 3.3726
Client 1044: 3.6982
Client 1327: 3.5639
Client 356: 3.3292
Client 49: 3.3490
Client 1909: 3.8290
Client 1864: 3.9371
Round avg loss: 3.5102 (Best: 3.5102)

--- Round 16/20 ---
Client 1872: 3.7278
Client 1392: 3.3739
Client 664: 3.9080
Client 461: 3.3285
Client 273: 4.0898
Client 1254: 3.8038
Client 161: 3.0351
Client 351: 3.0260
Client 1292: 3.9842
Client 1031: 3.6300
Client 1557: 3.1782
Client 126: 3.8311
Client 879: 3.7873
Client 966: 3.1575
Client 1606: 3.4494
Client 1241: 3.8083
Client 507: 3.5457
Client 107: 3.6874
Client 672: 3.6462
Client 150: 3.6149
Client 464: 3.8747
Client 51: 2.8340
Client 44: 3.4192
Client 1280: 3.3560
Client 14: 3.2898
Client 1860: 3.7945
Client 1817: 3.4529
Client 1200: 3.2431
Client 292: 3.4635
Client 1181: 3.4415
Client 184: 3.5167
Client 703: 3.3484
Client 1327: 3.2844
Client 420: 3.8808
Client 671: 4.1599
Client 1699: 3.4017
Client 1105: 3.4372
Client 1511: 3.6377
Client 62: 3.4762
Client 1978: 3.4617
Client 120: 3.5039
Client 1944: 4.0565
Client 982: 3.7428
Client 1230: 3.3169
Client 1953: 3.1794
Client 263: 3.3260
Client 357: 3.3299
Client 1743: 3.7494
Client 294: 3.1492
Client 1748: 3.0495
Client 1579: 3.4633
Client 866: 3.2984
Client 1543: 4.1106
Client 136: 3.4238
Client 1051: 3.3690
Client 113: 3.4995
Client 1491: 3.8275
Client 1404: 3.4764
Client 688: 2.9755
Client 1651: 3.5965
Client 467: 3.5559
Client 1691: 3.5874
Client 666: 3.3953
Client 409: 3.5909
Client 571: 3.5832
Client 1791: 3.7636
Client 1171: 3.1128
Client 1001: 3.6751
Client 1539: 3.2416
Client 1298: 3.6638
Client 1656: 3.1165
Client 1146: 3.5535
Client 1356: 3.6762
Client 1336: 4.0263
Client 390: 3.2292
Client 1124: 3.0214
Client 1454: 3.7134
Client 435: 3.7342
Client 505: 3.9225
Client 923: 3.6703
Client 277: 2.9486
Client 274: 3.5864
Client 871: 4.2085
Client 934: 3.5817
Client 1014: 3.2034
Client 830: 3.0976
Client 205: 3.3991
Client 1390: 3.4207
Client 1421: 3.4471
Client 1595: 4.0272
Client 204: 3.7130
Client 1302: 3.4760
Client 815: 3.5631
Client 350: 3.7054
Client 1467: 3.2161
Client 1338: 3.1083
Client 1258: 3.3383
Client 1576: 3.3981
Client 555: 3.6812
Client 597: 3.9131
Round avg loss: 3.5170 (Best: 3.5102)

--- Round 17/20 ---
Client 247: 3.8945
Client 1385: 3.9805
Client 118: 3.4343
Client 407: 3.7065
Client 1425: 4.0732
Client 323: 3.6213
Client 1877: 3.1812
Client 1057: 3.2319
Client 37: 2.8569
Client 1758: 3.3372
Client 839: 2.7010
Client 325: 3.7525
Client 1623: 3.6734
Client 374: 3.4578
Client 1749: 4.2497
Client 283: 3.4416
Client 1573: 3.9818
Client 1639: 3.1664
Client 324: 3.5524
Client 762: 3.3820
Client 720: 3.6673
Client 1590: 3.3595
Client 114: 3.8941
Client 628: 3.4283
Client 792: 3.1093
Client 1282: 4.0396
Client 1524: 3.1840
Client 1875: 4.1294
Client 535: 3.2766
Client 64: 3.6796
Client 1991: 3.3548
Client 1304: 3.2964
Client 534: 3.0284
Client 1177: 3.1251
Client 1008: 3.8190
Client 616: 3.6104
Client 1116: 4.0599
Client 370: 3.6432
Client 1066: 3.6070
Client 1450: 3.8774
Client 1460: 3.4405
Client 504: 3.1085
Client 1041: 3.1154
Client 163: 3.9971
Client 1653: 3.2421
Client 75: 2.9737
Client 1189: 3.2388
Client 1182: 3.8194
Client 1959: 3.0781
Client 1065: 3.8504
Client 1719: 3.7206
Client 574: 3.4409
Client 1820: 3.4098
Client 1921: 3.2842
Client 1929: 3.5463
Client 734: 4.0144
Client 1337: 3.6989
Client 1019: 4.0841
Client 865: 3.5884
Client 846: 3.4462
Client 368: 4.0519
Client 501: 3.5942
Client 1645: 3.6467
Client 1016: 3.2479
Client 1790: 3.3392
Client 1555: 3.2809
Client 88: 3.7449
Client 981: 3.7922
Client 540: 3.6937
Client 107: 3.5006
Client 169: 3.6147
Client 588: 3.9657
Client 1136: 3.5031
Client 768: 3.3146
Client 362: 3.5039
Client 1947: 3.3671
Client 1819: 3.1317
Client 1333: 3.7076
Client 627: 4.0872
Client 122: 2.7051
Client 231: 3.2121
Client 1858: 3.2273
Client 1872: 3.4989
Client 1092: 3.4254
Client 942: 3.8304
Client 1762: 3.7759
Client 426: 3.4619
Client 1486: 3.9234
Client 189: 3.7316
Client 1074: 3.1670
Client 1075: 3.5881
Client 893: 3.3975
Client 1919: 2.7125
Client 531: 2.9756
Client 645: 3.5643
Client 31: 2.9276
Client 742: 3.4203
Client 721: 3.3825
Client 1764: 3.8740
Client 1005: 3.3033
Round avg loss: 3.5116 (Best: 3.5102)

--- Round 18/20 ---
Client 1323: 3.0357
Client 1110: 3.4724
Client 1587: 4.1377
Client 1439: 3.3856
Client 4: 3.4430
Client 1655: 2.7524
Client 1761: 3.4115
Client 631: 3.5043
Client 876: 3.5681
Client 787: 3.2608
Client 1251: 3.5800
Client 1658: 3.1720
Client 611: 3.1983
Client 254: 3.5640
Client 324: 3.3706
Client 515: 3.7230
Client 1527: 3.7613
Client 1884: 3.3620
Client 1036: 3.2184
Client 454: 3.6208
Client 465: 3.7304
Client 777: 4.0102
Client 1035: 3.7405
Client 650: 3.4467
Client 259: 3.5760
Client 302: 3.5222
Client 651: 3.7399
Client 1851: 4.0323
Client 1794: 3.2447
Client 171: 3.5936
Client 1925: 3.5999
Client 1948: 3.6027
Client 172: 3.4399
Client 693: 3.6053
Client 338: 3.7917
Client 1356: 3.4785
Client 309: 3.3839
Client 696: 3.5102
Client 1073: 3.5616
Client 599: 3.0758
Client 864: 2.9380
Client 1226: 3.2499
Client 1397: 3.0072
Client 1907: 3.8281
Client 411: 2.9669
Client 1299: 3.4080
Client 426: 3.2712
Client 783: 3.2724
Client 1263: 3.8466
Client 1568: 2.3317
Client 1388: 3.6584
Client 200: 3.5681
Client 1724: 3.0339
Client 801: 3.6898
Client 1: 3.3936
Client 1856: 3.2142
Client 1006: 3.1504
Client 944: 2.8492
Client 1835: 4.1397
Client 1756: 3.2963
Client 1132: 3.6199
Client 1887: 3.4374
Client 564: 2.8937
Client 1826: 3.5793
Client 1466: 3.1835
Client 822: 3.2695
Client 1017: 3.1395
Client 299: 3.3937
Client 1582: 3.5604
Client 774: 3.6789
Client 975: 3.9732
Client 653: 3.6869
Client 1885: 3.5477
Client 107: 3.3776
Client 1868: 3.4790
Client 617: 3.4168
Client 508: 2.8742
Client 434: 3.3321
Client 1320: 3.4668
Client 1576: 3.1991
Client 1332: 3.6253
Client 1099: 3.4708
Client 1167: 3.6021
Client 1616: 3.0358
Client 108: 4.0300
Client 181: 3.1094
Client 859: 3.6320
Client 890: 3.5545
Client 1861: 3.0250
Client 832: 2.8207
Client 556: 3.7337
Client 1091: 3.2443
Client 1927: 3.1442
Client 405: 3.9363
Client 1571: 3.9086
Client 560: 3.1225
Client 813: 3.6359
Client 1743: 3.5591
Client 472: 3.4738
Client 885: 3.6881
Round avg loss: 3.4380 (Best: 3.4380)

--- Round 19/20 ---
Client 421: 3.4452
Client 1104: 3.4773
Client 1785: 3.2212
Client 449: 3.6545
Client 1260: 3.6815
Client 1049: 3.3751
Client 1693: 3.9119
Client 1181: 3.2396
Client 860: 3.5218
Client 310: 3.0042
Client 1309: 3.7112
Client 1917: 3.6849
Client 668: 3.3497
Client 404: 3.6390
Client 330: 3.5617
Client 1398: 3.3024
Client 941: 3.7400
Client 1795: 4.0988
Client 415: 3.8953
Client 119: 3.7251
Client 972: 2.8939
Client 1406: 3.7389
Client 715: 3.9609
Client 1372: 3.8964
Client 354: 3.6234
Client 1743: 3.4474
Client 627: 3.9008
Client 1319: 3.8423
Client 1831: 3.4531
Client 578: 3.5646
Client 1797: 3.7208
Client 1161: 3.6723
Client 1777: 3.3212
Client 672: 3.4103
Client 447: 2.8383
Client 1843: 3.0329
Client 940: 3.3214
Client 1872: 3.3101
Client 1371: 4.1015
Client 74: 3.6180
Client 351: 2.7088
Client 1177: 2.9969
Client 798: 3.7039
Client 920: 3.1464
Client 1572: 3.4244
Client 582: 3.6792
Client 1957: 3.2275
Client 1739: 3.7863
Client 302: 3.3342
Client 453: 3.6473
Client 1035: 3.4952
Client 647: 3.5041
Client 1015: 3.5269
Client 1750: 3.8639
Client 891: 3.9252
Client 1903: 3.2929
Client 31: 2.7784
Client 555: 3.4587
Client 1678: 3.0713
Client 1403: 3.4765
Client 1705: 3.9761
Client 1933: 3.7615
Client 768: 3.1015
Client 1788: 3.0807
Client 1543: 3.8634
Client 622: 3.6946
Client 1586: 3.5029
Client 43: 3.8169
Client 849: 2.9598
Client 1696: 3.9026
Client 258: 4.0414
Client 585: 3.5670
Client 464: 3.6201
Client 1321: 4.0276
Client 1926: 3.2518
Client 1857: 2.8925
Client 729: 4.3258
Client 1754: 3.6275
Client 1601: 3.0356
Client 397: 3.8779
Client 173: 3.3746
Client 1655: 2.4569
Client 1639: 3.0182
Client 1225: 3.5668
Client 558: 3.4046
Client 1176: 3.6733
Client 1358: 3.5418
Client 957: 3.1829
Client 593: 3.2758
Client 1714: 3.2890
Client 1499: 3.6114
Client 1592: 3.9572
Client 1435: 3.5248
Client 1353: 3.2870
Client 1349: 3.6349
Client 413: 3.3351
Client 1044: 3.4479
Client 855: 3.9460
Client 894: 3.4595
Client 1830: 3.7209
Round avg loss: 3.5059 (Best: 3.4380)

--- Round 20/20 ---
Client 48: 3.4486
Client 1292: 3.7733
Client 595: 3.7522
Client 205: 3.2123
Client 647: 3.2726
Client 206: 4.0901
Client 32: 3.1406
Client 1215: 3.6114
Client 1425: 3.8474
Client 277: 2.7490
Client 946: 3.8354
Client 152: 3.6009
Client 506: 2.6573
Client 927: 3.1003
Client 750: 3.4678
Client 592: 3.4810
Client 1202: 3.9463
Client 972: 2.7262
Client 1023: 3.6572
Client 990: 3.5686
Client 236: 3.9106
Client 1351: 3.6243
Client 138: 3.1830
Client 328: 3.9803
Client 102: 3.1256
Client 1903: 3.1314
Client 163: 3.7325
Client 186: 3.4196
Client 1636: 3.9619
Client 755: 2.9336
Client 842: 3.5529
Client 1587: 3.8653
Client 950: 3.7449
Client 184: 3.2935
Client 1190: 2.8783
Client 1999: 4.9910
Client 811: 3.6061
Client 542: 3.6289
Client 957: 3.0111
Client 617: 3.2093
Client 1991: 3.1421
Client 1248: 3.7467
Client 1223: 3.5023
Client 1129: 3.7812
Client 569: 3.6871
Client 531: 2.8595
Client 989: 3.4161
Client 1932: 3.6787
Client 200: 3.3931
Client 1360: 3.5221
Client 720: 3.4267
Client 627: 3.7566
Client 883: 3.1565
Client 1975: 3.6585
Client 862: 3.7351
Client 543: 3.2759
Client 1939: 3.8431
Client 210: 3.6022
Client 1943: 3.2071
Client 73: 3.3098
Client 1654: 3.2644
Client 1287: 3.6090
Client 587: 3.5476
Client 1902: 3.2640
Client 1941: 3.1487
Client 1071: 3.1344
Client 1032: 3.5118
Client 1695: 3.5520
Client 21: 3.8873
Client 278: 4.0251
Client 954: 3.7803
Client 912: 3.6063
Client 1099: 3.3185
Client 30: 4.0424
Client 845: 3.6759
Client 900: 3.5690
Client 15: 3.1619
Client 1367: 3.6162
Client 325: 3.5638
Client 1061: 3.8847
Client 458: 3.5825
Client 469: 3.1639
Client 681: 3.0633
Client 1146: 3.3280
Client 532: 3.5107
Client 1212: 3.4371
Client 1942: 3.8534
Client 1623: 3.4958
Client 723: 3.2065
Client 1208: 3.5921
Client 1585: 3.5230
Client 1052: 3.4486
Client 1791: 3.5540
Client 466: 2.9818
Client 886: 3.8988
Client 1677: 3.7429
Client 645: 3.3953
Client 670: 3.3093
Client 820: 3.4094
Client 336: 2.9826
Round avg loss: 3.4907 (Best: 3.4380)
Projector checkpoint saved to fl_results/checkpoints/projector_dino_s16_wco_l4_ifcb_pml_dino_s16_2000C_5pct_seed17_20260528_111321.pt

Running final evaluations...

>>> Evaluating on 'wco_l4_ifcb_pml' <<<
[wco_l4_ifcb_pml] Linear split: 43525 train, 10882 val, 18135 test
Linear Epoch 5: Train Loss=1.4398, Val Acc=70.94%
Linear Epoch 10: Train Loss=0.9670, Val Acc=78.57%
Linear Epoch 15: Train Loss=0.7949, Val Acc=81.48%
Linear Epoch 20: Train Loss=0.7179, Val Acc=82.65%
Linear Epoch 25: Train Loss=0.6642, Val Acc=83.50%
Linear Epoch 30: Train Loss=0.6360, Val Acc=84.02%
Linear Epoch 35: Train Loss=0.6157, Val Acc=84.32%
Linear Epoch 40: Train Loss=0.6079, Val Acc=84.53%
Linear Epoch 45: Train Loss=0.5903, Val Acc=84.75%
Linear Epoch 50: Train Loss=0.5831, Val Acc=84.89%
[wco_l4_ifcb_pml] Linear accuracy: 85.01% | Val accuracy: 84.97%
[wco_l4_ifcb_pml] Eval-only accuracy: 0.32%
Running unsupervised k-NN evaluation...
k-NN Top-1 accuracy: 83.39%
Running unsupervised clustering evaluation...
K-Means clustering accuracy (Hungarian matched): 34.52%
Silhouette score: 0.064
Prototype accuracy: 70.91%

>>> Evaluating on 'syke_ifcb' <<<
[syke_ifcb] Linear split: 30272 train, 7568 val, 12618 test
Linear Epoch 5: Train Loss=0.9697, Val Acc=80.73%
Linear Epoch 10: Train Loss=0.6128, Val Acc=85.86%
Linear Epoch 15: Train Loss=0.4786, Val Acc=88.09%
Linear Epoch 20: Train Loss=0.4087, Val Acc=89.34%
Linear Epoch 25: Train Loss=0.3649, Val Acc=89.89%
Linear Epoch 30: Train Loss=0.3359, Val Acc=90.59%
Linear Epoch 35: Train Loss=0.3141, Val Acc=90.98%
Linear Epoch 40: Train Loss=0.2994, Val Acc=91.57%
Linear Epoch 45: Train Loss=0.2890, Val Acc=91.75%
Linear Epoch 50: Train Loss=0.2794, Val Acc=92.06%
[syke_ifcb] Linear accuracy: 92.38% | Val accuracy: 92.06%
[syke_ifcb] Eval-only accuracy: 1.92%
Running unsupervised k-NN evaluation...
k-NN Top-1 accuracy: 91.06%
Running unsupervised clustering evaluation...
K-Means clustering accuracy (Hungarian matched): 35.67%
Silhouette score: 0.076
Prototype accuracy: 71.20%

>>> Evaluating on 'syke_zooscan' <<<
[syke_zooscan] Linear split: 10896 train, 2724 val, 4597 test
Linear Epoch 5: Train Loss=1.1781, Val Acc=72.98%
Linear Epoch 10: Train Loss=0.8569, Val Acc=80.40%
Linear Epoch 15: Train Loss=0.6982, Val Acc=82.38%
Linear Epoch 20: Train Loss=0.5971, Val Acc=84.40%
Linear Epoch 25: Train Loss=0.5286, Val Acc=85.76%
Linear Epoch 30: Train Loss=0.4776, Val Acc=87.19%
Linear Epoch 35: Train Loss=0.4378, Val Acc=88.14%
Linear Epoch 40: Train Loss=0.4075, Val Acc=88.73%
Linear Epoch 45: Train Loss=0.3811, Val Acc=89.57%
Linear Epoch 50: Train Loss=0.3616, Val Acc=90.23%
[syke_zooscan] Linear accuracy: 88.75% | Val accuracy: 90.23%
[syke_zooscan] Eval-only accuracy: 5.66%
Running unsupervised k-NN evaluation...
k-NN Top-1 accuracy: 89.82%
Running unsupervised clustering evaluation...
K-Means clustering accuracy (Hungarian matched): 33.65%
Silhouette score: 0.066
Prototype accuracy: 66.26%

>>> Evaluating on 'plankto_share' <<<
[plankto_share] Linear split: 25363 train, 6341 val, 10572 test
Linear Epoch 5: Train Loss=2.2527, Val Acc=49.52%
Linear Epoch 10: Train Loss=1.6900, Val Acc=59.15%
Linear Epoch 15: Train Loss=1.4489, Val Acc=62.86%
Linear Epoch 20: Train Loss=1.3117, Val Acc=64.94%
Linear Epoch 25: Train Loss=1.2273, Val Acc=66.74%
Linear Epoch 30: Train Loss=1.1633, Val Acc=67.37%
Linear Epoch 35: Train Loss=1.1127, Val Acc=68.62%
Linear Epoch 40: Train Loss=1.0821, Val Acc=69.28%
Linear Epoch 45: Train Loss=1.0536, Val Acc=69.74%
Linear Epoch 50: Train Loss=1.0324, Val Acc=69.77%
[plankto_share] Linear accuracy: 70.82% | Val accuracy: 69.99%
[plankto_share] Eval-only accuracy: 0.59%
Running unsupervised k-NN evaluation...
k-NN Top-1 accuracy: 67.35%
Running unsupervised clustering evaluation...
K-Means clustering accuracy (Hungarian matched): 27.71%
Silhouette score: 0.046
Prototype accuracy: 52.36%

>>> Evaluating on 'daplankton_lab_ifcb' <<<
[daplankton_lab_ifcb] Linear split: 7909 train, 1978 val, 3294 test
Linear Epoch 5: Train Loss=1.5653, Val Acc=78.61%
Linear Epoch 10: Train Loss=1.0505, Val Acc=83.57%
Linear Epoch 15: Train Loss=0.8100, Val Acc=84.58%
Linear Epoch 20: Train Loss=0.6747, Val Acc=85.64%
Linear Epoch 25: Train Loss=0.5877, Val Acc=86.30%
Linear Epoch 30: Train Loss=0.5267, Val Acc=87.11%
Linear Epoch 35: Train Loss=0.4816, Val Acc=87.71%
Linear Epoch 40: Train Loss=0.4454, Val Acc=88.27%
Linear Epoch 45: Train Loss=0.4171, Val Acc=88.62%
Linear Epoch 50: Train Loss=0.3934, Val Acc=89.13%
[daplankton_lab_ifcb] Linear accuracy: 89.22% | Val accuracy: 89.13%
[daplankton_lab_ifcb] Eval-only accuracy: 3.92%
Running unsupervised k-NN evaluation...
k-NN Top-1 accuracy: 89.04%
Running unsupervised clustering evaluation...
K-Means clustering accuracy (Hungarian matched): 70.98%
Silhouette score: 0.124
Prototype accuracy: 81.85%

>>> Evaluating on 'daplankton_lab_cs' <<<
[daplankton_lab_cs] Linear split: 6330 train, 1583 val, 2638 test
Linear Epoch 5: Train Loss=1.9726, Val Acc=55.72%
Linear Epoch 10: Train Loss=1.5243, Val Acc=71.32%
Linear Epoch 15: Train Loss=1.2582, Val Acc=74.98%
Linear Epoch 20: Train Loss=1.0832, Val Acc=78.02%
Linear Epoch 25: Train Loss=0.9592, Val Acc=79.97%
Linear Epoch 30: Train Loss=0.8680, Val Acc=81.36%
Linear Epoch 35: Train Loss=0.7959, Val Acc=82.25%
Linear Epoch 40: Train Loss=0.7400, Val Acc=82.63%
Linear Epoch 45: Train Loss=0.6928, Val Acc=83.45%
Linear Epoch 50: Train Loss=0.6541, Val Acc=84.02%
[daplankton_lab_cs] Linear accuracy: 85.22% | Val accuracy: 84.02%
[daplankton_lab_cs] Eval-only accuracy: 5.23%
Running unsupervised k-NN evaluation...
k-NN Top-1 accuracy: 86.01%
Running unsupervised clustering evaluation...
K-Means clustering accuracy (Hungarian matched): 46.82%
Silhouette score: 0.097
Prototype accuracy: 73.31%

>>> Evaluating on 'daplankton_lab_fc' <<<
[daplankton_lab_fc] Linear split: 8548 train, 2137 val, 3561 test
Linear Epoch 5: Train Loss=1.5348, Val Acc=62.94%
Linear Epoch 10: Train Loss=1.1099, Val Acc=71.74%
Linear Epoch 15: Train Loss=0.9034, Val Acc=77.02%
Linear Epoch 20: Train Loss=0.7800, Val Acc=78.99%
Linear Epoch 25: Train Loss=0.6965, Val Acc=80.86%
Linear Epoch 30: Train Loss=0.6381, Val Acc=81.66%
Linear Epoch 35: Train Loss=0.5895, Val Acc=82.55%
Linear Epoch 40: Train Loss=0.5549, Val Acc=83.48%
Linear Epoch 45: Train Loss=0.5259, Val Acc=84.28%
Linear Epoch 50: Train Loss=0.5008, Val Acc=84.79%
[daplankton_lab_fc] Linear accuracy: 85.09% | Val accuracy: 84.79%
[daplankton_lab_fc] Eval-only accuracy: 3.15%
Running unsupervised k-NN evaluation...
k-NN Top-1 accuracy: 85.43%
Running unsupervised clustering evaluation...
K-Means clustering accuracy (Hungarian matched): 47.43%
Silhouette score: 0.130
Prototype accuracy: 72.51%
Results saved to fl_results/fed_unsup_simclr_dino_s16_wco_l4_ifcb_pml_dino_s16_2000C_5pct_seed17_20260528_111321.json
