Device: cuda
Configuration: {'dataset': 'wco_l4_ifcb_pml', 'dino_model': 'vit_base_patch16_dinov3', 'projection_dim': 128, 'image_size': 224, 'num_clients': 200, 'client_frac': 0.05, 'rounds': 20, 'local_epochs': 5, 'batch_size': 128, 'lr': 0.0001, 'wd': 0.0001, 'grad_clip': 1.0, 'linear_lr': 0.001, 'linear_wd': 0.0001, 'linear_bs': 256, 'linear_epochs': 50, 'linear_patience': 10, 'dirichlet_alpha': 0.3, 'balanced_partition': False, 'normalization': 'imagenet', 'seed': 1, 'backbone_tag': 'dino_b16', 'run_name': 'dino_b16_200C_5pct_seed1', 'verbose': False, 'progress_every': 20, 'eval_every': 0, 'save_test_embeddings': False, 'cpu': False, 'eval_datasets': ['wco_l4_ifcb_pml', 'syke_ifcb', 'syke_zooscan', 'plankto_share', 'daplankton_lab_ifcb', 'daplankton_lab_cs', 'daplankton_lab_fc'], 'tiny_root': './tiny', 'celeba_root': './celeba', 'device': device(type='cuda')}
Loading DINOv3 backbone (vit_base_patch16_dinov3)...
DINOv3 image feature dim: 768
Using Dirichlet alpha=0.3 for non-IID partition...
Using imbalanced Dirichlet partition
Starting federated unsupervised SimCLR (CLIP backbone)...

--- Round 1/20 ---
Client 34: 4.8597
Client 145: 4.7850
Client 195: 4.8305
Client 16: 4.8449
Client 65: 4.8065
Client 30: 4.8357
Client 126: 4.7406
Client 194: 4.9379
Client 115: 4.7779
Client 120: 4.7924
Round avg loss: 4.8211 (Best: 4.8211)

--- Round 2/20 ---
Client 166: 4.8133
Client 97: 4.7227
Client 53: 4.8307
Client 24: 4.7603
Client 124: 4.9251
Client 7: 4.8134
Client 99: 4.7277
Client 110: 4.8451
Client 155: 4.8876
Client 195: 4.4340
Round avg loss: 4.7760 (Best: 4.7760)

--- Round 3/20 ---
Client 196: 4.7756
Client 0: 4.9511
Client 178: 4.7713
Client 114: 4.8416
Client 68: 4.9385
Client 184: 4.8776
Client 58: 4.7138
Client 151: 4.8207
Client 26: 4.8302
Client 81: 4.8006
Round avg loss: 4.8321 (Best: 4.7760)

--- Round 4/20 ---
Client 7: 4.4855
Client 5: 4.8433
Client 6: 4.9070
Client 166: 4.4185
Client 138: 4.7699
Client 2: 4.9794
Client 97: 4.3253
Client 175: 4.7598
Client 55: 4.8194
Client 108: 4.9749
Round avg loss: 4.7283 (Best: 4.7283)

--- Round 5/20 ---
Client 185: 4.8030
Client 7: 4.3234
Client 135: 4.8979
Client 56: 5.0189
Client 195: 4.2912
Client 112: 4.7715
Client 126: 4.3491
Client 141: 4.8183
Client 59: 4.7316
Client 88: 4.7699
Round avg loss: 4.6775 (Best: 4.6775)

--- Round 6/20 ---
Client 59: 4.3226
Client 173: 4.9583
Client 56: 4.6652
Client 194: 4.5832
Client 117: 4.7753
Client 74: 4.7764
Client 5: 4.4800
Client 106: 4.7988
Client 142: 4.7566
Client 164: 4.7423
Round avg loss: 4.6859 (Best: 4.6775)

--- Round 7/20 ---
Client 25: 4.9096
Client 47: 4.7942
Client 161: 4.8687
Client 185: 4.4578
Client 75: 4.9015
Client 30: 4.4709
Client 190: 4.8020
Client 85: 4.7922
Client 184: 4.4966
Client 182: 4.8047
Round avg loss: 4.7298 (Best: 4.6775)

--- Round 8/20 ---
Client 128: 4.7770
Client 108: 4.6079
Client 129: 4.8453
Client 171: 4.7018
Client 48: 4.7758
Client 77: 4.9406
Client 72: 4.7431
Client 150: 4.7786
Client 127: 4.8105
Client 100: 4.8136
Round avg loss: 4.7794 (Best: 4.6775)

--- Round 9/20 ---
Client 150: 4.3708
Client 8: 4.7933
Client 122: 4.8424
Client 62: 4.8057
Client 190: 4.4088
Client 103: 4.8479
Client 106: 4.4248
Client 170: 4.9433
Client 44: 4.7568
Client 93: 4.7646
Round avg loss: 4.6958 (Best: 4.6775)

--- Round 10/20 ---
Client 140: 4.9817
Client 179: 4.8101
Client 198: 4.8250
Client 172: 4.9338
Client 188: 4.8162
Client 95: 4.7664
Client 22: 4.7799
Client 112: 4.3908
Client 169: 4.9159
Client 130: 4.7457
Round avg loss: 4.7965 (Best: 4.6775)

--- Round 11/20 ---
Client 27: 4.9913
Client 199: 4.7820
Client 41: 4.8630
Client 133: 4.8373
Client 100: 4.4173
Client 94: 4.7527
Client 125: 5.0078
Client 187: 4.8189
Client 7: 4.2325
Client 120: 4.4136
Round avg loss: 4.7116 (Best: 4.6775)

--- Round 12/20 ---
Client 11: 4.7891
Client 78: 4.9256
Client 180: 4.8482
Client 157: 4.8323
Client 151: 4.4187
Client 148: 4.8455
Client 100: 4.2599
Client 165: 4.9244
Client 43: 4.8166
Client 128: 4.4113
Round avg loss: 4.7072 (Best: 4.6775)

--- Round 13/20 ---
Client 58: 4.3923
Client 3: 4.9244
Client 197: 4.7491
Client 51: 4.9281
Client 138: 4.3834
Client 140: 4.6101
Client 59: 4.1585
Client 103: 4.4922
Client 131: 4.8448
Client 88: 4.3622
Round avg loss: 4.5845 (Best: 4.5845)

--- Round 14/20 ---
Client 147: 4.7857
Client 90: 4.7828
Client 117: 4.4512
Client 68: 4.5949
Client 168: 4.8106
Client 140: 4.4085
Client 155: 4.5378
Client 186: 4.8721
Client 1: 4.7964
Client 98: 4.7745
Round avg loss: 4.6814 (Best: 4.5845)

--- Round 15/20 ---
Client 189: 4.8156
Client 131: 4.5083
Client 33: 4.9267
Client 132: 4.8647
Client 199: 4.3746
Client 143: 4.7449
Client 52: 4.7752
Client 109: 4.8121
Client 14: 4.8906
Client 123: 4.7588
Round avg loss: 4.7471 (Best: 4.5845)

--- Round 16/20 ---
Client 93: 4.3780
Client 145: 4.4258
Client 141: 4.4188
Client 51: 4.5407
Client 129: 4.4681
Client 105: 4.8081
Client 124: 4.5545
Client 91: 4.7800
Client 106: 4.2333
Client 88: 4.2298
Round avg loss: 4.4837 (Best: 4.4837)

--- Round 17/20 ---
Client 0: 4.6030
Client 137: 4.7105
Client 138: 4.2385
Client 159: 4.7976
Client 156: 4.8072
Client 84: 4.9248
Client 117: 4.2990
Client 153: 4.9531
Client 7: 4.1850
Client 58: 4.2380
Round avg loss: 4.5757 (Best: 4.4837)

--- Round 18/20 ---
Client 162: 4.7974
Client 45: 4.7780
Client 140: 4.3076
Client 149: 4.7491
Client 46: 4.7741
Client 23: 4.7132
Client 141: 4.2743
Client 65: 4.4144
Client 8: 4.4568
Client 172: 4.5968
Round avg loss: 4.5862 (Best: 4.4837)

--- Round 19/20 ---
Client 18: 4.8380
Client 21: 4.8464
Client 4: 4.8213
Client 115: 4.4004
Client 3: 4.5726
Client 193: 4.7416
Client 71: 4.9034
Client 63: 4.9051
Client 68: 4.4104
Client 28: 4.8587
Round avg loss: 4.7298 (Best: 4.4837)

--- Round 20/20 ---
Client 159: 4.4425
Client 47: 4.4440
Client 88: 4.1379
Client 74: 4.4100
Client 17: 4.7626
Client 42: 4.9512
Client 40: 4.8582
Client 65: 4.2444
Client 135: 4.5409
Client 43: 4.4235
Round avg loss: 4.5215 (Best: 4.4837)
Projector checkpoint saved to fl_results/checkpoints/projector_dino_b16_wco_l4_ifcb_pml_dino_b16_200C_5pct_seed1_20260528_032556.pt

Running final evaluations...

>>> Evaluating on 'wco_l4_ifcb_pml' <<<
[wco_l4_ifcb_pml] Linear split: 43525 train, 10882 val, 18135 test
Linear Epoch 5: Train Loss=1.1594, Val Acc=74.71%
Linear Epoch 10: Train Loss=0.8122, Val Acc=80.34%
Linear Epoch 15: Train Loss=0.6776, Val Acc=82.37%
Linear Epoch 20: Train Loss=0.6109, Val Acc=83.49%
Linear Epoch 25: Train Loss=0.5695, Val Acc=84.57%
Linear Epoch 30: Train Loss=0.5425, Val Acc=85.20%
Linear Epoch 35: Train Loss=0.5282, Val Acc=85.38%
Linear Epoch 40: Train Loss=0.5138, Val Acc=85.70%
Linear Epoch 45: Train Loss=0.4988, Val Acc=86.04%
Linear Epoch 50: Train Loss=0.4926, Val Acc=86.03%
[wco_l4_ifcb_pml] Linear accuracy: 85.90% | Val accuracy: 86.04%
[wco_l4_ifcb_pml] Eval-only accuracy: 0.14%
Running unsupervised k-NN evaluation...
k-NN Top-1 accuracy: 80.63%
Running unsupervised clustering evaluation...
K-Means clustering accuracy (Hungarian matched): 31.42%
Silhouette score: 0.074
Prototype accuracy: 63.60%

>>> Evaluating on 'syke_ifcb' <<<
[syke_ifcb] Linear split: 30272 train, 7568 val, 12618 test
Linear Epoch 5: Train Loss=0.7496, Val Acc=83.26%
Linear Epoch 10: Train Loss=0.4950, Val Acc=87.01%
Linear Epoch 15: Train Loss=0.3946, Val Acc=89.51%
Linear Epoch 20: Train Loss=0.3400, Val Acc=90.55%
Linear Epoch 25: Train Loss=0.3054, Val Acc=91.17%
Linear Epoch 30: Train Loss=0.2819, Val Acc=91.61%
Linear Epoch 35: Train Loss=0.2637, Val Acc=92.01%
Linear Epoch 40: Train Loss=0.2512, Val Acc=92.28%
Linear Epoch 45: Train Loss=0.2419, Val Acc=92.36%
Linear Epoch 50: Train Loss=0.2329, Val Acc=92.68%
[syke_ifcb] Linear accuracy: 92.99% | Val accuracy: 92.79%
[syke_ifcb] Eval-only accuracy: 3.92%
Running unsupervised k-NN evaluation...
k-NN Top-1 accuracy: 89.92%
Running unsupervised clustering evaluation...
K-Means clustering accuracy (Hungarian matched): 33.13%
Silhouette score: 0.083
Prototype accuracy: 66.08%

>>> Evaluating on 'syke_zooscan' <<<
[syke_zooscan] Linear split: 10896 train, 2724 val, 4597 test
Linear Epoch 5: Train Loss=0.9466, Val Acc=79.59%
Linear Epoch 10: Train Loss=0.6606, Val Acc=84.25%
Linear Epoch 15: Train Loss=0.5306, Val Acc=86.82%
Linear Epoch 20: Train Loss=0.4535, Val Acc=88.44%
Linear Epoch 25: Train Loss=0.4014, Val Acc=89.72%
Linear Epoch 30: Train Loss=0.3633, Val Acc=90.42%
Linear Epoch 35: Train Loss=0.3355, Val Acc=91.04%
Linear Epoch 40: Train Loss=0.3132, Val Acc=91.78%
Linear Epoch 45: Train Loss=0.2941, Val Acc=92.14%
Linear Epoch 50: Train Loss=0.2792, Val Acc=92.55%
[syke_zooscan] Linear accuracy: 91.41% | Val accuracy: 92.55%
[syke_zooscan] Eval-only accuracy: 11.01%
Running unsupervised k-NN evaluation...
k-NN Top-1 accuracy: 90.54%
Running unsupervised clustering evaluation...
K-Means clustering accuracy (Hungarian matched): 32.67%
Silhouette score: 0.073
Prototype accuracy: 66.37%

>>> Evaluating on 'plankto_share' <<<
[plankto_share] Linear split: 25363 train, 6341 val, 10572 test
Linear Epoch 5: Train Loss=1.8801, Val Acc=55.59%
Linear Epoch 10: Train Loss=1.4425, Val Acc=63.30%
Linear Epoch 15: Train Loss=1.2634, Val Acc=66.22%
Linear Epoch 20: Train Loss=1.1543, Val Acc=67.94%
Linear Epoch 25: Train Loss=1.0914, Val Acc=68.66%
Linear Epoch 30: Train Loss=1.0418, Val Acc=69.71%
Linear Epoch 35: Train Loss=0.9989, Val Acc=70.12%
Linear Epoch 40: Train Loss=0.9776, Val Acc=70.49%
Linear Epoch 45: Train Loss=0.9534, Val Acc=71.06%
Linear Epoch 50: Train Loss=0.9311, Val Acc=71.20%
[plankto_share] Linear accuracy: 72.54% | Val accuracy: 71.20%
[plankto_share] Eval-only accuracy: 0.87%
Running unsupervised k-NN evaluation...
k-NN Top-1 accuracy: 68.18%
Running unsupervised clustering evaluation...
K-Means clustering accuracy (Hungarian matched): 27.53%
Silhouette score: 0.051
Prototype accuracy: 51.07%

>>> Evaluating on 'daplankton_lab_ifcb' <<<
[daplankton_lab_ifcb] Linear split: 7909 train, 1978 val, 3294 test
Linear Epoch 5: Train Loss=1.2144, Val Acc=79.02%
Linear Epoch 10: Train Loss=0.8102, Val Acc=83.67%
Linear Epoch 15: Train Loss=0.6422, Val Acc=86.00%
Linear Epoch 20: Train Loss=0.5473, Val Acc=87.61%
Linear Epoch 25: Train Loss=0.4847, Val Acc=88.68%
Linear Epoch 30: Train Loss=0.4396, Val Acc=89.08%
Linear Epoch 35: Train Loss=0.4059, Val Acc=90.04%
Linear Epoch 40: Train Loss=0.3791, Val Acc=90.65%
Linear Epoch 45: Train Loss=0.3569, Val Acc=91.15%
Linear Epoch 50: Train Loss=0.3386, Val Acc=91.20%
[daplankton_lab_ifcb] Linear accuracy: 89.86% | Val accuracy: 91.30%
[daplankton_lab_ifcb] Eval-only accuracy: 2.03%
Running unsupervised k-NN evaluation...
k-NN Top-1 accuracy: 86.82%
Running unsupervised clustering evaluation...
K-Means clustering accuracy (Hungarian matched): 57.80%
Silhouette score: 0.147
Prototype accuracy: 76.65%

>>> Evaluating on 'daplankton_lab_cs' <<<
[daplankton_lab_cs] Linear split: 6330 train, 1583 val, 2638 test
Linear Epoch 5: Train Loss=1.6640, Val Acc=66.08%
Linear Epoch 10: Train Loss=1.2069, Val Acc=74.35%
Linear Epoch 15: Train Loss=0.9801, Val Acc=77.57%
Linear Epoch 20: Train Loss=0.8437, Val Acc=79.66%
Linear Epoch 25: Train Loss=0.7519, Val Acc=81.81%
Linear Epoch 30: Train Loss=0.6845, Val Acc=83.26%
Linear Epoch 35: Train Loss=0.6326, Val Acc=84.46%
Linear Epoch 40: Train Loss=0.5916, Val Acc=84.97%
Linear Epoch 45: Train Loss=0.5572, Val Acc=86.04%
Linear Epoch 50: Train Loss=0.5289, Val Acc=86.67%
[daplankton_lab_cs] Linear accuracy: 85.06% | Val accuracy: 86.67%
[daplankton_lab_cs] Eval-only accuracy: 6.22%
Running unsupervised k-NN evaluation...
k-NN Top-1 accuracy: 85.18%
Running unsupervised clustering evaluation...
K-Means clustering accuracy (Hungarian matched): 52.05%
Silhouette score: 0.109
Prototype accuracy: 71.72%

>>> Evaluating on 'daplankton_lab_fc' <<<
[daplankton_lab_fc] Linear split: 8548 train, 2137 val, 3561 test
Linear Epoch 5: Train Loss=1.2569, Val Acc=69.35%
Linear Epoch 10: Train Loss=0.8900, Val Acc=79.32%
Linear Epoch 15: Train Loss=0.7265, Val Acc=82.31%
Linear Epoch 20: Train Loss=0.6305, Val Acc=84.51%
Linear Epoch 25: Train Loss=0.5666, Val Acc=85.35%
Linear Epoch 30: Train Loss=0.5194, Val Acc=86.29%
Linear Epoch 35: Train Loss=0.4849, Val Acc=87.27%
Linear Epoch 40: Train Loss=0.4539, Val Acc=87.65%
Linear Epoch 45: Train Loss=0.4296, Val Acc=88.35%
Linear Epoch 50: Train Loss=0.4103, Val Acc=88.21%
[daplankton_lab_fc] Linear accuracy: 87.03% | Val accuracy: 88.35%
[daplankton_lab_fc] Eval-only accuracy: 4.89%
Running unsupervised k-NN evaluation...
k-NN Top-1 accuracy: 86.24%
Running unsupervised clustering evaluation...
K-Means clustering accuracy (Hungarian matched): 46.70%
Silhouette score: 0.125
Prototype accuracy: 71.81%
Results saved to fl_results/fed_unsup_simclr_dino_b16_wco_l4_ifcb_pml_dino_b16_200C_5pct_seed1_20260528_032556.json
