Device: cuda
Configuration: {'dataset': 'wco_l4_ifcb_pml', 'dino_model': 'vit_small_patch16_dinov3', 'projection_dim': 128, 'image_size': 224, 'num_clients': 200, 'client_frac': 0.01, 'rounds': 20, 'local_epochs': 5, 'batch_size': 128, 'lr': 0.0001, 'wd': 0.0001, 'grad_clip': 1.0, 'linear_lr': 0.001, 'linear_wd': 0.0001, 'linear_bs': 256, 'linear_epochs': 50, 'linear_patience': 10, 'dirichlet_alpha': 0.3, 'balanced_partition': False, 'normalization': 'imagenet', 'seed': 17, 'backbone_tag': 'dino_s16', 'run_name': 'dino_s16_200C_1pct_seed17', 'verbose': False, 'progress_every': 20, 'eval_every': 0, 'save_test_embeddings': False, 'cpu': False, 'eval_datasets': ['wco_l4_ifcb_pml', 'syke_ifcb', 'syke_zooscan', 'plankto_share', 'daplankton_lab_ifcb', 'daplankton_lab_cs', 'daplankton_lab_fc'], 'tiny_root': './tiny', 'celeba_root': './celeba', 'device': device(type='cuda')}
Loading DINOv3 backbone (vit_small_patch16_dinov3)...
DINOv3 image feature dim: 384
Using Dirichlet alpha=0.3 for non-IID partition...
Using imbalanced Dirichlet partition
Starting federated unsupervised SimCLR (CLIP backbone)...

--- Round 1/20 ---
Client 133: 4.9491
Client 106: 5.0145
Round avg loss: 4.9818 (Best: 4.9818)

--- Round 2/20 ---
Client 77: 5.0484
Client 93: 5.0697
Round avg loss: 5.0591 (Best: 4.9818)

--- Round 3/20 ---
Client 74: 4.9393
Client 44: 5.1582
Round avg loss: 5.0488 (Best: 4.9818)

--- Round 4/20 ---
Client 196: 4.9800
Client 180: 5.1014
Round avg loss: 5.0407 (Best: 4.9818)

--- Round 5/20 ---
Client 180: 4.7134
Client 138: 4.8577
Round avg loss: 4.7855 (Best: 4.7855)

--- Round 6/20 ---
Client 169: 5.0019
Client 71: 4.9132
Round avg loss: 4.9575 (Best: 4.7855)

--- Round 7/20 ---
Client 28: 5.0283
Client 6: 4.9873
Round avg loss: 5.0078 (Best: 4.7855)

--- Round 8/20 ---
Client 63: 4.9422
Client 98: 5.0193
Round avg loss: 4.9807 (Best: 4.7855)

--- Round 9/20 ---
Client 191: 4.9084
Client 107: 4.9495
Round avg loss: 4.9290 (Best: 4.7855)

--- Round 10/20 ---
Client 64: 4.8888
Client 128: 4.9221
Round avg loss: 4.9054 (Best: 4.7855)

--- Round 11/20 ---
Client 81: 4.9804
Client 163: 4.8721
Round avg loss: 4.9263 (Best: 4.7855)

--- Round 12/20 ---
Client 175: 4.9158
Client 185: 4.9225
Round avg loss: 4.9191 (Best: 4.7855)

--- Round 13/20 ---
Client 102: 4.9789
Client 35: 5.0451
Round avg loss: 5.0120 (Best: 4.7855)

--- Round 14/20 ---
Client 141: 4.9471
Client 15: 4.8944
Round avg loss: 4.9207 (Best: 4.7855)

--- Round 15/20 ---
Client 35: 4.6394
Client 50: 4.8736
Round avg loss: 4.7565 (Best: 4.7565)

--- Round 16/20 ---
Client 38: 4.8754
Client 180: 4.5183
Round avg loss: 4.6968 (Best: 4.6968)

--- Round 17/20 ---
Client 136: 4.9816
Client 143: 4.9660
Round avg loss: 4.9738 (Best: 4.6968)

--- Round 18/20 ---
Client 175: 4.4923
Client 53: 5.0286
Round avg loss: 4.7605 (Best: 4.6968)

--- Round 19/20 ---
Client 84: 5.0073
Client 138: 4.4232
Round avg loss: 4.7152 (Best: 4.6968)

--- Round 20/20 ---
Client 31: 4.8598
Client 183: 4.8759
Round avg loss: 4.8679 (Best: 4.6968)
Projector checkpoint saved to fl_results/checkpoints/projector_dino_s16_wco_l4_ifcb_pml_dino_s16_200C_1pct_seed17_20260527_232805.pt

Running final evaluations...

>>> Evaluating on 'wco_l4_ifcb_pml' <<<
[wco_l4_ifcb_pml] Linear split: 43525 train, 10882 val, 18135 test
Linear Epoch 5: Train Loss=1.2962, Val Acc=72.49%
Linear Epoch 10: Train Loss=0.8913, Val Acc=79.32%
Linear Epoch 15: Train Loss=0.7437, Val Acc=81.99%
Linear Epoch 20: Train Loss=0.6638, Val Acc=83.05%
Linear Epoch 25: Train Loss=0.6287, Val Acc=84.01%
Linear Epoch 30: Train Loss=0.5905, Val Acc=84.61%
Linear Epoch 35: Train Loss=0.5718, Val Acc=84.87%
Linear Epoch 40: Train Loss=0.5597, Val Acc=84.99%
Linear Epoch 45: Train Loss=0.5471, Val Acc=85.46%
Linear Epoch 50: Train Loss=0.5400, Val Acc=85.47%
[wco_l4_ifcb_pml] Linear accuracy: 85.60% | Val accuracy: 85.55%
[wco_l4_ifcb_pml] Eval-only accuracy: 0.15%
Running unsupervised k-NN evaluation...
k-NN Top-1 accuracy: 82.19%
Running unsupervised clustering evaluation...
K-Means clustering accuracy (Hungarian matched): 33.82%
Silhouette score: 0.073
Prototype accuracy: 67.27%

>>> Evaluating on 'syke_ifcb' <<<
[syke_ifcb] Linear split: 30272 train, 7568 val, 12618 test
Linear Epoch 5: Train Loss=0.8684, Val Acc=81.69%
Linear Epoch 10: Train Loss=0.5615, Val Acc=86.51%
Linear Epoch 15: Train Loss=0.4422, Val Acc=88.31%
Linear Epoch 20: Train Loss=0.3795, Val Acc=89.56%
Linear Epoch 25: Train Loss=0.3398, Val Acc=90.30%
Linear Epoch 30: Train Loss=0.3127, Val Acc=90.98%
Linear Epoch 35: Train Loss=0.2938, Val Acc=91.35%
Linear Epoch 40: Train Loss=0.2796, Val Acc=91.62%
Linear Epoch 45: Train Loss=0.2690, Val Acc=91.72%
Linear Epoch 50: Train Loss=0.2612, Val Acc=92.03%
[syke_ifcb] Linear accuracy: 92.44% | Val accuracy: 92.20%
[syke_ifcb] Eval-only accuracy: 2.77%
Running unsupervised k-NN evaluation...
k-NN Top-1 accuracy: 90.51%
Running unsupervised clustering evaluation...
K-Means clustering accuracy (Hungarian matched): 33.18%
Silhouette score: 0.082
Prototype accuracy: 67.21%

>>> Evaluating on 'syke_zooscan' <<<
[syke_zooscan] Linear split: 10896 train, 2724 val, 4597 test
Linear Epoch 5: Train Loss=1.0611, Val Acc=76.47%
Linear Epoch 10: Train Loss=0.7601, Val Acc=81.31%
Linear Epoch 15: Train Loss=0.6142, Val Acc=83.85%
Linear Epoch 20: Train Loss=0.5283, Val Acc=85.76%
Linear Epoch 25: Train Loss=0.4690, Val Acc=87.41%
Linear Epoch 30: Train Loss=0.4253, Val Acc=88.58%
Linear Epoch 35: Train Loss=0.3917, Val Acc=89.32%
Linear Epoch 40: Train Loss=0.3645, Val Acc=90.16%
Linear Epoch 45: Train Loss=0.3424, Val Acc=90.42%
Linear Epoch 50: Train Loss=0.3247, Val Acc=90.71%
[syke_zooscan] Linear accuracy: 89.82% | Val accuracy: 90.79%
[syke_zooscan] Eval-only accuracy: 0.00%
Running unsupervised k-NN evaluation...
k-NN Top-1 accuracy: 89.99%
Running unsupervised clustering evaluation...
K-Means clustering accuracy (Hungarian matched): 30.67%
Silhouette score: 0.066
Prototype accuracy: 63.54%

>>> Evaluating on 'plankto_share' <<<
[plankto_share] Linear split: 25363 train, 6341 val, 10572 test
Linear Epoch 5: Train Loss=2.0684, Val Acc=52.91%
Linear Epoch 10: Train Loss=1.5640, Val Acc=60.72%
Linear Epoch 15: Train Loss=1.3562, Val Acc=64.17%
Linear Epoch 20: Train Loss=1.2358, Val Acc=66.09%
Linear Epoch 25: Train Loss=1.1601, Val Acc=67.24%
Linear Epoch 30: Train Loss=1.1076, Val Acc=68.18%
Linear Epoch 35: Train Loss=1.0675, Val Acc=68.87%
Linear Epoch 40: Train Loss=1.0347, Val Acc=69.61%
Linear Epoch 45: Train Loss=1.0108, Val Acc=70.04%
Linear Epoch 50: Train Loss=0.9955, Val Acc=70.32%
[plankto_share] Linear accuracy: 71.47% | Val accuracy: 70.32%
[plankto_share] Eval-only accuracy: 0.57%
Running unsupervised k-NN evaluation...
k-NN Top-1 accuracy: 66.17%
Running unsupervised clustering evaluation...
K-Means clustering accuracy (Hungarian matched): 26.57%
Silhouette score: 0.045
Prototype accuracy: 49.27%

>>> Evaluating on 'daplankton_lab_ifcb' <<<
[daplankton_lab_ifcb] Linear split: 7909 train, 1978 val, 3294 test
Linear Epoch 5: Train Loss=1.3253, Val Acc=79.83%
Linear Epoch 10: Train Loss=0.8807, Val Acc=84.83%
Linear Epoch 15: Train Loss=0.6861, Val Acc=85.74%
Linear Epoch 20: Train Loss=0.5776, Val Acc=87.11%
Linear Epoch 25: Train Loss=0.5079, Val Acc=87.51%
Linear Epoch 30: Train Loss=0.4582, Val Acc=88.12%
Linear Epoch 35: Train Loss=0.4209, Val Acc=88.88%
Linear Epoch 40: Train Loss=0.3917, Val Acc=89.13%
Linear Epoch 45: Train Loss=0.3684, Val Acc=89.48%
Linear Epoch 50: Train Loss=0.3485, Val Acc=89.94%
[daplankton_lab_ifcb] Linear accuracy: 89.89% | Val accuracy: 89.94%
[daplankton_lab_ifcb] Eval-only accuracy: 6.34%
Running unsupervised k-NN evaluation...
k-NN Top-1 accuracy: 88.92%
Running unsupervised clustering evaluation...
K-Means clustering accuracy (Hungarian matched): 65.12%
Silhouette score: 0.140
Prototype accuracy: 81.91%

>>> Evaluating on 'daplankton_lab_cs' <<<
[daplankton_lab_cs] Linear split: 6330 train, 1583 val, 2638 test
Linear Epoch 5: Train Loss=1.8155, Val Acc=58.94%
Linear Epoch 10: Train Loss=1.3756, Val Acc=71.89%
Linear Epoch 15: Train Loss=1.1324, Val Acc=76.06%
Linear Epoch 20: Train Loss=0.9771, Val Acc=78.40%
Linear Epoch 25: Train Loss=0.8688, Val Acc=79.97%
Linear Epoch 30: Train Loss=0.7897, Val Acc=81.55%
Linear Epoch 35: Train Loss=0.7277, Val Acc=82.31%
Linear Epoch 40: Train Loss=0.6787, Val Acc=83.51%
Linear Epoch 45: Train Loss=0.6382, Val Acc=84.02%
Linear Epoch 50: Train Loss=0.6049, Val Acc=84.52%
[daplankton_lab_cs] Linear accuracy: 85.22% | Val accuracy: 84.52%
[daplankton_lab_cs] Eval-only accuracy: 8.26%
Running unsupervised k-NN evaluation...
k-NN Top-1 accuracy: 85.67%
Running unsupervised clustering evaluation...
K-Means clustering accuracy (Hungarian matched): 45.72%
Silhouette score: 0.109
Prototype accuracy: 69.07%

>>> Evaluating on 'daplankton_lab_fc' <<<
[daplankton_lab_fc] Linear split: 8548 train, 2137 val, 3561 test
Linear Epoch 5: Train Loss=1.3808, Val Acc=63.45%
Linear Epoch 10: Train Loss=1.0061, Val Acc=72.67%
Linear Epoch 15: Train Loss=0.8288, Val Acc=77.26%
Linear Epoch 20: Train Loss=0.7237, Val Acc=80.07%
Linear Epoch 25: Train Loss=0.6506, Val Acc=81.70%
Linear Epoch 30: Train Loss=0.6022, Val Acc=83.11%
Linear Epoch 35: Train Loss=0.5608, Val Acc=83.76%
Linear Epoch 40: Train Loss=0.5270, Val Acc=84.51%
Linear Epoch 45: Train Loss=0.4999, Val Acc=85.26%
Linear Epoch 50: Train Loss=0.4804, Val Acc=85.68%
[daplankton_lab_fc] Linear accuracy: 85.03% | Val accuracy: 85.68%
[daplankton_lab_fc] Eval-only accuracy: 1.68%
Running unsupervised k-NN evaluation...
k-NN Top-1 accuracy: 84.92%
Running unsupervised clustering evaluation...
K-Means clustering accuracy (Hungarian matched): 50.69%
Silhouette score: 0.143
Prototype accuracy: 67.73%
Results saved to fl_results/fed_unsup_simclr_dino_s16_wco_l4_ifcb_pml_dino_s16_200C_1pct_seed17_20260527_232805.json
