Device: cuda
Configuration: {'dataset': 'wco_l4_ifcb_pml', 'dino_model': 'vit_small_patch16_dinov3', 'projection_dim': 128, 'image_size': 224, 'num_clients': 2000, 'client_frac': 0.05, 'rounds': 20, 'local_epochs': 5, 'batch_size': 128, 'lr': 0.0001, 'wd': 0.0001, 'grad_clip': 1.0, 'linear_lr': 0.001, 'linear_wd': 0.0001, 'linear_bs': 256, 'linear_epochs': 50, 'linear_patience': 10, 'dirichlet_alpha': 0.3, 'balanced_partition': False, 'normalization': 'imagenet', 'seed': 1, 'backbone_tag': 'dino_s16', 'run_name': 'dino_s16_2000C_5pct_seed1', 'verbose': False, 'progress_every': 20, 'eval_every': 0, 'save_test_embeddings': False, 'cpu': False, 'eval_datasets': ['wco_l4_ifcb_pml', 'syke_ifcb', 'syke_zooscan', 'plankto_share', 'daplankton_lab_ifcb', 'daplankton_lab_cs', 'daplankton_lab_fc'], 'tiny_root': './tiny', 'celeba_root': './celeba', 'device': device(type='cuda')}
Loading DINOv3 backbone (vit_small_patch16_dinov3)...
DINOv3 image feature dim: 384
Using Dirichlet alpha=0.3 for non-IID partition...
Using imbalanced Dirichlet partition
Starting federated unsupervised SimCLR (CLIP backbone)...

--- Round 1/20 ---
Client 275: 3.4309
Client 1165: 3.5829
Client 1735: 3.2396
Client 1643: 3.9337
Client 1564: 4.1031
Client 129: 3.6763
Client 522: 3.9258
Client 241: 3.9646
Client 1014: 3.6912
Client 1558: 3.7413
Client 920: 4.0654
Client 967: 3.6621
Client 1334: 3.5092
Client 777: 4.1680
Client 1615: 4.0008
Client 429: 3.5963
Client 192: 3.8956
Client 999: 3.6223
Client 58: 3.3414
Client 1829: 3.5239
Client 1711: 4.2100
Client 798: 3.7018
Client 886: 3.4652
Client 1244: 3.8238
Client 1561: 3.0570
Client 1571: 3.6548
Client 4: 3.0305
Client 1425: 3.6984
Client 912: 3.3522
Client 545: 3.5473
Client 1477: 4.0603
Client 1642: 3.5982
Client 468: 4.0051
Client 1210: 3.7104
Client 1935: 3.9236
Client 209: 3.4154
Client 1846: 3.5255
Client 650: 4.0639
Client 62: 3.8081
Client 45: 4.0662
Client 52: 3.9782
Client 1330: 3.7235
Client 1108: 3.2453
Client 18: 3.6897
Client 1923: 3.3255
Client 1804: 4.4684
Client 780: 3.9546
Client 1405: 4.1293
Client 443: 2.9492
Client 1984: 3.0767
Client 864: 3.5819
Client 1486: 3.0982
Client 59: 3.8312
Client 1080: 3.7523
Client 454: 3.5321
Client 896: 3.6106
Client 1015: 3.6665
Client 1132: 3.8210
Client 477: 3.5020
Client 707: 3.7670
Client 472: 3.6347
Client 1386: 3.7697
Client 448: 3.4536
Client 941: 4.0002
Client 1950: 3.5253
Client 593: 3.6369
Client 1897: 3.9900
Client 44: 3.8675
Client 852: 3.8423
Client 1715: 4.0755
Client 1876: 3.9725
Client 1139: 3.7297
Client 1888: 4.2035
Client 1315: 3.6278
Client 204: 4.3326
Client 380: 3.5661
Client 1288: 3.9568
Client 1482: 3.8356
Client 1761: 3.5885
Client 607: 3.6196
Client 247: 3.9120
Client 1521: 3.6048
Client 681: 3.7804
Client 1834: 4.2182
Client 1993: 3.6680
Client 1456: 3.3609
Client 1025: 4.1416
Client 1917: 3.3456
Client 1980: 3.4341
Client 1039: 3.7285
Client 1699: 4.1589
Client 1864: 3.5387
Client 1372: 3.4471
Client 388: 3.7370
Client 621: 3.8687
Client 581: 3.7423
Client 1203: 3.3665
Client 1807: 3.6085
Client 1022: 3.8831
Client 1733: 3.5851
Round avg loss: 3.7145 (Best: 3.7145)

--- Round 2/20 ---
Client 1926: 4.0258
Client 1034: 3.7229
Client 805: 3.8496
Client 1206: 3.6780
Client 1747: 3.5029
Client 70: 3.9394
Client 983: 3.5568
Client 497: 3.2472
Client 1523: 2.8622
Client 1633: 3.5841
Client 827: 3.9902
Client 848: 4.0053
Client 1361: 3.7664
Client 354: 3.6830
Client 751: 3.7634
Client 1123: 3.5451
Client 1807: 3.4097
Client 1439: 3.7599
Client 1588: 3.1530
Client 1381: 3.6033
Client 1511: 3.8774
Client 767: 3.9652
Client 177: 3.3687
Client 898: 3.2295
Client 1359: 3.6025
Client 1041: 3.5064
Client 221: 3.3588
Client 1594: 3.7924
Client 335: 3.6700
Client 1066: 3.5327
Client 1720: 3.4342
Client 758: 4.2152
Client 1002: 3.7211
Client 1500: 3.1990
Client 60: 3.2419
Client 961: 3.3765
Client 89: 3.9562
Client 631: 3.4847
Client 1440: 3.4228
Client 1737: 3.7991
Client 1259: 3.5204
Client 1214: 3.8449
Client 1184: 3.6195
Client 806: 3.3983
Client 1325: 3.5781
Client 348: 3.5890
Client 345: 3.4896
Client 1028: 3.2495
Client 464: 4.2044
Client 25: 3.1690
Client 1578: 3.6662
Client 408: 3.4035
Client 1105: 3.6902
Client 1884: 3.8376
Client 1761: 3.3604
Client 1122: 3.9054
Client 475: 3.2712
Client 828: 3.3146
Client 1052: 3.6866
Client 704: 3.4634
Client 1950: 3.3369
Client 1735: 3.0376
Client 1183: 3.8674
Client 723: 3.7953
Client 940: 3.9212
Client 1863: 3.7348
Client 551: 3.8029
Client 1350: 3.6640
Client 1247: 3.3052
Client 1960: 3.7656
Client 1493: 3.8352
Client 11: 3.7118
Client 785: 3.6445
Client 1604: 4.2846
Client 1755: 3.7415
Client 1680: 3.6917
Client 1955: 3.7002
Client 1814: 3.9485
Client 1921: 3.9504
Client 1516: 3.6037
Client 1049: 3.1323
Client 1657: 3.4841
Client 264: 4.1122
Client 1062: 3.6916
Client 1592: 3.7220
Client 1149: 3.2284
Client 420: 3.6961
Client 872: 3.6082
Client 1945: 3.6658
Client 114: 3.5103
Client 985: 3.0678
Client 1781: 3.9101
Client 746: 3.4438
Client 1167: 3.7503
Client 1135: 3.7544
Client 409: 3.2266
Client 1927: 3.4379
Client 1033: 3.2729
Client 846: 3.4576
Client 993: 3.7497
Round avg loss: 3.6093 (Best: 3.6093)

--- Round 3/20 ---
Client 1665: 3.9555
Client 730: 3.7445
Client 848: 3.7535
Client 708: 4.2273
Client 3: 3.2080
Client 1102: 3.3714
Client 1106: 3.8810
Client 1276: 3.7383
Client 1610: 3.2945
Client 1254: 3.7470
Client 678: 3.3566
Client 938: 3.6693
Client 1228: 3.3600
Client 57: 3.6988
Client 1647: 3.7660
Client 470: 2.9390
Client 1301: 3.7388
Client 362: 3.3396
Client 1127: 3.5282
Client 1196: 3.2863
Client 370: 3.1795
Client 1763: 3.7769
Client 187: 3.5175
Client 1635: 3.7857
Client 1128: 4.3117
Client 1632: 3.5833
Client 1743: 3.5816
Client 1672: 3.5317
Client 1906: 3.5455
Client 522: 3.7071
Client 66: 3.2229
Client 1723: 3.7127
Client 1932: 3.5622
Client 1378: 3.2017
Client 144: 3.3792
Client 170: 4.3008
Client 1777: 4.0796
Client 34: 3.6241
Client 927: 3.4456
Client 29: 3.3728
Client 1544: 3.7860
Client 1547: 4.2120
Client 575: 4.0602
Client 511: 3.5069
Client 550: 3.6411
Client 224: 3.6852
Client 1279: 3.4124
Client 378: 3.8860
Client 705: 3.8124
Client 594: 3.4132
Client 142: 3.9295
Client 342: 4.0731
Client 326: 3.6416
Client 1080: 3.5178
Client 1949: 3.9660
Client 344: 3.5675
Client 1344: 3.4982
Client 558: 3.6181
Client 1327: 3.4532
Client 1457: 3.5371
Client 603: 3.6490
Client 931: 3.6436
Client 1438: 3.7817
Client 659: 3.6803
Client 1016: 3.3899
Client 970: 3.6890
Client 233: 3.5216
Client 48: 3.9524
Client 638: 4.1712
Client 791: 4.0046
Client 703: 3.1950
Client 862: 3.6165
Client 1630: 3.4364
Client 385: 3.9070
Client 529: 3.5770
Client 222: 3.4469
Client 519: 3.5025
Client 1842: 3.2518
Client 1495: 3.5796
Client 1044: 3.5830
Client 428: 4.1461
Client 1977: 3.7258
Client 1240: 3.7610
Client 884: 3.4327
Client 1673: 3.9532
Client 1997: 2.6371
Client 42: 3.4990
Client 461: 3.7717
Client 36: 3.3489
Client 813: 3.9379
Client 299: 3.7261
Client 72: 3.5440
Client 1472: 3.7515
Client 1965: 4.1357
Client 328: 3.8596
Client 912: 3.1507
Client 1443: 3.5484
Client 1036: 3.6119
Client 1388: 3.8595
Client 873: 3.5569
Round avg loss: 3.6378 (Best: 3.6093)

--- Round 4/20 ---
Client 1115: 3.6653
Client 1704: 3.5909
Client 451: 3.6450
Client 1998: 2.8809
Client 1291: 3.2767
Client 1633: 3.3434
Client 1423: 3.4183
Client 1057: 3.6613
Client 923: 3.8923
Client 457: 4.2192
Client 1072: 3.7832
Client 1328: 3.2249
Client 62: 3.6282
Client 808: 4.0451
Client 1382: 4.1472
Client 1179: 3.0095
Client 1645: 3.5577
Client 657: 3.7324
Client 1351: 3.8133
Client 1292: 3.5374
Client 873: 3.3776
Client 120: 3.0163
Client 1510: 3.8009
Client 611: 3.8116
Client 257: 3.9571
Client 1982: 3.6583
Client 434: 3.1601
Client 1793: 3.3880
Client 97: 3.7456
Client 627: 3.9490
Client 144: 3.1486
Client 1758: 4.0590
Client 156: 3.9837
Client 635: 3.8601
Client 1878: 3.6989
Client 1923: 3.0688
Client 610: 3.8530
Client 1523: 2.6067
Client 324: 3.8020
Client 852: 3.6310
Client 1156: 3.7565
Client 516: 3.9478
Client 267: 3.1649
Client 17: 3.3314
Client 1148: 3.4053
Client 1799: 3.8774
Client 1741: 3.8730
Client 77: 3.2863
Client 1209: 3.2856
Client 1678: 3.8834
Client 445: 3.6383
Client 1970: 3.7626
Client 1844: 3.6447
Client 1167: 3.5166
Client 943: 3.8923
Client 351: 3.2764
Client 1695: 3.4139
Client 1777: 3.8899
Client 1781: 3.6425
Client 1994: 3.5498
Client 1597: 3.7708
Client 1441: 3.5910
Client 1275: 3.3440
Client 1042: 4.3161
Client 76: 3.9051
Client 774: 3.6647
Client 410: 3.6132
Client 710: 3.4864
Client 202: 3.6773
Client 421: 4.1835
Client 1174: 3.7598
Client 1380: 3.6518
Client 1836: 3.6233
Client 886: 3.2423
Client 1211: 3.4295
Client 397: 3.6921
Client 1008: 3.4706
Client 213: 3.9404
Client 1920: 3.1948
Client 1363: 3.7049
Client 798: 3.4795
Client 606: 3.7392
Client 1032: 3.5797
Client 1023: 3.4721
Client 35: 3.4854
Client 666: 3.9252
Client 1253: 3.6012
Client 1785: 3.4753
Client 823: 3.6546
Client 1842: 3.0399
Client 576: 3.3315
Client 37: 3.4802
Client 321: 3.5461
Client 411: 3.5004
Client 1756: 3.5841
Client 671: 3.9473
Client 1661: 3.4898
Client 1153: 3.6180
Client 1602: 3.7600
Client 276: 3.3619
Round avg loss: 3.6002 (Best: 3.6002)

--- Round 5/20 ---
Client 694: 3.3959
Client 879: 3.7822
Client 436: 3.9145
Client 545: 3.3570
Client 1381: 3.4226
Client 197: 3.1826
Client 1715: 3.8892
Client 776: 3.0693
Client 1909: 4.1056
Client 1121: 3.9234
Client 704: 3.2348
Client 1872: 3.9076
Client 1807: 3.2086
Client 1407: 4.0161
Client 1094: 3.8257
Client 992: 3.7187
Client 1572: 3.5308
Client 1090: 3.1521
Client 480: 4.0661
Client 133: 3.6167
Client 1485: 3.8912
Client 82: 3.3366
Client 173: 3.7184
Client 272: 3.7241
Client 347: 3.8917
Client 341: 3.6140
Client 1865: 3.6207
Client 1102: 3.1422
Client 548: 4.1681
Client 1554: 4.4791
Client 680: 3.5578
Client 1229: 3.8304
Client 1036: 3.3699
Client 1722: 3.3233
Client 522: 3.5276
Client 753: 3.6262
Client 693: 3.5092
Client 696: 3.4158
Client 233: 3.3178
Client 596: 3.4244
Client 481: 3.1500
Client 1776: 4.0598
Client 1933: 3.4776
Client 1236: 3.7237
Client 1596: 3.9651
Client 1954: 3.7543
Client 1464: 3.8605
Client 1817: 4.2296
Client 1001: 3.6467
Client 277: 4.3715
Client 1187: 3.4832
Client 1128: 4.0762
Client 1577: 3.3861
Client 213: 3.7522
Client 656: 3.4945
Client 80: 3.2318
Client 832: 3.5307
Client 149: 3.5205
Client 778: 4.6582
Client 1773: 3.7238
Client 1614: 3.9540
Client 301: 3.6463
Client 1696: 3.7949
Client 256: 3.4039
Client 698: 3.3683
Client 234: 4.0729
Client 1259: 3.3027
Client 1203: 3.1187
Client 1601: 3.6941
Client 1896: 3.9134
Client 774: 3.4603
Client 156: 3.7425
Client 1168: 3.7260
Client 1126: 3.5784
Client 458: 2.8389
Client 1159: 3.6807
Client 167: 2.9945
Client 1950: 3.1558
Client 546: 3.5029
Client 747: 3.9472
Client 1824: 3.6669
Client 605: 3.9099
Client 1155: 3.8465
Client 1894: 3.6440
Client 937: 3.8171
Client 1836: 3.4265
Client 567: 3.7098
Client 220: 3.6376
Client 1611: 3.8295
Client 93: 3.5166
Client 1695: 3.1633
Client 25: 2.9059
Client 1256: 3.8733
Client 1373: 3.5158
Client 29: 3.1306
Client 187: 3.2956
Client 846: 3.2459
Client 235: 3.8630
Client 1691: 3.6609
Client 1812: 4.1147
Round avg loss: 3.6257 (Best: 3.6002)

--- Round 6/20 ---
Client 1617: 3.2567
Client 81: 3.2949
Client 384: 3.8687
Client 490: 3.5689
Client 1608: 3.8420
Client 1201: 3.4080
Client 862: 3.3859
Client 331: 3.2504
Client 236: 3.6176
Client 923: 3.6715
Client 342: 3.8159
Client 1394: 3.9535
Client 494: 4.1696
Client 325: 3.8699
Client 1523: 2.4527
Client 1730: 3.5104
Client 210: 3.4925
Client 891: 3.4099
Client 1865: 3.3817
Client 1975: 3.4049
Client 774: 3.2475
Client 1651: 3.5805
Client 1987: 3.7994
Client 1111: 4.0008
Client 1862: 4.2089
Client 1675: 3.6222
Client 602: 3.6917
Client 1126: 3.3516
Client 518: 3.0405
Client 1457: 3.2964
Client 976: 3.7615
Client 644: 3.6133
Client 205: 3.3681
Client 425: 4.0281
Client 1335: 3.0194
Client 650: 3.8743
Client 55: 3.1880
Client 21: 3.5341
Client 1611: 3.6373
Client 1895: 3.5907
Client 605: 3.6570
Client 1487: 3.7251
Client 1221: 3.4825
Client 655: 4.0505
Client 921: 3.5643
Client 801: 3.6964
Client 641: 4.1371
Client 816: 3.9125
Client 128: 3.0337
Client 131: 3.2849
Client 1870: 3.5898
Client 649: 4.1087
Client 1986: 3.2454
Client 1231: 3.4812
Client 933: 3.5197
Client 228: 3.4768
Client 512: 4.1617
Client 440: 3.3240
Client 1607: 3.7923
Client 1265: 3.8615
Client 1593: 3.6849
Client 1825: 3.8220
Client 1776: 3.8090
Client 1409: 3.7368
Client 960: 4.2887
Client 1355: 3.4661
Client 728: 3.3992
Client 530: 3.2681
Client 375: 3.2178
Client 1109: 4.0041
Client 629: 3.7656
Client 407: 3.6658
Client 504: 3.9177
Client 738: 3.7017
Client 166: 3.4442
Client 1679: 3.6155
Client 575: 3.8506
Client 183: 3.1531
Client 1542: 3.7864
Client 917: 3.9517
Client 185: 3.5463
Client 1176: 3.1613
Client 1317: 4.1011
Client 694: 3.1420
Client 1926: 3.7767
Client 465: 3.4627
Client 799: 3.7149
Client 1979: 4.2439
Client 628: 3.4711
Client 84: 3.5382
Client 670: 3.4084
Client 382: 3.2398
Client 648: 3.6163
Client 1623: 3.8538
Client 1734: 3.7950
Client 1185: 3.0189
Client 1829: 3.2774
Client 1886: 3.6558
Client 620: 3.4398
Client 503: 3.8446
Round avg loss: 3.6004 (Best: 3.6002)

--- Round 7/20 ---
Client 684: 3.5550
Client 206: 3.6191
Client 1114: 3.5015
Client 1252: 3.9030
Client 1185: 2.7754
Client 1653: 3.7449
Client 1220: 3.0487
Client 188: 3.8618
Client 501: 3.8645
Client 450: 4.1478
Client 41: 4.0516
Client 1655: 3.6839
Client 499: 3.3028
Client 822: 3.4163
Client 148: 3.5287
Client 548: 3.9514
Client 1128: 3.9018
Client 1776: 3.6246
Client 145: 3.6652
Client 1493: 3.5966
Client 153: 3.6569
Client 44: 3.6460
Client 1301: 3.5174
Client 20: 3.6118
Client 595: 4.0437
Client 1537: 3.7970
Client 1622: 3.6114
Client 735: 3.5971
Client 1010: 3.9315
Client 960: 4.0913
Client 1766: 3.3414
Client 1759: 3.6746
Client 315: 3.6325
Client 1026: 3.6289
Client 1592: 3.4842
Client 1628: 3.2965
Client 671: 3.7267
Client 157: 3.5444
Client 1042: 4.1018
Client 1944: 3.7269
Client 1362: 3.8679
Client 354: 3.4415
Client 367: 3.2927
Client 1589: 3.8094
Client 306: 3.6701
Client 289: 4.1739
Client 1682: 3.5197
Client 1772: 3.8872
Client 654: 3.6863
Client 625: 3.4451
Client 218: 3.7363
Client 1452: 3.9433
Client 1053: 3.6855
Client 1709: 3.5070
Client 1882: 3.7617
Client 1232: 3.9910
Client 601: 3.1589
Client 258: 3.3176
Client 1830: 3.4942
Client 423: 3.4401
Client 290: 3.6564
Client 1117: 3.7779
Client 1864: 3.2765
Client 1479: 3.8469
Client 65: 3.3418
Client 1596: 3.7491
Client 647: 3.6430
Client 1681: 3.2250
Client 1849: 3.4731
Client 1276: 3.5066
Client 1646: 3.9344
Client 1376: 4.0538
Client 1857: 3.5525
Client 1132: 3.5937
Client 1721: 3.8838
Client 1932: 3.3031
Client 1528: 4.2117
Client 1412: 3.6342
Client 420: 3.5207
Client 364: 3.6932
Client 612: 3.5700
Client 886: 3.0994
Client 1100: 3.9080
Client 323: 3.4693
Client 99: 4.0122
Client 1463: 4.0173
Client 1765: 3.8575
Client 1367: 3.8135
Client 506: 3.7382
Client 517: 3.6110
Client 131: 3.0556
Client 1396: 3.5049
Client 1973: 3.7807
Client 914: 3.5383
Client 880: 3.3537
Client 1124: 3.8675
Client 512: 3.9206
Client 1108: 3.0448
Client 899: 3.5629
Client 1743: 3.3883
Round avg loss: 3.6423 (Best: 3.6002)

--- Round 8/20 ---
Client 1101: 3.2475
Client 928: 4.1895
Client 22: 3.8279
Client 810: 3.7781
Client 1712: 4.0654
Client 693: 3.2861
Client 351: 3.1122
Client 528: 3.5188
Client 994: 3.8337
Client 49: 3.8115
Client 1624: 3.3357
Client 1323: 3.1985
Client 1910: 3.3974
Client 853: 3.9323
Client 1999: 4.9845
Client 1168: 3.5213
Client 38: 2.7747
Client 127: 2.4512
Client 1416: 3.5638
Client 726: 4.0218
Client 1187: 3.2896
Client 283: 3.8755
Client 1215: 3.2430
Client 256: 3.2312
Client 530: 3.0453
Client 1697: 3.9972
Client 567: 3.4592
Client 814: 3.9120
Client 1155: 3.5728
Client 821: 3.7037
Client 352: 3.2181
Client 1254: 3.5028
Client 182: 4.0394
Client 478: 3.7445
Client 995: 3.1435
Client 15: 3.6902
Client 363: 3.4082
Client 1082: 3.2784
Client 649: 3.9064
Client 1025: 3.8986
Client 1828: 3.1086
Client 1328: 2.9920
Client 1885: 3.6373
Client 897: 3.5116
Client 1904: 3.6591
Client 1405: 3.9122
Client 1308: 3.4877
Client 1497: 3.8476
Client 462: 3.6796
Client 488: 3.8230
Client 640: 3.3816
Client 1013: 3.8716
Client 1406: 3.7223
Client 980: 3.9405
Client 1958: 3.5795
Client 460: 3.5557
Client 1459: 3.5582
Client 844: 3.8740
Client 690: 3.2748
Client 1147: 3.0602
Client 1251: 3.7495
Client 1857: 3.3555
Client 1491: 3.7602
Client 1879: 3.5225
Client 1338: 3.3483
Client 563: 3.8474
Client 1991: 4.1094
Client 449: 4.1740
Client 98: 3.5015
Client 1887: 3.1415
Client 146: 3.3185
Client 1563: 4.2133
Client 1047: 3.9993
Client 1321: 3.4047
Client 1796: 3.9215
Client 755: 3.9454
Client 326: 3.4196
Client 1568: 3.6530
Client 1622: 3.4219
Client 1808: 3.5391
Client 417: 3.8487
Client 638: 3.9601
Client 611: 3.5657
Client 1418: 3.6548
Client 613: 3.6844
Client 1738: 3.9684
Client 1131: 3.3345
Client 761: 3.3686
Client 338: 3.7237
Client 1436: 4.0182
Client 1508: 3.4907
Client 951: 3.6753
Client 1217: 3.3312
Client 174: 3.3322
Client 1753: 3.6661
Client 252: 4.1999
Client 1836: 3.2267
Client 1241: 3.8425
Client 1966: 3.7903
Client 1052: 3.4771
Round avg loss: 3.6099 (Best: 3.6002)

--- Round 9/20 ---
Client 1169: 3.7094
Client 772: 3.7249
Client 361: 3.5578
Client 319: 3.8279
Client 513: 3.7867
Client 873: 3.1777
Client 445: 3.3412
Client 1928: 3.8305
Client 1166: 3.3920
Client 1473: 3.6053
Client 1551: 3.6210
Client 1602: 3.5582
Client 106: 3.6998
Client 1013: 3.6413
Client 1395: 3.3139
Client 806: 3.1744
Client 1468: 3.9084
Client 1304: 3.9703
Client 712: 3.8596
Client 786: 3.3568
Client 1054: 3.7754
Client 1731: 3.3802
Client 337: 3.9054
Client 1114: 3.2409
Client 1494: 3.6575
Client 83: 3.2991
Client 1073: 3.7975
Client 185: 3.2910
Client 1654: 3.6892
Client 522: 3.3770
Client 1287: 3.5648
Client 206: 3.3924
Client 547: 3.6643
Client 1509: 3.7365
Client 1869: 3.1541
Client 171: 3.7393
Client 1964: 3.4892
Client 1996: 2.9784
Client 284: 3.7905
Client 1984: 2.8491
Client 1588: 2.9436
Client 1263: 3.8071
Client 1724: 3.4620
Client 1980: 3.2246
Client 1351: 3.6016
Client 1406: 3.4538
Client 1434: 3.4010
Client 167: 2.7471
Client 911: 3.5941
Client 1742: 4.0245
Client 1892: 3.2924
Client 493: 3.4841
Client 1989: 4.2311
Client 783: 3.4963
Client 1925: 3.6159
Client 1643: 3.7187
Client 1850: 3.4222
Client 886: 2.9442
Client 813: 3.6963
Client 1863: 3.5057
Client 666: 3.6745
Client 897: 3.2909
Client 258: 3.1074
Client 1274: 3.5397
Client 1861: 4.0140
Client 999: 3.4254
Client 434: 2.9793
Client 244: 3.9441
Client 883: 3.7648
Client 1230: 3.5803
Client 1093: 4.3959
Client 836: 3.7963
Client 1862: 4.0023
Client 241: 3.7342
Client 1352: 3.8339
Client 605: 3.4756
Client 568: 3.5701
Client 508: 4.0245
Client 775: 3.4668
Client 1535: 3.7280
Client 1145: 3.2213
Client 8: 3.3345
Client 1965: 3.8762
Client 388: 3.5160
Client 1082: 3.0780
Client 898: 3.0085
Client 1185: 2.6220
Client 43: 3.8877
Client 63: 3.9766
Client 1285: 3.3202
Client 1992: 3.3744
Client 1240: 3.5208
Client 496: 3.5849
Client 1710: 3.6892
Client 533: 3.9832
Client 423: 3.2175
Client 354: 3.2559
Client 583: 4.2616
Client 303: 3.6161
Client 1110: 3.4193
Round avg loss: 3.5461 (Best: 3.5461)

--- Round 10/20 ---
Client 410: 3.3932
Client 559: 3.8323
Client 637: 3.7161
Client 1199: 4.3670
Client 1551: 3.3716
Client 513: 3.5668
Client 1704: 3.4000
Client 1399: 3.8736
Client 914: 3.3464
Client 1620: 3.8176
Client 1763: 3.5838
Client 1656: 3.6063
Client 1751: 3.6573
Client 1993: 3.4482
Client 344: 3.3440
Client 1116: 3.9847
Client 731: 3.8908
Client 1005: 3.5971
Client 860: 3.9637
Client 1752: 3.9246
Client 249: 2.9966
Client 1575: 3.3704
Client 427: 3.9603
Client 1168: 3.3087
Client 1800: 3.8852
Client 784: 3.6306
Client 419: 3.5268
Client 581: 3.5080
Client 1660: 3.3508
Client 221: 3.1319
Client 1851: 3.4306
Client 1653: 3.5095
Client 49: 3.6092
Client 241: 3.5507
Client 1165: 3.3835
Client 1530: 3.8630
Client 27: 3.8410
Client 607: 3.3880
Client 1976: 3.3733
Client 1380: 3.4169
Client 1558: 3.5267
Client 1483: 3.1694
Client 1329: 3.7502
Client 279: 3.7475
Client 153: 3.4463
Client 1024: 3.7750
Client 765: 3.7334
Client 1172: 4.0855
Client 1649: 3.4540
Client 895: 4.3454
Client 1030: 3.7145
Client 1387: 3.7129
Client 730: 3.5491
Client 1553: 4.0218
Client 1082: 2.8434
Client 662: 3.3480
Client 1: 3.1589
Client 253: 3.4670
Client 905: 4.2549
Client 1470: 3.6328
Client 920: 3.8160
Client 717: 3.9955
Client 624: 3.9573
Client 1104: 3.6071
Client 817: 3.5867
Client 695: 3.6392
Client 1603: 3.9781
Client 1497: 3.6048
Client 1170: 3.8361
Client 1008: 3.2570
Client 231: 3.7119
Client 1326: 3.8027
Client 1879: 3.2495
Client 773: 3.4540
Client 783: 3.2557
Client 417: 3.5568
Client 1140: 3.6613
Client 7: 3.5629
Client 568: 3.2952
Client 1301: 3.3403
Client 1225: 3.9440
Client 1479: 3.6173
Client 1805: 3.6606
Client 1512: 3.6705
Client 1698: 4.0057
Client 1491: 3.5920
Client 1046: 3.6842
Client 407: 3.4076
Client 1890: 3.6663
Client 945: 3.8501
Client 1230: 3.3851
Client 1709: 3.2566
Client 1058: 3.7861
Client 837: 3.7275
Client 1919: 3.9052
Client 1525: 3.7639
Client 1458: 3.3035
Client 625: 3.2031
Client 1439: 3.5358
Client 348: 3.3981
Round avg loss: 3.6099 (Best: 3.5461)

--- Round 11/20 ---
Client 920: 3.6188
Client 1269: 3.6254
Client 1369: 4.1555
Client 1087: 4.1625
Client 404: 3.5748
Client 736: 4.3305
Client 1077: 3.5796
Client 7: 3.2910
Client 1389: 3.6443
Client 797: 3.4702
Client 1186: 3.6848
Client 872: 3.3800
Client 1987: 3.5681
Client 829: 3.5612
Client 688: 3.5293
Client 1763: 3.4297
Client 1273: 3.7709
Client 1196: 3.0405
Client 1995: 3.5432
Client 1502: 3.7996
Client 1432: 3.6753
Client 1838: 3.4616
Client 1981: 3.6220
Client 1533: 3.6324
Client 138: 3.5067
Client 1009: 3.3469
Client 1527: 3.5832
Client 507: 3.7969
Client 1311: 3.8521
Client 1980: 2.9970
Client 1328: 2.8350
Client 595: 3.8313
Client 1289: 3.9038
Client 42: 3.2320
Client 833: 3.4824
Client 1477: 3.8868
Client 1288: 3.7652
Client 319: 3.6463
Client 1297: 3.7222
Client 1595: 2.9746
Client 1919: 3.6928
Client 813: 3.5322
Client 1602: 3.3876
Client 553: 3.1118
Client 1733: 3.3797
Client 364: 3.4776
Client 1571: 3.3834
Client 150: 4.1593
Client 1669: 3.1783
Client 1589: 3.5775
Client 1239: 3.6332
Client 20: 3.3823
Client 715: 3.5924
Client 1869: 2.9581
Client 541: 3.6030
Client 1634: 3.5417
Client 1450: 3.5980
Client 842: 3.5851
Client 1789: 3.8234
Client 1402: 3.8463
Client 1114: 3.0774
Client 621: 3.6446
Client 311: 3.8903
Client 946: 3.6453
Client 1705: 4.2403
Client 531: 4.0919
Client 992: 3.4922
Client 347: 3.6547
Client 956: 3.4944
Client 1045: 3.9616
Client 92: 3.9846
Client 554: 3.8924
Client 201: 4.1016
Client 1525: 3.5491
Client 1209: 3.0725
Client 865: 3.6016
Client 142: 3.6692
Client 727: 3.3427
Client 137: 3.6726
Client 1345: 2.7902
Client 906: 4.0601
Client 40: 4.3009
Client 336: 3.5115
Client 1038: 3.7996
Client 1454: 3.3916
Client 1937: 3.9483
Client 331: 2.9715
Client 1414: 3.5452
Client 190: 3.6505
Client 823: 3.4382
Client 1302: 3.4135
Client 1410: 3.6375
Client 564: 3.2829
Client 623: 3.4418
Client 427: 3.7274
Client 1081: 4.2743
Client 425: 3.7791
Client 485: 3.1737
Client 1814: 3.7029
Client 683: 3.7332
Round avg loss: 3.5961 (Best: 3.5461)

--- Round 12/20 ---
Client 551: 3.5521
Client 140: 3.3122
Client 153: 3.2861
Client 1431: 3.5480
Client 1701: 3.9078
Client 1864: 3.0734
Client 1071: 3.8227
Client 1349: 4.0323
Client 754: 3.9014
Client 958: 3.7649
Client 1047: 3.7333
Client 1142: 3.5441
Client 1508: 3.2497
Client 101: 3.8228
Client 345: 3.2716
Client 608: 3.6194
Client 1337: 3.9917
Client 1505: 3.4726
Client 1461: 3.4222
Client 1669: 2.9985
Client 1139: 3.4888
Client 552: 3.1697
Client 728: 3.1399
Client 1248: 3.8489
Client 1515: 3.8905
Client 475: 3.0866
Client 803: 3.5477
Client 1149: 3.0119
Client 818: 2.5507
Client 352: 2.9713
Client 990: 3.8695
Client 1617: 2.9899
Client 531: 3.8529
Client 1775: 4.0313
Client 1250: 4.1466
Client 675: 3.6730
Client 1466: 3.8431
Client 455: 3.2614
Client 529: 3.3505
Client 1973: 3.5096
Client 1249: 3.6539
Client 1447: 3.4502
Client 500: 3.4551
Client 1728: 3.3002
Client 1353: 2.8987
Client 62: 3.5182
Client 1744: 3.7028
Client 1841: 3.6222
Client 1778: 3.1861
Client 1274: 3.3245
Client 824: 3.5773
Client 648: 3.3872
Client 1900: 3.3018
Client 884: 3.2580
Client 1911: 3.3901
Client 1559: 4.0549
Client 508: 3.8228
Client 1608: 3.6492
Client 388: 3.2943
Client 148: 3.3003
Client 1281: 3.7839
Client 1499: 3.2478
Client 339: 3.5208
Client 1783: 3.6628
Client 1992: 3.1429
Client 1186: 3.4895
Client 908: 4.0053
Client 1190: 4.0338
Client 1870: 3.3678
Client 1910: 3.1005
Client 1491: 3.3801
Client 303: 3.4059
Client 1241: 3.5961
Client 1936: 3.7366
Client 536: 3.5255
Client 940: 3.6962
Client 1078: 3.7186
Client 332: 3.1477
Client 283: 3.6306
Client 1594: 3.5448
Client 282: 3.5382
Client 1830: 3.2580
Client 1465: 3.9756
Client 902: 3.7767
Client 739: 3.1922
Client 634: 3.6563
Client 1538: 3.9840
Client 820: 3.7467
Client 492: 3.6167
Client 237: 3.6164
Client 1470: 3.4434
Client 422: 3.9123
Client 1471: 3.8219
Client 1395: 3.1029
Client 625: 3.0217
Client 139: 3.5913
Client 217: 3.4910
Client 466: 3.5767
Client 813: 3.3937
Client 658: 3.6610
Round avg loss: 3.5182 (Best: 3.5182)

--- Round 13/20 ---
Client 1008: 3.0662
Client 1901: 3.5353
Client 204: 4.0955
Client 1956: 3.4476
Client 382: 3.0042
Client 92: 3.7411
Client 113: 3.7523
Client 1657: 3.2666
Client 1223: 3.7425
Client 47: 3.6685
Client 1820: 3.1991
Client 1540: 3.2280
Client 443: 2.7523
Client 1399: 3.6366
Client 71: 3.7942
Client 1012: 3.4847
Client 1441: 3.3303
Client 1082: 2.7445
Client 1668: 3.9073
Client 1482: 3.6405
Client 1974: 3.1794
Client 1816: 3.8198
Client 1255: 3.7625
Client 905: 4.0331
Client 701: 3.8514
Client 1357: 3.7729
Client 1715: 3.7007
Client 562: 3.1052
Client 241: 3.4664
Client 1418: 3.4721
Client 353: 3.8740
Client 195: 3.6153
Client 454: 3.3060
Client 818: 2.3238
Client 477: 3.2761
Client 1013: 3.4113
Client 921: 3.3566
Client 773: 3.3094
Client 1537: 3.5912
Client 345: 3.0884
Client 1993: 3.2512
Client 474: 3.8989
Client 482: 3.5990
Client 1679: 3.4283
Client 580: 3.5070
Client 947: 3.8316
Client 1120: 3.2594
Client 1187: 3.1258
Client 797: 3.2479
Client 433: 3.9113
Client 925: 3.4181
Client 1464: 3.6636
Client 528: 3.2657
Client 676: 3.7079
Client 1016: 3.1481
Client 1215: 3.0546
Client 227: 3.6063
Client 1862: 3.8476
Client 437: 4.1125
Client 161: 3.9254
Client 94: 4.3624
Client 31: 3.7919
Client 1633: 3.1913
Client 10: 3.1301
Client 1756: 3.3934
Client 983: 3.3160
Client 654: 3.4404
Client 784: 3.4095
Client 1736: 3.7307
Client 1188: 3.6698
Client 588: 4.2323
Client 1881: 3.6638
Client 401: 3.5434
Client 819: 3.5983
Client 327: 3.7986
Client 1802: 3.6530
Client 1688: 3.6494
Client 1553: 3.7984
Client 1323: 2.9160
Client 311: 3.6121
Client 1625: 3.8341
Client 1871: 3.8052
Client 62: 3.3345
Client 793: 3.5004
Client 297: 4.1499
Client 1794: 3.8201
Client 1361: 3.5964
Client 1111: 3.7761
Client 116: 3.9473
Client 1156: 3.5011
Client 777: 3.9292
Client 520: 3.7549
Client 266: 4.2215
Client 162: 3.9569
Client 1335: 2.8032
Client 1720: 3.1903
Client 621: 3.4383
Client 1855: 3.6612
Client 29: 2.9607
Client 72: 3.3606
Round avg loss: 3.5361 (Best: 3.5182)

--- Round 14/20 ---
Client 1099: 3.3314
Client 124: 3.7385
Client 1075: 4.0294
Client 1721: 3.6649
Client 264: 3.8726
Client 87: 3.3082
Client 1911: 3.1435
Client 560: 3.7710
Client 1599: 4.3674
Client 240: 3.7590
Client 885: 4.1207
Client 186: 4.2096
Client 389: 3.7880
Client 56: 3.9870
Client 1023: 3.2372
Client 1305: 3.9846
Client 266: 4.0119
Client 1524: 3.5520
Client 571: 3.2484
Client 1406: 3.2731
Client 1673: 3.6981
Client 1731: 3.1257
Client 393: 4.0859
Client 1357: 3.6029
Client 916: 3.6094
Client 798: 3.2595
Client 675: 3.4282
Client 1292: 3.3093
Client 548: 3.7375
Client 1985: 3.4521
Client 532: 3.4651
Client 1314: 3.7962
Client 1301: 3.2013
Client 497: 2.9976
Client 502: 3.2346
Client 123: 3.8981
Client 1204: 4.3394
Client 1915: 3.7046
Client 1613: 3.7534
Client 1209: 2.9151
Client 358: 3.7373
Client 716: 3.5085
Client 877: 4.1383
Client 1239: 3.4889
Client 1429: 3.7090
Client 1147: 2.8356
Client 1307: 3.6089
Client 1069: 3.8510
Client 1984: 2.7050
Client 1853: 4.2148
Client 723: 3.5529
Client 1120: 3.0086
Client 845: 3.7158
Client 1102: 2.9395
Client 408: 3.1641
Client 1457: 3.0743
Client 1802: 3.3910
Client 1098: 3.8238
Client 868: 3.9899
Client 1883: 3.7309
Client 1356: 3.5396
Client 143: 3.7748
Client 1461: 3.2256
Client 547: 3.4043
Client 1522: 3.6234
Client 1250: 3.9234
Client 1476: 3.4958
Client 1991: 3.8706
Client 1540: 2.9829
Client 148: 3.1286
Client 515: 3.8987
Client 363: 3.1863
Client 1999: 4.6505
Client 197: 2.9506
Client 309: 3.6911
Client 120: 2.8370
Client 1881: 3.4056
Client 416: 3.4912
Client 1750: 3.6121
Client 876: 3.2746
Client 1745: 3.7833
Client 91: 3.2165
Client 108: 3.3794
Client 1304: 3.7596
Client 1868: 3.8379
Client 1665: 3.7573
Client 1050: 3.8596
Client 960: 3.8939
Client 1026: 3.3852
Client 758: 3.9652
Client 203: 3.7685
Client 640: 3.1639
Client 82: 3.1346
Client 259: 3.4056
Client 1088: 4.1507
Client 67: 3.9084
Client 907: 3.6828
Client 1360: 3.5685
Client 262: 3.6092
Client 1833: 3.7494
Round avg loss: 3.5815 (Best: 3.5182)

--- Round 15/20 ---
Client 809: 3.7120
Client 1563: 4.0096
Client 1449: 3.0746
Client 1840: 3.8229
Client 1806: 3.5528
Client 913: 3.5764
Client 50: 2.7721
Client 1508: 3.0820
Client 1074: 3.7894
Client 552: 2.9325
Client 185: 3.1418
Client 512: 3.7429
Client 1639: 3.9025
Client 666: 3.4875
Client 175: 3.7460
Client 618: 2.7336
Client 70: 3.7028
Client 1760: 3.2484
Client 786: 3.1162
Client 119: 3.9369
Client 1500: 2.9925
Client 534: 4.1283
Client 641: 3.8948
Client 1505: 3.1937
Client 266: 3.7904
Client 533: 3.7470
Client 1627: 4.1480
Client 778: 4.4917
Client 1652: 4.2739
Client 239: 3.8297
Client 1752: 3.6982
Client 1388: 3.5819
Client 622: 3.6720
Client 192: 3.6320
Client 870: 3.5817
Client 1723: 3.4883
Client 502: 3.0037
Client 1029: 3.6325
Client 1141: 3.5614
Client 420: 3.2788
Client 676: 3.4963
Client 1890: 3.4641
Client 693: 3.0445
Client 1043: 3.4695
Client 1604: 4.0892
Client 800: 3.2667
Client 1958: 3.3452
Client 1834: 4.0039
Client 1196: 2.8330
Client 985: 2.8541
Client 214: 3.7403
Client 265: 3.5501
Client 1336: 3.9408
Client 1668: 3.6670
Client 918: 3.8648
Client 1072: 3.4867
Client 1144: 3.4344
Client 1473: 3.3619
Client 1728: 3.0624
Client 1709: 3.0889
Client 1190: 3.8073
Client 1436: 3.8211
Client 1065: 3.3623
Client 1096: 3.8901
Client 61: 3.6535
Client 1836: 3.1222
Client 1703: 3.2964
Client 596: 3.1961
Client 1522: 3.3747
Client 321: 3.3185
Client 409: 3.0269
Client 758: 3.7597
Client 797: 3.0456
Client 1067: 3.7536
Client 664: 3.6512
Client 199: 3.3275
Client 838: 3.5168
Client 707: 3.5601
Client 258: 2.8885
Client 1177: 3.7108
Client 132: 3.7208
Client 89: 3.7175
Client 615: 3.6351
Client 1669: 2.7854
Client 1636: 3.4584
Client 1333: 3.0364
Client 1092: 3.3920
Client 642: 3.4891
Client 855: 3.5318
Client 610: 3.6319
Client 652: 3.2024
Client 722: 3.6762
Client 558: 3.4058
Client 1533: 3.4188
Client 1532: 3.7897
Client 1026: 3.1795
Client 17: 3.1189
Client 1077: 3.3755
Client 249: 2.7833
Client 304: 3.8803
Round avg loss: 3.4908 (Best: 3.4908)

--- Round 16/20 ---
Client 649: 3.7488
Client 1872: 3.7083
Client 1488: 3.5164
Client 666: 3.3781
Client 1607: 3.5938
Client 670: 3.1959
Client 1173: 3.0711
Client 140: 3.0785
Client 925: 3.2041
Client 572: 3.6081
Client 982: 3.8527
Client 930: 3.8217
Client 1869: 2.7606
Client 745: 3.7239
Client 1899: 3.5939
Client 1518: 3.6822
Client 1986: 3.0121
Client 779: 3.4803
Client 1670: 4.4916
Client 1821: 3.8364
Client 1895: 3.3628
Client 160: 4.3981
Client 1888: 3.9688
Client 1185: 2.4736
Client 1641: 3.9478
Client 114: 3.2874
Client 275: 3.1746
Client 99: 3.6965
Client 1072: 3.3499
Client 1007: 3.3652
Client 1178: 3.6776
Client 1747: 3.2632
Client 515: 3.6394
Client 1605: 3.6291
Client 502: 2.7869
Client 1439: 3.3210
Client 1175: 4.1199
Client 1529: 3.0511
Client 693: 2.9055
Client 740: 3.6464
Client 1929: 4.2687
Client 1632: 3.3468
Client 1317: 3.9136
Client 758: 3.6509
Client 824: 3.3402
Client 629: 3.5458
Client 951: 3.4998
Client 1225: 3.7162
Client 697: 3.4952
Client 1089: 3.6046
Client 1039: 3.4921
Client 343: 3.4484
Client 59: 3.6353
Client 303: 3.2249
Client 512: 3.5756
Client 1407: 3.7880
Client 452: 4.0914
Client 1152: 3.4088
Client 273: 3.2560
Client 1857: 3.1312
Client 230: 4.1634
Client 378: 3.6728
Client 1569: 3.4982
Client 841: 3.5293
Client 1923: 2.8868
Client 1490: 3.6028
Client 1269: 3.3892
Client 102: 3.9712
Client 1662: 3.6074
Client 203: 3.5620
Client 1117: 3.5285
Client 1395: 2.9074
Client 544: 3.7719
Client 1463: 3.7554
Client 219: 3.4553
Client 418: 4.0167
Client 535: 3.6322
Client 136: 3.7463
Client 1294: 3.8817
Client 1169: 3.4645
Client 1078: 3.4536
Client 1312: 3.6176
Client 1751: 3.4192
Client 149: 3.3073
Client 1626: 3.2794
Client 1742: 3.7886
Client 445: 3.1499
Client 1716: 3.6922
Client 355: 3.1754
Client 1047: 3.5485
Client 1765: 3.6592
Client 884: 2.9991
Client 44: 3.4620
Client 1209: 2.7647
Client 753: 3.4101
Client 1843: 3.7356
Client 1735: 2.8251
Client 996: 3.7968
Client 1454: 3.1768
Client 1653: 3.2959
Round avg loss: 3.5046 (Best: 3.4908)

--- Round 17/20 ---
Client 581: 3.3627
Client 450: 3.9569
Client 1825: 3.6088
Client 410: 3.1499
Client 1224: 3.7157
Client 1010: 3.7214
Client 1772: 3.6591
Client 1840: 3.6419
Client 1828: 2.9026
Client 481: 2.9043
Client 871: 4.2608
Client 926: 3.5627
Client 1383: 3.4094
Client 751: 3.5107
Client 1115: 3.4367
Client 1869: 2.6178
Client 1934: 3.6454
Client 386: 3.3873
Client 1634: 3.3621
Client 987: 3.6300
Client 1486: 2.8685
Client 148: 2.9354
Client 1667: 4.0270
Client 1721: 3.4794
Client 1999: 4.4572
Client 525: 3.5459
Client 834: 3.2194
Client 412: 3.2252
Client 16: 4.0029
Client 1529: 2.8402
Client 1089: 3.3626
Client 1577: 3.1433
Client 779: 3.2818
Client 1053: 3.4287
Client 1794: 3.6429
Client 997: 3.9073
Client 156: 3.5690
Client 826: 3.4238
Client 1261: 3.9616
Client 1807: 3.0526
Client 1044: 3.3700
Client 1630: 3.1944
Client 1184: 3.3925
Client 1197: 3.5182
Client 82: 2.9334
Client 720: 3.4167
Client 1743: 3.1935
Client 938: 3.3997
Client 13: 4.2316
Client 388: 3.1749
Client 1967: 3.8468
Client 613: 3.5273
Client 1425: 3.4673
Client 1415: 3.7867
Client 1314: 3.5430
Client 11: 3.4822
Client 1107: 3.6304
Client 245: 3.8474
Client 1683: 3.9918
Client 619: 3.5968
Client 1049: 2.9582
Client 1816: 3.6141
Client 646: 3.2458
Client 1988: 3.3357
Client 1590: 3.8043
Client 1112: 2.8069
Client 1321: 3.1539
Client 1171: 3.7045
Client 1129: 3.6875
Client 578: 3.3389
Client 1076: 3.5841
Client 842: 3.3140
Client 1110: 3.1584
Client 1924: 3.2244
Client 1676: 3.5461
Client 1898: 3.8123
Client 1952: 3.1940
Client 1060: 3.8253
Client 836: 3.5763
Client 1234: 3.2848
Client 1290: 3.8681
Client 1190: 3.6248
Client 630: 3.7995
Client 618: 2.4929
Client 268: 3.8783
Client 1036: 3.1853
Client 909: 4.1787
Client 1200: 3.2534
Client 287: 3.3965
Client 1126: 3.1284
Client 1582: 3.8786
Client 1995: 3.2846
Client 333: 4.0394
Client 517: 3.3725
Client 1303: 3.9916
Client 19: 3.7637
Client 868: 3.7663
Client 1507: 3.5168
Client 1354: 4.0423
Client 1158: 3.8492
Round avg loss: 3.4985 (Best: 3.4908)

--- Round 18/20 ---
Client 74: 3.6567
Client 754: 3.6335
Client 861: 3.4276
Client 823: 3.2316
Client 576: 3.1338
Client 1917: 3.0871
Client 1349: 3.7893
Client 1833: 3.5212
Client 1538: 3.7618
Client 1371: 3.6041
Client 37: 3.2708
Client 1840: 3.4984
Client 185: 2.9499
Client 1894: 3.4123
Client 184: 3.3794
Client 1733: 3.1445
Client 9: 3.3343
Client 785: 3.3651
Client 550: 3.3712
Client 951: 3.2393
Client 556: 3.6628
Client 1630: 2.9987
Client 1600: 3.4096
Client 763: 3.9496
Client 1302: 3.1712
Client 1534: 3.5618
Client 1745: 3.5512
Client 985: 2.6733
Client 1574: 3.6980
Client 689: 3.5979
Client 795: 3.5645
Client 934: 3.4262
Client 1645: 3.2815
Client 238: 3.4663
Client 990: 3.6590
Client 726: 3.7798
Client 296: 3.6111
Client 850: 3.4283
Client 303: 3.1131
Client 352: 2.7444
Client 1667: 3.8132
Client 532: 3.2376
Client 753: 3.2544
Client 1756: 3.2154
Client 260: 3.4828
Client 1207: 3.8037
Client 1610: 3.0348
Client 588: 3.9904
Client 1944: 3.4829
Client 845: 3.4637
Client 528: 3.0966
Client 1923: 2.7367
Client 1052: 3.2868
Client 1514: 3.4861
Client 1415: 3.5357
Client 560: 3.5333
Client 887: 3.6540
Client 687: 4.2379
Client 1591: 3.6261
Client 1871: 3.5490
Client 994: 3.5997
Client 441: 3.6570
Client 1465: 3.7382
Client 1699: 3.9222
Client 1006: 3.7918
Client 1989: 3.9805
Client 1466: 3.5552
Client 870: 3.3484
Client 187: 3.0956
Client 131: 2.8930
Client 265: 3.3747
Client 422: 3.6723
Client 1979: 4.0189
Client 306: 3.4311
Client 469: 3.2628
Client 1495: 3.3673
Client 53: 3.7657
Client 211: 3.8873
Client 518: 2.7912
Client 318: 3.1394
Client 982: 3.6347
Client 1586: 3.7880
Client 1950: 3.0085
Client 202: 3.4086
Client 817: 3.3484
Client 1330: 3.4514
Client 1481: 3.6324
Client 383: 3.7233
Client 1708: 3.6731
Client 6: 2.8911
Client 182: 3.7699
Client 875: 3.9723
Client 1253: 3.3759
Client 1955: 3.4895
Client 104: 3.9797
Client 1125: 3.1613
Client 447: 3.5120
Client 1094: 3.6164
Client 864: 3.3620
Client 710: 3.2853
Round avg loss: 3.4606 (Best: 3.4606)

--- Round 19/20 ---
Client 96: 3.4677
Client 1937: 3.7122
Client 1334: 3.3155
Client 1985: 3.2273
Client 1896: 3.6335
Client 211: 3.6752
Client 1504: 3.7362
Client 1132: 3.3903
Client 1390: 3.9467
Client 859: 3.7663
Client 1709: 2.9195
Client 1375: 2.9111
Client 1517: 3.4373
Client 242: 3.7640
Client 543: 4.1204
Client 1401: 3.6904
Client 570: 3.7678
Client 366: 3.5141
Client 982: 3.4233
Client 1648: 3.8561
Client 1624: 3.1299
Client 1442: 3.3471
Client 1756: 3.0381
Client 97: 3.5305
Client 1610: 2.8451
Client 438: 3.5738
Client 1386: 3.5506
Client 1319: 4.1827
Client 178: 4.1209
Client 1774: 3.6558
Client 798: 3.1481
Client 253: 3.2507
Client 1369: 3.9591
Client 916: 3.3717
Client 602: 3.4476
Client 1396: 3.3029
Client 1040: 3.9260
Client 1019: 3.2537
Client 1853: 3.9627
Client 805: 3.6643
Client 237: 3.4141
Client 1241: 3.4407
Client 1748: 3.2310
Client 981: 3.5628
Client 216: 3.6552
Client 305: 4.1382
Client 791: 3.8073
Client 1256: 3.6539
Client 1854: 3.7958
Client 1438: 3.5319
Client 412: 3.0139
Client 342: 3.6460
Client 1066: 3.3012
Client 527: 3.4788
Client 853: 3.7286
Client 1522: 3.1323
Client 1818: 3.6946
Client 1915: 3.4895
Client 1099: 3.1056
Client 591: 4.2038
Client 1779: 3.9126
Client 1008: 2.9449
Client 1297: 3.5130
Client 1832: 3.8154
Client 1659: 3.5444
Client 1115: 3.2524
Client 1869: 2.5777
Client 439: 3.5908
Client 1615: 3.7742
Client 1555: 3.1766
Client 1277: 3.4116
Client 690: 3.0676
Client 1763: 3.2582
Client 995: 2.8956
Client 210: 3.2999
Client 17: 2.9235
Client 1551: 3.1691
Client 1493: 3.4197
Client 1346: 3.5577
Client 710: 3.0807
Client 1812: 3.8747
Client 1983: 3.5983
Client 1451: 4.0946
Client 547: 3.2558
Client 115: 3.3722
Client 1107: 3.3599
Client 1280: 3.6815
Client 901: 3.3250
Client 614: 3.8540
Client 1556: 3.6219
Client 1851: 3.1963
Client 1725: 3.3611
Client 206: 3.1972
Client 468: 3.7985
Client 562: 2.8633
Client 553: 2.8969
Client 1446: 3.8863
Client 504: 3.6770
Client 843: 3.8263
Client 303: 2.9716
Round avg loss: 3.4846 (Best: 3.4606)

--- Round 20/20 ---
Client 266: 3.6391
Client 524: 3.4894
Client 399: 3.7800
Client 835: 3.5743
Client 1148: 3.1726
Client 1290: 3.6793
Client 1225: 3.4907
Client 1850: 3.2013
Client 1966: 3.5344
Client 119: 3.7480
Client 1091: 3.4448
Client 1708: 3.4565
Client 1247: 3.0494
Client 1043: 3.2688
Client 304: 3.6473
Client 1937: 3.5126
Client 847: 3.5802
Client 553: 2.7039
Client 573: 4.0106
Client 983: 3.0579
Client 1424: 3.3016
Client 626: 3.5777
Client 546: 3.2272
Client 1006: 3.5325
Client 439: 3.4224
Client 1021: 3.6213
Client 753: 3.0831
Client 1226: 3.7303
Client 963: 3.7773
Client 494: 3.9312
Client 693: 2.8045
Client 360: 4.0717
Client 1240: 3.3952
Client 1554: 4.2081
Client 371: 3.5846
Client 1513: 3.6879
Client 1802: 3.1575
Client 1188: 3.4693
Client 1421: 3.6622
Client 923: 3.4553
Client 1095: 3.5970
Client 306: 3.2590
Client 1032: 3.3321
Client 667: 3.5745
Client 1082: 2.6363
Client 1413: 3.8994
Client 276: 3.1500
Client 1321: 2.9976
Client 1559: 3.8392
Client 1662: 3.3714
Client 1825: 3.4462
Client 436: 3.6788
Client 645: 3.6343
Client 1274: 3.1444
Client 1011: 3.5977
Client 675: 3.2296
Client 242: 3.5595
Client 261: 4.1389
Client 1817: 4.0215
Client 286: 4.0810
Client 1430: 3.4245
Client 525: 3.3256
Client 460: 3.3338
Client 180: 4.2184
Client 1301: 3.1296
Client 1103: 3.8184
Client 1697: 3.7424
Client 1439: 3.2236
Client 102: 3.7755
Client 1153: 3.4081
Client 352: 2.6435
Client 1402: 3.6030
Client 237: 3.2363
Client 463: 3.4270
Client 408: 2.9422
Client 1030: 3.4549
Client 1162: 3.7986
Client 1351: 3.4225
Client 1811: 3.5068
Client 630: 3.5749
Client 864: 3.1563
Client 671: 3.5211
Client 8: 3.1209
Client 1584: 3.5693
Client 41: 3.8288
Client 1682: 3.3199
Client 625: 2.9237
Client 1683: 3.8063
Client 1260: 3.6928
Client 451: 3.3883
Client 173: 3.4754
Client 1521: 3.4364
Client 459: 3.6273
Client 1394: 3.7085
Client 1281: 3.5335
Client 1763: 3.1889
Client 698: 3.1249
Client 551: 3.3805
Client 1231: 3.2488
Client 1472: 3.5344
Round avg loss: 3.4753 (Best: 3.4606)
Projector checkpoint saved to fl_results/checkpoints/projector_dino_s16_wco_l4_ifcb_pml_dino_s16_2000C_5pct_seed1_20260528_111147.pt

Running final evaluations...

>>> Evaluating on 'wco_l4_ifcb_pml' <<<
[wco_l4_ifcb_pml] Linear split: 43525 train, 10882 val, 18135 test
Linear Epoch 5: Train Loss=1.4453, Val Acc=71.15%
Linear Epoch 10: Train Loss=0.9610, Val Acc=79.08%
Linear Epoch 15: Train Loss=0.7942, Val Acc=81.50%
Linear Epoch 20: Train Loss=0.7121, Val Acc=82.80%
Linear Epoch 25: Train Loss=0.6665, Val Acc=83.81%
Linear Epoch 30: Train Loss=0.6336, Val Acc=84.16%
Linear Epoch 35: Train Loss=0.6127, Val Acc=84.66%
Linear Epoch 40: Train Loss=0.6010, Val Acc=84.86%
Linear Epoch 45: Train Loss=0.5898, Val Acc=85.07%
Linear Epoch 50: Train Loss=0.5846, Val Acc=85.25%
[wco_l4_ifcb_pml] Linear accuracy: 85.26% | Val accuracy: 85.25%
[wco_l4_ifcb_pml] Eval-only accuracy: 0.26%
Running unsupervised k-NN evaluation...
k-NN Top-1 accuracy: 82.93%
Running unsupervised clustering evaluation...
K-Means clustering accuracy (Hungarian matched): 34.20%
Silhouette score: 0.060
Prototype accuracy: 71.81%

>>> Evaluating on 'syke_ifcb' <<<
[syke_ifcb] Linear split: 30272 train, 7568 val, 12618 test
Linear Epoch 5: Train Loss=0.9387, Val Acc=81.08%
Linear Epoch 10: Train Loss=0.5929, Val Acc=86.55%
Linear Epoch 15: Train Loss=0.4621, Val Acc=88.64%
Linear Epoch 20: Train Loss=0.3938, Val Acc=89.83%
Linear Epoch 25: Train Loss=0.3511, Val Acc=90.37%
Linear Epoch 30: Train Loss=0.3203, Val Acc=91.03%
Linear Epoch 35: Train Loss=0.3006, Val Acc=91.52%
Linear Epoch 40: Train Loss=0.2867, Val Acc=91.81%
Linear Epoch 45: Train Loss=0.2763, Val Acc=91.95%
Linear Epoch 50: Train Loss=0.2659, Val Acc=92.22%
[syke_ifcb] Linear accuracy: 92.77% | Val accuracy: 92.27%
[syke_ifcb] Eval-only accuracy: 0.60%
Running unsupervised k-NN evaluation...
k-NN Top-1 accuracy: 90.98%
Running unsupervised clustering evaluation...
K-Means clustering accuracy (Hungarian matched): 34.80%
Silhouette score: 0.072
Prototype accuracy: 74.63%

>>> Evaluating on 'syke_zooscan' <<<
[syke_zooscan] Linear split: 10896 train, 2724 val, 4597 test
Linear Epoch 5: Train Loss=1.2134, Val Acc=69.97%
Linear Epoch 10: Train Loss=0.8837, Val Acc=77.42%
Linear Epoch 15: Train Loss=0.7171, Val Acc=81.28%
Linear Epoch 20: Train Loss=0.6129, Val Acc=83.55%
Linear Epoch 25: Train Loss=0.5407, Val Acc=85.46%
Linear Epoch 30: Train Loss=0.4878, Val Acc=86.86%
Linear Epoch 35: Train Loss=0.4465, Val Acc=88.11%
Linear Epoch 40: Train Loss=0.4138, Val Acc=89.02%
Linear Epoch 45: Train Loss=0.3871, Val Acc=89.68%
Linear Epoch 50: Train Loss=0.3650, Val Acc=90.35%
[syke_zooscan] Linear accuracy: 89.30% | Val accuracy: 90.35%
[syke_zooscan] Eval-only accuracy: 2.70%
Running unsupervised k-NN evaluation...
k-NN Top-1 accuracy: 88.73%
Running unsupervised clustering evaluation...
K-Means clustering accuracy (Hungarian matched): 28.56%
Silhouette score: 0.061
Prototype accuracy: 63.52%

>>> Evaluating on 'plankto_share' <<<
[plankto_share] Linear split: 25363 train, 6341 val, 10572 test
Linear Epoch 5: Train Loss=2.2283, Val Acc=50.04%
Linear Epoch 10: Train Loss=1.6904, Val Acc=59.63%
Linear Epoch 15: Train Loss=1.4470, Val Acc=63.14%
Linear Epoch 20: Train Loss=1.3114, Val Acc=65.26%
Linear Epoch 25: Train Loss=1.2198, Val Acc=66.87%
Linear Epoch 30: Train Loss=1.1665, Val Acc=68.05%
Linear Epoch 35: Train Loss=1.1122, Val Acc=68.66%
Linear Epoch 40: Train Loss=1.0851, Val Acc=69.20%
Linear Epoch 45: Train Loss=1.0559, Val Acc=69.77%
Linear Epoch 50: Train Loss=1.0331, Val Acc=70.18%
[plankto_share] Linear accuracy: 70.30% | Val accuracy: 70.18%
[plankto_share] Eval-only accuracy: 0.26%
Running unsupervised k-NN evaluation...
k-NN Top-1 accuracy: 66.35%
Running unsupervised clustering evaluation...
K-Means clustering accuracy (Hungarian matched): 25.01%
Silhouette score: 0.043
Prototype accuracy: 48.63%

>>> Evaluating on 'daplankton_lab_ifcb' <<<
[daplankton_lab_ifcb] Linear split: 7909 train, 1978 val, 3294 test
Linear Epoch 5: Train Loss=1.5469, Val Acc=78.11%
Linear Epoch 10: Train Loss=1.0325, Val Acc=84.18%
Linear Epoch 15: Train Loss=0.7902, Val Acc=85.74%
Linear Epoch 20: Train Loss=0.6545, Val Acc=86.80%
Linear Epoch 25: Train Loss=0.5680, Val Acc=87.31%
Linear Epoch 30: Train Loss=0.5071, Val Acc=88.57%
Linear Epoch 35: Train Loss=0.4621, Val Acc=89.23%
Linear Epoch 40: Train Loss=0.4273, Val Acc=89.69%
Linear Epoch 45: Train Loss=0.3992, Val Acc=90.09%
Linear Epoch 50: Train Loss=0.3761, Val Acc=90.14%
[daplankton_lab_ifcb] Linear accuracy: 89.53% | Val accuracy: 90.29%
[daplankton_lab_ifcb] Eval-only accuracy: 5.13%
Running unsupervised k-NN evaluation...
k-NN Top-1 accuracy: 89.31%
Running unsupervised clustering evaluation...
K-Means clustering accuracy (Hungarian matched): 67.61%
Silhouette score: 0.133
Prototype accuracy: 82.51%

>>> Evaluating on 'daplankton_lab_cs' <<<
[daplankton_lab_cs] Linear split: 6330 train, 1583 val, 2638 test
Linear Epoch 5: Train Loss=1.9503, Val Acc=55.59%
Linear Epoch 10: Train Loss=1.5096, Val Acc=69.80%
Linear Epoch 15: Train Loss=1.2503, Val Acc=74.61%
Linear Epoch 20: Train Loss=1.0808, Val Acc=78.08%
Linear Epoch 25: Train Loss=0.9602, Val Acc=79.47%
Linear Epoch 30: Train Loss=0.8718, Val Acc=80.99%
Linear Epoch 35: Train Loss=0.8010, Val Acc=81.62%
Linear Epoch 40: Train Loss=0.7469, Val Acc=82.12%
Linear Epoch 45: Train Loss=0.7021, Val Acc=82.82%
Linear Epoch 50: Train Loss=0.6641, Val Acc=83.26%
[daplankton_lab_cs] Linear accuracy: 84.46% | Val accuracy: 83.26%
[daplankton_lab_cs] Eval-only accuracy: 8.07%
Running unsupervised k-NN evaluation...
k-NN Top-1 accuracy: 86.16%
Running unsupervised clustering evaluation...
K-Means clustering accuracy (Hungarian matched): 44.39%
Silhouette score: 0.103
Prototype accuracy: 74.15%

>>> Evaluating on 'daplankton_lab_fc' <<<
[daplankton_lab_fc] Linear split: 8548 train, 2137 val, 3561 test
Linear Epoch 5: Train Loss=1.5055, Val Acc=64.76%
Linear Epoch 10: Train Loss=1.0706, Val Acc=72.81%
Linear Epoch 15: Train Loss=0.8621, Val Acc=76.60%
Linear Epoch 20: Train Loss=0.7396, Val Acc=79.50%
Linear Epoch 25: Train Loss=0.6592, Val Acc=81.14%
Linear Epoch 30: Train Loss=0.6032, Val Acc=82.69%
Linear Epoch 35: Train Loss=0.5590, Val Acc=83.58%
Linear Epoch 40: Train Loss=0.5236, Val Acc=84.42%
Linear Epoch 45: Train Loss=0.4958, Val Acc=85.31%
Linear Epoch 50: Train Loss=0.4728, Val Acc=85.77%
[daplankton_lab_fc] Linear accuracy: 86.35% | Val accuracy: 85.77%
[daplankton_lab_fc] Eval-only accuracy: 4.97%
Running unsupervised k-NN evaluation...
k-NN Top-1 accuracy: 85.90%
Running unsupervised clustering evaluation...
K-Means clustering accuracy (Hungarian matched): 51.11%
Silhouette score: 0.116
Prototype accuracy: 72.62%
Results saved to fl_results/fed_unsup_simclr_dino_s16_wco_l4_ifcb_pml_dino_s16_2000C_5pct_seed1_20260528_111147.json
