Device: cuda
Configuration: {'dataset': 'wco_l4_ifcb_pml', 'dino_model': 'vit_base_patch16_dinov3', 'projection_dim': 128, 'image_size': 224, 'num_clients': 2000, 'client_frac': 0.05, 'rounds': 20, 'local_epochs': 5, 'batch_size': 128, 'lr': 0.0001, 'wd': 0.0001, 'grad_clip': 1.0, 'linear_lr': 0.001, 'linear_wd': 0.0001, 'linear_bs': 256, 'linear_epochs': 50, 'linear_patience': 10, 'dirichlet_alpha': 0.3, 'balanced_partition': False, 'normalization': 'imagenet', 'seed': 27, 'backbone_tag': 'dino_b16', 'run_name': 'dino_b16_2000C_5pct_seed27', 'verbose': False, 'progress_every': 20, 'eval_every': 0, 'save_test_embeddings': False, 'cpu': False, 'eval_datasets': ['wco_l4_ifcb_pml', 'syke_ifcb', 'syke_zooscan', 'plankto_share', 'daplankton_lab_ifcb', 'daplankton_lab_cs', 'daplankton_lab_fc'], 'tiny_root': './tiny', 'celeba_root': './celeba', 'device': device(type='cuda')}
Loading DINOv3 backbone (vit_base_patch16_dinov3)...
DINOv3 image feature dim: 768
Using Dirichlet alpha=0.3 for non-IID partition...
Using imbalanced Dirichlet partition
Starting federated unsupervised SimCLR (CLIP backbone)...

--- Round 1/20 ---
Client 1328: 3.4112
Client 982: 3.6254
Client 1436: 3.6071
Client 567: 3.9068
Client 1960: 3.9245
Client 585: 3.4399
Client 402: 3.3227
Client 151: 3.3638
Client 133: 4.0980
Client 521: 3.6828
Client 1688: 3.1146
Client 1105: 3.5628
Client 682: 2.9622
Client 517: 3.5634
Client 762: 3.7718
Client 1708: 3.4617
Client 1668: 4.0600
Client 825: 3.4176
Client 375: 3.8224
Client 507: 3.9204
Client 1863: 3.2369
Client 491: 3.3706
Client 1005: 3.4960
Client 1682: 3.4787
Client 146: 3.8514
Client 1494: 3.0890
Client 1879: 3.3546
Client 1305: 3.1920
Client 1173: 4.1525
Client 1339: 3.5941
Client 161: 3.4629
Client 1250: 3.5650
Client 1717: 3.5029
Client 870: 3.3451
Client 1586: 3.6881
Client 855: 3.6412
Client 1515: 3.9083
Client 107: 3.5116
Client 1346: 3.8362
Client 900: 3.5852
Client 716: 4.0094
Client 24: 3.1242
Client 1730: 3.8855
Client 1995: 3.2007
Client 1671: 3.5362
Client 1316: 3.9732
Client 979: 3.9825
Client 518: 3.5995
Client 281: 3.3904
Client 1254: 3.5855
Client 1925: 3.8633
Client 691: 3.7939
Client 1249: 3.8252
Client 1331: 3.4977
Client 465: 3.3068
Client 1442: 2.8542
Client 1073: 4.1639
Client 288: 3.3369
Client 202: 3.8824
Client 1998: 2.8915
Client 802: 3.4076
Client 1539: 3.8502
Client 618: 3.5507
Client 1866: 3.5012
Client 1534: 3.9692
Client 1629: 3.0312
Client 1907: 3.7251
Client 76: 3.2475
Client 1588: 3.5496
Client 1392: 3.8131
Client 1086: 3.3189
Client 173: 3.6321
Client 348: 4.3180
Client 941: 3.6184
Client 1449: 3.9436
Client 310: 3.0630
Client 542: 4.0358
Client 1106: 3.4920
Client 104: 3.7309
Client 354: 4.0632
Client 1997: 3.2730
Client 1982: 3.3061
Client 30: 3.5279
Client 925: 3.6617
Client 1596: 3.9670
Client 309: 3.9125
Client 709: 3.9088
Client 1822: 3.5282
Client 1175: 4.0335
Client 1176: 3.3115
Client 851: 3.6638
Client 630: 3.4353
Client 896: 3.5539
Client 1786: 3.8378
Client 1670: 3.1892
Client 957: 3.5908
Client 722: 3.8119
Client 25: 3.0429
Client 739: 4.1026
Client 321: 3.4229
Round avg loss: 3.5955 (Best: 3.5955)

--- Round 2/20 ---
Client 1600: 3.7901
Client 543: 2.9435
Client 363: 3.4022
Client 989: 3.4041
Client 731: 3.8155
Client 1799: 3.5744
Client 1057: 4.1707
Client 125: 3.6025
Client 1059: 3.5896
Client 510: 3.5431
Client 348: 4.0534
Client 425: 3.2573
Client 1565: 3.4762
Client 1505: 3.5382
Client 1001: 3.8405
Client 1138: 3.8692
Client 187: 3.6420
Client 685: 3.6704
Client 692: 3.3615
Client 1564: 3.6452
Client 117: 3.6005
Client 805: 4.0993
Client 703: 3.3959
Client 1302: 3.9415
Client 234: 3.8127
Client 618: 3.2409
Client 520: 3.8455
Client 1630: 3.5693
Client 1424: 3.9908
Client 1412: 4.0146
Client 168: 3.9560
Client 614: 3.0553
Client 935: 3.5399
Client 949: 3.8124
Client 583: 3.4249
Client 1051: 4.0025
Client 240: 3.5296
Client 1199: 3.6178
Client 46: 3.7382
Client 1857: 3.4593
Client 443: 3.5560
Client 1811: 3.8141
Client 1583: 3.6184
Client 978: 3.6699
Client 1135: 3.4184
Client 1111: 3.2206
Client 1832: 3.3039
Client 1983: 3.5670
Client 1403: 3.4821
Client 247: 3.2405
Client 7: 3.1768
Client 1213: 3.6674
Client 763: 3.4696
Client 1632: 3.8487
Client 388: 3.3932
Client 606: 3.7610
Client 1432: 3.9965
Client 1257: 3.3940
Client 1751: 3.9138
Client 198: 3.6749
Client 65: 3.3755
Client 1151: 3.7220
Client 866: 3.3813
Client 840: 3.3561
Client 1527: 3.4552
Client 943: 3.8157
Client 1508: 3.8435
Client 370: 4.0977
Client 1834: 3.5575
Client 1964: 3.4585
Client 1728: 4.0413
Client 720: 3.8453
Client 1519: 3.5840
Client 29: 3.6834
Client 1271: 4.3364
Client 389: 2.8402
Client 464: 3.5167
Client 780: 3.3913
Client 392: 3.9100
Client 1716: 3.6405
Client 1528: 3.7872
Client 674: 3.4447
Client 1701: 3.4314
Client 785: 3.8735
Client 1692: 3.3782
Client 1802: 3.4184
Client 128: 3.2031
Client 706: 3.5908
Client 86: 3.6566
Client 375: 3.5451
Client 1744: 3.7536
Client 160: 4.0647
Client 603: 3.6420
Client 476: 4.1050
Client 281: 3.0962
Client 1945: 3.3849
Client 946: 3.7121
Client 1238: 2.4563
Client 1688: 2.8581
Client 977: 3.9402
Round avg loss: 3.6022 (Best: 3.5955)

--- Round 3/20 ---
Client 209: 3.6347
Client 476: 3.7964
Client 1218: 3.8711
Client 754: 3.5220
Client 1752: 3.6426
Client 574: 3.5846
Client 62: 3.8592
Client 1349: 3.0538
Client 1005: 3.2349
Client 330: 3.5225
Client 639: 4.0830
Client 1095: 3.2263
Client 957: 3.2613
Client 437: 3.4613
Client 1702: 3.2916
Client 895: 3.5197
Client 1647: 3.2535
Client 622: 3.8271
Client 1372: 4.2168
Client 416: 3.5126
Client 1043: 3.4895
Client 1673: 3.7381
Client 1659: 3.7668
Client 307: 3.1881
Client 1471: 3.5152
Client 1465: 3.4229
Client 680: 3.4663
Client 1164: 3.7112
Client 1416: 3.7156
Client 118: 4.2343
Client 1845: 3.6558
Client 464: 3.2299
Client 255: 3.4123
Client 961: 3.7453
Client 1245: 3.8287
Client 1260: 3.7365
Client 1432: 3.6771
Client 162: 3.4159
Client 499: 3.6879
Client 888: 3.5288
Client 651: 3.3309
Client 627: 2.9973
Client 89: 3.7143
Client 258: 4.2016
Client 211: 3.4425
Client 820: 3.7940
Client 1821: 3.3301
Client 177: 4.0728
Client 766: 3.5224
Client 1884: 3.6545
Client 418: 3.5412
Client 339: 3.7999
Client 1543: 3.8753
Client 1117: 3.4366
Client 1508: 3.5754
Client 1453: 3.1817
Client 1958: 3.9072
Client 41: 3.7707
Client 383: 3.6537
Client 1927: 3.4703
Client 909: 3.6064
Client 1883: 4.0520
Client 103: 3.2302
Client 1188: 3.7284
Client 1223: 3.8850
Client 1067: 4.0455
Client 1676: 4.0450
Client 1742: 3.3262
Client 1232: 3.9648
Client 454: 4.4715
Client 1904: 3.8672
Client 1106: 3.2702
Client 415: 3.1938
Client 193: 4.1144
Client 1143: 3.4052
Client 1225: 3.5971
Client 1118: 3.3451
Client 1569: 3.1180
Client 908: 3.4711
Client 748: 3.8854
Client 675: 3.5896
Client 1300: 3.3368
Client 1029: 3.8460
Client 426: 3.8144
Client 802: 3.1329
Client 1425: 3.8721
Client 390: 3.0193
Client 331: 3.1192
Client 17: 3.8544
Client 716: 3.7444
Client 492: 3.4806
Client 410: 3.4443
Client 1487: 3.7037
Client 659: 3.1048
Client 1860: 3.5186
Client 1972: 3.6833
Client 778: 3.7032
Client 963: 3.3778
Client 692: 3.1168
Client 135: 3.8303
Round avg loss: 3.5973 (Best: 3.5955)

--- Round 4/20 ---
Client 501: 3.0989
Client 1218: 3.5992
Client 150: 2.9728
Client 1192: 3.7195
Client 1567: 3.9775
Client 1501: 3.8008
Client 1782: 3.7661
Client 98: 3.4249
Client 1427: 3.4557
Client 1629: 2.7580
Client 1294: 3.6529
Client 266: 4.2129
Client 96: 3.8031
Client 1703: 4.0787
Client 1238: 2.1600
Client 1003: 3.6345
Client 1115: 3.6443
Client 191: 2.9868
Client 917: 3.7388
Client 212: 3.4841
Client 1349: 2.8106
Client 1532: 3.5074
Client 274: 3.5846
Client 629: 3.4840
Client 1347: 3.6628
Client 1174: 3.8797
Client 1740: 3.6429
Client 995: 3.8251
Client 1914: 3.2002
Client 1437: 3.8466
Client 679: 3.5940
Client 1470: 3.7478
Client 1084: 3.5971
Client 1974: 3.4308
Client 1106: 3.0604
Client 783: 3.5939
Client 1704: 3.3654
Client 688: 3.2538
Client 1274: 3.7924
Client 1879: 3.0517
Client 129: 3.6938
Client 1023: 3.7311
Client 707: 3.7201
Client 740: 3.7432
Client 1522: 3.7255
Client 987: 3.4168
Client 1930: 3.0767
Client 616: 4.0051
Client 1634: 3.4317
Client 998: 3.5663
Client 385: 3.6612
Client 1259: 3.2948
Client 1339: 3.2729
Client 453: 3.2421
Client 1081: 3.7118
Client 1503: 3.7026
Client 1257: 3.1470
Client 1138: 3.5963
Client 491: 3.0332
Client 456: 4.2389
Client 1493: 4.1504
Client 715: 3.6929
Client 221: 2.4850
Client 631: 3.8888
Client 1416: 3.4147
Client 604: 3.5332
Client 1315: 3.3258
Client 337: 3.9552
Client 1565: 3.1524
Client 825: 3.1325
Client 1000: 4.0478
Client 545: 3.3030
Client 860: 3.5092
Client 536: 3.9782
Client 58: 3.7716
Client 1706: 3.7671
Client 368: 3.8171
Client 224: 3.7830
Client 1078: 3.4122
Client 945: 3.4808
Client 1093: 3.3133
Client 84: 3.5351
Client 1562: 3.3927
Client 116: 3.8285
Client 914: 3.3983
Client 1737: 3.1617
Client 494: 3.7113
Client 1605: 3.6672
Client 538: 3.1488
Client 1904: 3.6081
Client 202: 3.5877
Client 226: 3.6175
Client 312: 3.8212
Client 1591: 3.4963
Client 500: 3.8542
Client 609: 3.6653
Client 1129: 3.9374
Client 1616: 3.4752
Client 1451: 3.9800
Client 1160: 3.7193
Round avg loss: 3.5443 (Best: 3.5443)

--- Round 5/20 ---
Client 1678: 3.9182
Client 886: 3.5792
Client 1268: 3.7875
Client 1905: 3.3554
Client 529: 3.4763
Client 561: 3.8404
Client 1095: 2.9903
Client 83: 3.5308
Client 1724: 3.9893
Client 356: 3.1808
Client 1320: 3.1835
Client 114: 3.3660
Client 1545: 2.9895
Client 935: 3.2765
Client 1978: 3.7505
Client 1495: 3.5789
Client 253: 3.4487
Client 174: 4.1789
Client 1585: 3.8075
Client 500: 3.5720
Client 1965: 3.5591
Client 1622: 3.7972
Client 1105: 3.2769
Client 1832: 3.0159
Client 689: 3.1893
Client 1403: 3.1514
Client 1307: 3.3131
Client 307: 2.9124
Client 225: 4.0646
Client 1477: 3.1895
Client 1551: 3.7897
Client 47: 3.6542
Client 1520: 3.9865
Client 466: 3.4571
Client 50: 3.0813
Client 1673: 3.4115
Client 1090: 3.9145
Client 525: 3.2401
Client 1011: 3.5279
Client 695: 3.9159
Client 1498: 3.5557
Client 5: 2.7784
Client 871: 3.5751
Client 1291: 3.1711
Client 1093: 3.0294
Client 45: 3.6855
Client 764: 3.7979
Client 576: 3.5077
Client 1376: 3.4287
Client 195: 3.7517
Client 254: 3.6511
Client 365: 3.8295
Client 1707: 3.5690
Client 1252: 3.2242
Client 1626: 3.7023
Client 1813: 3.5108
Client 361: 3.6801
Client 39: 3.6498
Client 1147: 2.9969
Client 584: 3.0125
Client 996: 3.9687
Client 1700: 3.5795
Client 1321: 3.5477
Client 1522: 3.4147
Client 1962: 3.9492
Client 92: 3.4237
Client 762: 3.4634
Client 1425: 3.5796
Client 1200: 3.5498
Client 252: 3.3485
Client 1008: 3.8909
Client 1323: 3.6934
Client 309: 3.6350
Client 672: 3.9313
Client 952: 3.5184
Client 691: 3.5340
Client 1983: 3.2697
Client 574: 3.3055
Client 1511: 3.5507
Client 1512: 3.6135
Client 409: 3.6901
Client 1210: 3.8400
Client 682: 2.6915
Client 530: 3.6181
Client 394: 3.7551
Client 1587: 3.6902
Client 840: 3.0769
Client 1028: 3.9452
Client 943: 3.5818
Client 1096: 3.7172
Client 277: 3.5402
Client 133: 3.7884
Client 882: 3.1793
Client 1331: 3.1758
Client 890: 3.9544
Client 803: 3.5827
Client 1741: 3.6921
Client 1308: 3.5305
Client 1999: 4.9328
Client 1204: 3.3789
Round avg loss: 3.5348 (Best: 3.5348)

--- Round 6/20 ---
Client 788: 3.6355
Client 698: 3.8634
Client 890: 3.6484
Client 892: 3.9282
Client 1771: 3.4782
Client 328: 4.0542
Client 1849: 3.1606
Client 143: 3.8182
Client 252: 3.0411
Client 286: 3.4292
Client 1870: 3.6802
Client 1406: 2.9473
Client 880: 4.0481
Client 1598: 3.6605
Client 385: 3.3643
Client 1581: 3.4762
Client 1520: 3.7310
Client 290: 3.7006
Client 1838: 3.7465
Client 579: 4.1359
Client 1005: 3.0188
Client 1863: 2.9741
Client 1042: 3.8248
Client 1478: 3.5847
Client 1916: 3.7930
Client 797: 3.6911
Client 679: 3.3317
Client 1526: 3.6773
Client 366: 3.4471
Client 548: 3.7101
Client 684: 3.6714
Client 191: 2.7635
Client 207: 3.5738
Client 1858: 3.5251
Client 1786: 3.5684
Client 1766: 3.5385
Client 145: 4.0842
Client 1012: 3.4425
Client 338: 3.3259
Client 857: 3.4335
Client 57: 3.6525
Client 1874: 3.6403
Client 1064: 3.5876
Client 1141: 3.5653
Client 30: 3.2540
Client 1984: 3.5405
Client 1750: 3.7935
Client 21: 3.6472
Client 1320: 2.9040
Client 1327: 3.1672
Client 376: 4.0114
Client 520: 3.5876
Client 1035: 3.8977
Client 1462: 3.2383
Client 998: 3.3422
Client 1884: 3.3885
Client 1959: 3.7971
Client 43: 3.2726
Client 628: 2.6308
Client 1375: 3.3279
Client 1633: 4.2623
Client 1669: 3.9942
Client 1623: 3.6677
Client 990: 3.6040
Client 1808: 3.4750
Client 251: 3.4267
Client 1762: 3.4090
Client 1014: 4.2192
Client 1122: 4.4166
Client 1422: 3.5993
Client 834: 3.4974
Client 1101: 4.0732
Client 803: 3.3005
Client 1155: 3.3897
Client 796: 3.2792
Client 663: 3.8902
Client 1780: 3.5482
Client 669: 3.8630
Client 1136: 3.4905
Client 500: 3.4124
Client 3: 3.4184
Client 1491: 3.4488
Client 516: 3.8650
Client 24: 2.8201
Client 1404: 3.3816
Client 1222: 3.4926
Client 1672: 3.8643
Client 1359: 3.7556
Client 1736: 3.6959
Client 916: 3.7159
Client 864: 3.5117
Client 337: 3.6644
Client 1593: 3.9494
Client 1388: 3.6069
Client 1029: 3.5608
Client 771: 3.5254
Client 117: 3.3201
Client 451: 3.1011
Client 1477: 2.8733
Client 1367: 3.5311
Round avg loss: 3.5569 (Best: 3.5348)

--- Round 7/20 ---
Client 1989: 3.7211
Client 1097: 4.2242
Client 861: 3.8807
Client 1763: 3.5484
Client 1127: 3.7359
Client 88: 3.5295
Client 1025: 3.4280
Client 1150: 3.9631
Client 563: 3.7811
Client 384: 3.3003
Client 1273: 3.7094
Client 1690: 3.2178
Client 1786: 3.3670
Client 261: 3.4277
Client 265: 3.8599
Client 1026: 3.8293
Client 1448: 3.2490
Client 1831: 3.2714
Client 999: 3.4403
Client 395: 3.9846
Client 19: 3.4044
Client 1549: 3.5619
Client 1020: 3.2470
Client 1998: 2.5526
Client 1126: 3.3347
Client 897: 3.4086
Client 1915: 3.6364
Client 1004: 3.7928
Client 394: 3.4706
Client 166: 3.3504
Client 1272: 3.8395
Client 1871: 3.6099
Client 785: 3.5482
Client 327: 3.6820
Client 427: 3.6659
Client 1533: 3.6342
Client 991: 3.3109
Client 1473: 3.7424
Client 1725: 3.8459
Client 551: 3.4631
Client 480: 3.5024
Client 627: 2.6975
Client 1898: 3.6324
Client 958: 3.6651
Client 1278: 3.9141
Client 1060: 3.3122
Client 855: 3.3260
Client 101: 3.6786
Client 997: 3.7743
Client 778: 3.3930
Client 904: 3.4927
Client 1203: 3.5547
Client 1353: 3.5119
Client 1550: 3.4992
Client 422: 3.6531
Client 195: 3.4401
Client 611: 3.1712
Client 575: 4.1904
Client 1509: 3.3928
Client 1087: 3.5803
Client 1606: 3.7834
Client 1277: 3.4643
Client 296: 3.6844
Client 1422: 3.3559
Client 105: 3.6072
Client 1882: 3.8104
Client 228: 3.4599
Client 1709: 3.5776
Client 750: 3.4965
Client 939: 3.2441
Client 838: 3.5897
Client 1151: 3.4479
Client 976: 4.0360
Client 1904: 3.4288
Client 822: 3.6305
Client 450: 3.9679
Client 840: 2.8435
Client 297: 3.5274
Client 1381: 3.6936
Client 632: 4.1018
Client 139: 4.1884
Client 1452: 3.4072
Client 947: 3.8649
Client 1301: 3.3995
Client 530: 3.3108
Client 894: 3.7483
Client 1661: 3.5024
Client 1019: 3.5151
Client 1455: 4.0947
Client 1388: 3.2703
Client 1436: 3.3002
Client 1752: 3.3944
Client 1710: 3.7053
Client 73: 3.8968
Client 1751: 3.5957
Client 1042: 3.5662
Client 67: 3.7948
Client 1134: 4.0720
Client 1573: 3.1695
Client 1423: 3.9739
Round avg loss: 3.5747 (Best: 3.5348)

--- Round 8/20 ---
Client 1010: 3.5248
Client 1938: 3.4837
Client 1883: 3.7478
Client 1506: 3.4389
Client 1417: 3.6649
Client 1639: 3.8393
Client 1602: 3.7379
Client 12: 3.4502
Client 996: 3.7068
Client 160: 3.8373
Client 1579: 3.9312
Client 1375: 3.0628
Client 517: 3.2692
Client 373: 3.2759
Client 347: 3.2126
Client 574: 3.0977
Client 1207: 3.3622
Client 1485: 3.2648
Client 1016: 3.5402
Client 1970: 4.0041
Client 1111: 2.9091
Client 1721: 3.5794
Client 1655: 3.2658
Client 1230: 4.0475
Client 1116: 4.0136
Client 920: 4.0596
Client 1382: 3.7069
Client 1399: 3.6971
Client 781: 4.0923
Client 869: 3.9103
Client 1633: 4.0037
Client 1770: 3.7051
Client 1387: 3.7986
Client 1675: 3.2348
Client 1244: 3.7802
Client 1106: 2.8857
Client 1799: 3.2757
Client 1428: 3.6924
Client 1357: 2.9476
Client 195: 3.2368
Client 934: 3.5950
Client 1302: 3.6528
Client 509: 3.6785
Client 968: 3.5326
Client 1752: 3.1942
Client 36: 3.9931
Client 1952: 3.6732
Client 857: 3.1256
Client 442: 3.8708
Client 1225: 3.3067
Client 91: 4.0513
Client 1197: 4.0019
Client 1706: 3.4704
Client 1499: 3.9842
Client 770: 3.1118
Client 1093: 2.8544
Client 671: 3.9413
Client 1438: 3.6960
Client 181: 3.8789
Client 1632: 3.5538
Client 1045: 3.5327
Client 536: 3.7501
Client 1157: 3.7071
Client 1458: 3.7892
Client 1286: 3.6407
Client 1599: 3.1105
Client 582: 3.8591
Client 1007: 3.6212
Client 1927: 3.2064
Client 1885: 3.7445
Client 749: 3.5520
Client 497: 3.2998
Client 1746: 3.6057
Client 849: 3.2205
Client 1521: 3.7855
Client 1811: 3.5856
Client 201: 3.5696
Client 1751: 3.3942
Client 720: 3.6079
Client 428: 4.1076
Client 445: 3.9442
Client 774: 3.5010
Client 326: 4.1156
Client 133: 3.6363
Client 986: 3.5685
Client 105: 3.3342
Client 477: 3.4752
Client 1659: 3.4953
Client 118: 3.9481
Client 1530: 3.4218
Client 678: 3.7759
Client 1004: 3.5628
Client 1610: 3.4761
Client 123: 3.4211
Client 115: 3.4487
Client 907: 3.5725
Client 1971: 3.7156
Client 295: 3.6837
Client 243: 4.0400
Client 1005: 2.8824
Round avg loss: 3.5817 (Best: 3.5348)

--- Round 9/20 ---
Client 864: 3.2373
Client 67: 3.5237
Client 1569: 2.8682
Client 226: 3.3918
Client 500: 3.2782
Client 869: 3.6557
Client 710: 3.7691
Client 785: 3.3610
Client 1060: 3.0499
Client 970: 3.0556
Client 910: 3.6722
Client 1369: 3.4761
Client 1340: 3.4095
Client 1128: 3.9817
Client 1964: 3.1553
Client 1375: 2.7870
Client 7: 2.9374
Client 1581: 3.2498
Client 1443: 3.9042
Client 1058: 3.4578
Client 812: 3.5600
Client 1680: 3.3943
Client 242: 3.5260
Client 607: 3.8126
Client 1391: 3.6801
Client 1782: 3.5165
Client 1470: 3.4338
Client 1309: 3.8214
Client 1542: 3.1944
Client 1941: 3.9471
Client 1163: 3.2289
Client 798: 3.5036
Client 31: 3.5354
Client 954: 4.0699
Client 588: 3.4973
Client 1357: 2.6333
Client 1551: 3.5376
Client 1993: 3.9326
Client 401: 3.1758
Client 1658: 3.1626
Client 1374: 2.9095
Client 474: 3.7789
Client 658: 3.5898
Client 235: 3.7184
Client 1140: 3.0646
Client 1006: 3.6366
Client 1501: 3.5153
Client 215: 2.9180
Client 682: 2.5107
Client 144: 4.1535
Client 240: 3.2310
Client 861: 3.6198
Client 1974: 3.1433
Client 948: 3.6731
Client 929: 3.5941
Client 396: 3.5282
Client 1645: 3.5557
Client 348: 3.8447
Client 278: 3.8496
Client 134: 3.7722
Client 1371: 3.4340
Client 1503: 3.3983
Client 1630: 3.2667
Client 1141: 3.2645
Client 1158: 3.6730
Client 1989: 3.4625
Client 1446: 3.3712
Client 1495: 3.2643
Client 461: 3.4579
Client 280: 3.5740
Client 1228: 3.9472
Client 454: 4.2444
Client 1571: 3.3775
Client 562: 3.7370
Client 1775: 3.8400
Client 1067: 3.7783
Client 1281: 3.6967
Client 1266: 3.9618
Client 1328: 3.1517
Client 1083: 3.6950
Client 1590: 3.6284
Client 1897: 3.4496
Client 305: 3.7105
Client 395: 3.6942
Client 696: 3.8324
Client 169: 3.2266
Client 198: 3.4393
Client 135: 3.5609
Client 523: 3.0781
Client 293: 3.3757
Client 156: 4.0828
Client 193: 3.8391
Client 382: 3.5758
Client 1504: 3.4380
Client 1355: 3.6474
Client 380: 3.4517
Client 1024: 3.7088
Client 422: 3.3802
Client 609: 3.3773
Client 1154: 3.4287
Round avg loss: 3.4951 (Best: 3.4951)

--- Round 10/20 ---
Client 105: 3.1331
Client 696: 3.5828
Client 157: 3.7508
Client 331: 2.8338
Client 1488: 4.1402
Client 213: 3.5397
Client 33: 3.6792
Client 1831: 2.9606
Client 1824: 4.0512
Client 1104: 4.1193
Client 1542: 2.9035
Client 383: 3.3714
Client 464: 3.0179
Client 76: 2.9695
Client 583: 3.1461
Client 59: 3.4845
Client 1929: 3.9472
Client 224: 3.5090
Client 1588: 3.3284
Client 102: 3.6045
Client 659: 2.8539
Client 1297: 3.4699
Client 599: 3.4633
Client 1966: 3.5569
Client 1639: 3.5298
Client 781: 3.8044
Client 784: 3.3756
Client 294: 3.8599
Client 978: 3.4038
Client 1587: 3.3997
Client 747: 4.0261
Client 858: 4.2557
Client 830: 3.4353
Client 548: 3.4462
Client 1875: 3.6923
Client 827: 3.3814
Client 1282: 3.6412
Client 792: 3.4653
Client 1964: 2.9611
Client 483: 3.5628
Client 831: 4.4995
Client 1253: 3.1976
Client 1477: 2.6531
Client 1458: 3.5140
Client 117: 3.1110
Client 1696: 3.4330
Client 19: 3.1215
Client 903: 3.6678
Client 541: 3.3010
Client 492: 3.1953
Client 1228: 3.6673
Client 1755: 3.3911
Client 1728: 3.7990
Client 269: 3.7186
Client 376: 3.7500
Client 1170: 3.7435
Client 236: 3.4475
Client 1007: 3.3738
Client 1429: 3.5947
Client 1347: 3.3721
Client 1493: 3.8787
Client 372: 3.1645
Client 1529: 3.5772
Client 1504: 3.1578
Client 135: 3.3231
Client 1936: 3.8184
Client 731: 3.5163
Client 1564: 3.3731
Client 1378: 3.7160
Client 675: 3.3094
Client 20: 3.5854
Client 1601: 3.8212
Client 910: 3.4295
Client 1968: 3.7863
Client 575: 3.8855
Client 1695: 3.6299
Client 130: 3.4262
Client 1083: 3.4398
Client 1990: 4.0472
Client 922: 3.8820
Client 426: 3.5327
Client 1045: 3.2314
Client 1031: 3.6451
Client 491: 2.8322
Client 1327: 2.9297
Client 1820: 4.2651
Client 1606: 3.5245
Client 1066: 3.4142
Client 1360: 3.7639
Client 633: 3.7957
Client 496: 3.8153
Client 1955: 4.2316
Client 912: 3.7806
Client 509: 3.3663
Client 1722: 3.6896
Client 1886: 3.7868
Client 1863: 2.7648
Client 1208: 3.5088
Client 1956: 3.7367
Client 1713: 3.9746
Round avg loss: 3.5257 (Best: 3.4951)

--- Round 11/20 ---
Client 496: 3.5087
Client 1955: 3.9623
Client 1052: 3.4620
Client 1029: 3.3490
Client 1064: 3.3101
Client 280: 3.3032
Client 1482: 3.1760
Client 1310: 3.5990
Client 464: 2.8394
Client 1664: 3.3010
Client 950: 3.6436
Client 331: 2.5658
Client 1040: 2.8824
Client 268: 4.0553
Client 1167: 3.6974
Client 245: 3.5025
Client 1844: 3.9373
Client 891: 3.3740
Client 1249: 3.5288
Client 1592: 3.4407
Client 511: 4.3220
Client 1872: 3.6007
Client 880: 3.7584
Client 325: 3.4093
Client 759: 3.1918
Client 1002: 3.8299
Client 1673: 3.2370
Client 1075: 3.4749
Client 1836: 3.9021
Client 1774: 3.3947
Client 301: 3.6263
Client 23: 4.1410
Client 25: 2.7304
Client 59: 3.1790
Client 1136: 3.2171
Client 625: 2.7030
Client 154: 3.5775
Client 323: 3.6594
Client 996: 3.4602
Client 793: 3.7103
Client 1476: 3.8330
Client 393: 3.5803
Client 606: 3.4780
Client 1980: 3.4089
Client 1061: 3.8363
Client 385: 3.1530
Client 624: 3.6986
Client 1829: 4.1561
Client 1578: 3.6743
Client 620: 3.8151
Client 524: 3.3971
Client 227: 4.0089
Client 806: 3.8264
Client 647: 3.7831
Client 1230: 3.7674
Client 1828: 3.3478
Client 1264: 3.6572
Client 1456: 3.5532
Client 1162: 3.6819
Client 1748: 3.7874
Client 1452: 3.1170
Client 417: 3.8542
Client 1271: 4.0412
Client 945: 3.2102
Client 1389: 3.3929
Client 929: 3.2901
Client 1876: 3.8973
Client 198: 3.2307
Client 1341: 3.5982
Client 1627: 3.7766
Client 1863: 2.5760
Client 336: 3.4643
Client 777: 4.0315
Client 485: 3.2568
Client 1296: 3.9245
Client 1442: 2.5553
Client 942: 3.3732
Client 3: 3.1450
Client 1103: 3.3527
Client 95: 4.0088
Client 987: 3.1270
Client 1625: 3.6146
Client 819: 3.4681
Client 1127: 3.4239
Client 1803: 3.5578
Client 1607: 3.9310
Client 1978: 3.4758
Client 1465: 3.1302
Client 1047: 3.3926
Client 823: 3.4974
Client 35: 3.4542
Client 10: 3.4365
Client 69: 3.1461
Client 1199: 3.3692
Client 1104: 3.8450
Client 309: 3.4568
Client 892: 3.6780
Client 1193: 3.8917
Client 416: 3.2488
Client 1728: 3.6096
Round avg loss: 3.5086 (Best: 3.4951)

--- Round 12/20 ---
Client 475: 3.4508
Client 1278: 3.6002
Client 456: 3.9242
Client 426: 3.3805
Client 1267: 3.7981
Client 336: 3.2373
Client 362: 3.2446
Client 199: 3.7748
Client 1327: 2.6931
Client 1446: 3.0519
Client 458: 3.8675
Client 1211: 3.5001
Client 138: 2.9322
Client 1921: 3.6544
Client 1656: 3.7484
Client 1448: 2.9602
Client 65: 3.1314
Client 690: 3.2108
Client 985: 3.6640
Client 1139: 4.1568
Client 247: 2.9044
Client 983: 3.9746
Client 944: 3.4684
Client 1842: 3.6807
Client 1835: 3.7578
Client 1756: 3.8529
Client 1124: 3.5889
Client 590: 3.8592
Client 1753: 3.5295
Client 1531: 3.3978
Client 1235: 3.3400
Client 1853: 3.6361
Client 493: 3.9789
Client 307: 2.6465
Client 310: 2.8536
Client 1494: 2.8274
Client 1698: 4.0058
Client 1747: 3.9091
Client 1581: 3.0270
Client 1508: 3.3846
Client 95: 3.7318
Client 1945: 3.1136
Client 1880: 3.5522
Client 1070: 3.3490
Client 1391: 3.3618
Client 1905: 3.0449
Client 1797: 3.4926
Client 840: 2.6876
Client 835: 3.7234
Client 1529: 3.3491
Client 1621: 3.4872
Client 1127: 3.2533
Client 864: 2.9959
Client 429: 3.1200
Client 1283: 3.6614
Client 1550: 3.2232
Client 1134: 3.8088
Client 507: 3.6109
Client 1202: 3.3335
Client 419: 3.4053
Client 1115: 3.3751
Client 1162: 3.4359
Client 260: 3.9917
Client 1284: 3.5924
Client 1020: 2.9966
Client 1316: 3.7022
Client 466: 3.1599
Client 1346: 3.5554
Client 150: 2.7029
Client 1433: 3.5841
Client 743: 3.6123
Client 423: 3.7192
Client 610: 2.9195
Client 874: 3.6718
Client 1733: 3.5086
Client 1681: 3.1984
Client 1394: 3.5154
Client 151: 3.0697
Client 1474: 3.9481
Client 980: 3.1995
Client 1928: 4.0482
Client 1773: 3.7966
Client 160: 3.6255
Client 1852: 3.8875
Client 1873: 3.4367
Client 1505: 3.2360
Client 789: 3.6103
Client 1073: 3.8833
Client 1607: 3.6244
Client 876: 3.6563
Client 650: 3.8227
Client 254: 3.3863
Client 1868: 3.0910
Client 1476: 3.5727
Client 1012: 3.1678
Client 1168: 3.6766
Client 1044: 3.7410
Client 1227: 3.4787
Client 1751: 3.2803
Client 886: 3.3014
Round avg loss: 3.4569 (Best: 3.4569)

--- Round 13/20 ---
Client 1892: 3.8143
Client 1573: 2.8913
Client 1945: 2.9174
Client 1600: 3.5455
Client 343: 3.1750
Client 1254: 3.2957
Client 1103: 3.0731
Client 781: 3.6382
Client 1180: 3.1082
Client 1299: 3.9824
Client 1855: 3.7391
Client 1960: 3.6535
Client 403: 3.4632
Client 441: 4.1699
Client 496: 3.2939
Client 643: 3.6845
Client 527: 4.0395
Client 1710: 3.4314
Client 1553: 3.5562
Client 505: 3.5402
Client 722: 3.5479
Client 1005: 2.7946
Client 334: 3.1983
Client 120: 3.7756
Client 714: 3.5509
Client 1129: 3.6716
Client 352: 3.4202
Client 1847: 3.5408
Client 1592: 3.1536
Client 1066: 3.1687
Client 1201: 3.5778
Client 691: 3.2962
Client 1394: 3.1911
Client 1359: 3.4795
Client 1841: 3.7998
Client 1510: 3.5026
Client 836: 3.7993
Client 236: 3.1833
Client 907: 3.3147
Client 1813: 3.2148
Client 1670: 2.8884
Client 1147: 2.6735
Client 113: 3.2036
Client 297: 3.2316
Client 927: 3.4496
Client 1475: 3.4842
Client 630: 3.1885
Client 605: 3.6008
Client 1507: 3.1871
Client 837: 3.9877
Client 859: 3.9590
Client 1: 2.6675
Client 173: 3.3455
Client 1318: 3.6708
Client 1119: 3.4456
Client 595: 3.7802
Client 711: 3.8485
Client 254: 3.1715
Client 478: 3.9667
Client 126: 3.9070
Client 755: 3.6691
Client 277: 3.3016
Client 1996: 3.1679
Client 1666: 3.3700
Client 597: 3.8702
Client 15: 3.6275
Client 1189: 3.8441
Client 933: 3.6386
Client 1693: 3.1911
Client 963: 3.0574
Client 962: 3.8238
Client 137: 4.1648
Client 66: 3.6190
Client 330: 3.1706
Client 1682: 3.1940
Client 833: 3.5540
Client 263: 3.5431
Client 1733: 3.1860
Client 1148: 3.6141
Client 1141: 3.0561
Client 443: 3.2837
Client 1274: 3.5128
Client 1120: 3.9378
Client 457: 4.0561
Client 1024: 3.4318
Client 1674: 3.7185
Client 70: 4.2131
Client 1966: 3.3332
Client 94: 3.1370
Client 55: 3.4058
Client 460: 3.3657
Client 1969: 3.7295
Client 877: 3.3621
Client 509: 3.1565
Client 1081: 3.4455
Client 1506: 3.1551
Client 24: 2.5976
Client 470: 2.9838
Client 1599: 2.8723
Client 1236: 3.9612
Round avg loss: 3.4517 (Best: 3.4517)

--- Round 14/20 ---
Client 1759: 3.9094
Client 1575: 3.8943
Client 1775: 3.5798
Client 1445: 3.6233
Client 1813: 2.9807
Client 1991: 3.6881
Client 241: 4.1011
Client 867: 4.0801
Client 1592: 2.9187
Client 28: 3.6046
Client 1422: 3.1183
Client 228: 3.1982
Client 1178: 4.0076
Client 561: 3.5820
Client 471: 4.0363
Client 534: 3.3644
Client 1555: 3.5524
Client 907: 3.1019
Client 1048: 3.6668
Client 458: 3.5661
Client 1019: 3.1810
Client 295: 3.3980
Client 505: 3.2864
Client 336: 3.0070
Client 980: 2.9303
Client 1660: 3.2434
Client 170: 3.5081
Client 706: 3.3591
Client 1774: 3.1540
Client 1622: 3.5364
Client 1016: 3.3104
Client 1342: 3.4875
Client 1088: 3.8954
Client 1486: 3.9879
Client 1452: 2.8858
Client 1296: 3.6325
Client 12: 3.1799
Client 682: 2.3722
Client 1917: 3.7457
Client 1109: 3.8664
Client 5: 2.5062
Client 1200: 3.2725
Client 482: 3.7840
Client 775: 3.2996
Client 1549: 3.2898
Client 433: 4.0783
Client 737: 3.3491
Client 1636: 3.5364
Client 1527: 3.2134
Client 1494: 2.5843
Client 1244: 3.4872
Client 529: 3.2246
Client 1988: 3.3217
Client 1958: 3.6202
Client 117: 2.9628
Client 1617: 4.0730
Client 337: 3.4821
Client 1897: 3.1593
Client 1723: 3.3538
Client 757: 3.8551
Client 259: 3.7324
Client 1861: 3.4692
Client 1642: 3.7798
Client 625: 2.3629
Client 186: 4.0819
Client 1798: 3.3581
Client 473: 3.5028
Client 1375: 2.6689
Client 1793: 3.2694
Client 245: 3.1750
Client 1524: 3.4493
Client 132: 4.3249
Client 1840: 3.9392
Client 215: 2.6200
Client 441: 3.8492
Client 281: 2.8938
Client 668: 3.8013
Client 30: 3.0487
Client 376: 3.5650
Client 1978: 3.2623
Client 453: 2.9750
Client 599: 3.2109
Client 621: 4.1691
Client 1010: 3.1951
Client 1614: 3.6006
Client 1168: 3.4276
Client 1867: 2.7209
Client 338: 3.0163
Client 1309: 3.5656
Client 267: 3.3732
Client 1571: 3.1278
Client 1686: 3.8402
Client 238: 3.6335
Client 207: 3.2709
Client 803: 3.0373
Client 652: 3.6781
Client 1966: 3.0958
Client 1177: 3.9471
Client 1392: 3.5718
Client 950: 3.3824
Round avg loss: 3.4199 (Best: 3.4199)

--- Round 15/20 ---
Client 1144: 3.2188
Client 10: 3.1455
Client 1639: 3.3447
Client 477: 3.2205
Client 1393: 3.7387
Client 1385: 4.0230
Client 1844: 3.6816
Client 1955: 3.7887
Client 163: 3.1679
Client 682: 2.2948
Client 1729: 3.3752
Client 738: 3.3021
Client 1044: 3.4243
Client 1095: 2.7996
Client 1249: 3.3627
Client 257: 3.9815
Client 292: 3.0437
Client 93: 4.1379
Client 1415: 3.3485
Client 1644: 3.6099
Client 1673: 3.0774
Client 1243: 3.5941
Client 1531: 3.1361
Client 30: 2.9512
Client 1011: 3.3178
Client 1680: 3.1486
Client 480: 3.2321
Client 1677: 3.8105
Client 1546: 4.0386
Client 142: 3.4910
Client 1330: 3.8641
Client 137: 3.8817
Client 1104: 3.6131
Client 1618: 3.5312
Client 205: 3.9434
Client 1612: 3.6552
Client 1378: 3.4309
Client 79: 3.6717
Client 1986: 3.7817
Client 169: 2.9739
Client 1877: 3.5471
Client 1084: 3.3007
Client 1232: 3.6392
Client 1384: 3.9174
Client 245: 2.9903
Client 563: 3.4979
Client 1667: 3.5961
Client 637: 3.6642
Client 800: 3.6729
Client 1880: 3.2777
Client 1458: 3.3434
Client 1326: 3.4890
Client 352: 3.1568
Client 1687: 3.6974
Client 376: 3.4246
Client 788: 3.3377
Client 1771: 3.2153
Client 773: 3.2552
Client 1231: 3.8420
Client 339: 3.4976
Client 1613: 3.5169
Client 1728: 3.4352
Client 1515: 3.6408
Client 1554: 3.9452
Client 1759: 3.6313
Client 752: 3.4748
Client 1214: 3.9769
Client 1696: 3.1688
Client 1158: 3.3648
Client 1126: 3.0468
Client 115: 3.1614
Client 997: 3.5043
Client 1608: 3.4463
Client 885: 3.4341
Client 334: 2.8990
Client 1182: 3.9753
Client 534: 3.0982
Client 743: 3.3504
Client 907: 2.9860
Client 268: 3.7576
Client 1433: 3.3019
Client 952: 3.2471
Client 1035: 3.5783
Client 917: 3.4294
Client 435: 3.2921
Client 498: 3.1519
Client 903: 3.3754
Client 1970: 3.7351
Client 981: 3.7481
Client 1863: 2.4540
Client 409: 3.4253
Client 850: 2.9943
Client 320: 3.6709
Client 1293: 3.6543
Client 1822: 3.2629
Client 1931: 3.5380
Client 1206: 3.7645
Client 659: 2.6294
Client 863: 3.5855
Client 731: 3.4049
Round avg loss: 3.4357 (Best: 3.4199)

--- Round 16/20 ---
Client 557: 3.7890
Client 1949: 3.5032
Client 416: 3.0257
Client 819: 3.2180
Client 632: 3.7929
Client 1555: 3.2993
Client 1528: 3.4924
Client 1021: 3.5118
Client 148: 3.4331
Client 953: 3.6155
Client 1548: 4.2720
Client 1912: 3.1995
Client 174: 3.9137
Client 1424: 3.7383
Client 968: 3.2817
Client 1401: 3.7579
Client 44: 3.7951
Client 158: 3.8371
Client 703: 3.1034
Client 1731: 2.9843
Client 708: 3.0759
Client 760: 3.5355
Client 1241: 3.7366
Client 1614: 3.3563
Client 466: 2.9041
Client 681: 3.3606
Client 1465: 2.9216
Client 491: 2.7142
Client 1440: 3.5181
Client 717: 3.8923
Client 113: 2.9483
Client 138: 2.6595
Client 1732: 3.5108
Client 1135: 3.1419
Client 911: 3.7950
Client 88: 3.3162
Client 604: 3.2223
Client 1618: 3.2274
Client 296: 3.3929
Client 1324: 3.5240
Client 7: 2.6255
Client 149: 2.9435
Client 1824: 3.7963
Client 1090: 3.6289
Client 20: 3.3364
Client 1642: 3.4834
Client 1760: 3.7542
Client 271: 3.4941
Client 419: 3.1171
Client 509: 3.0249
Client 1727: 3.6494
Client 1277: 3.1592
Client 1398: 4.1776
Client 1362: 3.3328
Client 1379: 3.4867
Client 854: 3.5198
Client 634: 3.4602
Client 1781: 3.6422
Client 1630: 3.0883
Client 756: 3.3859
Client 124: 3.6639
Client 392: 3.6624
Client 899: 3.8419
Client 277: 3.0591
Client 1139: 3.8807
Client 716: 3.5430
Client 518: 3.2857
Client 1730: 3.5745
Client 0: 3.2565
Client 670: 3.5840
Client 858: 3.9588
Client 1904: 3.2675
Client 348: 3.7065
Client 1234: 3.9624
Client 115: 2.9832
Client 1327: 2.5574
Client 864: 2.8796
Client 1083: 3.2303
Client 811: 3.2414
Client 1373: 3.6825
Client 1983: 3.0691
Client 1117: 3.1326
Client 1510: 3.1658
Client 938: 3.6093
Client 794: 3.4926
Client 939: 3.0225
Client 1876: 3.6382
Client 1504: 2.9291
Client 1635: 3.4642
Client 393: 3.2988
Client 1411: 3.7183
Client 331: 2.5123
Client 909: 3.2685
Client 303: 3.5443
Client 1502: 3.3052
Client 915: 3.5776
Client 460: 3.0975
Client 1682: 2.9723
Client 140: 3.6000
Client 1042: 3.3451
Round avg loss: 3.3901 (Best: 3.3901)

--- Round 17/20 ---
Client 358: 3.5741
Client 867: 3.7741
Client 1023: 3.4291
Client 1904: 3.2010
Client 277: 2.9824
Client 551: 3.1354
Client 1251: 3.5445
Client 1912: 2.8915
Client 1848: 3.2581
Client 1445: 3.3403
Client 1531: 2.8799
Client 1370: 3.6887
Client 182: 3.1588
Client 1176: 3.0630
Client 937: 3.2876
Client 295: 3.1824
Client 1660: 2.9510
Client 1711: 3.6005
Client 935: 3.0390
Client 1630: 2.9463
Client 600: 3.4370
Client 192: 3.3868
Client 1603: 3.6061
Client 1744: 3.4794
Client 1778: 3.5163
Client 1350: 3.2426
Client 1882: 3.5499
Client 914: 3.0998
Client 1692: 3.1247
Client 756: 3.0675
Client 1977: 3.2719
Client 688: 2.9505
Client 378: 3.7124
Client 158: 3.5806
Client 954: 3.8010
Client 111: 3.7258
Client 1545: 2.6790
Client 1879: 2.8496
Client 1746: 3.2831
Client 1813: 2.8486
Client 1923: 3.7209
Client 920: 3.7906
Client 841: 4.2442
Client 333: 3.4245
Client 327: 3.3730
Client 697: 3.8734
Client 284: 4.0211
Client 790: 3.1067
Client 1309: 3.3719
Client 1492: 3.6980
Client 1869: 3.8817
Client 1026: 3.5492
Client 377: 3.7437
Client 276: 3.6526
Client 1083: 3.0808
Client 480: 2.9892
Client 228: 2.9681
Client 711: 3.5574
Client 1594: 3.5947
Client 10: 2.9663
Client 945: 2.9803
Client 1040: 2.6272
Client 602: 3.9046
Client 1944: 3.8593
Client 1993: 3.6600
Client 824: 3.9575
Client 1820: 4.0323
Client 1827: 3.5088
Client 1263: 3.4486
Client 1842: 3.3761
Client 619: 3.8467
Client 1441: 3.6721
Client 1076: 3.5750
Client 198: 3.1021
Client 433: 3.8046
Client 257: 3.7017
Client 1291: 2.9026
Client 109: 3.6474
Client 299: 3.7248
Client 1771: 3.0026
Client 1102: 3.8759
Client 927: 3.2142
Client 1547: 3.6922
Client 1034: 3.6398
Client 889: 3.6703
Client 1975: 3.5264
Client 1637: 3.7482
Client 445: 3.6525
Client 280: 3.0671
Client 1789: 3.9375
Client 229: 3.7493
Client 338: 2.8422
Client 737: 3.0638
Client 714: 3.2630
Client 1794: 3.5630
Client 164: 3.9237
Client 402: 3.0902
Client 798: 3.1980
Client 960: 3.7842
Client 1467: 3.6372
Round avg loss: 3.4222 (Best: 3.3901)

--- Round 18/20 ---
Client 364: 3.7006
Client 1755: 3.1393
Client 1330: 3.6506
Client 1818: 3.3918
Client 1371: 3.1785
Client 601: 3.4792
Client 912: 3.4606
Client 295: 3.0558
Client 956: 3.7683
Client 219: 3.7950
Client 103: 2.9900
Client 1741: 3.3819
Client 733: 4.0098
Client 1958: 3.4116
Client 109: 3.3570
Client 484: 3.3210
Client 938: 3.2920
Client 759: 2.9041
Client 420: 3.3459
Client 310: 2.6201
Client 517: 3.0820
Client 1401: 3.4641
Client 1439: 3.8585
Client 187: 3.3947
Client 950: 3.2308
Client 1050: 3.3736
Client 1239: 3.5434
Client 1784: 3.7579
Client 1721: 3.2825
Client 1864: 3.4817
Client 1824: 3.5712
Client 1522: 3.2298
Client 1865: 3.8122
Client 652: 3.3763
Client 851: 3.3842
Client 1790: 3.5716
Client 1261: 3.6021
Client 1636: 3.2523
Client 917: 3.2122
Client 1809: 3.5440
Client 1771: 2.8906
Client 1647: 2.9522
Client 846: 3.7265
Client 688: 2.7555
Client 658: 3.2916
Client 669: 3.5449
Client 795: 3.4762
Client 402: 2.8318
Client 792: 3.1371
Client 1298: 3.7395
Client 1575: 3.5885
Client 1602: 3.4868
Client 554: 3.8953
Client 1018: 3.9961
Client 494: 3.3827
Client 875: 2.8545
Client 666: 3.2397
Client 984: 4.0292
Client 30: 2.8170
Client 1932: 3.4149
Client 1839: 3.3863
Client 1718: 3.7570
Client 1311: 3.6328
Client 1228: 3.4611
Client 1580: 3.9099
Client 540: 3.1781
Client 303: 3.2688
Client 861: 3.4270
Client 1899: 4.0164
Client 466: 2.7740
Client 1134: 3.6015
Client 172: 3.8332
Client 1457: 2.8126
Client 355: 3.2582
Client 318: 3.1049
Client 803: 2.9089
Client 293: 3.1216
Client 1628: 3.5636
Client 510: 3.2296
Client 9: 3.6701
Client 501: 2.7935
Client 1539: 3.5665
Client 1188: 3.5006
Client 1835: 3.4978
Client 349: 4.2106
Client 278: 3.5519
Client 1615: 3.4824
Client 964: 3.3693
Client 438: 3.9001
Client 1130: 4.0897
Client 35: 3.2002
Client 1828: 3.0804
Client 882: 2.8666
Client 1640: 3.6318
Client 647: 3.4785
Client 458: 3.3550
Client 1688: 2.6763
Client 656: 3.1207
Client 1749: 3.7985
Client 637: 3.3809
Round avg loss: 3.3980 (Best: 3.3901)

--- Round 19/20 ---
Client 392: 3.4674
Client 231: 3.8158
Client 562: 3.4560
Client 253: 3.1797
Client 126: 3.6255
Client 296: 3.2269
Client 1519: 3.3364
Client 1172: 3.4400
Client 815: 3.3768
Client 1352: 3.8347
Client 1045: 3.0382
Client 1499: 3.7274
Client 1297: 3.1816
Client 1752: 3.0975
Client 184: 3.5785
Client 1506: 3.0027
Client 461: 3.2094
Client 1639: 3.2104
Client 1232: 3.4304
Client 619: 3.5726
Client 1072: 3.5578
Client 1707: 3.3058
Client 334: 2.6498
Client 1982: 3.0218
Client 1508: 3.2487
Client 1692: 2.8728
Client 791: 3.9118
Client 1178: 3.7175
Client 235: 3.4456
Client 838: 3.2886
Client 1259: 2.9884
Client 560: 3.8196
Client 1822: 3.0873
Client 532: 3.5535
Client 1220: 4.0002
Client 1396: 3.4521
Client 748: 3.5694
Client 1445: 3.1377
Client 1089: 3.6572
Client 918: 3.8968
Client 1712: 3.4392
Client 887: 3.8811
Client 1161: 3.4374
Client 66: 3.2737
Client 1756: 3.5387
Client 970: 2.7405
Client 746: 3.5358
Client 875: 2.5463
Client 1562: 3.1306
Client 984: 3.7755
Client 506: 3.4741
Client 1000: 3.7591
Client 910: 3.1874
Client 69: 2.8916
Client 193: 3.5884
Client 641: 3.9807
Client 1663: 3.7847
Client 590: 3.6156
Client 1999: 4.5747
Client 1955: 3.6232
Client 1917: 3.5145
Client 440: 3.6395
Client 1101: 3.7988
Client 1575: 3.3758
Client 979: 3.7172
Client 966: 3.8971
Client 895: 3.2372
Client 1012: 2.9606
Client 1389: 3.1181
Client 943: 3.3837
Client 341: 3.6317
Client 1435: 3.5746
Client 1251: 3.2679
Client 777: 3.6951
Client 707: 3.4443
Client 682: 2.2438
Client 464: 2.8194
Client 1513: 3.6366
Client 411: 3.2297
Client 1949: 3.2257
Client 211: 3.1542
Client 799: 3.7223
Client 314: 3.4905
Client 574: 2.9384
Client 1873: 3.0836
Client 1419: 3.7662
Client 1303: 3.7288
Client 1493: 3.7000
Client 829: 3.4129
Client 589: 3.7146
Client 757: 3.5633
Client 857: 2.9218
Client 1426: 3.6022
Client 1952: 3.4011
Client 1304: 3.8909
Client 1141: 2.9369
Client 1809: 3.2929
Client 1557: 3.8693
Client 956: 3.5133
Client 671: 3.6120
Round avg loss: 3.4250 (Best: 3.3901)

--- Round 20/20 ---
Client 538: 2.8275
Client 806: 3.5300
Client 9: 3.4218
Client 607: 3.5362
Client 866: 3.0540
Client 268: 3.5638
Client 1573: 2.6587
Client 914: 2.9174
Client 1712: 3.1875
Client 1335: 3.5252
Client 1479: 3.4201
Client 604: 3.0213
Client 24: 2.4454
Client 519: 3.2849
Client 503: 3.0655
Client 921: 3.4774
Client 858: 3.7482
Client 343: 2.8949
Client 992: 3.6361
Client 1282: 3.3781
Client 1281: 3.3519
Client 565: 3.3337
Client 791: 3.6191
Client 1993: 3.4805
Client 1759: 3.4622
Client 1375: 2.5682
Client 461: 2.9775
Client 1730: 3.4218
Client 1225: 3.0785
Client 353: 3.8416
Client 1178: 3.5090
Client 221: 2.1857
Client 1915: 3.3421
Client 10: 2.8212
Client 1095: 2.6197
Client 1597: 3.9624
Client 626: 3.7784
Client 1704: 3.0702
Client 256: 2.9410
Client 1504: 2.7899
Client 1369: 3.2206
Client 977: 3.6289
Client 12: 2.9681
Client 1013: 3.9301
Client 1329: 4.1392
Client 608: 3.7171
Client 1319: 3.9825
Client 1638: 3.8814
Client 395: 3.4977
Client 1545: 2.4660
Client 1091: 3.5747
Client 1361: 3.5292
Client 1530: 3.1321
Client 1182: 3.6612
Client 1493: 3.5235
Client 1743: 3.2805
Client 708: 2.7248
Client 185: 4.1118
Client 1828: 2.8530
Client 303: 3.0668
Client 668: 3.5374
Client 1789: 3.6899
Client 1969: 3.5009
Client 232: 3.1878
Client 1716: 3.3223
Client 1465: 2.7833
Client 824: 3.6887
Client 133: 3.5150
Client 174: 3.7102
Client 601: 3.2053
Client 739: 3.8391
Client 478: 3.7197
Client 22: 4.2351
Client 488: 3.5606
Client 669: 3.4131
Client 111: 3.4367
Client 646: 3.7095
Client 962: 3.5539
Client 1509: 3.0748
Client 1086: 3.0547
Client 1971: 3.4700
Client 1760: 3.4690
Client 1243: 3.3079
Client 1795: 3.8232
Client 1656: 3.4513
Client 896: 3.2495
Client 1734: 3.8400
Client 376: 3.2932
Client 1303: 3.4338
Client 1208: 3.2437
Client 758: 3.6521
Client 1286: 3.3813
Client 1925: 3.6094
Client 1528: 3.3231
Client 1097: 3.9324
Client 614: 2.7812
Client 1690: 2.9037
Client 1821: 3.0135
Client 1378: 3.2624
Client 182: 2.8906
Round avg loss: 3.3471 (Best: 3.3471)
Projector checkpoint saved to fl_results/checkpoints/projector_dino_b16_wco_l4_ifcb_pml_dino_b16_2000C_5pct_seed27_20260529_073443.pt

Running final evaluations...

>>> Evaluating on 'wco_l4_ifcb_pml' <<<
[wco_l4_ifcb_pml] Linear split: 43525 train, 10882 val, 18135 test
Linear Epoch 5: Train Loss=1.2804, Val Acc=73.27%
Linear Epoch 10: Train Loss=0.8542, Val Acc=79.86%
Linear Epoch 15: Train Loss=0.7082, Val Acc=82.37%
Linear Epoch 20: Train Loss=0.6314, Val Acc=83.79%
Linear Epoch 25: Train Loss=0.5896, Val Acc=84.33%
Linear Epoch 30: Train Loss=0.5589, Val Acc=84.86%
Linear Epoch 35: Train Loss=0.5414, Val Acc=85.20%
Linear Epoch 40: Train Loss=0.5300, Val Acc=85.47%
Linear Epoch 45: Train Loss=0.5204, Val Acc=85.71%
Linear Epoch 50: Train Loss=0.5125, Val Acc=85.82%
[wco_l4_ifcb_pml] Linear accuracy: 86.19% | Val accuracy: 85.88%
[wco_l4_ifcb_pml] Eval-only accuracy: 0.56%
Running unsupervised k-NN evaluation...
k-NN Top-1 accuracy: 81.81%
Running unsupervised clustering evaluation...
K-Means clustering accuracy (Hungarian matched): 32.18%
Silhouette score: 0.065
Prototype accuracy: 65.97%

>>> Evaluating on 'syke_ifcb' <<<
[syke_ifcb] Linear split: 30272 train, 7568 val, 12618 test
Linear Epoch 5: Train Loss=0.8235, Val Acc=82.02%
Linear Epoch 10: Train Loss=0.5258, Val Acc=87.08%
Linear Epoch 15: Train Loss=0.4139, Val Acc=89.60%
Linear Epoch 20: Train Loss=0.3526, Val Acc=90.55%
Linear Epoch 25: Train Loss=0.3150, Val Acc=91.41%
Linear Epoch 30: Train Loss=0.2898, Val Acc=91.91%
Linear Epoch 35: Train Loss=0.2710, Val Acc=92.38%
Linear Epoch 40: Train Loss=0.2574, Val Acc=92.52%
Linear Epoch 45: Train Loss=0.2470, Val Acc=92.79%
Linear Epoch 50: Train Loss=0.2399, Val Acc=93.00%
[syke_ifcb] Linear accuracy: 93.30% | Val accuracy: 93.00%
[syke_ifcb] Eval-only accuracy: 1.00%
Running unsupervised k-NN evaluation...
k-NN Top-1 accuracy: 90.84%
Running unsupervised clustering evaluation...
K-Means clustering accuracy (Hungarian matched): 32.10%
Silhouette score: 0.076
Prototype accuracy: 67.82%

>>> Evaluating on 'syke_zooscan' <<<
[syke_zooscan] Linear split: 10896 train, 2724 val, 4597 test
Linear Epoch 5: Train Loss=1.0558, Val Acc=77.02%
Linear Epoch 10: Train Loss=0.7326, Val Acc=82.05%
Linear Epoch 15: Train Loss=0.5801, Val Acc=85.13%
Linear Epoch 20: Train Loss=0.4899, Val Acc=87.26%
Linear Epoch 25: Train Loss=0.4274, Val Acc=88.99%
Linear Epoch 30: Train Loss=0.3844, Val Acc=89.87%
Linear Epoch 35: Train Loss=0.3491, Val Acc=90.79%
Linear Epoch 40: Train Loss=0.3227, Val Acc=91.59%
Linear Epoch 45: Train Loss=0.3009, Val Acc=91.96%
Linear Epoch 50: Train Loss=0.2829, Val Acc=92.77%
[syke_zooscan] Linear accuracy: 90.60% | Val accuracy: 92.77%
[syke_zooscan] Eval-only accuracy: 2.11%
Running unsupervised k-NN evaluation...
k-NN Top-1 accuracy: 89.54%
Running unsupervised clustering evaluation...
K-Means clustering accuracy (Hungarian matched): 28.65%
Silhouette score: 0.061
Prototype accuracy: 68.46%

>>> Evaluating on 'plankto_share' <<<
[plankto_share] Linear split: 25363 train, 6341 val, 10572 test
Linear Epoch 5: Train Loss=1.9805, Val Acc=55.53%
Linear Epoch 10: Train Loss=1.4632, Val Acc=63.16%
Linear Epoch 15: Train Loss=1.2582, Val Acc=66.58%
Linear Epoch 20: Train Loss=1.1403, Val Acc=68.55%
Linear Epoch 25: Train Loss=1.0677, Val Acc=69.47%
Linear Epoch 30: Train Loss=1.0160, Val Acc=70.57%
Linear Epoch 35: Train Loss=0.9777, Val Acc=71.20%
Linear Epoch 40: Train Loss=0.9512, Val Acc=71.52%
Linear Epoch 45: Train Loss=0.9251, Val Acc=72.01%
Linear Epoch 50: Train Loss=0.9085, Val Acc=72.12%
[plankto_share] Linear accuracy: 73.00% | Val accuracy: 72.12%
[plankto_share] Eval-only accuracy: 1.21%
Running unsupervised k-NN evaluation...
k-NN Top-1 accuracy: 68.36%
Running unsupervised clustering evaluation...
K-Means clustering accuracy (Hungarian matched): 27.87%
Silhouette score: 0.044
Prototype accuracy: 53.06%

>>> Evaluating on 'daplankton_lab_ifcb' <<<
[daplankton_lab_ifcb] Linear split: 7909 train, 1978 val, 3294 test
Linear Epoch 5: Train Loss=1.3507, Val Acc=79.37%
Linear Epoch 10: Train Loss=0.8964, Val Acc=84.53%
Linear Epoch 15: Train Loss=0.6985, Val Acc=86.91%
Linear Epoch 20: Train Loss=0.5862, Val Acc=88.27%
Linear Epoch 25: Train Loss=0.5126, Val Acc=89.48%
Linear Epoch 30: Train Loss=0.4602, Val Acc=90.55%
Linear Epoch 35: Train Loss=0.4210, Val Acc=90.65%
Linear Epoch 40: Train Loss=0.3903, Val Acc=91.00%
Linear Epoch 45: Train Loss=0.3649, Val Acc=91.30%
Linear Epoch 50: Train Loss=0.3441, Val Acc=91.56%
[daplankton_lab_ifcb] Linear accuracy: 89.65% | Val accuracy: 91.56%
[daplankton_lab_ifcb] Eval-only accuracy: 10.81%
Running unsupervised k-NN evaluation...
k-NN Top-1 accuracy: 87.98%
Running unsupervised clustering evaluation...
K-Means clustering accuracy (Hungarian matched): 51.85%
Silhouette score: 0.122
Prototype accuracy: 79.02%

>>> Evaluating on 'daplankton_lab_cs' <<<
[daplankton_lab_cs] Linear split: 6330 train, 1583 val, 2638 test
Linear Epoch 5: Train Loss=1.7942, Val Acc=63.42%
Linear Epoch 10: Train Loss=1.3361, Val Acc=73.66%
Linear Epoch 15: Train Loss=1.0894, Val Acc=75.74%
Linear Epoch 20: Train Loss=0.9331, Val Acc=78.27%
Linear Epoch 25: Train Loss=0.8262, Val Acc=79.72%
Linear Epoch 30: Train Loss=0.7468, Val Acc=80.73%
Linear Epoch 35: Train Loss=0.6877, Val Acc=82.00%
Linear Epoch 40: Train Loss=0.6401, Val Acc=83.07%
Linear Epoch 45: Train Loss=0.5999, Val Acc=83.70%
Linear Epoch 50: Train Loss=0.5673, Val Acc=84.59%
[daplankton_lab_cs] Linear accuracy: 84.76% | Val accuracy: 84.65%
[daplankton_lab_cs] Eval-only accuracy: 8.26%
Running unsupervised k-NN evaluation...
k-NN Top-1 accuracy: 85.71%
Running unsupervised clustering evaluation...
K-Means clustering accuracy (Hungarian matched): 48.26%
Silhouette score: 0.086
Prototype accuracy: 68.95%

>>> Evaluating on 'daplankton_lab_fc' <<<
[daplankton_lab_fc] Linear split: 8548 train, 2137 val, 3561 test
Linear Epoch 5: Train Loss=1.4189, Val Acc=66.45%
Linear Epoch 10: Train Loss=0.9895, Val Acc=76.51%
Linear Epoch 15: Train Loss=0.7921, Val Acc=80.67%
Linear Epoch 20: Train Loss=0.6795, Val Acc=82.73%
Linear Epoch 25: Train Loss=0.6041, Val Acc=84.18%
Linear Epoch 30: Train Loss=0.5508, Val Acc=85.17%
Linear Epoch 35: Train Loss=0.5098, Val Acc=86.34%
Linear Epoch 40: Train Loss=0.4777, Val Acc=86.99%
Linear Epoch 45: Train Loss=0.4501, Val Acc=87.23%
Linear Epoch 50: Train Loss=0.4263, Val Acc=87.69%
[daplankton_lab_fc] Linear accuracy: 87.45% | Val accuracy: 87.69%
[daplankton_lab_fc] Eval-only accuracy: 6.96%
Running unsupervised k-NN evaluation...
k-NN Top-1 accuracy: 86.46%
Running unsupervised clustering evaluation...
K-Means clustering accuracy (Hungarian matched): 47.29%
Silhouette score: 0.103
Prototype accuracy: 73.52%
Results saved to fl_results/fed_unsup_simclr_dino_b16_wco_l4_ifcb_pml_dino_b16_2000C_5pct_seed27_20260529_073443.json
