Device: cuda
Configuration: {'dataset': 'wco_l4_ifcb_pml', 'dino_model': 'vit_base_patch16_dinov3', 'projection_dim': 128, 'image_size': 224, 'num_clients': 200, 'client_frac': 0.05, 'rounds': 20, 'local_epochs': 5, 'batch_size': 128, 'lr': 0.0001, 'wd': 0.0001, 'grad_clip': 1.0, 'linear_lr': 0.001, 'linear_wd': 0.0001, 'linear_bs': 256, 'linear_epochs': 50, 'linear_patience': 10, 'dirichlet_alpha': 0.3, 'balanced_partition': False, 'normalization': 'imagenet', 'seed': 17, 'backbone_tag': 'dino_b16', 'run_name': 'dino_b16_200C_5pct_seed17', 'verbose': False, 'progress_every': 20, 'eval_every': 0, 'save_test_embeddings': False, 'cpu': False, 'eval_datasets': ['wco_l4_ifcb_pml', 'syke_ifcb', 'syke_zooscan', 'plankto_share', 'daplankton_lab_ifcb', 'daplankton_lab_cs', 'daplankton_lab_fc'], 'tiny_root': './tiny', 'celeba_root': './celeba', 'device': device(type='cuda')}
Loading DINOv3 backbone (vit_base_patch16_dinov3)...
DINOv3 image feature dim: 768
Using Dirichlet alpha=0.3 for non-IID partition...
Using imbalanced Dirichlet partition
Starting federated unsupervised SimCLR (CLIP backbone)...

--- Round 1/20 ---
Client 133: 4.8437
Client 106: 4.9158
Client 77: 4.9568
Client 93: 4.9806
Client 74: 4.8342
Client 44: 5.0594
Client 196: 4.8634
Client 180: 5.0266
Client 138: 4.7545
Client 169: 4.8952
Round avg loss: 4.9130 (Best: 4.9130)

--- Round 2/20 ---
Client 71: 4.8324
Client 28: 4.9339
Client 6: 4.8436
Client 63: 4.8460
Client 98: 4.9280
Client 191: 4.8134
Client 107: 4.8368
Client 64: 4.7942
Client 128: 4.8265
Client 81: 4.9333
Round avg loss: 4.8588 (Best: 4.8588)

--- Round 3/20 ---
Client 163: 4.7801
Client 175: 4.8029
Client 185: 4.7996
Client 102: 4.8656
Client 35: 4.9076
Client 141: 4.8798
Client 15: 4.8018
Client 50: 4.7683
Client 38: 4.7912
Client 180: 4.6454
Round avg loss: 4.8042 (Best: 4.8042)

--- Round 4/20 ---
Client 136: 4.8970
Client 143: 4.8402
Client 175: 4.4201
Client 53: 4.9041
Client 84: 4.8970
Client 138: 4.3392
Client 31: 4.7518
Client 183: 4.8108
Client 163: 4.4118
Client 17: 4.7523
Round avg loss: 4.7024 (Best: 4.7024)

--- Round 5/20 ---
Client 79: 4.7856
Client 104: 4.8019
Client 20: 4.8297
Client 129: 4.8417
Client 121: 4.8367
Client 163: 4.2274
Client 153: 4.8561
Client 36: 4.7680
Client 174: 4.8343
Client 86: 4.9279
Round avg loss: 4.7709 (Best: 4.7024)

--- Round 6/20 ---
Client 4: 4.9097
Client 110: 4.8877
Client 95: 4.7163
Client 146: 5.0048
Client 13: 4.8100
Client 192: 4.7911
Client 189: 4.8431
Client 90: 4.8760
Client 12: 4.8384
Client 122: 4.9775
Round avg loss: 4.8655 (Best: 4.7024)

--- Round 7/20 ---
Client 95: 4.3348
Client 148: 4.7762
Client 198: 4.8074
Client 1: 4.9970
Client 103: 4.7939
Client 61: 4.7871
Client 29: 4.9321
Client 142: 4.8280
Client 54: 4.9437
Client 63: 4.4818
Round avg loss: 4.7682 (Best: 4.7024)

--- Round 8/20 ---
Client 134: 4.8149
Client 92: 4.8599
Client 14: 4.8914
Client 68: 4.8364
Client 16: 4.9213
Client 70: 4.8596
Client 49: 4.9968
Client 191: 4.4176
Client 154: 4.9728
Client 142: 4.4429
Round avg loss: 4.8014 (Best: 4.7024)

--- Round 9/20 ---
Client 136: 4.5009
Client 141: 4.4494
Client 33: 4.9310
Client 64: 4.4043
Client 168: 4.8986
Client 78: 4.9417
Client 89: 4.8055
Client 81: 4.5064
Client 43: 5.0132
Client 85: 4.8739
Round avg loss: 4.7325 (Best: 4.7024)

--- Round 10/20 ---
Client 24: 4.9462
Client 147: 4.9377
Client 148: 4.4067
Client 69: 4.8206
Client 85: 4.4833
Client 2: 4.8228
Client 12: 4.4644
Client 192: 4.3973
Client 89: 4.4232
Client 4: 4.5244
Round avg loss: 4.6227 (Best: 4.6227)

--- Round 11/20 ---
Client 119: 4.7888
Client 190: 4.9225
Client 69: 4.4206
Client 121: 4.4032
Client 162: 4.7838
Client 13: 4.4130
Client 186: 4.7856
Client 50: 4.4133
Client 79: 4.3667
Client 66: 4.8591
Round avg loss: 4.6157 (Best: 4.6157)

--- Round 12/20 ---
Client 19: 4.9717
Client 191: 4.2771
Client 183: 4.3916
Client 124: 4.7970
Client 5: 4.8264
Client 158: 4.9542
Client 144: 4.8165
Client 134: 4.4459
Client 175: 4.2711
Client 35: 4.5352
Round avg loss: 4.6287 (Best: 4.6157)

--- Round 13/20 ---
Client 103: 4.4251
Client 124: 4.3988
Client 187: 4.8371
Client 151: 5.0144
Client 100: 4.8021
Client 46: 4.9776
Client 50: 4.2344
Client 64: 4.2589
Client 38: 4.4160
Client 173: 5.0014
Round avg loss: 4.6366 (Best: 4.6157)

--- Round 14/20 ---
Client 28: 4.5144
Client 54: 4.5565
Client 12: 4.3047
Client 137: 4.9986
Client 78: 4.5437
Client 80: 4.9277
Client 41: 4.8079
Client 107: 4.4171
Client 23: 4.9822
Client 176: 4.8647
Round avg loss: 4.6917 (Best: 4.6157)

--- Round 15/20 ---
Client 197: 4.8622
Client 79: 4.2092
Client 64: 4.1543
Client 168: 4.5196
Client 103: 4.2296
Client 122: 4.5787
Client 19: 4.5821
Client 138: 4.1833
Client 21: 4.9275
Client 139: 4.8007
Round avg loss: 4.5047 (Best: 4.5047)

--- Round 16/20 ---
Client 162: 4.3735
Client 61: 4.4251
Client 57: 5.0351
Client 136: 4.3395
Client 67: 4.9610
Client 147: 4.5496
Client 41: 4.4268
Client 75: 4.8065
Client 12: 4.2204
Client 185: 4.3946
Round avg loss: 4.5532 (Best: 4.5047)

--- Round 17/20 ---
Client 124: 4.2313
Client 150: 4.9067
Client 100: 4.4118
Client 56: 4.8367
Client 141: 4.3097
Client 104: 4.3890
Client 132: 4.9868
Client 160: 4.9535
Client 113: 4.9264
Client 19: 4.4186
Round avg loss: 4.6371 (Best: 4.5047)

--- Round 18/20 ---
Client 117: 4.8053
Client 192: 4.2246
Client 55: 4.8734
Client 58: 4.7479
Client 123: 4.8294
Client 81: 4.3453
Client 48: 4.9782
Client 93: 4.6023
Client 153: 4.4746
Client 7: 4.7923
Round avg loss: 4.6673 (Best: 4.5047)

--- Round 19/20 ---
Client 190: 4.4756
Client 147: 4.3659
Client 145: 4.7941
Client 132: 4.6157
Client 108: 4.8297
Client 13: 4.2304
Client 84: 4.5243
Client 148: 4.2247
Client 43: 4.6639
Client 142: 4.2821
Round avg loss: 4.5006 (Best: 4.5006)

--- Round 20/20 ---
Client 59: 4.9287
Client 156: 4.7810
Client 80: 4.5291
Client 94: 4.8303
Client 44: 4.7047
Client 193: 5.0630
Client 54: 4.3761
Client 77: 4.5624
Client 111: 4.8183
Client 91: 4.9912
Round avg loss: 4.7585 (Best: 4.5006)
Projector checkpoint saved to fl_results/checkpoints/projector_dino_b16_wco_l4_ifcb_pml_dino_b16_200C_5pct_seed17_20260528_032559.pt

Running final evaluations...

>>> Evaluating on 'wco_l4_ifcb_pml' <<<
[wco_l4_ifcb_pml] Linear split: 43525 train, 10882 val, 18135 test
Linear Epoch 5: Train Loss=1.2176, Val Acc=73.21%
Linear Epoch 10: Train Loss=0.8391, Val Acc=79.50%
Linear Epoch 15: Train Loss=0.6998, Val Acc=81.88%
Linear Epoch 20: Train Loss=0.6290, Val Acc=83.16%
Linear Epoch 25: Train Loss=0.5955, Val Acc=84.06%
Linear Epoch 30: Train Loss=0.5582, Val Acc=84.38%
Linear Epoch 35: Train Loss=0.5395, Val Acc=84.95%
Linear Epoch 40: Train Loss=0.5262, Val Acc=85.10%
Linear Epoch 45: Train Loss=0.5186, Val Acc=85.43%
Linear Epoch 50: Train Loss=0.5127, Val Acc=85.47%
[wco_l4_ifcb_pml] Linear accuracy: 85.94% | Val accuracy: 85.50%
[wco_l4_ifcb_pml] Eval-only accuracy: 0.35%
Running unsupervised k-NN evaluation...
k-NN Top-1 accuracy: 80.75%
Running unsupervised clustering evaluation...
K-Means clustering accuracy (Hungarian matched): 32.47%
Silhouette score: 0.067
Prototype accuracy: 65.07%

>>> Evaluating on 'syke_ifcb' <<<
[syke_ifcb] Linear split: 30272 train, 7568 val, 12618 test
Linear Epoch 5: Train Loss=0.7646, Val Acc=82.07%
Linear Epoch 10: Train Loss=0.5059, Val Acc=86.91%
Linear Epoch 15: Train Loss=0.4035, Val Acc=88.83%
Linear Epoch 20: Train Loss=0.3485, Val Acc=90.06%
Linear Epoch 25: Train Loss=0.3132, Val Acc=90.90%
Linear Epoch 30: Train Loss=0.2891, Val Acc=91.46%
Linear Epoch 35: Train Loss=0.2707, Val Acc=92.16%
Linear Epoch 40: Train Loss=0.2575, Val Acc=92.39%
Linear Epoch 45: Train Loss=0.2483, Val Acc=92.56%
Linear Epoch 50: Train Loss=0.2399, Val Acc=92.88%
[syke_ifcb] Linear accuracy: 93.30% | Val accuracy: 92.88%
[syke_ifcb] Eval-only accuracy: 0.94%
Running unsupervised k-NN evaluation...
k-NN Top-1 accuracy: 90.02%
Running unsupervised clustering evaluation...
K-Means clustering accuracy (Hungarian matched): 32.01%
Silhouette score: 0.082
Prototype accuracy: 69.59%

>>> Evaluating on 'syke_zooscan' <<<
[syke_zooscan] Linear split: 10896 train, 2724 val, 4597 test
Linear Epoch 5: Train Loss=0.9806, Val Acc=78.85%
Linear Epoch 10: Train Loss=0.6680, Val Acc=84.14%
Linear Epoch 15: Train Loss=0.5290, Val Acc=87.00%
Linear Epoch 20: Train Loss=0.4467, Val Acc=88.62%
Linear Epoch 25: Train Loss=0.3923, Val Acc=90.12%
Linear Epoch 30: Train Loss=0.3528, Val Acc=91.34%
Linear Epoch 35: Train Loss=0.3221, Val Acc=92.03%
Linear Epoch 40: Train Loss=0.2994, Val Acc=92.36%
Linear Epoch 45: Train Loss=0.2806, Val Acc=93.02%
Linear Epoch 50: Train Loss=0.2655, Val Acc=93.21%
[syke_zooscan] Linear accuracy: 91.26% | Val accuracy: 93.21%
[syke_zooscan] Eval-only accuracy: 0.63%
Running unsupervised k-NN evaluation...
k-NN Top-1 accuracy: 90.45%
Running unsupervised clustering evaluation...
K-Means clustering accuracy (Hungarian matched): 31.06%
Silhouette score: 0.075
Prototype accuracy: 69.05%

>>> Evaluating on 'plankto_share' <<<
[plankto_share] Linear split: 25363 train, 6341 val, 10572 test
Linear Epoch 5: Train Loss=1.9747, Val Acc=54.42%
Linear Epoch 10: Train Loss=1.4977, Val Acc=62.58%
Linear Epoch 15: Train Loss=1.2976, Val Acc=65.90%
Linear Epoch 20: Train Loss=1.1856, Val Acc=67.94%
Linear Epoch 25: Train Loss=1.1141, Val Acc=69.09%
Linear Epoch 30: Train Loss=1.0631, Val Acc=70.15%
Linear Epoch 35: Train Loss=1.0308, Val Acc=70.71%
Linear Epoch 40: Train Loss=0.9941, Val Acc=71.05%
Linear Epoch 45: Train Loss=0.9764, Val Acc=71.39%
Linear Epoch 50: Train Loss=0.9516, Val Acc=71.68%
[plankto_share] Linear accuracy: 72.16% | Val accuracy: 71.71%
[plankto_share] Eval-only accuracy: 0.46%
Running unsupervised k-NN evaluation...
k-NN Top-1 accuracy: 66.49%
Running unsupervised clustering evaluation...
K-Means clustering accuracy (Hungarian matched): 26.21%
Silhouette score: 0.044
Prototype accuracy: 49.54%

>>> Evaluating on 'daplankton_lab_ifcb' <<<
[daplankton_lab_ifcb] Linear split: 7909 train, 1978 val, 3294 test
Linear Epoch 5: Train Loss=1.2720, Val Acc=78.77%
Linear Epoch 10: Train Loss=0.8487, Val Acc=83.72%
Linear Epoch 15: Train Loss=0.6718, Val Acc=86.05%
Linear Epoch 20: Train Loss=0.5729, Val Acc=87.36%
Linear Epoch 25: Train Loss=0.5083, Val Acc=88.22%
Linear Epoch 30: Train Loss=0.4627, Val Acc=89.08%
Linear Epoch 35: Train Loss=0.4270, Val Acc=89.23%
Linear Epoch 40: Train Loss=0.3993, Val Acc=89.43%
Linear Epoch 45: Train Loss=0.3769, Val Acc=90.24%
Linear Epoch 50: Train Loss=0.3580, Val Acc=90.44%
[daplankton_lab_ifcb] Linear accuracy: 90.13% | Val accuracy: 90.60%
[daplankton_lab_ifcb] Eval-only accuracy: 4.46%
Running unsupervised k-NN evaluation...
k-NN Top-1 accuracy: 87.16%
Running unsupervised clustering evaluation...
K-Means clustering accuracy (Hungarian matched): 52.34%
Silhouette score: 0.137
Prototype accuracy: 77.84%

>>> Evaluating on 'daplankton_lab_cs' <<<
[daplankton_lab_cs] Linear split: 6330 train, 1583 val, 2638 test
Linear Epoch 5: Train Loss=1.7345, Val Acc=62.54%
Linear Epoch 10: Train Loss=1.2686, Val Acc=73.91%
Linear Epoch 15: Train Loss=1.0292, Val Acc=78.33%
Linear Epoch 20: Train Loss=0.8859, Val Acc=79.79%
Linear Epoch 25: Train Loss=0.7896, Val Acc=80.73%
Linear Epoch 30: Train Loss=0.7214, Val Acc=81.81%
Linear Epoch 35: Train Loss=0.6677, Val Acc=82.69%
Linear Epoch 40: Train Loss=0.6264, Val Acc=83.77%
Linear Epoch 45: Train Loss=0.5928, Val Acc=84.14%
Linear Epoch 50: Train Loss=0.5643, Val Acc=84.40%
[daplankton_lab_cs] Linear accuracy: 84.65% | Val accuracy: 84.59%
[daplankton_lab_cs] Eval-only accuracy: 7.73%
Running unsupervised k-NN evaluation...
k-NN Top-1 accuracy: 85.75%
Running unsupervised clustering evaluation...
K-Means clustering accuracy (Hungarian matched): 50.23%
Silhouette score: 0.092
Prototype accuracy: 72.02%

>>> Evaluating on 'daplankton_lab_fc' <<<
[daplankton_lab_fc] Linear split: 8548 train, 2137 val, 3561 test
Linear Epoch 5: Train Loss=1.3344, Val Acc=69.35%
Linear Epoch 10: Train Loss=0.9392, Val Acc=78.24%
Linear Epoch 15: Train Loss=0.7611, Val Acc=81.24%
Linear Epoch 20: Train Loss=0.6591, Val Acc=82.87%
Linear Epoch 25: Train Loss=0.5936, Val Acc=84.42%
Linear Epoch 30: Train Loss=0.5437, Val Acc=85.63%
Linear Epoch 35: Train Loss=0.5074, Val Acc=86.06%
Linear Epoch 40: Train Loss=0.4765, Val Acc=86.66%
Linear Epoch 45: Train Loss=0.4520, Val Acc=87.23%
Linear Epoch 50: Train Loss=0.4311, Val Acc=87.51%
[daplankton_lab_fc] Linear accuracy: 87.36% | Val accuracy: 87.55%
[daplankton_lab_fc] Eval-only accuracy: 1.71%
Running unsupervised k-NN evaluation...
k-NN Top-1 accuracy: 85.23%
Running unsupervised clustering evaluation...
K-Means clustering accuracy (Hungarian matched): 46.45%
Silhouette score: 0.123
Prototype accuracy: 72.06%
Results saved to fl_results/fed_unsup_simclr_dino_b16_wco_l4_ifcb_pml_dino_b16_200C_5pct_seed17_20260528_032559.json
