Device: cuda
Configuration: {'dataset': 'wco_l4_ifcb_pml', 'dino_model': 'vit_small_patch16_dinov3', 'projection_dim': 128, 'image_size': 224, 'num_clients': 2000, 'client_frac': 0.05, 'rounds': 20, 'local_epochs': 5, 'batch_size': 128, 'lr': 0.0001, 'wd': 0.0001, 'grad_clip': 1.0, 'linear_lr': 0.001, 'linear_wd': 0.0001, 'linear_bs': 256, 'linear_epochs': 50, 'linear_patience': 10, 'dirichlet_alpha': 0.3, 'balanced_partition': False, 'normalization': 'imagenet', 'seed': 27, 'backbone_tag': 'dino_s16', 'run_name': 'dino_s16_2000C_5pct_seed27', 'verbose': False, 'progress_every': 20, 'eval_every': 0, 'save_test_embeddings': False, 'cpu': False, 'eval_datasets': ['wco_l4_ifcb_pml', 'syke_ifcb', 'syke_zooscan', 'plankto_share', 'daplankton_lab_ifcb', 'daplankton_lab_cs', 'daplankton_lab_fc'], 'tiny_root': './tiny', 'celeba_root': './celeba', 'device': device(type='cuda')}
Loading DINOv3 backbone (vit_small_patch16_dinov3)...
DINOv3 image feature dim: 384
Using Dirichlet alpha=0.3 for non-IID partition...
Using imbalanced Dirichlet partition
Starting federated unsupervised SimCLR (CLIP backbone)...

--- Round 1/20 ---
Client 1328: 3.3917
Client 982: 3.6042
Client 1436: 3.5668
Client 567: 3.8764
Client 1960: 3.9203
Client 585: 3.3749
Client 402: 3.2863
Client 151: 3.3468
Client 133: 4.0821
Client 521: 3.6364
Client 1688: 3.1724
Client 1105: 3.5293
Client 682: 3.0474
Client 517: 3.5610
Client 762: 3.7111
Client 1708: 3.4366
Client 1668: 4.0897
Client 825: 3.4169
Client 375: 3.7977
Client 507: 3.8892
Client 1863: 3.1644
Client 491: 3.3658
Client 1005: 3.4889
Client 1682: 3.4596
Client 146: 3.8508
Client 1494: 3.0732
Client 1879: 3.3407
Client 1305: 3.1940
Client 1173: 4.1200
Client 1339: 3.5715
Client 161: 3.4686
Client 1250: 3.5493
Client 1717: 3.4942
Client 870: 3.3527
Client 1586: 3.6783
Client 855: 3.6257
Client 1515: 3.8872
Client 107: 3.4875
Client 1346: 3.8188
Client 900: 3.5570
Client 716: 4.0064
Client 24: 3.1445
Client 1730: 3.8751
Client 1995: 3.1256
Client 1671: 3.4737
Client 1316: 3.9424
Client 979: 3.9431
Client 518: 3.5639
Client 281: 3.3438
Client 1254: 3.5721
Client 1925: 3.8909
Client 691: 3.7310
Client 1249: 3.7731
Client 1331: 3.4722
Client 465: 3.2792
Client 1442: 2.9442
Client 1073: 4.0841
Client 288: 3.3162
Client 202: 3.8766
Client 1998: 2.8768
Client 802: 3.4020
Client 1539: 3.8433
Client 618: 3.5426
Client 1866: 3.4983
Client 1534: 3.9437
Client 1629: 3.0324
Client 1907: 3.6990
Client 76: 3.2245
Client 1588: 3.5267
Client 1392: 3.8065
Client 1086: 3.3226
Client 173: 3.6232
Client 348: 4.3128
Client 941: 3.5779
Client 1449: 3.9666
Client 310: 3.0872
Client 542: 3.9992
Client 1106: 3.5003
Client 104: 3.6738
Client 354: 4.0185
Client 1997: 3.2617
Client 1982: 3.3028
Client 30: 3.5222
Client 925: 3.6528
Client 1596: 3.9408
Client 309: 3.8813
Client 709: 3.9161
Client 1822: 3.5299
Client 1175: 4.0021
Client 1176: 3.3175
Client 851: 3.6332
Client 630: 3.3586
Client 896: 3.5268
Client 1786: 3.8713
Client 1670: 3.1580
Client 957: 3.5216
Client 722: 3.7963
Client 25: 3.0061
Client 739: 4.1033
Client 321: 3.3732
Round avg loss: 3.5780 (Best: 3.5780)

--- Round 2/20 ---
Client 1600: 3.7889
Client 543: 2.8705
Client 363: 3.3417
Client 989: 3.4040
Client 731: 3.8042
Client 1799: 3.5604
Client 1057: 4.1746
Client 125: 3.5632
Client 1059: 3.5587
Client 510: 3.5087
Client 348: 4.1340
Client 425: 3.2579
Client 1565: 3.4055
Client 1505: 3.4933
Client 1001: 3.7822
Client 1138: 3.8390
Client 187: 3.6176
Client 685: 3.6322
Client 692: 3.3577
Client 1564: 3.5936
Client 117: 3.5948
Client 805: 4.0817
Client 703: 3.3618
Client 1302: 3.9240
Client 234: 3.7888
Client 618: 3.2600
Client 520: 3.8625
Client 1630: 3.5654
Client 1424: 3.9953
Client 1412: 3.9975
Client 168: 3.9308
Client 614: 3.0646
Client 935: 3.4940
Client 949: 3.7897
Client 583: 3.3643
Client 1051: 3.9920
Client 240: 3.4986
Client 1199: 3.6341
Client 46: 3.7833
Client 1857: 3.4041
Client 443: 3.5329
Client 1811: 3.7880
Client 1583: 3.6103
Client 978: 3.7276
Client 1135: 3.3663
Client 1111: 3.1501
Client 1832: 3.3214
Client 1983: 3.5485
Client 1403: 3.4191
Client 247: 3.2113
Client 7: 3.1257
Client 1213: 3.6318
Client 763: 3.4262
Client 1632: 3.8101
Client 388: 3.4006
Client 606: 3.7321
Client 1432: 4.0125
Client 1257: 3.3243
Client 1751: 3.9044
Client 198: 3.6946
Client 65: 3.3767
Client 1151: 3.6684
Client 866: 3.3885
Client 840: 3.3027
Client 1527: 3.3898
Client 943: 3.8416
Client 1508: 3.8434
Client 370: 4.1128
Client 1834: 3.5560
Client 1964: 3.4806
Client 1728: 4.0314
Client 720: 3.8231
Client 1519: 3.5525
Client 29: 3.6629
Client 1271: 4.3254
Client 389: 2.7455
Client 464: 3.4683
Client 780: 3.3351
Client 392: 3.8774
Client 1716: 3.6113
Client 1528: 3.7857
Client 674: 3.4751
Client 1701: 3.3730
Client 785: 3.8288
Client 1692: 3.3717
Client 1802: 3.4069
Client 128: 3.1262
Client 706: 3.5695
Client 86: 3.6574
Client 375: 3.5893
Client 1744: 3.6567
Client 160: 4.0389
Client 603: 3.6193
Client 476: 4.0499
Client 281: 3.1493
Client 1945: 3.3991
Client 946: 3.7010
Client 1238: 2.3822
Client 1688: 2.8986
Client 977: 3.9013
Round avg loss: 3.5819 (Best: 3.5780)

--- Round 3/20 ---
Client 209: 3.5603
Client 476: 3.8006
Client 1218: 3.8633
Client 754: 3.4921
Client 1752: 3.6196
Client 574: 3.5740
Client 62: 3.8459
Client 1349: 3.0402
Client 1005: 3.2392
Client 330: 3.5003
Client 639: 4.0651
Client 1095: 3.1750
Client 957: 3.3125
Client 437: 3.4177
Client 1702: 3.2893
Client 895: 3.4700
Client 1647: 3.1858
Client 622: 3.8034
Client 1372: 4.1732
Client 416: 3.5454
Client 1043: 3.4194
Client 1673: 3.6893
Client 1659: 3.7797
Client 307: 3.1727
Client 1471: 3.5642
Client 1465: 3.3940
Client 680: 3.4845
Client 1164: 3.7301
Client 1416: 3.7085
Client 118: 4.2177
Client 1845: 3.6584
Client 464: 3.2539
Client 255: 3.3986
Client 961: 3.7181
Client 1245: 3.8153
Client 1260: 3.7243
Client 1432: 3.7681
Client 162: 3.4124
Client 499: 3.7426
Client 888: 3.5116
Client 651: 3.2754
Client 627: 2.9541
Client 89: 3.6141
Client 258: 4.1630
Client 211: 3.4398
Client 820: 3.7585
Client 1821: 3.3425
Client 177: 4.0829
Client 766: 3.4912
Client 1884: 3.6544
Client 418: 3.5636
Client 339: 3.7315
Client 1543: 3.8262
Client 1117: 3.4321
Client 1508: 3.5813
Client 1453: 3.1884
Client 1958: 3.8745
Client 41: 3.7961
Client 383: 3.6216
Client 1927: 3.4005
Client 909: 3.6141
Client 1883: 4.0316
Client 103: 3.2296
Client 1188: 3.6833
Client 1223: 3.8604
Client 1067: 4.0775
Client 1676: 4.0084
Client 1742: 3.3033
Client 1232: 3.8749
Client 454: 4.4799
Client 1904: 3.8706
Client 1106: 3.2801
Client 415: 3.1762
Client 193: 4.1140
Client 1143: 3.3145
Client 1225: 3.5792
Client 1118: 3.3439
Client 1569: 3.0754
Client 908: 3.4377
Client 748: 3.8737
Client 675: 3.5207
Client 1300: 3.3480
Client 1029: 3.8768
Client 426: 3.7753
Client 802: 3.1963
Client 1425: 3.8155
Client 390: 3.0534
Client 331: 3.0990
Client 17: 3.8508
Client 716: 3.7826
Client 492: 3.4874
Client 410: 3.3890
Client 1487: 3.6964
Client 659: 3.0582
Client 1860: 3.5141
Client 1972: 3.6429
Client 778: 3.6823
Client 963: 3.3335
Client 692: 3.1731
Client 135: 3.8095
Round avg loss: 3.5826 (Best: 3.5780)

--- Round 4/20 ---
Client 501: 3.1077
Client 1218: 3.6441
Client 150: 2.9597
Client 1192: 3.6825
Client 1567: 3.9616
Client 1501: 3.7586
Client 1782: 3.7340
Client 98: 3.3947
Client 1427: 3.4133
Client 1629: 2.8674
Client 1294: 3.5914
Client 266: 4.1529
Client 96: 3.7742
Client 1703: 4.0541
Client 1238: 2.1566
Client 1003: 3.6101
Client 1115: 3.6487
Client 191: 3.0015
Client 917: 3.6786
Client 212: 3.4137
Client 1349: 2.8439
Client 1532: 3.4924
Client 274: 3.5786
Client 629: 3.4520
Client 1347: 3.7013
Client 1174: 3.8445
Client 1740: 3.6898
Client 995: 3.8147
Client 1914: 3.1591
Client 1437: 3.8247
Client 679: 3.5761
Client 1470: 3.7669
Client 1084: 3.6320
Client 1974: 3.4065
Client 1106: 3.0644
Client 783: 3.5840
Client 1704: 3.3768
Client 688: 3.2878
Client 1274: 3.7246
Client 1879: 3.1202
Client 129: 3.7219
Client 1023: 3.6794
Client 707: 3.7180
Client 740: 3.7470
Client 1522: 3.6975
Client 987: 3.3597
Client 1930: 3.0231
Client 616: 4.0178
Client 1634: 3.4408
Client 998: 3.5758
Client 385: 3.5925
Client 1259: 3.2455
Client 1339: 3.3601
Client 453: 3.2276
Client 1081: 3.6918
Client 1503: 3.6946
Client 1257: 3.1121
Client 1138: 3.6390
Client 491: 3.0942
Client 456: 4.2040
Client 1493: 4.1304
Client 715: 3.6799
Client 221: 2.3931
Client 631: 3.9139
Client 1416: 3.4726
Client 604: 3.5607
Client 1315: 3.3349
Client 337: 3.9206
Client 1565: 3.1712
Client 825: 3.1764
Client 1000: 4.0131
Client 545: 3.3460
Client 860: 3.4650
Client 536: 4.0047
Client 58: 3.6976
Client 1706: 3.7628
Client 368: 3.8355
Client 224: 3.7240
Client 1078: 3.3914
Client 945: 3.4915
Client 1093: 3.2746
Client 84: 3.5010
Client 1562: 3.4546
Client 116: 3.8237
Client 914: 3.4012
Client 1737: 3.1716
Client 494: 3.7015
Client 1605: 3.6368
Client 538: 3.0549
Client 1904: 3.6612
Client 202: 3.6603
Client 226: 3.6414
Client 312: 3.7517
Client 1591: 3.4568
Client 500: 3.8415
Client 609: 3.6124
Client 1129: 3.9459
Client 1616: 3.4846
Client 1451: 3.9523
Client 1160: 3.7512
Round avg loss: 3.5365 (Best: 3.5365)

--- Round 5/20 ---
Client 1678: 3.8768
Client 886: 3.5445
Client 1268: 3.7441
Client 1905: 3.3004
Client 529: 3.5021
Client 561: 3.8088
Client 1095: 3.0001
Client 83: 3.5527
Client 1724: 3.9787
Client 356: 3.1639
Client 1320: 3.2481
Client 114: 3.3408
Client 1545: 3.0032
Client 935: 3.2688
Client 1978: 3.7208
Client 1495: 3.5470
Client 253: 3.4673
Client 174: 4.1919
Client 1585: 3.8005
Client 500: 3.5662
Client 1965: 3.5439
Client 1622: 3.8011
Client 1105: 3.3798
Client 1832: 3.0809
Client 689: 3.1919
Client 1403: 3.1956
Client 1307: 3.2089
Client 307: 2.9707
Client 225: 4.0148
Client 1477: 3.1726
Client 1551: 3.7873
Client 47: 3.6229
Client 1520: 3.9884
Client 466: 3.4339
Client 50: 3.0708
Client 1673: 3.4662
Client 1090: 3.9312
Client 525: 3.2545
Client 1011: 3.5524
Client 695: 3.9177
Client 1498: 3.5336
Client 5: 2.7785
Client 871: 3.5417
Client 1291: 3.1758
Client 1093: 3.0080
Client 45: 3.6472
Client 764: 3.7434
Client 576: 3.4725
Client 1376: 3.4457
Client 195: 3.7169
Client 254: 3.6136
Client 365: 3.7922
Client 1707: 3.5493
Client 1252: 3.2544
Client 1626: 3.6891
Client 1813: 3.4464
Client 361: 3.6973
Client 39: 3.6722
Client 1147: 2.9879
Client 584: 2.9969
Client 996: 3.9705
Client 1700: 3.5320
Client 1321: 3.5355
Client 1522: 3.4775
Client 1962: 3.9135
Client 92: 3.4315
Client 762: 3.4561
Client 1425: 3.5514
Client 1200: 3.5266
Client 252: 3.3442
Client 1008: 3.8891
Client 1323: 3.6426
Client 309: 3.6601
Client 672: 3.9324
Client 952: 3.5046
Client 691: 3.4976
Client 1983: 3.3104
Client 574: 3.3282
Client 1511: 3.5219
Client 1512: 3.6033
Client 409: 3.6952
Client 1210: 3.8494
Client 682: 2.7536
Client 530: 3.6099
Client 394: 3.7623
Client 1587: 3.6732
Client 840: 3.0540
Client 1028: 3.9556
Client 943: 3.5835
Client 1096: 3.6696
Client 277: 3.5500
Client 133: 3.8478
Client 882: 3.1058
Client 1331: 3.2219
Client 890: 3.8987
Client 803: 3.5502
Client 1741: 3.6626
Client 1308: 3.5234
Client 1999: 4.9206
Client 1204: 3.3423
Round avg loss: 3.5283 (Best: 3.5283)

--- Round 6/20 ---
Client 788: 3.6240
Client 698: 3.8416
Client 890: 3.6563
Client 892: 3.8452
Client 1771: 3.4460
Client 328: 4.0250
Client 1849: 3.1376
Client 143: 3.7891
Client 252: 3.0578
Client 286: 3.4379
Client 1870: 3.6127
Client 1406: 2.9290
Client 880: 4.0149
Client 1598: 3.6170
Client 385: 3.4246
Client 1581: 3.4596
Client 1520: 3.7625
Client 290: 3.6819
Client 1838: 3.7120
Client 579: 4.1818
Client 1005: 3.0834
Client 1863: 2.9424
Client 1042: 3.8450
Client 1478: 3.6011
Client 1916: 3.7902
Client 797: 3.6179
Client 679: 3.3968
Client 1526: 3.6130
Client 366: 3.4456
Client 548: 3.6782
Client 684: 3.6029
Client 191: 2.7574
Client 207: 3.5379
Client 1858: 3.4613
Client 1786: 3.6728
Client 1766: 3.4991
Client 145: 4.0604
Client 1012: 3.4635
Client 338: 3.3260
Client 857: 3.4210
Client 57: 3.6710
Client 1874: 3.6003
Client 1064: 3.5666
Client 1141: 3.5298
Client 30: 3.2987
Client 1984: 3.5671
Client 1750: 3.7657
Client 21: 3.6227
Client 1320: 3.0394
Client 1327: 3.1687
Client 376: 3.9635
Client 520: 3.6413
Client 1035: 3.8676
Client 1462: 3.2265
Client 998: 3.3213
Client 1884: 3.4318
Client 1959: 3.8258
Client 43: 3.2326
Client 628: 2.6011
Client 1375: 3.3050
Client 1633: 4.2235
Client 1669: 3.9930
Client 1623: 3.6235
Client 990: 3.5567
Client 1808: 3.4685
Client 251: 3.3764
Client 1762: 3.4114
Client 1014: 4.2492
Client 1122: 4.4026
Client 1422: 3.6115
Client 834: 3.3819
Client 1101: 4.0724
Client 803: 3.3373
Client 1155: 3.3604
Client 796: 3.2891
Client 663: 3.8393
Client 1780: 3.5146
Client 669: 3.8592
Client 1136: 3.4801
Client 500: 3.4175
Client 3: 3.3671
Client 1491: 3.4293
Client 516: 3.8954
Client 24: 2.9181
Client 1404: 3.2908
Client 1222: 3.4129
Client 1672: 3.8006
Client 1359: 3.6895
Client 1736: 3.6244
Client 916: 3.7105
Client 864: 3.5045
Client 337: 3.6688
Client 1593: 3.9036
Client 1388: 3.5689
Client 1029: 3.6054
Client 771: 3.4302
Client 117: 3.3564
Client 451: 3.1267
Client 1477: 2.9905
Client 1367: 3.5538
Round avg loss: 3.5463 (Best: 3.5283)

--- Round 7/20 ---
Client 1989: 3.6821
Client 1097: 4.2085
Client 861: 3.8605
Client 1763: 3.5191
Client 1127: 3.7364
Client 88: 3.5624
Client 1025: 3.4415
Client 1150: 3.9815
Client 563: 3.7769
Client 384: 3.3130
Client 1273: 3.6685
Client 1690: 3.2177
Client 1786: 3.4704
Client 261: 3.4243
Client 265: 3.8345
Client 1026: 3.8110
Client 1448: 3.1925
Client 1831: 3.2302
Client 999: 3.4460
Client 395: 3.9475
Client 19: 3.3670
Client 1549: 3.5263
Client 1020: 3.2136
Client 1998: 2.6250
Client 1126: 3.3760
Client 897: 3.3829
Client 1915: 3.6331
Client 1004: 3.7285
Client 394: 3.5574
Client 166: 3.3041
Client 1272: 3.7996
Client 1871: 3.5691
Client 785: 3.5935
Client 327: 3.5872
Client 427: 3.5868
Client 1533: 3.6276
Client 991: 3.3127
Client 1473: 3.7339
Client 1725: 3.7997
Client 551: 3.4057
Client 480: 3.5171
Client 627: 2.7036
Client 1898: 3.6318
Client 958: 3.6143
Client 1278: 3.8983
Client 1060: 3.2949
Client 855: 3.4074
Client 101: 3.7075
Client 997: 3.7698
Client 778: 3.4563
Client 904: 3.4643
Client 1203: 3.5100
Client 1353: 3.5204
Client 1550: 3.4492
Client 422: 3.6290
Client 195: 3.4563
Client 611: 3.1310
Client 575: 4.1932
Client 1509: 3.3903
Client 1087: 3.5780
Client 1606: 3.7906
Client 1277: 3.4632
Client 296: 3.6838
Client 1422: 3.3755
Client 105: 3.5913
Client 1882: 3.8234
Client 228: 3.4910
Client 1709: 3.5871
Client 750: 3.4902
Client 939: 3.2160
Client 838: 3.5331
Client 1151: 3.4582
Client 976: 4.0402
Client 1904: 3.4816
Client 822: 3.6196
Client 450: 3.9210
Client 840: 2.9089
Client 297: 3.5167
Client 1381: 3.7179
Client 632: 4.0819
Client 139: 4.1515
Client 1452: 3.3893
Client 947: 3.8254
Client 1301: 3.4004
Client 530: 3.3759
Client 894: 3.6792
Client 1661: 3.5086
Client 1019: 3.4979
Client 1455: 4.0886
Client 1388: 3.3203
Client 1436: 3.3068
Client 1752: 3.3391
Client 1710: 3.6940
Client 73: 3.9272
Client 1751: 3.6675
Client 1042: 3.6108
Client 67: 3.7272
Client 1134: 4.0116
Client 1573: 3.1536
Client 1423: 3.9799
Round avg loss: 3.5682 (Best: 3.5283)

--- Round 8/20 ---
Client 1010: 3.4862
Client 1938: 3.4507
Client 1883: 3.8372
Client 1506: 3.3922
Client 1417: 3.6894
Client 1639: 3.7920
Client 1602: 3.7342
Client 12: 3.3882
Client 996: 3.7110
Client 160: 3.8185
Client 1579: 3.9159
Client 1375: 3.0489
Client 517: 3.2894
Client 373: 3.2541
Client 347: 3.1806
Client 574: 3.1354
Client 1207: 3.3521
Client 1485: 3.2890
Client 1016: 3.4770
Client 1970: 3.9757
Client 1111: 2.9318
Client 1721: 3.5552
Client 1655: 3.2731
Client 1230: 4.0037
Client 1116: 3.9853
Client 920: 4.0351
Client 1382: 3.6469
Client 1399: 3.6561
Client 781: 4.0809
Client 869: 3.8582
Client 1633: 4.0143
Client 1770: 3.6769
Client 1387: 3.7218
Client 1675: 3.2061
Client 1244: 3.7481
Client 1106: 2.9567
Client 1799: 3.3533
Client 1428: 3.7074
Client 1357: 2.9023
Client 195: 3.3008
Client 934: 3.5866
Client 1302: 3.6541
Client 509: 3.6438
Client 968: 3.5160
Client 1752: 3.2074
Client 36: 3.9435
Client 1952: 3.6211
Client 857: 3.1661
Client 442: 3.8775
Client 1225: 3.3140
Client 91: 4.0304
Client 1197: 4.0264
Client 1706: 3.5421
Client 1499: 3.9575
Client 770: 3.1154
Client 1093: 2.8128
Client 671: 3.9377
Client 1438: 3.6964
Client 181: 3.8847
Client 1632: 3.6157
Client 1045: 3.5195
Client 536: 3.8223
Client 1157: 3.6825
Client 1458: 3.8004
Client 1286: 3.6178
Client 1599: 3.1436
Client 582: 3.8613
Client 1007: 3.5957
Client 1927: 3.1718
Client 1885: 3.7499
Client 749: 3.4893
Client 497: 3.2542
Client 1746: 3.5063
Client 849: 3.1978
Client 1521: 3.7376
Client 1811: 3.5428
Client 201: 3.5509
Client 1751: 3.4580
Client 720: 3.6388
Client 428: 4.1235
Client 445: 3.8985
Client 774: 3.4329
Client 326: 4.1099
Client 133: 3.6586
Client 986: 3.5265
Client 105: 3.3519
Client 477: 3.4185
Client 1659: 3.5492
Client 118: 4.0056
Client 1530: 3.4001
Client 678: 3.7294
Client 1004: 3.5395
Client 1610: 3.4415
Client 123: 3.3889
Client 115: 3.4475
Client 907: 3.5652
Client 1971: 3.7205
Client 295: 3.6482
Client 243: 4.0744
Client 1005: 2.9311
Round avg loss: 3.5728 (Best: 3.5283)

--- Round 9/20 ---
Client 864: 3.2893
Client 67: 3.4942
Client 1569: 2.8371
Client 226: 3.3884
Client 500: 3.2882
Client 869: 3.6458
Client 710: 3.7405
Client 785: 3.3919
Client 1060: 3.0182
Client 970: 2.9907
Client 910: 3.7058
Client 1369: 3.4921
Client 1340: 3.4104
Client 1128: 3.9717
Client 1964: 3.2503
Client 1375: 2.8301
Client 7: 2.8934
Client 1581: 3.2694
Client 1443: 3.9115
Client 1058: 3.4733
Client 812: 3.5529
Client 1680: 3.3324
Client 242: 3.5189
Client 607: 3.7628
Client 1391: 3.6986
Client 1782: 3.4964
Client 1470: 3.5432
Client 1309: 3.8445
Client 1542: 3.2017
Client 1941: 3.9111
Client 1163: 3.1638
Client 798: 3.5152
Client 31: 3.4786
Client 954: 4.0682
Client 588: 3.5166
Client 1357: 2.6582
Client 1551: 3.5850
Client 1993: 3.8809
Client 401: 3.1485
Client 1658: 3.1764
Client 1374: 2.8405
Client 474: 3.7583
Client 658: 3.5443
Client 235: 3.7005
Client 1140: 3.0909
Client 1006: 3.5615
Client 1501: 3.5460
Client 215: 2.8857
Client 682: 2.6084
Client 144: 4.1322
Client 240: 3.2563
Client 861: 3.6252
Client 1974: 3.1643
Client 948: 3.6855
Client 929: 3.5839
Client 396: 3.5310
Client 1645: 3.5225
Client 348: 3.9312
Client 278: 3.8306
Client 134: 3.6983
Client 1371: 3.4520
Client 1503: 3.4848
Client 1630: 3.3326
Client 1141: 3.3110
Client 1158: 3.6191
Client 1989: 3.4515
Client 1446: 3.3653
Client 1495: 3.2808
Client 461: 3.4691
Client 280: 3.5340
Client 1228: 3.9846
Client 454: 4.2817
Client 1571: 3.3173
Client 562: 3.7244
Client 1775: 3.8467
Client 1067: 3.8958
Client 1281: 3.6655
Client 1266: 3.9427
Client 1328: 3.2150
Client 1083: 3.7144
Client 1590: 3.5942
Client 1897: 3.4375
Client 305: 3.7178
Client 395: 3.7018
Client 696: 3.8509
Client 169: 3.1804
Client 198: 3.4437
Client 135: 3.5591
Client 523: 3.0294
Client 293: 3.3862
Client 156: 4.0732
Client 193: 3.8758
Client 382: 3.5900
Client 1504: 3.4014
Client 1355: 3.5975
Client 380: 3.4329
Client 1024: 3.6730
Client 422: 3.3997
Client 609: 3.3951
Client 1154: 3.4562
Round avg loss: 3.4953 (Best: 3.4953)

--- Round 10/20 ---
Client 105: 3.2209
Client 696: 3.5944
Client 157: 3.6926
Client 331: 2.8187
Client 1488: 4.1384
Client 213: 3.5316
Client 33: 3.6355
Client 1831: 3.0217
Client 1824: 4.0246
Client 1104: 4.0942
Client 1542: 3.0181
Client 383: 3.3717
Client 464: 3.0940
Client 76: 3.0000
Client 583: 3.1179
Client 59: 3.4740
Client 1929: 3.9170
Client 224: 3.5131
Client 1588: 3.3170
Client 102: 3.5728
Client 659: 2.8574
Client 1297: 3.4648
Client 599: 3.4507
Client 1966: 3.5295
Client 1639: 3.6007
Client 781: 3.8431
Client 784: 3.3907
Client 294: 3.8411
Client 978: 3.4894
Client 1587: 3.4505
Client 747: 3.9725
Client 858: 4.2401
Client 830: 3.3820
Client 548: 3.4307
Client 1875: 3.6793
Client 827: 3.3626
Client 1282: 3.6610
Client 792: 3.4678
Client 1964: 3.0582
Client 483: 3.5671
Client 831: 4.4758
Client 1253: 3.1362
Client 1477: 2.7485
Client 1458: 3.5439
Client 117: 3.1146
Client 1696: 3.4196
Client 19: 3.1483
Client 903: 3.6706
Client 541: 3.2405
Client 492: 3.2359
Client 1228: 3.7572
Client 1755: 3.3836
Client 1728: 3.7761
Client 269: 3.7000
Client 376: 3.7297
Client 1170: 3.7525
Client 236: 3.4511
Client 1007: 3.3663
Client 1429: 3.6103
Client 1347: 3.4872
Client 1493: 3.9064
Client 372: 3.0633
Client 1529: 3.5965
Client 1504: 3.1382
Client 135: 3.3925
Client 1936: 3.7894
Client 731: 3.6007
Client 1564: 3.3864
Client 1378: 3.6831
Client 675: 3.3051
Client 20: 3.5685
Client 1601: 3.8026
Client 910: 3.4695
Client 1968: 3.7231
Client 575: 3.9600
Client 1695: 3.6061
Client 130: 3.4513
Client 1083: 3.4611
Client 1990: 4.0028
Client 922: 3.8876
Client 426: 3.5478
Client 1045: 3.2981
Client 1031: 3.6780
Client 491: 2.9010
Client 1327: 2.9616
Client 1820: 4.2619
Client 1606: 3.5658
Client 1066: 3.4009
Client 1360: 3.7366
Client 633: 3.7673
Client 496: 3.7428
Client 1955: 4.2242
Client 912: 3.7448
Client 509: 3.3689
Client 1722: 3.6797
Client 1886: 3.7741
Client 1863: 2.7360
Client 1208: 3.4799
Client 1956: 3.7116
Client 1713: 3.9678
Round avg loss: 3.5300 (Best: 3.4953)

--- Round 11/20 ---
Client 496: 3.4657
Client 1955: 3.9916
Client 1052: 3.4750
Client 1029: 3.4291
Client 1064: 3.3812
Client 280: 3.2713
Client 1482: 3.1633
Client 1310: 3.5624
Client 464: 2.9313
Client 1664: 3.2747
Client 950: 3.6076
Client 331: 2.6854
Client 1040: 2.8458
Client 268: 4.0075
Client 1167: 3.7185
Client 245: 3.4476
Client 1844: 3.9129
Client 891: 3.3598
Client 1249: 3.5301
Client 1592: 3.4231
Client 511: 4.3166
Client 1872: 3.5578
Client 880: 3.7842
Client 325: 3.4095
Client 759: 3.1597
Client 1002: 3.8292
Client 1673: 3.2426
Client 1075: 3.3935
Client 1836: 3.8457
Client 1774: 3.4172
Client 301: 3.6411
Client 23: 4.1368
Client 25: 2.8236
Client 59: 3.2459
Client 1136: 3.2487
Client 625: 2.7093
Client 154: 3.5851
Client 323: 3.6652
Client 996: 3.5353
Client 793: 3.6839
Client 1476: 3.8339
Client 393: 3.5668
Client 606: 3.5283
Client 1980: 3.4260
Client 1061: 3.8132
Client 385: 3.2425
Client 624: 3.7432
Client 1829: 4.1163
Client 1578: 3.7041
Client 620: 3.7929
Client 524: 3.3827
Client 227: 3.9463
Client 806: 3.8021
Client 647: 3.7248
Client 1230: 3.8291
Client 1828: 3.3453
Client 1264: 3.6502
Client 1456: 3.5462
Client 1162: 3.6583
Client 1748: 3.7904
Client 1452: 3.1671
Client 417: 3.8339
Client 1271: 4.1278
Client 945: 3.2616
Client 1389: 3.4152
Client 929: 3.3511
Client 1876: 3.8734
Client 198: 3.2908
Client 1341: 3.5843
Client 1627: 3.7792
Client 1863: 2.6458
Client 336: 3.4393
Client 777: 3.9474
Client 485: 3.2533
Client 1296: 3.9150
Client 1442: 2.6488
Client 942: 3.3801
Client 3: 3.1894
Client 1103: 3.3525
Client 95: 3.9935
Client 987: 3.1631
Client 1625: 3.6004
Client 819: 3.4737
Client 1127: 3.4969
Client 1803: 3.5396
Client 1607: 3.9095
Client 1978: 3.4683
Client 1465: 3.1775
Client 1047: 3.4105
Client 823: 3.4392
Client 35: 3.4209
Client 10: 3.4348
Client 69: 3.1395
Client 1199: 3.4319
Client 1104: 3.9167
Client 309: 3.5257
Client 892: 3.6361
Client 1193: 3.8935
Client 416: 3.3252
Client 1728: 3.6341
Round avg loss: 3.5164 (Best: 3.4953)

--- Round 12/20 ---
Client 475: 3.4030
Client 1278: 3.6282
Client 456: 3.9688
Client 426: 3.3893
Client 1267: 3.7845
Client 336: 3.2191
Client 362: 3.2966
Client 199: 3.7685
Client 1327: 2.7958
Client 1446: 3.1448
Client 458: 3.7774
Client 1211: 3.4727
Client 138: 2.8181
Client 1921: 3.6082
Client 1656: 3.7094
Client 1448: 2.9633
Client 65: 3.1588
Client 690: 3.1814
Client 985: 3.6216
Client 1139: 4.1189
Client 247: 2.9674
Client 983: 3.9544
Client 944: 3.4918
Client 1842: 3.6405
Client 1835: 3.7878
Client 1756: 3.8300
Client 1124: 3.5216
Client 590: 3.8440
Client 1753: 3.5599
Client 1531: 3.4246
Client 1235: 3.3490
Client 1853: 3.6088
Client 493: 3.9571
Client 307: 2.7521
Client 310: 2.8734
Client 1494: 2.8327
Client 1698: 4.0176
Client 1747: 3.8555
Client 1581: 3.1123
Client 1508: 3.4417
Client 95: 3.7802
Client 1945: 3.2136
Client 1880: 3.5278
Client 1070: 3.2471
Client 1391: 3.4907
Client 1905: 3.0760
Client 1797: 3.5030
Client 840: 2.7063
Client 835: 3.7018
Client 1529: 3.4549
Client 1621: 3.5013
Client 1127: 3.3068
Client 864: 3.0499
Client 429: 3.1156
Client 1283: 3.5822
Client 1550: 3.2152
Client 1134: 3.8217
Client 507: 3.6151
Client 1202: 3.3071
Client 419: 3.4250
Client 1115: 3.4380
Client 1162: 3.4575
Client 260: 4.0369
Client 1284: 3.6138
Client 1020: 2.9753
Client 1316: 3.7085
Client 466: 3.2075
Client 1346: 3.5710
Client 150: 2.7570
Client 1433: 3.5644
Client 743: 3.5932
Client 423: 3.6995
Client 610: 2.8612
Client 874: 3.6366
Client 1733: 3.5113
Client 1681: 3.1975
Client 1394: 3.4876
Client 151: 3.1304
Client 1474: 3.9215
Client 980: 3.1102
Client 1928: 4.0206
Client 1773: 3.8008
Client 160: 3.6497
Client 1852: 3.8331
Client 1873: 3.3609
Client 1505: 3.2977
Client 789: 3.6031
Client 1073: 3.8794
Client 1607: 3.6794
Client 876: 3.6507
Client 650: 3.7874
Client 254: 3.3879
Client 1868: 3.0881
Client 1476: 3.6234
Client 1012: 3.2469
Client 1168: 3.6994
Client 1044: 3.6710
Client 1227: 3.4045
Client 1751: 3.3364
Client 886: 3.3096
Round avg loss: 3.4610 (Best: 3.4610)

--- Round 13/20 ---
Client 1892: 3.8148
Client 1573: 2.8921
Client 1945: 3.0001
Client 1600: 3.5582
Client 343: 3.1422
Client 1254: 3.3727
Client 1103: 3.0806
Client 781: 3.6785
Client 1180: 3.0770
Client 1299: 3.9477
Client 1855: 3.7082
Client 1960: 3.7046
Client 403: 3.5178
Client 441: 4.1358
Client 496: 3.3085
Client 643: 3.7182
Client 527: 4.0486
Client 1710: 3.4512
Client 1553: 3.6079
Client 505: 3.4792
Client 722: 3.6056
Client 1005: 2.8241
Client 334: 3.1824
Client 120: 3.7628
Client 714: 3.5219
Client 1129: 3.7595
Client 352: 3.3996
Client 1847: 3.5547
Client 1592: 3.2433
Client 1066: 3.1729
Client 1201: 3.5077
Client 691: 3.3522
Client 1394: 3.2209
Client 1359: 3.4723
Client 1841: 3.7225
Client 1510: 3.5035
Client 836: 3.7805
Client 236: 3.2259
Client 907: 3.2897
Client 1813: 3.1691
Client 1670: 2.9491
Client 1147: 2.8106
Client 113: 3.2455
Client 297: 3.3249
Client 927: 3.4640
Client 1475: 3.4782
Client 630: 3.1621
Client 605: 3.5605
Client 1507: 3.1620
Client 837: 3.9264
Client 859: 3.9536
Client 1: 2.6948
Client 173: 3.4343
Client 1318: 3.5984
Client 1119: 3.4304
Client 595: 3.8048
Client 711: 3.7949
Client 254: 3.2224
Client 478: 3.9381
Client 126: 3.8648
Client 755: 3.6329
Client 277: 3.3051
Client 1996: 3.1485
Client 1666: 3.3836
Client 597: 3.8218
Client 15: 3.6138
Client 1189: 3.8207
Client 933: 3.6806
Client 1693: 3.1504
Client 963: 3.1105
Client 962: 3.8524
Client 137: 4.0935
Client 66: 3.6186
Client 330: 3.2361
Client 1682: 3.2394
Client 833: 3.5249
Client 263: 3.4746
Client 1733: 3.2612
Client 1148: 3.5838
Client 1141: 3.1054
Client 443: 3.2987
Client 1274: 3.5123
Client 1120: 3.8957
Client 457: 3.9967
Client 1024: 3.4697
Client 1674: 3.7014
Client 70: 4.1839
Client 1966: 3.3379
Client 94: 3.1138
Client 55: 3.3625
Client 460: 3.3981
Client 1969: 3.7124
Client 877: 3.3735
Client 509: 3.1984
Client 1081: 3.4525
Client 1506: 3.2119
Client 24: 2.7232
Client 470: 2.9150
Client 1599: 2.9986
Client 1236: 3.9465
Round avg loss: 3.4580 (Best: 3.4580)

--- Round 14/20 ---
Client 1759: 3.8669
Client 1575: 3.8885
Client 1775: 3.6020
Client 1445: 3.6050
Client 1813: 3.0209
Client 1991: 3.6484
Client 241: 4.0653
Client 867: 4.0676
Client 1592: 3.0298
Client 28: 3.5681
Client 1422: 3.1871
Client 228: 3.2527
Client 1178: 3.9663
Client 561: 3.6440
Client 471: 4.0031
Client 534: 3.3890
Client 1555: 3.5584
Client 907: 3.1306
Client 1048: 3.6073
Client 458: 3.5318
Client 1019: 3.2267
Client 295: 3.3855
Client 505: 3.3123
Client 336: 3.0500
Client 980: 2.9416
Client 1660: 3.2783
Client 170: 3.5383
Client 706: 3.3101
Client 1774: 3.2074
Client 1622: 3.5671
Client 1016: 3.2489
Client 1342: 3.4663
Client 1088: 3.8500
Client 1486: 3.9382
Client 1452: 2.9524
Client 1296: 3.6811
Client 12: 3.1231
Client 682: 2.5316
Client 1917: 3.7444
Client 1109: 3.8832
Client 5: 2.5713
Client 1200: 3.2787
Client 482: 3.7831
Client 775: 3.2422
Client 1549: 3.2493
Client 433: 4.0668
Client 737: 3.3046
Client 1636: 3.4853
Client 1527: 3.1786
Client 1494: 2.6329
Client 1244: 3.5166
Client 529: 3.2922
Client 1988: 3.2977
Client 1958: 3.6613
Client 117: 3.0252
Client 1617: 4.0226
Client 337: 3.5032
Client 1897: 3.2240
Client 1723: 3.3056
Client 757: 3.7762
Client 259: 3.7506
Client 1861: 3.4207
Client 1642: 3.7733
Client 625: 2.5036
Client 186: 4.0500
Client 1798: 3.3100
Client 473: 3.4620
Client 1375: 2.7287
Client 1793: 3.3158
Client 245: 3.1823
Client 1524: 3.4195
Client 132: 4.2909
Client 1840: 4.0102
Client 215: 2.7016
Client 441: 3.9134
Client 281: 2.9441
Client 668: 3.7733
Client 30: 3.0585
Client 376: 3.5597
Client 1978: 3.3215
Client 453: 3.0035
Client 599: 3.2381
Client 621: 4.1379
Client 1010: 3.2450
Client 1614: 3.5694
Client 1168: 3.4990
Client 1867: 2.6768
Client 338: 3.1089
Client 1309: 3.6124
Client 267: 3.3790
Client 1571: 3.0986
Client 1686: 3.7956
Client 238: 3.6202
Client 207: 3.2729
Client 803: 3.1776
Client 652: 3.6112
Client 1966: 3.2042
Client 1177: 3.8757
Client 1392: 3.6094
Client 950: 3.3815
Round avg loss: 3.4289 (Best: 3.4289)

--- Round 15/20 ---
Client 1144: 3.1687
Client 10: 3.2442
Client 1639: 3.4163
Client 477: 3.2474
Client 1393: 3.6855
Client 1385: 4.0101
Client 1844: 3.7249
Client 1955: 3.8370
Client 163: 3.1463
Client 682: 2.4031
Client 1729: 3.3749
Client 738: 3.3260
Client 1044: 3.4124
Client 1095: 2.8345
Client 1249: 3.3632
Client 257: 3.9674
Client 292: 3.0803
Client 93: 4.1234
Client 1415: 3.3136
Client 1644: 3.6408
Client 1673: 3.1197
Client 1243: 3.5840
Client 1531: 3.2115
Client 30: 3.0186
Client 1011: 3.3228
Client 1680: 3.1286
Client 480: 3.2772
Client 1677: 3.8075
Client 1546: 4.0245
Client 142: 3.4719
Client 1330: 3.8946
Client 137: 3.8943
Client 1104: 3.7653
Client 1618: 3.4375
Client 205: 3.9193
Client 1612: 3.6323
Client 1378: 3.4418
Client 79: 3.6375
Client 1986: 3.7813
Client 169: 2.9639
Client 1877: 3.5198
Client 1084: 3.4151
Client 1232: 3.6378
Client 1384: 3.9444
Client 245: 2.9831
Client 563: 3.5362
Client 1667: 3.5793
Client 637: 3.6705
Client 800: 3.6177
Client 1880: 3.3133
Client 1458: 3.3813
Client 1326: 3.4879
Client 352: 3.1640
Client 1687: 3.6439
Client 376: 3.4383
Client 788: 3.4170
Client 1771: 3.2715
Client 773: 3.2143
Client 1231: 3.8307
Client 339: 3.5101
Client 1613: 3.5382
Client 1728: 3.4960
Client 1515: 3.6668
Client 1554: 3.9397
Client 1759: 3.6774
Client 752: 3.4372
Client 1214: 3.9080
Client 1696: 3.2017
Client 1158: 3.4121
Client 1126: 3.1177
Client 115: 3.2324
Client 997: 3.5723
Client 1608: 3.3765
Client 885: 3.4360
Client 334: 2.9732
Client 1182: 3.9576
Client 534: 3.1749
Client 743: 3.3788
Client 907: 3.0124
Client 268: 3.7748
Client 1433: 3.3928
Client 952: 3.2968
Client 1035: 3.6370
Client 917: 3.4685
Client 435: 3.2349
Client 498: 3.1258
Client 903: 3.4456
Client 1970: 3.7558
Client 981: 3.7321
Client 1863: 2.5064
Client 409: 3.4803
Client 850: 2.9619
Client 320: 3.6440
Client 1293: 3.6038
Client 1822: 3.3572
Client 1931: 3.4828
Client 1206: 3.6993
Client 659: 2.6340
Client 863: 3.5390
Client 731: 3.4192
Round avg loss: 3.4493 (Best: 3.4289)

--- Round 16/20 ---
Client 557: 3.7844
Client 1949: 3.5071
Client 416: 3.1348
Client 819: 3.2471
Client 632: 3.8421
Client 1555: 3.3783
Client 1528: 3.5587
Client 1021: 3.4299
Client 148: 3.3813
Client 953: 3.5615
Client 1548: 4.2496
Client 1912: 3.1910
Client 174: 3.9618
Client 1424: 3.7540
Client 968: 3.2601
Client 1401: 3.7649
Client 44: 3.7672
Client 158: 3.8246
Client 703: 3.1437
Client 1731: 2.9138
Client 708: 3.0582
Client 760: 3.5813
Client 1241: 3.6995
Client 1614: 3.3507
Client 466: 3.0075
Client 681: 3.3417
Client 1465: 2.9523
Client 491: 2.8134
Client 1440: 3.5383
Client 717: 3.8564
Client 113: 3.0544
Client 138: 2.6141
Client 1732: 3.4926
Client 1135: 3.1335
Client 911: 3.8106
Client 88: 3.3291
Client 604: 3.3333
Client 1618: 3.1775
Client 296: 3.4504
Client 1324: 3.4792
Client 7: 2.7213
Client 149: 2.8903
Client 1824: 3.7972
Client 1090: 3.6717
Client 20: 3.3596
Client 1642: 3.5342
Client 1760: 3.7222
Client 271: 3.4826
Client 419: 3.2187
Client 509: 3.1170
Client 1727: 3.6250
Client 1277: 3.2145
Client 1398: 4.1363
Client 1362: 3.3010
Client 1379: 3.4349
Client 854: 3.4399
Client 634: 3.4532
Client 1781: 3.6673
Client 1630: 3.1474
Client 756: 3.3468
Client 124: 3.6845
Client 392: 3.6793
Client 899: 3.8277
Client 277: 3.1492
Client 1139: 3.8933
Client 716: 3.6095
Client 518: 3.3460
Client 1730: 3.6320
Client 0: 3.2922
Client 670: 3.5492
Client 858: 4.0014
Client 1904: 3.3498
Client 348: 3.7858
Client 1234: 3.9467
Client 115: 3.0753
Client 1327: 2.6470
Client 864: 2.9636
Client 1083: 3.2544
Client 811: 3.2008
Client 1373: 3.6845
Client 1983: 3.1190
Client 1117: 3.1963
Client 1510: 3.2796
Client 938: 3.5422
Client 794: 3.4968
Client 939: 2.9769
Client 1876: 3.6458
Client 1504: 2.9785
Client 1635: 3.4765
Client 393: 3.3735
Client 1411: 3.6420
Client 331: 2.5324
Client 909: 3.4108
Client 303: 3.5264
Client 1502: 3.3366
Client 915: 3.5338
Client 460: 3.1609
Client 1682: 3.0664
Client 140: 3.5342
Client 1042: 3.3889
Round avg loss: 3.4080 (Best: 3.4080)

--- Round 17/20 ---
Client 358: 3.6098
Client 867: 3.8389
Client 1023: 3.4279
Client 1904: 3.3147
Client 277: 2.9786
Client 551: 3.1078
Client 1251: 3.5523
Client 1912: 2.9226
Client 1848: 3.2467
Client 1445: 3.3707
Client 1531: 3.0160
Client 1370: 3.6772
Client 182: 3.1256
Client 1176: 3.1040
Client 937: 3.2410
Client 295: 3.2171
Client 1660: 3.0311
Client 1711: 3.6104
Client 935: 3.0717
Client 1630: 3.0011
Client 600: 3.3861
Client 192: 3.3693
Client 1603: 3.6216
Client 1744: 3.4806
Client 1778: 3.5026
Client 1350: 3.2722
Client 1882: 3.6110
Client 914: 3.1744
Client 1692: 3.1658
Client 756: 3.0971
Client 1977: 3.2061
Client 688: 3.0918
Client 378: 3.7081
Client 158: 3.5913
Client 954: 3.8346
Client 111: 3.6942
Client 1545: 2.7902
Client 1879: 2.9581
Client 1746: 3.2587
Client 1813: 2.9296
Client 1923: 3.6348
Client 920: 3.7960
Client 841: 4.2065
Client 333: 3.3482
Client 327: 3.3641
Client 697: 3.8756
Client 284: 4.0102
Client 790: 3.1483
Client 1309: 3.4102
Client 1492: 3.6701
Client 1869: 3.8544
Client 1026: 3.6106
Client 377: 3.7112
Client 276: 3.6450
Client 1083: 3.1344
Client 480: 3.1135
Client 228: 3.0195
Client 711: 3.5927
Client 1594: 3.5635
Client 10: 3.0681
Client 945: 3.0690
Client 1040: 2.6201
Client 602: 3.8542
Client 1944: 3.8511
Client 1993: 3.6671
Client 824: 3.9185
Client 1820: 4.0210
Client 1827: 3.5124
Client 1263: 3.4233
Client 1842: 3.4053
Client 619: 3.8412
Client 1441: 3.5651
Client 1076: 3.5575
Client 198: 3.1393
Client 433: 3.8164
Client 257: 3.7453
Client 1291: 3.0078
Client 109: 3.6261
Client 299: 3.6908
Client 1771: 3.1113
Client 1102: 3.8284
Client 927: 3.2913
Client 1547: 3.6221
Client 1034: 3.6692
Client 889: 3.6059
Client 1975: 3.4852
Client 1637: 3.6907
Client 445: 3.6568
Client 280: 3.1257
Client 1789: 3.9182
Client 229: 3.7239
Client 338: 2.9193
Client 737: 3.1100
Client 714: 3.3472
Client 1794: 3.5671
Client 164: 3.8613
Client 402: 3.0608
Client 798: 3.2726
Client 960: 3.7945
Client 1467: 3.6013
Round avg loss: 3.4358 (Best: 3.4080)

--- Round 18/20 ---
Client 364: 3.6539
Client 1755: 3.2013
Client 1330: 3.6858
Client 1818: 3.4080
Client 1371: 3.1807
Client 601: 3.4149
Client 912: 3.5081
Client 295: 3.0952
Client 956: 3.7334
Client 219: 3.7538
Client 103: 3.0101
Client 1741: 3.4564
Client 733: 3.9699
Client 1958: 3.4860
Client 109: 3.3699
Client 484: 3.3150
Client 938: 3.3389
Client 759: 2.9832
Client 420: 3.3286
Client 310: 2.7359
Client 517: 3.1048
Client 1401: 3.5577
Client 1439: 3.8373
Client 187: 3.4087
Client 950: 3.2688
Client 1050: 3.3162
Client 1239: 3.5189
Client 1784: 3.7269
Client 1721: 3.3642
Client 1864: 3.5090
Client 1824: 3.5743
Client 1522: 3.2821
Client 1865: 3.8042
Client 652: 3.3725
Client 851: 3.4023
Client 1790: 3.5708
Client 1261: 3.5852
Client 1636: 3.2538
Client 917: 3.2726
Client 1809: 3.5612
Client 1771: 2.9012
Client 1647: 2.9517
Client 846: 3.6769
Client 688: 2.8785
Client 658: 3.2999
Client 669: 3.6242
Client 795: 3.4329
Client 402: 2.9314
Client 792: 3.2330
Client 1298: 3.7179
Client 1575: 3.6450
Client 1602: 3.5123
Client 554: 3.8967
Client 1018: 3.9352
Client 494: 3.4211
Client 875: 2.8001
Client 666: 3.2405
Client 984: 3.9639
Client 30: 2.8839
Client 1932: 3.3876
Client 1839: 3.3455
Client 1718: 3.7331
Client 1311: 3.5711
Client 1228: 3.5594
Client 1580: 3.8384
Client 540: 3.1876
Client 303: 3.3275
Client 861: 3.4749
Client 1899: 4.0074
Client 466: 2.8883
Client 1134: 3.6332
Client 172: 3.7957
Client 1457: 2.8125
Client 355: 3.1838
Client 318: 3.1207
Client 803: 3.0634
Client 293: 3.1490
Client 1628: 3.5573
Client 510: 3.3316
Client 9: 3.6749
Client 501: 2.8739
Client 1539: 3.6601
Client 1188: 3.4670
Client 1835: 3.5512
Client 349: 4.1776
Client 278: 3.5891
Client 1615: 3.4629
Client 964: 3.2985
Client 438: 3.8783
Client 1130: 4.0675
Client 35: 3.2113
Client 1828: 3.1357
Client 882: 2.8904
Client 1640: 3.5684
Client 647: 3.5068
Client 458: 3.3696
Client 1688: 2.7599
Client 656: 3.0681
Client 1749: 3.7892
Client 637: 3.4255
Round avg loss: 3.4126 (Best: 3.4080)

--- Round 19/20 ---
Client 392: 3.4977
Client 231: 3.7960
Client 562: 3.4850
Client 253: 3.2914
Client 126: 3.6411
Client 296: 3.2883
Client 1519: 3.3429
Client 1172: 3.4681
Client 815: 3.3558
Client 1352: 3.8201
Client 1045: 3.1247
Client 1499: 3.7213
Client 1297: 3.2385
Client 1752: 3.1124
Client 184: 3.5838
Client 1506: 3.0555
Client 461: 3.2091
Client 1639: 3.2936
Client 1232: 3.4911
Client 619: 3.5888
Client 1072: 3.5406
Client 1707: 3.3026
Client 334: 2.7733
Client 1982: 3.0493
Client 1508: 3.3026
Client 1692: 2.9990
Client 791: 3.8989
Client 1178: 3.8085
Client 235: 3.4515
Client 838: 3.3090
Client 1259: 3.0598
Client 560: 3.7581
Client 1822: 3.1352
Client 532: 3.5241
Client 1220: 3.9674
Client 1396: 3.3938
Client 748: 3.5851
Client 1445: 3.1487
Client 1089: 3.6313
Client 918: 3.9075
Client 1712: 3.4124
Client 887: 3.8900
Client 1161: 3.4109
Client 66: 3.3600
Client 1756: 3.6036
Client 970: 2.7402
Client 746: 3.4355
Client 875: 2.5132
Client 1562: 3.2337
Client 984: 3.7778
Client 506: 3.4591
Client 1000: 3.7857
Client 910: 3.2796
Client 69: 2.9172
Client 193: 3.6938
Client 641: 3.9565
Client 1663: 3.7326
Client 590: 3.6139
Client 1999: 4.6021
Client 1955: 3.7053
Client 1917: 3.5354
Client 440: 3.6050
Client 1101: 3.8050
Client 1575: 3.4635
Client 979: 3.7488
Client 966: 3.8680
Client 895: 3.2564
Client 1012: 3.0257
Client 1389: 3.1968
Client 943: 3.4051
Client 341: 3.6226
Client 1435: 3.5833
Client 1251: 3.3285
Client 777: 3.7030
Client 707: 3.4828
Client 682: 2.3736
Client 464: 2.8615
Client 1513: 3.6170
Client 411: 3.2145
Client 1949: 3.2763
Client 211: 3.2421
Client 799: 3.7254
Client 314: 3.4679
Client 574: 3.0285
Client 1873: 3.0956
Client 1419: 3.7520
Client 1303: 3.7208
Client 1493: 3.6929
Client 829: 3.4028
Client 589: 3.6938
Client 757: 3.5397
Client 857: 3.0109
Client 1426: 3.5380
Client 1952: 3.3923
Client 1304: 3.8722
Client 1141: 2.9952
Client 1809: 3.3129
Client 1557: 3.8580
Client 956: 3.4801
Client 671: 3.7105
Round avg loss: 3.4458 (Best: 3.4080)

--- Round 20/20 ---
Client 538: 2.7692
Client 806: 3.5516
Client 9: 3.4622
Client 607: 3.5288
Client 866: 3.0981
Client 268: 3.5766
Client 1573: 2.7593
Client 914: 2.9848
Client 1712: 3.1875
Client 1335: 3.4540
Client 1479: 3.4111
Client 604: 3.1459
Client 24: 2.5748
Client 519: 3.3074
Client 503: 2.9890
Client 921: 3.4978
Client 858: 3.8290
Client 343: 2.8936
Client 992: 3.6301
Client 1282: 3.4209
Client 1281: 3.4303
Client 565: 3.3733
Client 791: 3.6648
Client 1993: 3.5239
Client 1759: 3.5225
Client 1375: 2.6286
Client 461: 3.0309
Client 1730: 3.4497
Client 1225: 3.1197
Client 353: 3.7947
Client 1178: 3.5698
Client 221: 2.1861
Client 1915: 3.3834
Client 10: 2.9541
Client 1095: 2.7359
Client 1597: 3.9169
Client 626: 3.7345
Client 1704: 3.1619
Client 256: 2.9837
Client 1504: 2.8565
Client 1369: 3.2531
Client 977: 3.6611
Client 12: 2.9286
Client 1013: 3.9034
Client 1329: 4.1370
Client 608: 3.6940
Client 1319: 3.9362
Client 1638: 3.8762
Client 395: 3.5193
Client 1545: 2.5496
Client 1091: 3.5495
Client 1361: 3.4969
Client 1530: 3.1550
Client 1182: 3.6948
Client 1493: 3.5858
Client 1743: 3.3111
Client 708: 2.8179
Client 185: 4.1008
Client 1828: 2.9672
Client 303: 3.0992
Client 668: 3.5517
Client 1789: 3.6590
Client 1969: 3.5065
Client 232: 3.1805
Client 1716: 3.4020
Client 1465: 2.8166
Client 824: 3.7254
Client 133: 3.5316
Client 174: 3.7815
Client 601: 3.1996
Client 739: 3.8736
Client 478: 3.6798
Client 22: 4.1870
Client 488: 3.4992
Client 669: 3.4473
Client 111: 3.4329
Client 646: 3.7431
Client 962: 3.6307
Client 1509: 3.1350
Client 1086: 3.1012
Client 1971: 3.4886
Client 1760: 3.5263
Client 1243: 3.3809
Client 1795: 3.8209
Client 1656: 3.4596
Client 896: 3.2838
Client 1734: 3.8363
Client 376: 3.3796
Client 1303: 3.4929
Client 1208: 3.2134
Client 758: 3.6199
Client 1286: 3.4283
Client 1925: 3.6605
Client 1528: 3.3705
Client 1097: 3.9915
Client 614: 2.8673
Client 1690: 2.9812
Client 1821: 3.1460
Client 1378: 3.2737
Client 182: 2.8809
Round avg loss: 3.3752 (Best: 3.3752)
Projector checkpoint saved to fl_results/checkpoints/projector_dino_s16_wco_l4_ifcb_pml_dino_s16_2000C_5pct_seed27_20260528_113528.pt

Running final evaluations...

>>> Evaluating on 'wco_l4_ifcb_pml' <<<
[wco_l4_ifcb_pml] Linear split: 43525 train, 10882 val, 18135 test
Linear Epoch 5: Train Loss=1.3806, Val Acc=72.25%
Linear Epoch 10: Train Loss=0.9215, Val Acc=79.60%
Linear Epoch 15: Train Loss=0.7523, Val Acc=82.19%
Linear Epoch 20: Train Loss=0.6786, Val Acc=83.82%
Linear Epoch 25: Train Loss=0.6320, Val Acc=84.52%
Linear Epoch 30: Train Loss=0.6009, Val Acc=85.12%
Linear Epoch 35: Train Loss=0.5797, Val Acc=85.50%
Linear Epoch 40: Train Loss=0.5683, Val Acc=85.71%
Linear Epoch 45: Train Loss=0.5578, Val Acc=85.82%
Linear Epoch 50: Train Loss=0.5499, Val Acc=86.05%
[wco_l4_ifcb_pml] Linear accuracy: 85.61% | Val accuracy: 86.09%
[wco_l4_ifcb_pml] Eval-only accuracy: 0.28%
Running unsupervised k-NN evaluation...
k-NN Top-1 accuracy: 83.76%
Running unsupervised clustering evaluation...
K-Means clustering accuracy (Hungarian matched): 34.25%
Silhouette score: 0.065
Prototype accuracy: 71.04%

>>> Evaluating on 'syke_ifcb' <<<
[syke_ifcb] Linear split: 30272 train, 7568 val, 12618 test
Linear Epoch 5: Train Loss=0.8419, Val Acc=82.60%
Linear Epoch 10: Train Loss=0.5336, Val Acc=87.54%
Linear Epoch 15: Train Loss=0.4179, Val Acc=89.14%
Linear Epoch 20: Train Loss=0.3579, Val Acc=90.18%
Linear Epoch 25: Train Loss=0.3203, Val Acc=91.01%
Linear Epoch 30: Train Loss=0.2953, Val Acc=91.64%
Linear Epoch 35: Train Loss=0.2787, Val Acc=92.02%
Linear Epoch 40: Train Loss=0.2657, Val Acc=92.35%
Linear Epoch 45: Train Loss=0.2559, Val Acc=92.47%
Linear Epoch 50: Train Loss=0.2482, Val Acc=92.65%
[syke_ifcb] Linear accuracy: 93.10% | Val accuracy: 92.65%
[syke_ifcb] Eval-only accuracy: 2.06%
Running unsupervised k-NN evaluation...
k-NN Top-1 accuracy: 91.19%
Running unsupervised clustering evaluation...
K-Means clustering accuracy (Hungarian matched): 36.04%
Silhouette score: 0.085
Prototype accuracy: 72.96%

>>> Evaluating on 'syke_zooscan' <<<
[syke_zooscan] Linear split: 10896 train, 2724 val, 4597 test
Linear Epoch 5: Train Loss=1.1796, Val Acc=72.54%
Linear Epoch 10: Train Loss=0.8486, Val Acc=79.26%
Linear Epoch 15: Train Loss=0.6866, Val Acc=82.56%
Linear Epoch 20: Train Loss=0.5873, Val Acc=83.88%
Linear Epoch 25: Train Loss=0.5200, Val Acc=85.35%
Linear Epoch 30: Train Loss=0.4693, Val Acc=86.75%
Linear Epoch 35: Train Loss=0.4323, Val Acc=87.59%
Linear Epoch 40: Train Loss=0.4014, Val Acc=88.33%
Linear Epoch 45: Train Loss=0.3767, Val Acc=89.46%
Linear Epoch 50: Train Loss=0.3568, Val Acc=90.23%
[syke_zooscan] Linear accuracy: 88.84% | Val accuracy: 90.23%
[syke_zooscan] Eval-only accuracy: 1.33%
Running unsupervised k-NN evaluation...
k-NN Top-1 accuracy: 89.10%
Running unsupervised clustering evaluation...
K-Means clustering accuracy (Hungarian matched): 27.26%
Silhouette score: 0.063
Prototype accuracy: 62.58%

>>> Evaluating on 'plankto_share' <<<
[plankto_share] Linear split: 25363 train, 6341 val, 10572 test
Linear Epoch 5: Train Loss=2.2322, Val Acc=49.57%
Linear Epoch 10: Train Loss=1.6942, Val Acc=58.32%
Linear Epoch 15: Train Loss=1.4551, Val Acc=62.80%
Linear Epoch 20: Train Loss=1.3298, Val Acc=65.24%
Linear Epoch 25: Train Loss=1.2366, Val Acc=66.88%
Linear Epoch 30: Train Loss=1.1764, Val Acc=67.86%
Linear Epoch 35: Train Loss=1.1339, Val Acc=68.65%
Linear Epoch 40: Train Loss=1.0943, Val Acc=69.36%
Linear Epoch 45: Train Loss=1.0742, Val Acc=69.91%
Linear Epoch 50: Train Loss=1.0468, Val Acc=70.34%
[plankto_share] Linear accuracy: 70.80% | Val accuracy: 70.48%
[plankto_share] Eval-only accuracy: 0.16%
Running unsupervised k-NN evaluation...
k-NN Top-1 accuracy: 66.69%
Running unsupervised clustering evaluation...
K-Means clustering accuracy (Hungarian matched): 25.87%
Silhouette score: 0.049
Prototype accuracy: 49.53%

>>> Evaluating on 'daplankton_lab_ifcb' <<<
[daplankton_lab_ifcb] Linear split: 7909 train, 1978 val, 3294 test
Linear Epoch 5: Train Loss=1.4717, Val Acc=80.38%
Linear Epoch 10: Train Loss=0.9758, Val Acc=83.82%
Linear Epoch 15: Train Loss=0.7513, Val Acc=85.89%
Linear Epoch 20: Train Loss=0.6263, Val Acc=86.80%
Linear Epoch 25: Train Loss=0.5458, Val Acc=87.46%
Linear Epoch 30: Train Loss=0.4895, Val Acc=88.52%
Linear Epoch 35: Train Loss=0.4475, Val Acc=89.43%
Linear Epoch 40: Train Loss=0.4145, Val Acc=89.84%
Linear Epoch 45: Train Loss=0.3882, Val Acc=90.19%
Linear Epoch 50: Train Loss=0.3661, Val Acc=90.29%
[daplankton_lab_ifcb] Linear accuracy: 90.22% | Val accuracy: 90.55%
[daplankton_lab_ifcb] Eval-only accuracy: 7.38%
Running unsupervised k-NN evaluation...
k-NN Top-1 accuracy: 89.62%
Running unsupervised clustering evaluation...
K-Means clustering accuracy (Hungarian matched): 69.58%
Silhouette score: 0.132
Prototype accuracy: 82.15%

>>> Evaluating on 'daplankton_lab_cs' <<<
[daplankton_lab_cs] Linear split: 6330 train, 1583 val, 2638 test
Linear Epoch 5: Train Loss=1.8967, Val Acc=62.35%
Linear Epoch 10: Train Loss=1.4223, Val Acc=74.35%
Linear Epoch 15: Train Loss=1.1543, Val Acc=78.02%
Linear Epoch 20: Train Loss=0.9850, Val Acc=80.35%
Linear Epoch 25: Train Loss=0.8700, Val Acc=81.74%
Linear Epoch 30: Train Loss=0.7849, Val Acc=82.88%
Linear Epoch 35: Train Loss=0.7209, Val Acc=83.77%
Linear Epoch 40: Train Loss=0.6706, Val Acc=84.46%
Linear Epoch 45: Train Loss=0.6283, Val Acc=84.78%
Linear Epoch 50: Train Loss=0.5940, Val Acc=85.09%
[daplankton_lab_cs] Linear accuracy: 85.18% | Val accuracy: 85.09%
[daplankton_lab_cs] Eval-only accuracy: 7.73%
Running unsupervised k-NN evaluation...
k-NN Top-1 accuracy: 86.96%
Running unsupervised clustering evaluation...
K-Means clustering accuracy (Hungarian matched): 43.67%
Silhouette score: 0.110
Prototype accuracy: 75.93%

>>> Evaluating on 'daplankton_lab_fc' <<<
[daplankton_lab_fc] Linear split: 8548 train, 2137 val, 3561 test
Linear Epoch 5: Train Loss=1.4320, Val Acc=65.23%
Linear Epoch 10: Train Loss=1.0331, Val Acc=73.89%
Linear Epoch 15: Train Loss=0.8442, Val Acc=76.46%
Linear Epoch 20: Train Loss=0.7336, Val Acc=78.90%
Linear Epoch 25: Train Loss=0.6588, Val Acc=80.30%
Linear Epoch 30: Train Loss=0.6038, Val Acc=81.75%
Linear Epoch 35: Train Loss=0.5598, Val Acc=82.55%
Linear Epoch 40: Train Loss=0.5270, Val Acc=83.25%
Linear Epoch 45: Train Loss=0.4990, Val Acc=84.04%
Linear Epoch 50: Train Loss=0.4751, Val Acc=84.79%
[daplankton_lab_fc] Linear accuracy: 85.26% | Val accuracy: 84.79%
[daplankton_lab_fc] Eval-only accuracy: 4.77%
Running unsupervised k-NN evaluation...
k-NN Top-1 accuracy: 85.65%
Running unsupervised clustering evaluation...
K-Means clustering accuracy (Hungarian matched): 49.85%
Silhouette score: 0.116
Prototype accuracy: 71.33%
Results saved to fl_results/fed_unsup_simclr_dino_s16_wco_l4_ifcb_pml_dino_s16_2000C_5pct_seed27_20260528_113528.json
