Device: cuda
Configuration: {'dataset': 'wco_l4_ifcb_pml', 'dino_model': 'vit_small_patch16_dinov3', 'projection_dim': 128, 'image_size': 224, 'num_clients': 200, 'client_frac': 0.05, 'rounds': 20, 'local_epochs': 5, 'batch_size': 128, 'lr': 0.0001, 'wd': 0.0001, 'grad_clip': 1.0, 'linear_lr': 0.001, 'linear_wd': 0.0001, 'linear_bs': 256, 'linear_epochs': 50, 'linear_patience': 10, 'dirichlet_alpha': 0.3, 'balanced_partition': False, 'normalization': 'imagenet', 'seed': 17, 'backbone_tag': 'dino_s16', 'run_name': 'dino_s16_200C_5pct_seed17', 'verbose': False, 'progress_every': 20, 'eval_every': 0, 'save_test_embeddings': False, 'cpu': False, 'eval_datasets': ['wco_l4_ifcb_pml', 'syke_ifcb', 'syke_zooscan', 'plankto_share', 'daplankton_lab_ifcb', 'daplankton_lab_cs', 'daplankton_lab_fc'], 'tiny_root': './tiny', 'celeba_root': './celeba', 'device': device(type='cuda')}
Loading DINOv3 backbone (vit_small_patch16_dinov3)...
DINOv3 image feature dim: 384
Using Dirichlet alpha=0.3 for non-IID partition...
Using imbalanced Dirichlet partition
Starting federated unsupervised SimCLR (CLIP backbone)...

--- Round 1/20 ---
Client 133: 4.9491
Client 106: 5.0145
Client 77: 5.0484
Client 93: 5.0697
Client 74: 4.9393
Client 44: 5.1582
Client 196: 4.9800
Client 180: 5.1014
Client 138: 4.8575
Client 169: 4.9993
Round avg loss: 5.0117 (Best: 5.0117)

--- Round 2/20 ---
Client 71: 4.9059
Client 28: 5.0373
Client 6: 4.9818
Client 63: 4.9435
Client 98: 5.0147
Client 191: 4.8997
Client 107: 4.9596
Client 64: 4.8835
Client 128: 4.9158
Client 81: 4.9933
Round avg loss: 4.9535 (Best: 4.9535)

--- Round 3/20 ---
Client 163: 4.8509
Client 175: 4.9306
Client 185: 4.8971
Client 102: 4.9787
Client 35: 5.0528
Client 141: 4.9471
Client 15: 4.8905
Client 50: 4.8752
Client 38: 4.8702
Client 180: 4.7159
Round avg loss: 4.9009 (Best: 4.9009)

--- Round 4/20 ---
Client 136: 4.9754
Client 143: 4.9573
Client 175: 4.4938
Client 53: 5.0136
Client 84: 5.0059
Client 138: 4.4412
Client 31: 4.8574
Client 183: 4.8840
Client 163: 4.4712
Client 17: 4.8609
Round avg loss: 4.7961 (Best: 4.7961)

--- Round 5/20 ---
Client 79: 4.8723
Client 104: 4.8903
Client 20: 4.9422
Client 129: 4.9404
Client 121: 4.9224
Client 163: 4.2916
Client 153: 4.9825
Client 36: 4.8618
Client 174: 4.9377
Client 86: 5.0336
Round avg loss: 4.8675 (Best: 4.7961)

--- Round 6/20 ---
Client 4: 5.0252
Client 110: 4.9970
Client 95: 4.8275
Client 146: 5.0872
Client 13: 4.9237
Client 192: 4.8729
Client 189: 4.9396
Client 90: 4.9787
Client 12: 4.9408
Client 122: 5.0870
Round avg loss: 4.9680 (Best: 4.7961)

--- Round 7/20 ---
Client 95: 4.3966
Client 148: 4.8789
Client 198: 4.9106
Client 1: 5.0803
Client 103: 4.8735
Client 61: 4.8859
Client 29: 5.0194
Client 142: 4.9453
Client 54: 5.0322
Client 63: 4.5645
Round avg loss: 4.8587 (Best: 4.7961)

--- Round 8/20 ---
Client 134: 4.8925
Client 92: 4.9448
Client 14: 4.9597
Client 68: 4.9415
Client 16: 5.0045
Client 70: 4.9667
Client 49: 5.0755
Client 191: 4.4987
Client 154: 5.1039
Client 142: 4.5369
Round avg loss: 4.8925 (Best: 4.7961)

--- Round 9/20 ---
Client 136: 4.5880
Client 141: 4.5515
Client 33: 5.0513
Client 64: 4.4758
Client 168: 5.0182
Client 78: 5.0215
Client 89: 4.8887
Client 81: 4.5507
Client 43: 5.1336
Client 85: 4.9716
Round avg loss: 4.8251 (Best: 4.7961)

--- Round 10/20 ---
Client 24: 5.0581
Client 147: 5.0545
Client 148: 4.4626
Client 69: 4.9168
Client 85: 4.5825
Client 2: 4.9078
Client 12: 4.5381
Client 192: 4.4604
Client 89: 4.5061
Client 4: 4.6468
Round avg loss: 4.7134 (Best: 4.7134)

--- Round 11/20 ---
Client 119: 4.8808
Client 190: 4.9916
Client 69: 4.4967
Client 121: 4.4967
Client 162: 4.8871
Client 13: 4.4955
Client 186: 4.8651
Client 50: 4.5180
Client 79: 4.4337
Client 66: 4.9608
Round avg loss: 4.7026 (Best: 4.7026)

--- Round 12/20 ---
Client 19: 5.0753
Client 191: 4.3218
Client 183: 4.4469
Client 124: 4.9091
Client 5: 4.9472
Client 158: 5.0682
Client 144: 4.9194
Client 134: 4.5055
Client 175: 4.3398
Client 35: 4.6378
Round avg loss: 4.7171 (Best: 4.7026)

--- Round 13/20 ---
Client 103: 4.4898
Client 124: 4.5074
Client 187: 4.9428
Client 151: 5.1082
Client 100: 4.8787
Client 46: 5.0726
Client 50: 4.2949
Client 64: 4.2998
Client 38: 4.4924
Client 173: 5.1296
Round avg loss: 4.7216 (Best: 4.7026)

--- Round 14/20 ---
Client 28: 4.6024
Client 54: 4.6289
Client 12: 4.3397
Client 137: 5.1025
Client 78: 4.6386
Client 80: 5.0297
Client 41: 4.9036
Client 107: 4.5341
Client 23: 5.0677
Client 176: 4.9388
Round avg loss: 4.7786 (Best: 4.7026)

--- Round 15/20 ---
Client 197: 4.9879
Client 79: 4.2675
Client 64: 4.1924
Client 168: 4.6209
Client 103: 4.2869
Client 122: 4.6978
Client 19: 4.6574
Client 138: 4.2597
Client 21: 5.0417
Client 139: 4.8756
Round avg loss: 4.5888 (Best: 4.5888)

--- Round 16/20 ---
Client 162: 4.4683
Client 61: 4.5074
Client 57: 5.1386
Client 136: 4.4142
Client 67: 5.0430
Client 147: 4.6354
Client 41: 4.5016
Client 75: 4.9100
Client 12: 4.2384
Client 185: 4.4957
Round avg loss: 4.6353 (Best: 4.5888)

--- Round 17/20 ---
Client 124: 4.3069
Client 150: 5.0215
Client 100: 4.4960
Client 56: 4.9285
Client 141: 4.3668
Client 104: 4.4601
Client 132: 5.0752
Client 160: 5.0596
Client 113: 5.0052
Client 19: 4.4909
Round avg loss: 4.7211 (Best: 4.5888)

--- Round 18/20 ---
Client 117: 4.9321
Client 192: 4.2708
Client 55: 4.9623
Client 58: 4.8565
Client 123: 4.9399
Client 81: 4.3681
Client 48: 5.1032
Client 93: 4.6804
Client 153: 4.5668
Client 7: 4.8781
Round avg loss: 4.7558 (Best: 4.5888)

--- Round 19/20 ---
Client 190: 4.5390
Client 147: 4.4587
Client 145: 4.8935
Client 132: 4.6937
Client 108: 4.9196
Client 13: 4.3138
Client 84: 4.6185
Client 148: 4.3013
Client 43: 4.7684
Client 142: 4.3547
Round avg loss: 4.5861 (Best: 4.5861)

--- Round 20/20 ---
Client 59: 5.0479
Client 156: 4.8706
Client 80: 4.6002
Client 94: 4.9230
Client 44: 4.7874
Client 193: 5.1320
Client 54: 4.4433
Client 77: 4.6470
Client 111: 4.9195
Client 91: 5.0983
Round avg loss: 4.8469 (Best: 4.5861)
Projector checkpoint saved to fl_results/checkpoints/projector_dino_s16_wco_l4_ifcb_pml_dino_s16_200C_5pct_seed17_20260528_010848.pt

Running final evaluations...

>>> Evaluating on 'wco_l4_ifcb_pml' <<<
[wco_l4_ifcb_pml] Linear split: 43525 train, 10882 val, 18135 test
Linear Epoch 5: Train Loss=1.2659, Val Acc=73.33%
Linear Epoch 10: Train Loss=0.8677, Val Acc=79.80%
Linear Epoch 15: Train Loss=0.7271, Val Acc=82.30%
Linear Epoch 20: Train Loss=0.6580, Val Acc=83.34%
Linear Epoch 25: Train Loss=0.6068, Val Acc=84.08%
Linear Epoch 30: Train Loss=0.5840, Val Acc=84.60%
Linear Epoch 35: Train Loss=0.5630, Val Acc=84.97%
Linear Epoch 40: Train Loss=0.5474, Val Acc=85.36%
Linear Epoch 45: Train Loss=0.5391, Val Acc=85.44%
Linear Epoch 50: Train Loss=0.5318, Val Acc=85.59%
[wco_l4_ifcb_pml] Linear accuracy: 85.73% | Val accuracy: 85.59%
[wco_l4_ifcb_pml] Eval-only accuracy: 0.72%
Running unsupervised k-NN evaluation...
k-NN Top-1 accuracy: 82.21%
Running unsupervised clustering evaluation...
K-Means clustering accuracy (Hungarian matched): 34.63%
Silhouette score: 0.066
Prototype accuracy: 67.70%

>>> Evaluating on 'syke_ifcb' <<<
[syke_ifcb] Linear split: 30272 train, 7568 val, 12618 test
Linear Epoch 5: Train Loss=0.8421, Val Acc=81.94%
Linear Epoch 10: Train Loss=0.5455, Val Acc=86.48%
Linear Epoch 15: Train Loss=0.4313, Val Acc=88.69%
Linear Epoch 20: Train Loss=0.3716, Val Acc=89.87%
Linear Epoch 25: Train Loss=0.3332, Val Acc=90.63%
Linear Epoch 30: Train Loss=0.3085, Val Acc=90.88%
Linear Epoch 35: Train Loss=0.2895, Val Acc=91.44%
Linear Epoch 40: Train Loss=0.2765, Val Acc=91.85%
Linear Epoch 45: Train Loss=0.2657, Val Acc=92.05%
Linear Epoch 50: Train Loss=0.2591, Val Acc=92.12%
[syke_ifcb] Linear accuracy: 92.49% | Val accuracy: 92.16%
[syke_ifcb] Eval-only accuracy: 0.44%
Running unsupervised k-NN evaluation...
k-NN Top-1 accuracy: 90.34%
Running unsupervised clustering evaluation...
K-Means clustering accuracy (Hungarian matched): 36.10%
Silhouette score: 0.085
Prototype accuracy: 67.74%

>>> Evaluating on 'syke_zooscan' <<<
[syke_zooscan] Linear split: 10896 train, 2724 val, 4597 test
Linear Epoch 5: Train Loss=1.0809, Val Acc=76.51%
Linear Epoch 10: Train Loss=0.7699, Val Acc=81.39%
Linear Epoch 15: Train Loss=0.6240, Val Acc=83.70%
Linear Epoch 20: Train Loss=0.5348, Val Acc=85.39%
Linear Epoch 25: Train Loss=0.4727, Val Acc=87.19%
Linear Epoch 30: Train Loss=0.4282, Val Acc=88.47%
Linear Epoch 35: Train Loss=0.3930, Val Acc=89.39%
Linear Epoch 40: Train Loss=0.3675, Val Acc=90.09%
Linear Epoch 45: Train Loss=0.3451, Val Acc=90.68%
Linear Epoch 50: Train Loss=0.3256, Val Acc=90.93%
[syke_zooscan] Linear accuracy: 89.71% | Val accuracy: 90.93%
[syke_zooscan] Eval-only accuracy: 0.57%
Running unsupervised k-NN evaluation...
k-NN Top-1 accuracy: 90.06%
Running unsupervised clustering evaluation...
K-Means clustering accuracy (Hungarian matched): 32.85%
Silhouette score: 0.072
Prototype accuracy: 64.72%

>>> Evaluating on 'plankto_share' <<<
[plankto_share] Linear split: 25363 train, 6341 val, 10572 test
Linear Epoch 5: Train Loss=2.0901, Val Acc=52.70%
Linear Epoch 10: Train Loss=1.5790, Val Acc=60.46%
Linear Epoch 15: Train Loss=1.3648, Val Acc=63.74%
Linear Epoch 20: Train Loss=1.2440, Val Acc=65.73%
Linear Epoch 25: Train Loss=1.1691, Val Acc=67.12%
Linear Epoch 30: Train Loss=1.1104, Val Acc=68.14%
Linear Epoch 35: Train Loss=1.0723, Val Acc=68.73%
Linear Epoch 40: Train Loss=1.0440, Val Acc=69.42%
Linear Epoch 45: Train Loss=1.0152, Val Acc=69.82%
Linear Epoch 50: Train Loss=0.9939, Val Acc=70.16%
[plankto_share] Linear accuracy: 71.39% | Val accuracy: 70.16%
[plankto_share] Eval-only accuracy: 0.61%
Running unsupervised k-NN evaluation...
k-NN Top-1 accuracy: 66.31%
Running unsupervised clustering evaluation...
K-Means clustering accuracy (Hungarian matched): 26.77%
Silhouette score: 0.046
Prototype accuracy: 50.48%

>>> Evaluating on 'daplankton_lab_ifcb' <<<
[daplankton_lab_ifcb] Linear split: 7909 train, 1978 val, 3294 test
Linear Epoch 5: Train Loss=1.3486, Val Acc=79.52%
Linear Epoch 10: Train Loss=0.8926, Val Acc=82.86%
Linear Epoch 15: Train Loss=0.6940, Val Acc=84.63%
Linear Epoch 20: Train Loss=0.5833, Val Acc=85.89%
Linear Epoch 25: Train Loss=0.5121, Val Acc=86.80%
Linear Epoch 30: Train Loss=0.4618, Val Acc=87.71%
Linear Epoch 35: Train Loss=0.4240, Val Acc=88.32%
Linear Epoch 40: Train Loss=0.3943, Val Acc=89.03%
Linear Epoch 45: Train Loss=0.3704, Val Acc=89.33%
Linear Epoch 50: Train Loss=0.3503, Val Acc=89.79%
[daplankton_lab_ifcb] Linear accuracy: 89.77% | Val accuracy: 89.79%
[daplankton_lab_ifcb] Eval-only accuracy: 5.46%
Running unsupervised k-NN evaluation...
k-NN Top-1 accuracy: 88.37%
Running unsupervised clustering evaluation...
K-Means clustering accuracy (Hungarian matched): 66.39%
Silhouette score: 0.130
Prototype accuracy: 81.24%

>>> Evaluating on 'daplankton_lab_cs' <<<
[daplankton_lab_cs] Linear split: 6330 train, 1583 val, 2638 test
Linear Epoch 5: Train Loss=1.8189, Val Acc=61.34%
Linear Epoch 10: Train Loss=1.3785, Val Acc=72.58%
Linear Epoch 15: Train Loss=1.1333, Val Acc=76.12%
Linear Epoch 20: Train Loss=0.9771, Val Acc=78.84%
Linear Epoch 25: Train Loss=0.8678, Val Acc=80.35%
Linear Epoch 30: Train Loss=0.7880, Val Acc=81.55%
Linear Epoch 35: Train Loss=0.7250, Val Acc=82.56%
Linear Epoch 40: Train Loss=0.6770, Val Acc=83.26%
Linear Epoch 45: Train Loss=0.6359, Val Acc=84.02%
Linear Epoch 50: Train Loss=0.6020, Val Acc=84.27%
[daplankton_lab_cs] Linear accuracy: 84.87% | Val accuracy: 84.40%
[daplankton_lab_cs] Eval-only accuracy: 5.91%
Running unsupervised k-NN evaluation...
k-NN Top-1 accuracy: 85.10%
Running unsupervised clustering evaluation...
K-Means clustering accuracy (Hungarian matched): 46.97%
Silhouette score: 0.112
Prototype accuracy: 69.64%

>>> Evaluating on 'daplankton_lab_fc' <<<
[daplankton_lab_fc] Linear split: 8548 train, 2137 val, 3561 test
Linear Epoch 5: Train Loss=1.3775, Val Acc=63.97%
Linear Epoch 10: Train Loss=0.9954, Val Acc=73.89%
Linear Epoch 15: Train Loss=0.8197, Val Acc=77.59%
Linear Epoch 20: Train Loss=0.7135, Val Acc=79.93%
Linear Epoch 25: Train Loss=0.6429, Val Acc=81.28%
Linear Epoch 30: Train Loss=0.5918, Val Acc=83.11%
Linear Epoch 35: Train Loss=0.5501, Val Acc=84.04%
Linear Epoch 40: Train Loss=0.5199, Val Acc=84.60%
Linear Epoch 45: Train Loss=0.4942, Val Acc=85.26%
Linear Epoch 50: Train Loss=0.4722, Val Acc=85.68%
[daplankton_lab_fc] Linear accuracy: 85.14% | Val accuracy: 85.73%
[daplankton_lab_fc] Eval-only accuracy: 4.63%
Running unsupervised k-NN evaluation...
k-NN Top-1 accuracy: 84.61%
Running unsupervised clustering evaluation...
K-Means clustering accuracy (Hungarian matched): 47.71%
Silhouette score: 0.141
Prototype accuracy: 69.36%
Results saved to fl_results/fed_unsup_simclr_dino_s16_wco_l4_ifcb_pml_dino_s16_200C_5pct_seed17_20260528_010848.json
