Device: cuda
Configuration: {'dataset': 'wco_l4_ifcb_pml', 'resnet_model': 'resnet18', 'projection_dim': 128, 'image_size': 224, 'num_clients': 200, 'client_frac': 0.05, 'rounds': 20, 'local_epochs': 5, 'batch_size': 128, 'lr': 0.0001, 'wd': 0.0001, 'grad_clip': 1.0, 'linear_lr': 0.001, 'linear_wd': 0.0001, 'linear_bs': 256, 'linear_epochs': 50, 'linear_patience': 10, 'dirichlet_alpha': 0.3, 'balanced_partition': False, 'normalization': 'imagenet', 'seed': 1, 'backbone_tag': 'resnet18', 'run_name': 'resnet18_200C_5pct_seed1', 'verbose': False, 'progress_every': 20, 'eval_every': 0, 'save_test_embeddings': False, 'cpu': False, 'eval_datasets': ['wco_l4_ifcb_pml', 'syke_ifcb', 'syke_zooscan', 'plankto_share', 'daplankton_lab_ifcb', 'daplankton_lab_cs', 'daplankton_lab_fc'], 'tiny_root': './tiny', 'celeba_root': './celeba', 'device': device(type='cuda')}
Loading ResNet backbone (resnet18, weights=IMAGENET1K_V1)...
ResNet image feature dim: 512
Using Dirichlet alpha=0.3 for non-IID partition...
Using imbalanced Dirichlet partition
Starting federated unsupervised SimCLR (CLIP backbone)...

--- Round 1/20 ---
Client 34: 4.9620
Client 145: 4.8671
Client 195: 4.9549
Client 16: 4.9361
Client 65: 4.8790
Client 30: 4.9372
Client 126: 4.8445
Client 194: 5.0419
Client 115: 4.8924
Client 120: 4.8872
Round avg loss: 4.9202 (Best: 4.9202)

--- Round 2/20 ---
Client 166: 4.9444
Client 97: 4.8484
Client 53: 4.9551
Client 24: 4.8788
Client 124: 5.0308
Client 7: 4.9612
Client 99: 4.8433
Client 110: 4.9424
Client 155: 5.0108
Client 195: 4.5821
Round avg loss: 4.8997 (Best: 4.8997)

--- Round 3/20 ---
Client 196: 4.9016
Client 0: 5.0264
Client 178: 4.8661
Client 114: 4.9255
Client 68: 5.0400
Client 184: 4.9850
Client 58: 4.8200
Client 151: 4.9307
Client 26: 4.9360
Client 81: 4.8994
Round avg loss: 4.9331 (Best: 4.8997)

--- Round 4/20 ---
Client 7: 4.6358
Client 5: 4.9368
Client 6: 4.9871
Client 166: 4.5665
Client 138: 4.8650
Client 2: 5.0514
Client 97: 4.4773
Client 175: 4.8751
Client 55: 4.8920
Client 108: 5.0822
Round avg loss: 4.8369 (Best: 4.8369)

--- Round 5/20 ---
Client 185: 4.9260
Client 7: 4.4949
Client 135: 5.0006
Client 56: 5.1100
Client 195: 4.4342
Client 112: 4.9371
Client 126: 4.4959
Client 141: 4.9345
Client 59: 4.8518
Client 88: 4.9115
Round avg loss: 4.8097 (Best: 4.8097)

--- Round 6/20 ---
Client 59: 4.5086
Client 173: 5.0772
Client 56: 4.8046
Client 194: 4.7015
Client 117: 4.8742
Client 74: 4.9006
Client 5: 4.6029
Client 106: 4.8600
Client 142: 4.9103
Client 164: 4.8334
Round avg loss: 4.8073 (Best: 4.8073)

--- Round 7/20 ---
Client 25: 4.9879
Client 47: 4.8813
Client 161: 4.9672
Client 185: 4.5933
Client 75: 5.0087
Client 30: 4.6292
Client 190: 4.8903
Client 85: 4.9023
Client 184: 4.6976
Client 182: 4.9122
Round avg loss: 4.8470 (Best: 4.8073)

--- Round 8/20 ---
Client 128: 4.8821
Client 108: 4.7806
Client 129: 4.9432
Client 171: 4.8083
Client 48: 4.8888
Client 77: 5.0307
Client 72: 4.8613
Client 150: 4.8656
Client 127: 4.8855
Client 100: 4.9117
Round avg loss: 4.8858 (Best: 4.8073)

--- Round 9/20 ---
Client 150: 4.5466
Client 8: 4.9167
Client 122: 4.9328
Client 62: 4.9103
Client 190: 4.5572
Client 103: 4.8970
Client 106: 4.5318
Client 170: 5.0762
Client 44: 4.8689
Client 93: 4.8850
Round avg loss: 4.8122 (Best: 4.8073)

--- Round 10/20 ---
Client 140: 5.0361
Client 179: 4.9061
Client 198: 4.9270
Client 172: 5.0465
Client 188: 4.9366
Client 95: 4.9033
Client 22: 4.8782
Client 112: 4.5785
Client 169: 5.0453
Client 130: 4.8599
Round avg loss: 4.9117 (Best: 4.8073)

--- Round 11/20 ---
Client 27: 5.0590
Client 199: 4.9093
Client 41: 4.9749
Client 133: 4.9746
Client 100: 4.5850
Client 94: 4.8575
Client 125: 5.0909
Client 187: 4.9118
Client 7: 4.3806
Client 120: 4.5575
Round avg loss: 4.8301 (Best: 4.8073)

--- Round 12/20 ---
Client 11: 4.9045
Client 78: 5.0125
Client 180: 4.9617
Client 157: 4.9378
Client 151: 4.5874
Client 148: 4.9661
Client 100: 4.4361
Client 165: 5.0157
Client 43: 4.9293
Client 128: 4.5418
Round avg loss: 4.8293 (Best: 4.8073)

--- Round 13/20 ---
Client 58: 4.5053
Client 3: 4.9832
Client 197: 4.8466
Client 51: 5.0244
Client 138: 4.5356
Client 140: 4.7329
Client 59: 4.3263
Client 103: 4.5978
Client 131: 4.9773
Client 88: 4.5463
Round avg loss: 4.7076 (Best: 4.7076)

--- Round 14/20 ---
Client 147: 4.9152
Client 90: 4.9078
Client 117: 4.5926
Client 68: 4.7519
Client 168: 4.9230
Client 140: 4.5563
Client 155: 4.6828
Client 186: 4.9989
Client 1: 4.9192
Client 98: 4.8985
Round avg loss: 4.8146 (Best: 4.7076)

--- Round 15/20 ---
Client 189: 4.9317
Client 131: 4.6584
Client 33: 5.0067
Client 132: 4.9572
Client 199: 4.5559
Client 143: 4.8404
Client 52: 4.9010
Client 109: 4.9248
Client 14: 5.0050
Client 123: 4.8574
Round avg loss: 4.8638 (Best: 4.7076)

--- Round 16/20 ---
Client 93: 4.5530
Client 145: 4.5450
Client 141: 4.5791
Client 51: 4.6963
Client 129: 4.6390
Client 105: 4.9050
Client 124: 4.7046
Client 91: 4.8845
Client 106: 4.3677
Client 88: 4.3699
Round avg loss: 4.6244 (Best: 4.6244)

--- Round 17/20 ---
Client 0: 4.7099
Client 137: 4.8198
Client 138: 4.3991
Client 159: 4.8960
Client 156: 4.9363
Client 84: 5.0458
Client 117: 4.4174
Client 153: 5.0393
Client 7: 4.3077
Client 58: 4.3404
Round avg loss: 4.6912 (Best: 4.6244)

--- Round 18/20 ---
Client 162: 4.8938
Client 45: 4.8725
Client 140: 4.4442
Client 149: 4.8518
Client 46: 4.8721
Client 23: 4.8505
Client 141: 4.4299
Client 65: 4.5451
Client 8: 4.6069
Client 172: 4.7399
Round avg loss: 4.7107 (Best: 4.6244)

--- Round 19/20 ---
Client 18: 4.9822
Client 21: 4.9725
Client 4: 4.9225
Client 115: 4.5679
Client 3: 4.7064
Client 193: 4.8442
Client 71: 5.0261
Client 63: 5.0022
Client 68: 4.5935
Client 28: 4.9509
Round avg loss: 4.8568 (Best: 4.6244)

--- Round 20/20 ---
Client 159: 4.6032
Client 47: 4.5759
Client 88: 4.2872
Client 74: 4.5696
Client 17: 4.8558
Client 42: 5.0776
Client 40: 4.9737
Client 65: 4.3949
Client 135: 4.6717
Client 43: 4.6033
Round avg loss: 4.6613 (Best: 4.6244)
Projector checkpoint saved to fl_results/checkpoints/projector_resnet18_wco_l4_ifcb_pml_resnet18_200C_5pct_seed1_20260528_060818.pt

Running final evaluations...

>>> Evaluating on 'wco_l4_ifcb_pml' <<<
[wco_l4_ifcb_pml] Linear split: 43525 train, 10882 val, 18135 test
Linear Epoch 5: Train Loss=1.4981, Val Acc=65.36%
Linear Epoch 10: Train Loss=1.1082, Val Acc=72.55%
Linear Epoch 15: Train Loss=0.9603, Val Acc=75.21%
Linear Epoch 20: Train Loss=0.8796, Val Acc=76.60%
Linear Epoch 25: Train Loss=0.8298, Val Acc=77.30%
Linear Epoch 30: Train Loss=0.7979, Val Acc=77.95%
Linear Epoch 35: Train Loss=0.7753, Val Acc=78.56%
Linear Epoch 40: Train Loss=0.7516, Val Acc=78.84%
Linear Epoch 45: Train Loss=0.7453, Val Acc=78.99%
Linear Epoch 50: Train Loss=0.7308, Val Acc=79.42%
[wco_l4_ifcb_pml] Linear accuracy: 79.95% | Val accuracy: 79.42%
[wco_l4_ifcb_pml] Eval-only accuracy: 0.28%
Running unsupervised k-NN evaluation...
k-NN Top-1 accuracy: 75.14%
Running unsupervised clustering evaluation...
K-Means clustering accuracy (Hungarian matched): 29.66%
Silhouette score: 0.052
Prototype accuracy: 57.79%

>>> Evaluating on 'syke_ifcb' <<<
[syke_ifcb] Linear split: 30272 train, 7568 val, 12618 test
Linear Epoch 5: Train Loss=0.8948, Val Acc=77.85%
Linear Epoch 10: Train Loss=0.6336, Val Acc=83.06%
Linear Epoch 15: Train Loss=0.5323, Val Acc=85.15%
Linear Epoch 20: Train Loss=0.4753, Val Acc=86.48%
Linear Epoch 25: Train Loss=0.4390, Val Acc=87.13%
Linear Epoch 30: Train Loss=0.4127, Val Acc=87.70%
Linear Epoch 35: Train Loss=0.3941, Val Acc=88.08%
Linear Epoch 40: Train Loss=0.3799, Val Acc=88.21%
Linear Epoch 45: Train Loss=0.3688, Val Acc=88.58%
Linear Epoch 50: Train Loss=0.3610, Val Acc=88.76%
[syke_ifcb] Linear accuracy: 88.77% | Val accuracy: 88.81%
[syke_ifcb] Eval-only accuracy: 1.63%
Running unsupervised k-NN evaluation...
k-NN Top-1 accuracy: 86.10%
Running unsupervised clustering evaluation...
K-Means clustering accuracy (Hungarian matched): 30.43%
Silhouette score: 0.063
Prototype accuracy: 57.20%

>>> Evaluating on 'syke_zooscan' <<<
[syke_zooscan] Linear split: 10896 train, 2724 val, 4597 test
Linear Epoch 5: Train Loss=0.9888, Val Acc=77.64%
Linear Epoch 10: Train Loss=0.6842, Val Acc=82.01%
Linear Epoch 15: Train Loss=0.5537, Val Acc=84.43%
Linear Epoch 20: Train Loss=0.4775, Val Acc=85.76%
Linear Epoch 25: Train Loss=0.4283, Val Acc=86.89%
Linear Epoch 30: Train Loss=0.3932, Val Acc=87.70%
Linear Epoch 35: Train Loss=0.3670, Val Acc=88.18%
Linear Epoch 40: Train Loss=0.3467, Val Acc=89.13%
Linear Epoch 45: Train Loss=0.3317, Val Acc=89.50%
Linear Epoch 50: Train Loss=0.3172, Val Acc=89.98%
[syke_zooscan] Linear accuracy: 89.54% | Val accuracy: 90.01%
[syke_zooscan] Eval-only accuracy: 0.37%
Running unsupervised k-NN evaluation...
k-NN Top-1 accuracy: 89.58%
Running unsupervised clustering evaluation...
K-Means clustering accuracy (Hungarian matched): 28.06%
Silhouette score: 0.069
Prototype accuracy: 56.12%

>>> Evaluating on 'plankto_share' <<<
[plankto_share] Linear split: 25363 train, 6341 val, 10572 test
Linear Epoch 5: Train Loss=2.2514, Val Acc=46.19%
Linear Epoch 10: Train Loss=1.8095, Val Acc=52.64%
Linear Epoch 15: Train Loss=1.6279, Val Acc=55.23%
Linear Epoch 20: Train Loss=1.5158, Val Acc=57.03%
Linear Epoch 25: Train Loss=1.4510, Val Acc=58.18%
Linear Epoch 30: Train Loss=1.4004, Val Acc=59.06%
Linear Epoch 35: Train Loss=1.3573, Val Acc=59.45%
Linear Epoch 40: Train Loss=1.3277, Val Acc=60.05%
Linear Epoch 45: Train Loss=1.3073, Val Acc=60.43%
Linear Epoch 50: Train Loss=1.2883, Val Acc=60.53%
[plankto_share] Linear accuracy: 61.81% | Val accuracy: 60.53%
[plankto_share] Eval-only accuracy: 0.44%
Running unsupervised k-NN evaluation...
k-NN Top-1 accuracy: 56.66%
Running unsupervised clustering evaluation...
K-Means clustering accuracy (Hungarian matched): 21.54%
Silhouette score: 0.031
Prototype accuracy: 43.41%

>>> Evaluating on 'daplankton_lab_ifcb' <<<
[daplankton_lab_ifcb] Linear split: 7909 train, 1978 val, 3294 test
Linear Epoch 5: Train Loss=1.1182, Val Acc=81.19%
Linear Epoch 10: Train Loss=0.7365, Val Acc=84.48%
Linear Epoch 15: Train Loss=0.5897, Val Acc=86.15%
Linear Epoch 20: Train Loss=0.5111, Val Acc=86.86%
Linear Epoch 25: Train Loss=0.4596, Val Acc=87.92%
Linear Epoch 30: Train Loss=0.4233, Val Acc=89.03%
Linear Epoch 35: Train Loss=0.3954, Val Acc=89.33%
Linear Epoch 40: Train Loss=0.3738, Val Acc=89.64%
Linear Epoch 45: Train Loss=0.3564, Val Acc=89.89%
Linear Epoch 50: Train Loss=0.3409, Val Acc=90.24%
[daplankton_lab_ifcb] Linear accuracy: 88.31% | Val accuracy: 90.24%
[daplankton_lab_ifcb] Eval-only accuracy: 15.24%
Running unsupervised k-NN evaluation...
k-NN Top-1 accuracy: 87.83%
Running unsupervised clustering evaluation...
K-Means clustering accuracy (Hungarian matched): 66.48%
Silhouette score: 0.169
Prototype accuracy: 80.05%

>>> Evaluating on 'daplankton_lab_cs' <<<
[daplankton_lab_cs] Linear split: 6330 train, 1583 val, 2638 test
Linear Epoch 5: Train Loss=1.6369, Val Acc=61.15%
Linear Epoch 10: Train Loss=1.2302, Val Acc=69.05%
Linear Epoch 15: Train Loss=1.0338, Val Acc=71.95%
Linear Epoch 20: Train Loss=0.9147, Val Acc=73.97%
Linear Epoch 25: Train Loss=0.8331, Val Acc=75.55%
Linear Epoch 30: Train Loss=0.7734, Val Acc=76.44%
Linear Epoch 35: Train Loss=0.7269, Val Acc=77.51%
Linear Epoch 40: Train Loss=0.6898, Val Acc=78.46%
Linear Epoch 45: Train Loss=0.6583, Val Acc=78.90%
Linear Epoch 50: Train Loss=0.6312, Val Acc=79.22%
[daplankton_lab_cs] Linear accuracy: 81.16% | Val accuracy: 79.47%
[daplankton_lab_cs] Eval-only accuracy: 5.04%
Running unsupervised k-NN evaluation...
k-NN Top-1 accuracy: 83.32%
Running unsupervised clustering evaluation...
K-Means clustering accuracy (Hungarian matched): 44.84%
Silhouette score: 0.105
Prototype accuracy: 67.17%

>>> Evaluating on 'daplankton_lab_fc' <<<
[daplankton_lab_fc] Linear split: 8548 train, 2137 val, 3561 test
Linear Epoch 5: Train Loss=1.3457, Val Acc=66.54%
Linear Epoch 10: Train Loss=0.9821, Val Acc=73.70%
Linear Epoch 15: Train Loss=0.8178, Val Acc=76.28%
Linear Epoch 20: Train Loss=0.7254, Val Acc=77.54%
Linear Epoch 25: Train Loss=0.6597, Val Acc=79.27%
Linear Epoch 30: Train Loss=0.6155, Val Acc=80.02%
Linear Epoch 35: Train Loss=0.5798, Val Acc=80.67%
Linear Epoch 40: Train Loss=0.5502, Val Acc=80.91%
Linear Epoch 45: Train Loss=0.5320, Val Acc=81.09%
Linear Epoch 50: Train Loss=0.5129, Val Acc=81.47%
[daplankton_lab_fc] Linear accuracy: 82.76% | Val accuracy: 81.56%
[daplankton_lab_fc] Eval-only accuracy: 5.03%
Running unsupervised k-NN evaluation...
k-NN Top-1 accuracy: 83.07%
Running unsupervised clustering evaluation...
K-Means clustering accuracy (Hungarian matched): 46.42%
Silhouette score: 0.110
Prototype accuracy: 65.21%
Results saved to fl_results/fed_unsup_simclr_resnet18_wco_l4_ifcb_pml_resnet18_200C_5pct_seed1_20260528_060818.json
