Device: cuda
Configuration: {'dataset': 'wco_l4_ifcb_pml', 'resnet_model': 'resnet18', 'projection_dim': 128, 'image_size': 224, 'num_clients': 200, 'client_frac': 0.05, 'rounds': 20, 'local_epochs': 5, 'batch_size': 128, 'lr': 0.0001, 'wd': 0.0001, 'grad_clip': 1.0, 'linear_lr': 0.001, 'linear_wd': 0.0001, 'linear_bs': 256, 'linear_epochs': 50, 'linear_patience': 10, 'dirichlet_alpha': 0.3, 'balanced_partition': False, 'normalization': 'imagenet', 'seed': 27, 'backbone_tag': 'resnet18', 'run_name': 'resnet18_200C_5pct_seed27', 'verbose': False, 'progress_every': 20, 'eval_every': 0, 'save_test_embeddings': False, 'cpu': False, 'eval_datasets': ['wco_l4_ifcb_pml', 'syke_ifcb', 'syke_zooscan', 'plankto_share', 'daplankton_lab_ifcb', 'daplankton_lab_cs', 'daplankton_lab_fc'], 'tiny_root': './tiny', 'celeba_root': './celeba', 'device': device(type='cuda')}
Loading ResNet backbone (resnet18, weights=IMAGENET1K_V1)...
ResNet image feature dim: 512
Using Dirichlet alpha=0.3 for non-IID partition...
Using imbalanced Dirichlet partition
Starting federated unsupervised SimCLR (CLIP backbone)...

--- Round 1/20 ---
Client 166: 5.0564
Client 122: 4.9344
Client 179: 5.0649
Client 70: 5.0883
Client 73: 4.9235
Client 50: 5.1179
Client 18: 4.8964
Client 16: 4.8711
Client 65: 4.9053
Client 138: 5.0359
Round avg loss: 4.9894 (Best: 4.9894)

--- Round 2/20 ---
Client 85: 4.9296
Client 64: 4.8823
Client 95: 4.8845
Client 103: 4.9449
Client 46: 4.9517
Client 63: 4.8534
Client 61: 4.9747
Client 125: 5.0565
Client 18: 4.5553
Client 186: 4.8932
Round avg loss: 4.8926 (Best: 4.8926)

--- Round 3/20 ---
Client 163: 4.9079
Client 146: 4.9637
Client 167: 4.9292
Client 20: 4.9180
Client 156: 4.9183
Client 108: 4.9277
Client 198: 4.9274
Client 106: 4.8540
Client 189: 4.9994
Client 13: 4.8940
Round avg loss: 4.9240 (Best: 4.8926)

--- Round 4/20 ---
Client 168: 5.0473
Client 112: 5.0688
Client 89: 4.9115
Client 3: 4.8625
Client 164: 4.9349
Client 122: 4.5867
Client 64: 4.5116
Client 35: 4.8927
Client 156: 4.5659
Client 86: 4.9473
Round avg loss: 4.8329 (Best: 4.8329)

--- Round 5/20 ---
Client 156: 4.4032
Client 166: 4.6984
Client 58: 4.8947
Client 180: 4.9342
Client 134: 4.8800
Client 36: 4.8020
Client 25: 4.9932
Client 100: 4.8893
Client 192: 4.9454
Client 77: 4.9607
Round avg loss: 4.8401 (Best: 4.8329)

--- Round 6/20 ---
Client 191: 4.9990
Client 9: 4.8964
Client 198: 4.6147
Client 174: 4.8488
Client 135: 4.9161
Client 21: 4.8818
Client 43: 4.9935
Client 117: 4.8825
Client 181: 4.8360
Client 38: 4.9485
Round avg loss: 4.8817 (Best: 4.8329)

--- Round 7/20 ---
Client 67: 4.8673
Client 138: 4.6898
Client 13: 4.5611
Client 44: 5.0727
Client 166: 4.5290
Client 3: 4.5514
Client 115: 4.9179
Client 199: 4.9143
Client 38: 4.5737
Client 88: 4.8420
Round avg loss: 4.7519 (Best: 4.7519)

--- Round 8/20 ---
Client 146: 4.6096
Client 147: 4.8755
Client 106: 4.4937
Client 16: 4.5671
Client 78: 5.0200
Client 112: 4.7445
Client 119: 4.9653
Client 90: 5.0762
Client 3: 4.4040
Client 92: 5.0721
Round avg loss: 4.7828 (Best: 4.7519)

--- Round 9/20 ---
Client 40: 4.9896
Client 67: 4.5404
Client 45: 4.8954
Client 123: 5.0259
Client 91: 5.0392
Client 132: 4.8844
Client 15: 5.0372
Client 63: 4.5360
Client 43: 4.7026
Client 53: 4.9244
Round avg loss: 4.8575 (Best: 4.7519)

--- Round 10/20 ---
Client 195: 4.9518
Client 188: 4.9700
Client 125: 4.7923
Client 142: 4.9776
Client 23: 4.9553
Client 85: 4.6054
Client 86: 4.6181
Client 14: 4.9370
Client 100: 4.5454
Client 87: 4.9539
Round avg loss: 4.8307 (Best: 4.7519)

--- Round 11/20 ---
Client 162: 5.0237
Client 29: 4.9054
Client 77: 4.6646
Client 65: 4.5651
Client 142: 4.6548
Client 178: 4.9817
Client 176: 4.8720
Client 21: 4.5831
Client 76: 4.9244
Client 116: 4.8922
Round avg loss: 4.8067 (Best: 4.7519)

--- Round 12/20 ---
Client 118: 4.9201
Client 72: 4.8938
Client 131: 5.0584
Client 30: 4.9776
Client 149: 4.8760
Client 5: 5.0406
Client 55: 4.9939
Client 197: 4.8406
Client 122: 4.4508
Client 141: 4.8710
Round avg loss: 4.8923 (Best: 4.7519)

--- Round 13/20 ---
Client 138: 4.5226
Client 175: 5.0910
Client 30: 4.6670
Client 0: 4.8114
Client 151: 5.1855
Client 14: 4.5930
Client 95: 4.5074
Client 48: 4.9185
Client 75: 4.8535
Client 179: 4.7443
Round avg loss: 4.7894 (Best: 4.7519)

--- Round 14/20 ---
Client 157: 5.0589
Client 24: 4.8354
Client 8: 4.8875
Client 143: 4.9040
Client 108: 4.5987
Client 105: 4.9844
Client 190: 4.8800
Client 117: 4.5650
Client 188: 4.6137
Client 0: 4.4931
Round avg loss: 4.7821 (Best: 4.7519)

--- Round 15/20 ---
Client 46: 4.6168
Client 90: 4.7444
Client 189: 4.7177
Client 3: 4.3203
Client 158: 4.9658
Client 48: 4.5697
Client 58: 4.5368
Client 97: 4.9738
Client 49: 5.0200
Client 191: 4.6684
Round avg loss: 4.7134 (Best: 4.7134)

--- Round 16/20 ---
Client 84: 4.9705
Client 98: 4.9475
Client 16: 4.3876
Client 88: 4.4742
Client 10: 4.8660
Client 46: 4.4679
Client 20: 4.5735
Client 75: 4.5541
Client 59: 5.0205
Client 35: 4.5916
Round avg loss: 4.6853 (Best: 4.6853)

--- Round 17/20 ---
Client 118: 4.5599
Client 154: 5.1458
Client 122: 4.3566
Client 26: 4.9594
Client 59: 4.6843
Client 152: 4.9372
Client 94: 4.9489
Client 71: 4.9621
Client 7: 5.0806
Client 168: 4.7236
Round avg loss: 4.8358 (Best: 4.6853)

--- Round 18/20 ---
Client 125: 4.6131
Client 41: 4.9653
Client 79: 4.8921
Client 136: 5.0359
Client 119: 4.6232
Client 54: 4.8933
Client 111: 4.9301
Client 77: 4.5371
Client 171: 4.9740
Client 52: 4.9376
Round avg loss: 4.8402 (Best: 4.6853)

--- Round 19/20 ---
Client 130: 5.0637
Client 38: 4.4227
Client 183: 5.0123
Client 85: 4.4406
Client 145: 4.9637
Client 177: 5.0964
Client 14: 4.4539
Client 58: 4.3813
Client 31: 4.9740
Client 120: 4.8809
Round avg loss: 4.7690 (Best: 4.6853)

--- Round 20/20 ---
Client 155: 4.8949
Client 157: 4.7861
Client 179: 4.6275
Client 20: 4.4274
Client 62: 4.8754
Client 111: 4.5926
Client 81: 5.0317
Client 78: 4.7089
Client 11: 4.8232
Client 32: 4.9528
Round avg loss: 4.7720 (Best: 4.6853)
Projector checkpoint saved to fl_results/checkpoints/projector_resnet18_wco_l4_ifcb_pml_resnet18_200C_5pct_seed27_20260528_070900.pt

Running final evaluations...

>>> Evaluating on 'wco_l4_ifcb_pml' <<<
[wco_l4_ifcb_pml] Linear split: 43525 train, 10882 val, 18135 test
Linear Epoch 5: Train Loss=1.5178, Val Acc=65.36%
Linear Epoch 10: Train Loss=1.1072, Val Acc=72.27%
Linear Epoch 15: Train Loss=0.9619, Val Acc=75.04%
Linear Epoch 20: Train Loss=0.8731, Val Acc=76.52%
Linear Epoch 25: Train Loss=0.8296, Val Acc=77.42%
Linear Epoch 30: Train Loss=0.7957, Val Acc=78.17%
Linear Epoch 35: Train Loss=0.7669, Val Acc=78.53%
Linear Epoch 40: Train Loss=0.7509, Val Acc=78.97%
Linear Epoch 45: Train Loss=0.7353, Val Acc=79.17%
Linear Epoch 50: Train Loss=0.7281, Val Acc=79.15%
[wco_l4_ifcb_pml] Linear accuracy: 79.57% | Val accuracy: 79.28%
[wco_l4_ifcb_pml] Eval-only accuracy: 0.72%
Running unsupervised k-NN evaluation...
k-NN Top-1 accuracy: 74.76%
Running unsupervised clustering evaluation...
K-Means clustering accuracy (Hungarian matched): 30.95%
Silhouette score: 0.056
Prototype accuracy: 57.51%

>>> Evaluating on 'syke_ifcb' <<<
[syke_ifcb] Linear split: 30272 train, 7568 val, 12618 test
Linear Epoch 5: Train Loss=0.9250, Val Acc=77.38%
Linear Epoch 10: Train Loss=0.6585, Val Acc=82.48%
Linear Epoch 15: Train Loss=0.5511, Val Acc=84.65%
Linear Epoch 20: Train Loss=0.4928, Val Acc=85.76%
Linear Epoch 25: Train Loss=0.4550, Val Acc=86.75%
Linear Epoch 30: Train Loss=0.4295, Val Acc=87.28%
Linear Epoch 35: Train Loss=0.4084, Val Acc=87.66%
Linear Epoch 40: Train Loss=0.3950, Val Acc=87.90%
Linear Epoch 45: Train Loss=0.3825, Val Acc=88.37%
Linear Epoch 50: Train Loss=0.3728, Val Acc=88.31%
[syke_ifcb] Linear accuracy: 88.67% | Val accuracy: 88.37%
[syke_ifcb] Eval-only accuracy: 0.71%
Running unsupervised k-NN evaluation...
k-NN Top-1 accuracy: 85.94%
Running unsupervised clustering evaluation...
K-Means clustering accuracy (Hungarian matched): 29.12%
Silhouette score: 0.067
Prototype accuracy: 59.53%

>>> Evaluating on 'syke_zooscan' <<<
[syke_zooscan] Linear split: 10896 train, 2724 val, 4597 test
Linear Epoch 5: Train Loss=1.0023, Val Acc=76.17%
Linear Epoch 10: Train Loss=0.7160, Val Acc=81.17%
Linear Epoch 15: Train Loss=0.5907, Val Acc=83.04%
Linear Epoch 20: Train Loss=0.5158, Val Acc=84.62%
Linear Epoch 25: Train Loss=0.4625, Val Acc=85.90%
Linear Epoch 30: Train Loss=0.4262, Val Acc=87.08%
Linear Epoch 35: Train Loss=0.3980, Val Acc=87.92%
Linear Epoch 40: Train Loss=0.3744, Val Acc=88.66%
Linear Epoch 45: Train Loss=0.3563, Val Acc=89.28%
Linear Epoch 50: Train Loss=0.3419, Val Acc=89.72%
[syke_zooscan] Linear accuracy: 88.86% | Val accuracy: 89.72%
[syke_zooscan] Eval-only accuracy: 1.17%
Running unsupervised k-NN evaluation...
k-NN Top-1 accuracy: 88.32%
Running unsupervised clustering evaluation...
K-Means clustering accuracy (Hungarian matched): 28.87%
Silhouette score: 0.070
Prototype accuracy: 54.25%

>>> Evaluating on 'plankto_share' <<<
[plankto_share] Linear split: 25363 train, 6341 val, 10572 test
Linear Epoch 5: Train Loss=2.2620, Val Acc=46.21%
Linear Epoch 10: Train Loss=1.8145, Val Acc=52.58%
Linear Epoch 15: Train Loss=1.6210, Val Acc=55.70%
Linear Epoch 20: Train Loss=1.5142, Val Acc=56.98%
Linear Epoch 25: Train Loss=1.4472, Val Acc=58.21%
Linear Epoch 30: Train Loss=1.3970, Val Acc=58.89%
Linear Epoch 35: Train Loss=1.3559, Val Acc=59.33%
Linear Epoch 40: Train Loss=1.3207, Val Acc=59.90%
Linear Epoch 45: Train Loss=1.3014, Val Acc=60.21%
Linear Epoch 50: Train Loss=1.2805, Val Acc=60.56%
[plankto_share] Linear accuracy: 61.35% | Val accuracy: 60.56%
[plankto_share] Eval-only accuracy: 0.61%
Running unsupervised k-NN evaluation...
k-NN Top-1 accuracy: 56.26%
Running unsupervised clustering evaluation...
K-Means clustering accuracy (Hungarian matched): 22.42%
Silhouette score: 0.035
Prototype accuracy: 42.75%

>>> Evaluating on 'daplankton_lab_ifcb' <<<
[daplankton_lab_ifcb] Linear split: 7909 train, 1978 val, 3294 test
Linear Epoch 5: Train Loss=1.2094, Val Acc=79.83%
Linear Epoch 10: Train Loss=0.7920, Val Acc=83.11%
Linear Epoch 15: Train Loss=0.6289, Val Acc=85.04%
Linear Epoch 20: Train Loss=0.5417, Val Acc=86.10%
Linear Epoch 25: Train Loss=0.4861, Val Acc=86.91%
Linear Epoch 30: Train Loss=0.4468, Val Acc=87.61%
Linear Epoch 35: Train Loss=0.4170, Val Acc=88.22%
Linear Epoch 40: Train Loss=0.3933, Val Acc=88.52%
Linear Epoch 45: Train Loss=0.3738, Val Acc=88.68%
Linear Epoch 50: Train Loss=0.3578, Val Acc=89.03%
[daplankton_lab_ifcb] Linear accuracy: 88.49% | Val accuracy: 89.03%
[daplankton_lab_ifcb] Eval-only accuracy: 2.98%
Running unsupervised k-NN evaluation...
k-NN Top-1 accuracy: 87.13%
Running unsupervised clustering evaluation...
K-Means clustering accuracy (Hungarian matched): 68.58%
Silhouette score: 0.167
Prototype accuracy: 78.63%

>>> Evaluating on 'daplankton_lab_cs' <<<
[daplankton_lab_cs] Linear split: 6330 train, 1583 val, 2638 test
Linear Epoch 5: Train Loss=1.6481, Val Acc=65.00%
Linear Epoch 10: Train Loss=1.2378, Val Acc=70.56%
Linear Epoch 15: Train Loss=1.0336, Val Acc=73.47%
Linear Epoch 20: Train Loss=0.9085, Val Acc=75.43%
Linear Epoch 25: Train Loss=0.8242, Val Acc=76.56%
Linear Epoch 30: Train Loss=0.7615, Val Acc=77.76%
Linear Epoch 35: Train Loss=0.7150, Val Acc=77.64%
Linear Epoch 40: Train Loss=0.6763, Val Acc=78.71%
Linear Epoch 45: Train Loss=0.6451, Val Acc=79.22%
Linear Epoch 50: Train Loss=0.6188, Val Acc=79.53%
[daplankton_lab_cs] Linear accuracy: 81.35% | Val accuracy: 79.97%
[daplankton_lab_cs] Eval-only accuracy: 7.70%
Running unsupervised k-NN evaluation...
k-NN Top-1 accuracy: 83.81%
Running unsupervised clustering evaluation...
K-Means clustering accuracy (Hungarian matched): 43.63%
Silhouette score: 0.105
Prototype accuracy: 66.64%

>>> Evaluating on 'daplankton_lab_fc' <<<
[daplankton_lab_fc] Linear split: 8548 train, 2137 val, 3561 test
Linear Epoch 5: Train Loss=1.3668, Val Acc=67.52%
Linear Epoch 10: Train Loss=0.9874, Val Acc=73.51%
Linear Epoch 15: Train Loss=0.8173, Val Acc=76.42%
Linear Epoch 20: Train Loss=0.7189, Val Acc=78.15%
Linear Epoch 25: Train Loss=0.6551, Val Acc=79.55%
Linear Epoch 30: Train Loss=0.6089, Val Acc=80.49%
Linear Epoch 35: Train Loss=0.5710, Val Acc=81.19%
Linear Epoch 40: Train Loss=0.5432, Val Acc=81.89%
Linear Epoch 45: Train Loss=0.5203, Val Acc=82.59%
Linear Epoch 50: Train Loss=0.5024, Val Acc=83.20%
[daplankton_lab_fc] Linear accuracy: 84.05% | Val accuracy: 83.29%
[daplankton_lab_fc] Eval-only accuracy: 7.72%
Running unsupervised k-NN evaluation...
k-NN Top-1 accuracy: 82.65%
Running unsupervised clustering evaluation...
K-Means clustering accuracy (Hungarian matched): 46.95%
Silhouette score: 0.096
Prototype accuracy: 64.00%
Results saved to fl_results/fed_unsup_simclr_resnet18_wco_l4_ifcb_pml_resnet18_200C_5pct_seed27_20260528_070900.json
