Device: cuda
Configuration: {'dataset': 'wco_l4_ifcb_pml', 'resnet_model': 'resnet18', 'projection_dim': 128, 'image_size': 224, 'num_clients': 200, 'client_frac': 0.01, 'rounds': 20, 'local_epochs': 5, 'batch_size': 128, 'lr': 0.0001, 'wd': 0.0001, 'grad_clip': 1.0, 'linear_lr': 0.001, 'linear_wd': 0.0001, 'linear_bs': 256, 'linear_epochs': 50, 'linear_patience': 10, 'dirichlet_alpha': 0.3, 'balanced_partition': False, 'normalization': 'imagenet', 'seed': 1, 'backbone_tag': 'resnet18', 'run_name': 'resnet18_200C_1pct_seed1', 'verbose': False, 'progress_every': 20, 'eval_every': 0, 'save_test_embeddings': False, 'cpu': False, 'eval_datasets': ['wco_l4_ifcb_pml', 'syke_ifcb', 'syke_zooscan', 'plankto_share', 'daplankton_lab_ifcb', 'daplankton_lab_cs', 'daplankton_lab_fc'], 'tiny_root': './tiny', 'celeba_root': './celeba', 'device': device(type='cuda')}
Loading ResNet backbone (resnet18, weights=IMAGENET1K_V1)...
ResNet image feature dim: 512
Using Dirichlet alpha=0.3 for non-IID partition...
Using imbalanced Dirichlet partition
Starting federated unsupervised SimCLR (CLIP backbone)...

--- Round 1/20 ---
Client 34: 4.9620
Client 145: 4.8671
Round avg loss: 4.9145 (Best: 4.9145)

--- Round 2/20 ---
Client 195: 4.9549
Client 16: 4.9361
Round avg loss: 4.9455 (Best: 4.9145)

--- Round 3/20 ---
Client 65: 4.8790
Client 30: 4.9372
Round avg loss: 4.9081 (Best: 4.9081)

--- Round 4/20 ---
Client 126: 4.8445
Client 194: 5.0419
Round avg loss: 4.9432 (Best: 4.9081)

--- Round 5/20 ---
Client 115: 4.8924
Client 120: 4.8872
Round avg loss: 4.8898 (Best: 4.8898)

--- Round 6/20 ---
Client 166: 4.9444
Client 97: 4.8484
Round avg loss: 4.8964 (Best: 4.8898)

--- Round 7/20 ---
Client 53: 4.9551
Client 24: 4.8788
Round avg loss: 4.9169 (Best: 4.8898)

--- Round 8/20 ---
Client 124: 5.0308
Client 7: 4.9612
Round avg loss: 4.9960 (Best: 4.8898)

--- Round 9/20 ---
Client 99: 4.8433
Client 110: 4.9424
Round avg loss: 4.8929 (Best: 4.8898)

--- Round 10/20 ---
Client 155: 5.0108
Client 195: 4.5821
Round avg loss: 4.7965 (Best: 4.7965)

--- Round 11/20 ---
Client 196: 4.9016
Client 0: 5.0264
Round avg loss: 4.9640 (Best: 4.7965)

--- Round 12/20 ---
Client 178: 4.8661
Client 114: 4.9255
Round avg loss: 4.8958 (Best: 4.7965)

--- Round 13/20 ---
Client 68: 5.0400
Client 184: 4.9850
Round avg loss: 5.0125 (Best: 4.7965)

--- Round 14/20 ---
Client 58: 4.8200
Client 151: 4.9307
Round avg loss: 4.8753 (Best: 4.7965)

--- Round 15/20 ---
Client 26: 4.9360
Client 81: 4.8994
Round avg loss: 4.9177 (Best: 4.7965)

--- Round 16/20 ---
Client 7: 4.6358
Client 5: 4.9368
Round avg loss: 4.7863 (Best: 4.7863)

--- Round 17/20 ---
Client 6: 4.9871
Client 166: 4.5665
Round avg loss: 4.7768 (Best: 4.7768)

--- Round 18/20 ---
Client 138: 4.8650
Client 2: 5.0514
Round avg loss: 4.9582 (Best: 4.7768)

--- Round 19/20 ---
Client 97: 4.4773
Client 175: 4.8751
Round avg loss: 4.6762 (Best: 4.6762)

--- Round 20/20 ---
Client 55: 4.8920
Client 108: 5.0822
Round avg loss: 4.9871 (Best: 4.6762)
Projector checkpoint saved to fl_results/checkpoints/projector_resnet18_wco_l4_ifcb_pml_resnet18_200C_1pct_seed1_20260528_043852.pt

Running final evaluations...

>>> Evaluating on 'wco_l4_ifcb_pml' <<<
[wco_l4_ifcb_pml] Linear split: 43525 train, 10882 val, 18135 test
Linear Epoch 5: Train Loss=1.5763, Val Acc=65.45%
Linear Epoch 10: Train Loss=1.1357, Val Acc=72.52%
Linear Epoch 15: Train Loss=0.9723, Val Acc=74.99%
Linear Epoch 20: Train Loss=0.8898, Val Acc=76.54%
Linear Epoch 25: Train Loss=0.8344, Val Acc=77.49%
Linear Epoch 30: Train Loss=0.8002, Val Acc=78.11%
Linear Epoch 35: Train Loss=0.7763, Val Acc=78.88%
Linear Epoch 40: Train Loss=0.7601, Val Acc=78.95%
Linear Epoch 45: Train Loss=0.7467, Val Acc=79.26%
Linear Epoch 50: Train Loss=0.7407, Val Acc=79.40%
[wco_l4_ifcb_pml] Linear accuracy: 79.74% | Val accuracy: 79.45%
[wco_l4_ifcb_pml] Eval-only accuracy: 0.07%
Running unsupervised k-NN evaluation...
k-NN Top-1 accuracy: 76.23%
Running unsupervised clustering evaluation...
K-Means clustering accuracy (Hungarian matched): 29.13%
Silhouette score: 0.049
Prototype accuracy: 60.88%

>>> Evaluating on 'syke_ifcb' <<<
[syke_ifcb] Linear split: 30272 train, 7568 val, 12618 test
Linear Epoch 5: Train Loss=0.9353, Val Acc=77.27%
Linear Epoch 10: Train Loss=0.6461, Val Acc=82.76%
Linear Epoch 15: Train Loss=0.5339, Val Acc=84.99%
Linear Epoch 20: Train Loss=0.4723, Val Acc=86.31%
Linear Epoch 25: Train Loss=0.4355, Val Acc=87.20%
Linear Epoch 30: Train Loss=0.4086, Val Acc=87.70%
Linear Epoch 35: Train Loss=0.3898, Val Acc=88.11%
Linear Epoch 40: Train Loss=0.3752, Val Acc=88.19%
Linear Epoch 45: Train Loss=0.3643, Val Acc=88.56%
Linear Epoch 50: Train Loss=0.3558, Val Acc=88.78%
[syke_ifcb] Linear accuracy: 89.29% | Val accuracy: 88.78%
[syke_ifcb] Eval-only accuracy: 0.74%
Running unsupervised k-NN evaluation...
k-NN Top-1 accuracy: 87.14%
Running unsupervised clustering evaluation...
K-Means clustering accuracy (Hungarian matched): 31.95%
Silhouette score: 0.060
Prototype accuracy: 61.88%

>>> Evaluating on 'syke_zooscan' <<<
[syke_zooscan] Linear split: 10896 train, 2724 val, 4597 test
Linear Epoch 5: Train Loss=1.0079, Val Acc=78.45%
Linear Epoch 10: Train Loss=0.6842, Val Acc=82.64%
Linear Epoch 15: Train Loss=0.5465, Val Acc=85.21%
Linear Epoch 20: Train Loss=0.4704, Val Acc=86.16%
Linear Epoch 25: Train Loss=0.4199, Val Acc=87.41%
Linear Epoch 30: Train Loss=0.3844, Val Acc=88.44%
Linear Epoch 35: Train Loss=0.3583, Val Acc=88.88%
Linear Epoch 40: Train Loss=0.3383, Val Acc=89.46%
Linear Epoch 45: Train Loss=0.3222, Val Acc=89.90%
Linear Epoch 50: Train Loss=0.3082, Val Acc=90.35%
[syke_zooscan] Linear accuracy: 89.75% | Val accuracy: 90.35%
[syke_zooscan] Eval-only accuracy: 27.28%
Running unsupervised k-NN evaluation...
k-NN Top-1 accuracy: 89.65%
Running unsupervised clustering evaluation...
K-Means clustering accuracy (Hungarian matched): 27.82%
Silhouette score: 0.066
Prototype accuracy: 62.04%

>>> Evaluating on 'plankto_share' <<<
[plankto_share] Linear split: 25363 train, 6341 val, 10572 test
Linear Epoch 5: Train Loss=2.3031, Val Acc=46.14%
Linear Epoch 10: Train Loss=1.8259, Val Acc=52.64%
Linear Epoch 15: Train Loss=1.6231, Val Acc=55.40%
Linear Epoch 20: Train Loss=1.5169, Val Acc=57.53%
Linear Epoch 25: Train Loss=1.4451, Val Acc=58.56%
Linear Epoch 30: Train Loss=1.3913, Val Acc=59.38%
Linear Epoch 35: Train Loss=1.3499, Val Acc=59.80%
Linear Epoch 40: Train Loss=1.3213, Val Acc=60.18%
Linear Epoch 45: Train Loss=1.2985, Val Acc=60.54%
Linear Epoch 50: Train Loss=1.2782, Val Acc=60.91%
[plankto_share] Linear accuracy: 62.03% | Val accuracy: 61.03%
[plankto_share] Eval-only accuracy: 1.13%
Running unsupervised k-NN evaluation...
k-NN Top-1 accuracy: 57.95%
Running unsupervised clustering evaluation...
K-Means clustering accuracy (Hungarian matched): 22.52%
Silhouette score: 0.031
Prototype accuracy: 46.07%

>>> Evaluating on 'daplankton_lab_ifcb' <<<
[daplankton_lab_ifcb] Linear split: 7909 train, 1978 val, 3294 test
Linear Epoch 5: Train Loss=1.2408, Val Acc=80.38%
Linear Epoch 10: Train Loss=0.8005, Val Acc=83.87%
Linear Epoch 15: Train Loss=0.6307, Val Acc=85.64%
Linear Epoch 20: Train Loss=0.5405, Val Acc=86.96%
Linear Epoch 25: Train Loss=0.4829, Val Acc=87.77%
Linear Epoch 30: Train Loss=0.4416, Val Acc=88.57%
Linear Epoch 35: Train Loss=0.4109, Val Acc=88.88%
Linear Epoch 40: Train Loss=0.3866, Val Acc=89.18%
Linear Epoch 45: Train Loss=0.3666, Val Acc=89.79%
Linear Epoch 50: Train Loss=0.3500, Val Acc=89.84%
[daplankton_lab_ifcb] Linear accuracy: 88.46% | Val accuracy: 89.84%
[daplankton_lab_ifcb] Eval-only accuracy: 8.11%
Running unsupervised k-NN evaluation...
k-NN Top-1 accuracy: 88.34%
Running unsupervised clustering evaluation...
K-Means clustering accuracy (Hungarian matched): 68.25%
Silhouette score: 0.161
Prototype accuracy: 80.60%

>>> Evaluating on 'daplankton_lab_cs' <<<
[daplankton_lab_cs] Linear split: 6330 train, 1583 val, 2638 test
Linear Epoch 5: Train Loss=1.7166, Val Acc=60.45%
Linear Epoch 10: Train Loss=1.2858, Val Acc=67.97%
Linear Epoch 15: Train Loss=1.0722, Val Acc=71.64%
Linear Epoch 20: Train Loss=0.9421, Val Acc=74.29%
Linear Epoch 25: Train Loss=0.8542, Val Acc=75.49%
Linear Epoch 30: Train Loss=0.7909, Val Acc=76.88%
Linear Epoch 35: Train Loss=0.7407, Val Acc=77.89%
Linear Epoch 40: Train Loss=0.7016, Val Acc=78.77%
Linear Epoch 45: Train Loss=0.6671, Val Acc=79.15%
Linear Epoch 50: Train Loss=0.6406, Val Acc=79.60%
[daplankton_lab_cs] Linear accuracy: 80.93% | Val accuracy: 79.60%
[daplankton_lab_cs] Eval-only accuracy: 4.13%
Running unsupervised k-NN evaluation...
k-NN Top-1 accuracy: 83.97%
Running unsupervised clustering evaluation...
K-Means clustering accuracy (Hungarian matched): 45.19%
Silhouette score: 0.102
Prototype accuracy: 67.78%

>>> Evaluating on 'daplankton_lab_fc' <<<
[daplankton_lab_fc] Linear split: 8548 train, 2137 val, 3561 test
Linear Epoch 5: Train Loss=1.4172, Val Acc=64.34%
Linear Epoch 10: Train Loss=1.0187, Val Acc=72.63%
Linear Epoch 15: Train Loss=0.8419, Val Acc=75.90%
Linear Epoch 20: Train Loss=0.7361, Val Acc=77.96%
Linear Epoch 25: Train Loss=0.6706, Val Acc=79.08%
Linear Epoch 30: Train Loss=0.6218, Val Acc=79.78%
Linear Epoch 35: Train Loss=0.5861, Val Acc=80.53%
Linear Epoch 40: Train Loss=0.5561, Val Acc=81.19%
Linear Epoch 45: Train Loss=0.5343, Val Acc=81.89%
Linear Epoch 50: Train Loss=0.5129, Val Acc=82.17%
[daplankton_lab_fc] Linear accuracy: 83.12% | Val accuracy: 82.22%
[daplankton_lab_fc] Eval-only accuracy: 6.91%
Running unsupervised k-NN evaluation...
k-NN Top-1 accuracy: 83.57%
Running unsupervised clustering evaluation...
K-Means clustering accuracy (Hungarian matched): 45.89%
Silhouette score: 0.104
Prototype accuracy: 68.07%
Results saved to fl_results/fed_unsup_simclr_resnet18_wco_l4_ifcb_pml_resnet18_200C_1pct_seed1_20260528_043852.json
