Device: cuda
Configuration: {'dataset': 'wco_l4_ifcb_pml', 'resnet_model': 'resnet18', 'projection_dim': 128, 'image_size': 224, 'num_clients': 200, 'client_frac': 0.01, 'rounds': 20, 'local_epochs': 5, 'batch_size': 128, 'lr': 0.0001, 'wd': 0.0001, 'grad_clip': 1.0, 'linear_lr': 0.001, 'linear_wd': 0.0001, 'linear_bs': 256, 'linear_epochs': 50, 'linear_patience': 10, 'dirichlet_alpha': 0.3, 'balanced_partition': False, 'normalization': 'imagenet', 'seed': 17, 'backbone_tag': 'resnet18', 'run_name': 'resnet18_200C_1pct_seed17', 'verbose': False, 'progress_every': 20, 'eval_every': 0, 'save_test_embeddings': False, 'cpu': False, 'eval_datasets': ['wco_l4_ifcb_pml', 'syke_ifcb', 'syke_zooscan', 'plankto_share', 'daplankton_lab_ifcb', 'daplankton_lab_cs', 'daplankton_lab_fc'], 'tiny_root': './tiny', 'celeba_root': './celeba', 'device': device(type='cuda')}
Loading ResNet backbone (resnet18, weights=IMAGENET1K_V1)...
ResNet image feature dim: 512
Using Dirichlet alpha=0.3 for non-IID partition...
Using imbalanced Dirichlet partition
Starting federated unsupervised SimCLR (CLIP backbone)...

--- Round 1/20 ---
Client 133: 4.9769
Client 106: 5.0477
Round avg loss: 5.0123 (Best: 5.0123)

--- Round 2/20 ---
Client 77: 5.0620
Client 93: 5.1015
Round avg loss: 5.0817 (Best: 5.0123)

--- Round 3/20 ---
Client 74: 4.9574
Client 44: 5.1539
Round avg loss: 5.0557 (Best: 5.0123)

--- Round 4/20 ---
Client 196: 4.9870
Client 180: 5.1428
Round avg loss: 5.0649 (Best: 5.0123)

--- Round 5/20 ---
Client 180: 4.7978
Client 138: 4.9208
Round avg loss: 4.8593 (Best: 4.8593)

--- Round 6/20 ---
Client 169: 5.0242
Client 71: 4.9231
Round avg loss: 4.9736 (Best: 4.8593)

--- Round 7/20 ---
Client 28: 5.0731
Client 6: 5.0182
Round avg loss: 5.0457 (Best: 4.8593)

--- Round 8/20 ---
Client 63: 4.9880
Client 98: 5.0366
Round avg loss: 5.0123 (Best: 4.8593)

--- Round 9/20 ---
Client 191: 4.9460
Client 107: 4.9794
Round avg loss: 4.9627 (Best: 4.8593)

--- Round 10/20 ---
Client 64: 4.9339
Client 128: 4.9487
Round avg loss: 4.9413 (Best: 4.8593)

--- Round 11/20 ---
Client 81: 5.0305
Client 163: 4.8680
Round avg loss: 4.9493 (Best: 4.8593)

--- Round 12/20 ---
Client 175: 4.9345
Client 185: 4.9558
Round avg loss: 4.9451 (Best: 4.8593)

--- Round 13/20 ---
Client 102: 4.9811
Client 35: 5.1018
Round avg loss: 5.0414 (Best: 4.8593)

--- Round 14/20 ---
Client 141: 4.9670
Client 15: 4.9577
Round avg loss: 4.9624 (Best: 4.8593)

--- Round 15/20 ---
Client 35: 4.7044
Client 50: 4.8702
Round avg loss: 4.7873 (Best: 4.7873)

--- Round 16/20 ---
Client 38: 4.9352
Client 180: 4.6224
Round avg loss: 4.7788 (Best: 4.7788)

--- Round 17/20 ---
Client 136: 5.0252
Client 143: 4.9772
Round avg loss: 5.0012 (Best: 4.7788)

--- Round 18/20 ---
Client 175: 4.5779
Client 53: 5.0618
Round avg loss: 4.8198 (Best: 4.7788)

--- Round 19/20 ---
Client 84: 5.0630
Client 138: 4.5001
Round avg loss: 4.7815 (Best: 4.7788)

--- Round 20/20 ---
Client 31: 4.9055
Client 183: 4.9209
Round avg loss: 4.9132 (Best: 4.7788)
Projector checkpoint saved to fl_results/checkpoints/projector_resnet18_wco_l4_ifcb_pml_resnet18_200C_1pct_seed17_20260528_045407.pt

Running final evaluations...

>>> Evaluating on 'wco_l4_ifcb_pml' <<<
[wco_l4_ifcb_pml] Linear split: 43525 train, 10882 val, 18135 test
Linear Epoch 5: Train Loss=1.5398, Val Acc=64.82%
Linear Epoch 10: Train Loss=1.1192, Val Acc=71.99%
Linear Epoch 15: Train Loss=0.9582, Val Acc=75.11%
Linear Epoch 20: Train Loss=0.8788, Val Acc=76.68%
Linear Epoch 25: Train Loss=0.8265, Val Acc=77.55%
Linear Epoch 30: Train Loss=0.7914, Val Acc=78.32%
Linear Epoch 35: Train Loss=0.7707, Val Acc=78.83%
Linear Epoch 40: Train Loss=0.7537, Val Acc=79.10%
Linear Epoch 45: Train Loss=0.7375, Val Acc=79.35%
Linear Epoch 50: Train Loss=0.7283, Val Acc=79.53%
[wco_l4_ifcb_pml] Linear accuracy: 79.83% | Val accuracy: 79.57%
[wco_l4_ifcb_pml] Eval-only accuracy: 1.00%
Running unsupervised k-NN evaluation...
k-NN Top-1 accuracy: 74.95%
Running unsupervised clustering evaluation...
K-Means clustering accuracy (Hungarian matched): 29.48%
Silhouette score: 0.054
Prototype accuracy: 58.57%

>>> Evaluating on 'syke_ifcb' <<<
[syke_ifcb] Linear split: 30272 train, 7568 val, 12618 test
Linear Epoch 5: Train Loss=0.9131, Val Acc=77.31%
Linear Epoch 10: Train Loss=0.6438, Val Acc=82.73%
Linear Epoch 15: Train Loss=0.5384, Val Acc=84.96%
Linear Epoch 20: Train Loss=0.4792, Val Acc=86.09%
Linear Epoch 25: Train Loss=0.4433, Val Acc=87.00%
Linear Epoch 30: Train Loss=0.4188, Val Acc=87.55%
Linear Epoch 35: Train Loss=0.3984, Val Acc=87.76%
Linear Epoch 40: Train Loss=0.3845, Val Acc=88.25%
Linear Epoch 45: Train Loss=0.3745, Val Acc=88.29%
Linear Epoch 50: Train Loss=0.3654, Val Acc=88.44%
[syke_ifcb] Linear accuracy: 88.98% | Val accuracy: 88.53%
[syke_ifcb] Eval-only accuracy: 2.44%
Running unsupervised k-NN evaluation...
k-NN Top-1 accuracy: 86.57%
Running unsupervised clustering evaluation...
K-Means clustering accuracy (Hungarian matched): 32.37%
Silhouette score: 0.065
Prototype accuracy: 63.66%

>>> Evaluating on 'syke_zooscan' <<<
[syke_zooscan] Linear split: 10896 train, 2724 val, 4597 test
Linear Epoch 5: Train Loss=0.9046, Val Acc=79.15%
Linear Epoch 10: Train Loss=0.6291, Val Acc=83.59%
Linear Epoch 15: Train Loss=0.5134, Val Acc=85.76%
Linear Epoch 20: Train Loss=0.4458, Val Acc=87.22%
Linear Epoch 25: Train Loss=0.4031, Val Acc=88.36%
Linear Epoch 30: Train Loss=0.3702, Val Acc=89.13%
Linear Epoch 35: Train Loss=0.3473, Val Acc=89.21%
Linear Epoch 40: Train Loss=0.3287, Val Acc=89.57%
Linear Epoch 45: Train Loss=0.3128, Val Acc=90.01%
Linear Epoch 50: Train Loss=0.2998, Val Acc=90.38%
[syke_zooscan] Linear accuracy: 89.97% | Val accuracy: 90.38%
[syke_zooscan] Eval-only accuracy: 1.61%
Running unsupervised k-NN evaluation...
k-NN Top-1 accuracy: 88.97%
Running unsupervised clustering evaluation...
K-Means clustering accuracy (Hungarian matched): 30.45%
Silhouette score: 0.079
Prototype accuracy: 63.72%

>>> Evaluating on 'plankto_share' <<<
[plankto_share] Linear split: 25363 train, 6341 val, 10572 test
Linear Epoch 5: Train Loss=2.3184, Val Acc=46.38%
Linear Epoch 10: Train Loss=1.8446, Val Acc=52.89%
Linear Epoch 15: Train Loss=1.6433, Val Acc=55.86%
Linear Epoch 20: Train Loss=1.5306, Val Acc=57.18%
Linear Epoch 25: Train Loss=1.4528, Val Acc=58.37%
Linear Epoch 30: Train Loss=1.3981, Val Acc=59.08%
Linear Epoch 35: Train Loss=1.3610, Val Acc=59.82%
Linear Epoch 40: Train Loss=1.3246, Val Acc=60.27%
Linear Epoch 45: Train Loss=1.3145, Val Acc=60.62%
Linear Epoch 50: Train Loss=1.2889, Val Acc=61.17%
[plankto_share] Linear accuracy: 61.99% | Val accuracy: 61.17%
[plankto_share] Eval-only accuracy: 0.57%
Running unsupervised k-NN evaluation...
k-NN Top-1 accuracy: 57.46%
Running unsupervised clustering evaluation...
K-Means clustering accuracy (Hungarian matched): 23.71%
Silhouette score: 0.035
Prototype accuracy: 44.47%

>>> Evaluating on 'daplankton_lab_ifcb' <<<
[daplankton_lab_ifcb] Linear split: 7909 train, 1978 val, 3294 test
Linear Epoch 5: Train Loss=1.2568, Val Acc=77.81%
Linear Epoch 10: Train Loss=0.8345, Val Acc=82.20%
Linear Epoch 15: Train Loss=0.6618, Val Acc=84.73%
Linear Epoch 20: Train Loss=0.5676, Val Acc=86.15%
Linear Epoch 25: Train Loss=0.5073, Val Acc=87.01%
Linear Epoch 30: Train Loss=0.4646, Val Acc=87.46%
Linear Epoch 35: Train Loss=0.4324, Val Acc=87.92%
Linear Epoch 40: Train Loss=0.4066, Val Acc=87.97%
Linear Epoch 45: Train Loss=0.3862, Val Acc=88.42%
Linear Epoch 50: Train Loss=0.3689, Val Acc=88.57%
[daplankton_lab_ifcb] Linear accuracy: 88.04% | Val accuracy: 88.57%
[daplankton_lab_ifcb] Eval-only accuracy: 4.04%
Running unsupervised k-NN evaluation...
k-NN Top-1 accuracy: 87.46%
Running unsupervised clustering evaluation...
K-Means clustering accuracy (Hungarian matched): 64.63%
Silhouette score: 0.163
Prototype accuracy: 77.84%

>>> Evaluating on 'daplankton_lab_cs' <<<
[daplankton_lab_cs] Linear split: 6330 train, 1583 val, 2638 test
Linear Epoch 5: Train Loss=1.6906, Val Acc=60.33%
Linear Epoch 10: Train Loss=1.2579, Val Acc=69.24%
Linear Epoch 15: Train Loss=1.0443, Val Acc=72.08%
Linear Epoch 20: Train Loss=0.9157, Val Acc=74.16%
Linear Epoch 25: Train Loss=0.8277, Val Acc=76.12%
Linear Epoch 30: Train Loss=0.7660, Val Acc=77.45%
Linear Epoch 35: Train Loss=0.7178, Val Acc=78.40%
Linear Epoch 40: Train Loss=0.6785, Val Acc=78.90%
Linear Epoch 45: Train Loss=0.6473, Val Acc=79.60%
Linear Epoch 50: Train Loss=0.6201, Val Acc=80.16%
[daplankton_lab_cs] Linear accuracy: 82.03% | Val accuracy: 80.16%
[daplankton_lab_cs] Eval-only accuracy: 7.81%
Running unsupervised k-NN evaluation...
k-NN Top-1 accuracy: 83.47%
Running unsupervised clustering evaluation...
K-Means clustering accuracy (Hungarian matched): 50.00%
Silhouette score: 0.102
Prototype accuracy: 68.99%

>>> Evaluating on 'daplankton_lab_fc' <<<
[daplankton_lab_fc] Linear split: 8548 train, 2137 val, 3561 test
Linear Epoch 5: Train Loss=1.3468, Val Acc=65.56%
Linear Epoch 10: Train Loss=0.9779, Val Acc=73.19%
Linear Epoch 15: Train Loss=0.8180, Val Acc=76.60%
Linear Epoch 20: Train Loss=0.7269, Val Acc=78.57%
Linear Epoch 25: Train Loss=0.6640, Val Acc=79.83%
Linear Epoch 30: Train Loss=0.6190, Val Acc=80.35%
Linear Epoch 35: Train Loss=0.5844, Val Acc=81.38%
Linear Epoch 40: Train Loss=0.5591, Val Acc=81.94%
Linear Epoch 45: Train Loss=0.5365, Val Acc=82.26%
Linear Epoch 50: Train Loss=0.5171, Val Acc=82.69%
[daplankton_lab_fc] Linear accuracy: 83.66% | Val accuracy: 82.69%
[daplankton_lab_fc] Eval-only accuracy: 8.17%
Running unsupervised k-NN evaluation...
k-NN Top-1 accuracy: 82.62%
Running unsupervised clustering evaluation...
K-Means clustering accuracy (Hungarian matched): 50.55%
Silhouette score: 0.123
Prototype accuracy: 64.70%
Results saved to fl_results/fed_unsup_simclr_resnet18_wco_l4_ifcb_pml_resnet18_200C_1pct_seed17_20260528_045407.json
