Device: cuda
Configuration: {'dataset': 'wco_l4_ifcb_pml', 'resnet_model': 'resnet18', 'projection_dim': 128, 'image_size': 224, 'num_clients': 2000, 'client_frac': 0.05, 'rounds': 20, 'local_epochs': 5, 'batch_size': 128, 'lr': 0.0001, 'wd': 0.0001, 'grad_clip': 1.0, 'linear_lr': 0.001, 'linear_wd': 0.0001, 'linear_bs': 256, 'linear_epochs': 50, 'linear_patience': 10, 'dirichlet_alpha': 0.3, 'balanced_partition': False, 'normalization': 'imagenet', 'seed': 27, 'backbone_tag': 'resnet18', 'run_name': 'resnet18_2000C_5pct_seed27', 'verbose': False, 'progress_every': 20, 'eval_every': 0, 'save_test_embeddings': False, 'cpu': False, 'eval_datasets': ['wco_l4_ifcb_pml', 'syke_ifcb', 'syke_zooscan', 'plankto_share', 'daplankton_lab_ifcb', 'daplankton_lab_cs', 'daplankton_lab_fc'], 'tiny_root': './tiny', 'celeba_root': './celeba', 'device': device(type='cuda')}
Loading ResNet backbone (resnet18, weights=IMAGENET1K_V1)...
ResNet image feature dim: 512
Using Dirichlet alpha=0.3 for non-IID partition...
Using imbalanced Dirichlet partition
Starting federated unsupervised SimCLR (CLIP backbone)...

--- Round 1/20 ---
Client 1328: 3.4400
Client 982: 3.6304
Client 1436: 3.5752
Client 567: 3.9207
Client 1960: 3.9709
Client 585: 3.4053
Client 402: 3.3123
Client 151: 3.3801
Client 133: 4.1529
Client 521: 3.6843
Client 1688: 3.1686
Client 1105: 3.5450
Client 682: 2.9993
Client 517: 3.5934
Client 762: 3.8027
Client 1708: 3.5267
Client 1668: 4.0567
Client 825: 3.4489
Client 375: 3.7892
Client 507: 3.9006
Client 1863: 3.2571
Client 491: 3.4213
Client 1005: 3.4879
Client 1682: 3.5236
Client 146: 3.8818
Client 1494: 3.1088
Client 1879: 3.3830
Client 1305: 3.2669
Client 1173: 4.1460
Client 1339: 3.6297
Client 161: 3.4826
Client 1250: 3.6292
Client 1717: 3.5365
Client 870: 3.3830
Client 1586: 3.7427
Client 855: 3.6684
Client 1515: 3.9368
Client 107: 3.5537
Client 1346: 3.8372
Client 900: 3.6163
Client 716: 4.0245
Client 24: 3.1990
Client 1730: 3.8802
Client 1995: 3.2708
Client 1671: 3.4840
Client 1316: 3.9839
Client 979: 4.0412
Client 518: 3.6647
Client 281: 3.4157
Client 1254: 3.5932
Client 1925: 3.9157
Client 691: 3.8078
Client 1249: 3.8346
Client 1331: 3.5237
Client 465: 3.3011
Client 1442: 2.8825
Client 1073: 4.1535
Client 288: 3.3548
Client 202: 3.9339
Client 1998: 2.9185
Client 802: 3.4461
Client 1539: 3.9065
Client 618: 3.6078
Client 1866: 3.5416
Client 1534: 4.0347
Client 1629: 3.0404
Client 1907: 3.7294
Client 76: 3.2861
Client 1588: 3.6009
Client 1392: 3.7820
Client 1086: 3.4017
Client 173: 3.6724
Client 348: 4.3526
Client 941: 3.6405
Client 1449: 4.0155
Client 310: 3.1045
Client 542: 4.0722
Client 1106: 3.5260
Client 104: 3.7922
Client 354: 4.0658
Client 1997: 3.2804
Client 1982: 3.3238
Client 30: 3.5530
Client 925: 3.6916
Client 1596: 4.0283
Client 309: 3.9317
Client 709: 3.9993
Client 1822: 3.5379
Client 1175: 4.0235
Client 1176: 3.3831
Client 851: 3.6657
Client 630: 3.4243
Client 896: 3.5544
Client 1786: 3.9182
Client 1670: 3.2251
Client 957: 3.6320
Client 722: 3.8389
Client 25: 3.0667
Client 739: 4.0794
Client 321: 3.4188
Round avg loss: 3.6217 (Best: 3.6217)

--- Round 2/20 ---
Client 1600: 3.7960
Client 543: 2.9109
Client 363: 3.4095
Client 989: 3.4520
Client 731: 3.8392
Client 1799: 3.5985
Client 1057: 4.1865
Client 125: 3.6328
Client 1059: 3.5884
Client 510: 3.5755
Client 348: 4.1555
Client 425: 3.3018
Client 1565: 3.5381
Client 1505: 3.5513
Client 1001: 3.8649
Client 1138: 3.8625
Client 187: 3.6575
Client 685: 3.6457
Client 692: 3.4078
Client 1564: 3.6966
Client 117: 3.6398
Client 805: 4.1305
Client 703: 3.4397
Client 1302: 3.9462
Client 234: 3.7976
Client 618: 3.3638
Client 520: 3.8259
Client 1630: 3.6085
Client 1424: 4.0446
Client 1412: 4.0738
Client 168: 3.9763
Client 614: 3.1692
Client 935: 3.5662
Client 949: 3.8101
Client 583: 3.3896
Client 1051: 4.0513
Client 240: 3.5345
Client 1199: 3.6730
Client 46: 3.7857
Client 1857: 3.3973
Client 443: 3.5958
Client 1811: 3.8373
Client 1583: 3.7081
Client 978: 3.6797
Client 1135: 3.4290
Client 1111: 3.1833
Client 1832: 3.3283
Client 1983: 3.6386
Client 1403: 3.4917
Client 247: 3.2498
Client 7: 3.1873
Client 1213: 3.6842
Client 763: 3.5393
Client 1632: 3.8433
Client 388: 3.4151
Client 606: 3.7504
Client 1432: 4.0673
Client 1257: 3.3705
Client 1751: 3.9742
Client 198: 3.6997
Client 65: 3.3892
Client 1151: 3.7189
Client 866: 3.3700
Client 840: 3.3776
Client 1527: 3.4484
Client 943: 3.8865
Client 1508: 3.8756
Client 370: 4.1387
Client 1834: 3.6351
Client 1964: 3.4745
Client 1728: 4.0467
Client 720: 3.8268
Client 1519: 3.5910
Client 29: 3.6807
Client 1271: 4.3754
Client 389: 2.7961
Client 464: 3.5012
Client 780: 3.3612
Client 392: 3.9376
Client 1716: 3.6064
Client 1528: 3.7873
Client 674: 3.5126
Client 1701: 3.3727
Client 785: 3.8598
Client 1692: 3.3836
Client 1802: 3.4509
Client 128: 3.1253
Client 706: 3.5710
Client 86: 3.6855
Client 375: 3.5951
Client 1744: 3.7087
Client 160: 4.0657
Client 603: 3.6487
Client 476: 4.1139
Client 281: 3.1925
Client 1945: 3.3986
Client 946: 3.7356
Client 1238: 2.4481
Client 1688: 3.0143
Client 977: 3.9504
Round avg loss: 3.6223 (Best: 3.6217)

--- Round 3/20 ---
Client 209: 3.6602
Client 476: 3.9008
Client 1218: 3.9482
Client 754: 3.5168
Client 1752: 3.6681
Client 574: 3.5883
Client 62: 3.8973
Client 1349: 3.0430
Client 1005: 3.2617
Client 330: 3.5352
Client 639: 4.0961
Client 1095: 3.2156
Client 957: 3.4532
Client 437: 3.4292
Client 1702: 3.3345
Client 895: 3.4994
Client 1647: 3.3060
Client 622: 3.8725
Client 1372: 4.2690
Client 416: 3.5563
Client 1043: 3.5321
Client 1673: 3.7143
Client 1659: 3.7579
Client 307: 3.2479
Client 1471: 3.5996
Client 1465: 3.4678
Client 680: 3.5149
Client 1164: 3.7668
Client 1416: 3.7028
Client 118: 4.2395
Client 1845: 3.6898
Client 464: 3.2569
Client 255: 3.4506
Client 961: 3.7263
Client 1245: 3.8137
Client 1260: 3.7803
Client 1432: 3.8216
Client 162: 3.3807
Client 499: 3.7179
Client 888: 3.5059
Client 651: 3.2959
Client 627: 3.0144
Client 89: 3.6744
Client 258: 4.1839
Client 211: 3.4953
Client 820: 3.7915
Client 1821: 3.4058
Client 177: 4.1046
Client 766: 3.5428
Client 1884: 3.6482
Client 418: 3.5910
Client 339: 3.7892
Client 1543: 3.8541
Client 1117: 3.4883
Client 1508: 3.6581
Client 1453: 3.2118
Client 1958: 3.9280
Client 41: 3.7471
Client 383: 3.6910
Client 1927: 3.4750
Client 909: 3.6586
Client 1883: 4.0566
Client 103: 3.2837
Client 1188: 3.7238
Client 1223: 3.9123
Client 1067: 4.1180
Client 1676: 4.0800
Client 1742: 3.3511
Client 1232: 3.9699
Client 454: 4.5121
Client 1904: 3.8810
Client 1106: 3.3696
Client 415: 3.2485
Client 193: 4.1484
Client 1143: 3.3508
Client 1225: 3.6747
Client 1118: 3.4210
Client 1569: 3.1815
Client 908: 3.5048
Client 748: 3.9348
Client 675: 3.5351
Client 1300: 3.3495
Client 1029: 3.8651
Client 426: 3.8843
Client 802: 3.2534
Client 1425: 3.8540
Client 390: 3.0932
Client 331: 3.1384
Client 17: 3.8629
Client 716: 3.8134
Client 492: 3.5845
Client 410: 3.4851
Client 1487: 3.7438
Client 659: 3.0613
Client 1860: 3.5767
Client 1972: 3.6975
Client 778: 3.7061
Client 963: 3.3627
Client 692: 3.2399
Client 135: 3.8240
Round avg loss: 3.6264 (Best: 3.6217)

--- Round 4/20 ---
Client 501: 3.1589
Client 1218: 3.7352
Client 150: 3.0686
Client 1192: 3.7207
Client 1567: 3.9476
Client 1501: 3.8066
Client 1782: 3.8170
Client 98: 3.3626
Client 1427: 3.5228
Client 1629: 2.8883
Client 1294: 3.6668
Client 266: 4.2224
Client 96: 3.8158
Client 1703: 4.0901
Client 1238: 2.3490
Client 1003: 3.6520
Client 1115: 3.6468
Client 191: 3.0809
Client 917: 3.7678
Client 212: 3.4598
Client 1349: 2.8657
Client 1532: 3.5509
Client 274: 3.6492
Client 629: 3.5032
Client 1347: 3.7317
Client 1174: 3.9003
Client 1740: 3.7069
Client 995: 3.8216
Client 1914: 3.2175
Client 1437: 3.8819
Client 679: 3.6664
Client 1470: 3.7855
Client 1084: 3.7151
Client 1974: 3.4578
Client 1106: 3.2556
Client 783: 3.5893
Client 1704: 3.3513
Client 688: 3.2960
Client 1274: 3.7589
Client 1879: 3.1772
Client 129: 3.7188
Client 1023: 3.7329
Client 707: 3.7477
Client 740: 3.7460
Client 1522: 3.7349
Client 987: 3.4278
Client 1930: 3.0804
Client 616: 4.0122
Client 1634: 3.5118
Client 998: 3.6299
Client 385: 3.6551
Client 1259: 3.3091
Client 1339: 3.4268
Client 453: 3.2541
Client 1081: 3.7219
Client 1503: 3.7983
Client 1257: 3.1853
Client 1138: 3.6646
Client 491: 3.2192
Client 456: 4.2528
Client 1493: 4.1402
Client 715: 3.7254
Client 221: 2.4841
Client 631: 3.9343
Client 1416: 3.5091
Client 604: 3.5384
Client 1315: 3.3733
Client 337: 3.9516
Client 1565: 3.3345
Client 825: 3.2353
Client 1000: 4.0570
Client 545: 3.3967
Client 860: 3.5063
Client 536: 4.0508
Client 58: 3.7729
Client 1706: 3.8342
Client 368: 3.8468
Client 224: 3.7944
Client 1078: 3.4209
Client 945: 3.5375
Client 1093: 3.2563
Client 84: 3.5379
Client 1562: 3.4641
Client 116: 3.8767
Client 914: 3.4337
Client 1737: 3.1760
Client 494: 3.7181
Client 1605: 3.6519
Client 538: 3.1304
Client 1904: 3.7376
Client 202: 3.7621
Client 226: 3.6820
Client 312: 3.8031
Client 1591: 3.5173
Client 500: 3.8356
Client 609: 3.6532
Client 1129: 3.9774
Client 1616: 3.4489
Client 1451: 3.9883
Client 1160: 3.7311
Round avg loss: 3.5832 (Best: 3.5832)

--- Round 5/20 ---
Client 1678: 3.9336
Client 886: 3.5525
Client 1268: 3.8321
Client 1905: 3.3325
Client 529: 3.5249
Client 561: 3.8450
Client 1095: 3.1007
Client 83: 3.5654
Client 1724: 3.9925
Client 356: 3.2006
Client 1320: 3.2305
Client 114: 3.4131
Client 1545: 3.0498
Client 935: 3.3727
Client 1978: 3.7734
Client 1495: 3.6059
Client 253: 3.4697
Client 174: 4.1565
Client 1585: 3.8368
Client 500: 3.6637
Client 1965: 3.5712
Client 1622: 3.8321
Client 1105: 3.4052
Client 1832: 3.1731
Client 689: 3.2163
Client 1403: 3.2810
Client 1307: 3.2989
Client 307: 3.0076
Client 225: 4.0830
Client 1477: 3.2354
Client 1551: 3.8306
Client 47: 3.7172
Client 1520: 4.0071
Client 466: 3.4562
Client 50: 3.1472
Client 1673: 3.5559
Client 1090: 3.8921
Client 525: 3.2862
Client 1011: 3.5790
Client 695: 3.9299
Client 1498: 3.5714
Client 5: 2.8336
Client 871: 3.5997
Client 1291: 3.2350
Client 1093: 3.0194
Client 45: 3.6851
Client 764: 3.7586
Client 576: 3.5105
Client 1376: 3.4954
Client 195: 3.7481
Client 254: 3.6762
Client 365: 3.8146
Client 1707: 3.6022
Client 1252: 3.3060
Client 1626: 3.7195
Client 1813: 3.5392
Client 361: 3.7124
Client 39: 3.6418
Client 1147: 3.0911
Client 584: 3.0101
Client 996: 4.0150
Client 1700: 3.5760
Client 1321: 3.5886
Client 1522: 3.5862
Client 1962: 3.9263
Client 92: 3.4553
Client 762: 3.5977
Client 1425: 3.6878
Client 1200: 3.6275
Client 252: 3.3474
Client 1008: 3.9007
Client 1323: 3.7164
Client 309: 3.7442
Client 672: 3.9339
Client 952: 3.5064
Client 691: 3.5714
Client 1983: 3.3861
Client 574: 3.3806
Client 1511: 3.5767
Client 1512: 3.6125
Client 409: 3.7203
Client 1210: 3.8418
Client 682: 2.8135
Client 530: 3.6837
Client 394: 3.8053
Client 1587: 3.7386
Client 840: 3.1640
Client 1028: 4.0169
Client 943: 3.6654
Client 1096: 3.7158
Client 277: 3.5535
Client 133: 3.9749
Client 882: 3.2189
Client 1331: 3.3168
Client 890: 3.9575
Client 803: 3.6013
Client 1741: 3.6680
Client 1308: 3.5657
Client 1999: 4.9950
Client 1204: 3.3598
Round avg loss: 3.5764 (Best: 3.5764)

--- Round 6/20 ---
Client 788: 3.6704
Client 698: 3.8931
Client 890: 3.7357
Client 892: 3.8703
Client 1771: 3.5347
Client 328: 4.0355
Client 1849: 3.2239
Client 143: 3.8580
Client 252: 3.1502
Client 286: 3.4559
Client 1870: 3.6857
Client 1406: 2.9594
Client 880: 4.0493
Client 1598: 3.6696
Client 385: 3.4484
Client 1581: 3.4954
Client 1520: 3.8302
Client 290: 3.7537
Client 1838: 3.7971
Client 579: 4.2088
Client 1005: 3.1015
Client 1863: 3.0151
Client 1042: 3.8250
Client 1478: 3.6375
Client 1916: 3.7808
Client 797: 3.6646
Client 679: 3.4728
Client 1526: 3.6614
Client 366: 3.4940
Client 548: 3.7583
Client 684: 3.6608
Client 191: 2.8530
Client 207: 3.5308
Client 1858: 3.5393
Client 1786: 3.7166
Client 1766: 3.5411
Client 145: 4.1120
Client 1012: 3.4733
Client 338: 3.3492
Client 857: 3.4622
Client 57: 3.6810
Client 1874: 3.6576
Client 1064: 3.5797
Client 1141: 3.6084
Client 30: 3.3301
Client 1984: 3.6117
Client 1750: 3.8261
Client 21: 3.7038
Client 1320: 3.0617
Client 1327: 3.1888
Client 376: 4.0444
Client 520: 3.6386
Client 1035: 3.9078
Client 1462: 3.2634
Client 998: 3.4491
Client 1884: 3.4647
Client 1959: 3.8361
Client 43: 3.3381
Client 628: 2.7218
Client 1375: 3.3753
Client 1633: 4.2275
Client 1669: 4.0145
Client 1623: 3.7160
Client 990: 3.5894
Client 1808: 3.5221
Client 251: 3.4716
Client 1762: 3.4540
Client 1014: 4.2514
Client 1122: 4.4888
Client 1422: 3.6634
Client 834: 3.4368
Client 1101: 4.0485
Client 803: 3.3724
Client 1155: 3.4051
Client 796: 3.3339
Client 663: 3.9205
Client 1780: 3.5787
Client 669: 3.9196
Client 1136: 3.5054
Client 500: 3.5039
Client 3: 3.3700
Client 1491: 3.5066
Client 516: 3.9263
Client 24: 3.0122
Client 1404: 3.3625
Client 1222: 3.4701
Client 1672: 3.8395
Client 1359: 3.7375
Client 1736: 3.6779
Client 916: 3.7304
Client 864: 3.5576
Client 337: 3.7770
Client 1593: 3.9542
Client 1388: 3.5990
Client 1029: 3.6419
Client 771: 3.4692
Client 117: 3.4214
Client 451: 3.1417
Client 1477: 3.0396
Client 1367: 3.5746
Round avg loss: 3.5950 (Best: 3.5764)

--- Round 7/20 ---
Client 1989: 3.7581
Client 1097: 4.2449
Client 861: 3.8976
Client 1763: 3.5616
Client 1127: 3.7582
Client 88: 3.5798
Client 1025: 3.4877
Client 1150: 3.9942
Client 563: 3.8555
Client 384: 3.3829
Client 1273: 3.7127
Client 1690: 3.2632
Client 1786: 3.5893
Client 261: 3.4571
Client 265: 3.9024
Client 1026: 3.8801
Client 1448: 3.2830
Client 1831: 3.2632
Client 999: 3.4599
Client 395: 4.0165
Client 19: 3.4504
Client 1549: 3.5843
Client 1020: 3.2701
Client 1998: 2.7046
Client 1126: 3.4207
Client 897: 3.4428
Client 1915: 3.6916
Client 1004: 3.7736
Client 394: 3.5784
Client 166: 3.3971
Client 1272: 3.8158
Client 1871: 3.6327
Client 785: 3.6796
Client 327: 3.6968
Client 427: 3.6575
Client 1533: 3.6808
Client 991: 3.3251
Client 1473: 3.7704
Client 1725: 3.8266
Client 551: 3.4454
Client 480: 3.5346
Client 627: 2.8574
Client 1898: 3.6432
Client 958: 3.6635
Client 1278: 3.9345
Client 1060: 3.2729
Client 855: 3.4597
Client 101: 3.7135
Client 997: 3.8114
Client 778: 3.4886
Client 904: 3.5252
Client 1203: 3.6049
Client 1353: 3.5544
Client 1550: 3.4301
Client 422: 3.6154
Client 195: 3.5468
Client 611: 3.1920
Client 575: 4.2120
Client 1509: 3.4736
Client 1087: 3.5843
Client 1606: 3.8444
Client 1277: 3.4606
Client 296: 3.6944
Client 1422: 3.4924
Client 105: 3.6091
Client 1882: 3.8426
Client 228: 3.5118
Client 1709: 3.6013
Client 750: 3.5069
Client 939: 3.2539
Client 838: 3.5803
Client 1151: 3.4780
Client 976: 4.0679
Client 1904: 3.5776
Client 822: 3.6603
Client 450: 3.9571
Client 840: 2.9500
Client 297: 3.5634
Client 1381: 3.7487
Client 632: 4.1413
Client 139: 4.1956
Client 1452: 3.4547
Client 947: 3.8505
Client 1301: 3.5277
Client 530: 3.4668
Client 894: 3.7815
Client 1661: 3.5668
Client 1019: 3.5688
Client 1455: 4.1042
Client 1388: 3.3743
Client 1436: 3.3882
Client 1752: 3.5371
Client 1710: 3.7885
Client 73: 3.9395
Client 1751: 3.7842
Client 1042: 3.6243
Client 67: 3.8124
Client 1134: 4.0961
Client 1573: 3.2176
Client 1423: 4.0184
Round avg loss: 3.6195 (Best: 3.5764)

--- Round 8/20 ---
Client 1010: 3.5484
Client 1938: 3.5074
Client 1883: 3.8599
Client 1506: 3.3927
Client 1417: 3.7161
Client 1639: 3.8276
Client 1602: 3.7370
Client 12: 3.4826
Client 996: 3.7641
Client 160: 3.8680
Client 1579: 3.9239
Client 1375: 3.1416
Client 517: 3.3479
Client 373: 3.3454
Client 347: 3.2505
Client 574: 3.2983
Client 1207: 3.3650
Client 1485: 3.3115
Client 1016: 3.4965
Client 1970: 4.0151
Client 1111: 3.0139
Client 1721: 3.6453
Client 1655: 3.2786
Client 1230: 4.0418
Client 1116: 4.0160
Client 920: 4.0891
Client 1382: 3.7183
Client 1399: 3.7687
Client 781: 4.1267
Client 869: 3.8871
Client 1633: 4.0583
Client 1770: 3.7354
Client 1387: 3.7804
Client 1675: 3.2379
Client 1244: 3.8093
Client 1106: 3.0891
Client 1799: 3.3994
Client 1428: 3.7030
Client 1357: 2.9100
Client 195: 3.3525
Client 934: 3.6303
Client 1302: 3.7373
Client 509: 3.7289
Client 968: 3.5682
Client 1752: 3.3572
Client 36: 3.9995
Client 1952: 3.6616
Client 857: 3.2572
Client 442: 3.8593
Client 1225: 3.4543
Client 91: 4.0726
Client 1197: 4.0535
Client 1706: 3.6413
Client 1499: 3.9806
Client 770: 3.1694
Client 1093: 2.8744
Client 671: 3.9610
Client 1438: 3.7356
Client 181: 3.9101
Client 1632: 3.6889
Client 1045: 3.5744
Client 536: 3.8582
Client 1157: 3.6862
Client 1458: 3.8415
Client 1286: 3.6685
Client 1599: 3.2142
Client 582: 3.8759
Client 1007: 3.6131
Client 1927: 3.2232
Client 1885: 3.7935
Client 749: 3.5815
Client 497: 3.3209
Client 1746: 3.5968
Client 849: 3.2319
Client 1521: 3.7869
Client 1811: 3.6136
Client 201: 3.6247
Client 1751: 3.6433
Client 720: 3.6970
Client 428: 4.1098
Client 445: 3.9674
Client 774: 3.4894
Client 326: 4.0981
Client 133: 3.8451
Client 986: 3.5152
Client 105: 3.4101
Client 477: 3.5114
Client 1659: 3.5840
Client 118: 4.0134
Client 1530: 3.4492
Client 678: 3.7881
Client 1004: 3.6078
Client 1610: 3.4750
Client 123: 3.4294
Client 115: 3.4683
Client 907: 3.5512
Client 1971: 3.7640
Client 295: 3.7236
Client 243: 4.0815
Client 1005: 3.0126
Round avg loss: 3.6254 (Best: 3.5764)

--- Round 9/20 ---
Client 864: 3.3502
Client 67: 3.5559
Client 1569: 2.9518
Client 226: 3.4844
Client 500: 3.3912
Client 869: 3.7066
Client 710: 3.8130
Client 785: 3.4641
Client 1060: 3.1064
Client 970: 3.0949
Client 910: 3.7246
Client 1369: 3.5314
Client 1340: 3.4609
Client 1128: 4.0047
Client 1964: 3.3007
Client 1375: 3.0228
Client 7: 2.9928
Client 1581: 3.3543
Client 1443: 3.9056
Client 1058: 3.5506
Client 812: 3.6094
Client 1680: 3.3870
Client 242: 3.5049
Client 607: 3.7902
Client 1391: 3.6997
Client 1782: 3.5834
Client 1470: 3.5987
Client 1309: 3.8635
Client 1542: 3.2218
Client 1941: 3.9700
Client 1163: 3.1876
Client 798: 3.5336
Client 31: 3.4868
Client 954: 4.1030
Client 588: 3.5511
Client 1357: 2.7153
Client 1551: 3.6081
Client 1993: 3.9156
Client 401: 3.1897
Client 1658: 3.1887
Client 1374: 2.9350
Client 474: 3.8578
Client 658: 3.5848
Client 235: 3.7438
Client 1140: 3.0803
Client 1006: 3.6519
Client 1501: 3.6057
Client 215: 2.8932
Client 682: 2.6007
Client 144: 4.1391
Client 240: 3.3021
Client 861: 3.7102
Client 1974: 3.2811
Client 948: 3.7074
Client 929: 3.6298
Client 396: 3.5852
Client 1645: 3.5531
Client 348: 4.0172
Client 278: 3.8399
Client 134: 3.7609
Client 1371: 3.4511
Client 1503: 3.6034
Client 1630: 3.3647
Client 1141: 3.4073
Client 1158: 3.6844
Client 1989: 3.5396
Client 1446: 3.4074
Client 1495: 3.3636
Client 461: 3.5247
Client 280: 3.5580
Client 1228: 4.0309
Client 454: 4.3602
Client 1571: 3.4285
Client 562: 3.7481
Client 1775: 3.8674
Client 1067: 3.9369
Client 1281: 3.6703
Client 1266: 3.9943
Client 1328: 3.2743
Client 1083: 3.7855
Client 1590: 3.6769
Client 1897: 3.4880
Client 305: 3.6923
Client 395: 3.7803
Client 696: 3.8992
Client 169: 3.1830
Client 198: 3.4954
Client 135: 3.6280
Client 523: 3.0968
Client 293: 3.4101
Client 156: 4.1529
Client 193: 3.9450
Client 382: 3.6142
Client 1504: 3.5011
Client 1355: 3.6227
Client 380: 3.4624
Client 1024: 3.6825
Client 422: 3.4598
Client 609: 3.4371
Client 1154: 3.4861
Round avg loss: 3.5467 (Best: 3.5467)

--- Round 10/20 ---
Client 105: 3.2278
Client 696: 3.6987
Client 157: 3.8153
Client 331: 2.9789
Client 1488: 4.1634
Client 213: 3.5472
Client 33: 3.6148
Client 1831: 3.0763
Client 1824: 4.1007
Client 1104: 4.1246
Client 1542: 3.0228
Client 383: 3.5047
Client 464: 3.1852
Client 76: 3.1400
Client 583: 3.1734
Client 59: 3.4889
Client 1929: 3.9631
Client 224: 3.5856
Client 1588: 3.3994
Client 102: 3.6800
Client 659: 2.9003
Client 1297: 3.5297
Client 599: 3.5034
Client 1966: 3.5998
Client 1639: 3.6459
Client 781: 3.9427
Client 784: 3.3844
Client 294: 3.9015
Client 978: 3.4777
Client 1587: 3.5322
Client 747: 4.0777
Client 858: 4.2721
Client 830: 3.4608
Client 548: 3.5919
Client 1875: 3.7225
Client 827: 3.4569
Client 1282: 3.6503
Client 792: 3.4826
Client 1964: 3.1176
Client 483: 3.6110
Client 831: 4.5150
Client 1253: 3.1993
Client 1477: 2.8516
Client 1458: 3.6349
Client 117: 3.3222
Client 1696: 3.4692
Client 19: 3.2110
Client 903: 3.6950
Client 541: 3.3401
Client 492: 3.3103
Client 1228: 3.7943
Client 1755: 3.3935
Client 1728: 3.8837
Client 269: 3.7205
Client 376: 3.8084
Client 1170: 3.8081
Client 236: 3.4686
Client 1007: 3.4595
Client 1429: 3.5909
Client 1347: 3.5499
Client 1493: 3.9698
Client 372: 3.1120
Client 1529: 3.6289
Client 1504: 3.2756
Client 135: 3.4458
Client 1936: 3.8594
Client 731: 3.6837
Client 1564: 3.4968
Client 1378: 3.7305
Client 675: 3.3585
Client 20: 3.5664
Client 1601: 3.8115
Client 910: 3.5470
Client 1968: 3.7915
Client 575: 4.0241
Client 1695: 3.6317
Client 130: 3.5129
Client 1083: 3.5587
Client 1990: 4.0957
Client 922: 3.9490
Client 426: 3.6639
Client 1045: 3.3708
Client 1031: 3.6999
Client 491: 3.0258
Client 1327: 2.9931
Client 1820: 4.2937
Client 1606: 3.6337
Client 1066: 3.4192
Client 1360: 3.8054
Client 633: 3.7987
Client 496: 3.7868
Client 1955: 4.2527
Client 912: 3.8121
Client 509: 3.5532
Client 1722: 3.7173
Client 1886: 3.8128
Client 1863: 2.9473
Client 1208: 3.5487
Client 1956: 3.7367
Client 1713: 3.9840
Round avg loss: 3.5928 (Best: 3.5467)

--- Round 11/20 ---
Client 496: 3.6092
Client 1955: 4.0625
Client 1052: 3.5310
Client 1029: 3.5073
Client 1064: 3.4702
Client 280: 3.3980
Client 1482: 3.2417
Client 1310: 3.5873
Client 464: 3.0024
Client 1664: 3.2618
Client 950: 3.6987
Client 331: 2.8473
Client 1040: 2.9117
Client 268: 4.0596
Client 1167: 3.7599
Client 245: 3.5607
Client 1844: 3.9257
Client 891: 3.3793
Client 1249: 3.5793
Client 1592: 3.4801
Client 511: 4.3919
Client 1872: 3.6096
Client 880: 3.8246
Client 325: 3.4217
Client 759: 3.1796
Client 1002: 3.8791
Client 1673: 3.3556
Client 1075: 3.4192
Client 1836: 3.8889
Client 1774: 3.4479
Client 301: 3.6946
Client 23: 4.1674
Client 25: 2.9255
Client 59: 3.2964
Client 1136: 3.2714
Client 625: 2.8057
Client 154: 3.6502
Client 323: 3.6368
Client 996: 3.6306
Client 793: 3.6960
Client 1476: 3.8150
Client 393: 3.6581
Client 606: 3.5713
Client 1980: 3.5319
Client 1061: 3.8538
Client 385: 3.3263
Client 624: 3.7311
Client 1829: 4.1985
Client 1578: 3.7261
Client 620: 3.8199
Client 524: 3.4056
Client 227: 4.0252
Client 806: 3.8238
Client 647: 3.8055
Client 1230: 3.8404
Client 1828: 3.3547
Client 1264: 3.6914
Client 1456: 3.6103
Client 1162: 3.7347
Client 1748: 3.8331
Client 1452: 3.2577
Client 417: 3.8644
Client 1271: 4.1563
Client 945: 3.3415
Client 1389: 3.4547
Client 929: 3.4425
Client 1876: 3.8855
Client 198: 3.3186
Client 1341: 3.6354
Client 1627: 3.8094
Client 1863: 2.8164
Client 336: 3.5432
Client 777: 4.0330
Client 485: 3.2798
Client 1296: 3.9075
Client 1442: 2.6824
Client 942: 3.3520
Client 3: 3.1966
Client 1103: 3.4013
Client 95: 4.0172
Client 987: 3.2654
Client 1625: 3.6470
Client 819: 3.5396
Client 1127: 3.5620
Client 1803: 3.6078
Client 1607: 3.9436
Client 1978: 3.5268
Client 1465: 3.2596
Client 1047: 3.5142
Client 823: 3.5310
Client 35: 3.5111
Client 10: 3.4509
Client 69: 3.1701
Client 1199: 3.4966
Client 1104: 3.9129
Client 309: 3.6156
Client 892: 3.6722
Client 1193: 3.9529
Client 416: 3.3543
Client 1728: 3.7503
Round avg loss: 3.5710 (Best: 3.5467)

--- Round 12/20 ---
Client 475: 3.4328
Client 1278: 3.7223
Client 456: 4.0258
Client 426: 3.5898
Client 1267: 3.8258
Client 336: 3.3344
Client 362: 3.3137
Client 199: 3.8181
Client 1327: 2.8568
Client 1446: 3.1995
Client 458: 3.8089
Client 1211: 3.5309
Client 138: 2.8942
Client 1921: 3.6666
Client 1656: 3.7592
Client 1448: 3.0879
Client 65: 3.1485
Client 690: 3.1915
Client 985: 3.6864
Client 1139: 4.1689
Client 247: 3.0064
Client 983: 3.9508
Client 944: 3.4966
Client 1842: 3.7030
Client 1835: 3.7953
Client 1756: 3.8681
Client 1124: 3.5729
Client 590: 3.8577
Client 1753: 3.5595
Client 1531: 3.4528
Client 1235: 3.4334
Client 1853: 3.6671
Client 493: 4.0392
Client 307: 2.9157
Client 310: 2.9511
Client 1494: 2.9138
Client 1698: 4.0499
Client 1747: 3.9279
Client 1581: 3.2443
Client 1508: 3.5349
Client 95: 3.8232
Client 1945: 3.2305
Client 1880: 3.5522
Client 1070: 3.3050
Client 1391: 3.4779
Client 1905: 3.1558
Client 1797: 3.5260
Client 840: 2.8353
Client 835: 3.7163
Client 1529: 3.4045
Client 1621: 3.4879
Client 1127: 3.4128
Client 864: 3.2364
Client 429: 3.1726
Client 1283: 3.5696
Client 1550: 3.2475
Client 1134: 3.8884
Client 507: 3.6826
Client 1202: 3.3589
Client 419: 3.4458
Client 1115: 3.4248
Client 1162: 3.5825
Client 260: 4.0764
Client 1284: 3.6597
Client 1020: 3.0920
Client 1316: 3.7802
Client 466: 3.2665
Client 1346: 3.6635
Client 150: 2.8768
Client 1433: 3.5878
Client 743: 3.6734
Client 423: 3.7286
Client 610: 2.8660
Client 874: 3.6245
Client 1733: 3.5100
Client 1681: 3.2230
Client 1394: 3.5441
Client 151: 3.1701
Client 1474: 3.9262
Client 980: 3.1829
Client 1928: 4.0085
Client 1773: 3.8089
Client 160: 3.7116
Client 1852: 3.9017
Client 1873: 3.3818
Client 1505: 3.3492
Client 789: 3.6088
Client 1073: 3.9455
Client 1607: 3.7192
Client 876: 3.6463
Client 650: 3.8044
Client 254: 3.4770
Client 1868: 3.0921
Client 1476: 3.6258
Client 1012: 3.3261
Client 1168: 3.7173
Client 1044: 3.7158
Client 1227: 3.4597
Client 1751: 3.4972
Client 886: 3.3563
Round avg loss: 3.5114 (Best: 3.5114)

--- Round 13/20 ---
Client 1892: 3.8427
Client 1573: 3.0021
Client 1945: 3.1020
Client 1600: 3.6006
Client 343: 3.1493
Client 1254: 3.4037
Client 1103: 3.1782
Client 781: 3.8334
Client 1180: 3.1582
Client 1299: 4.0080
Client 1855: 3.8038
Client 1960: 3.7324
Client 403: 3.4862
Client 441: 4.1952
Client 496: 3.4356
Client 643: 3.7443
Client 527: 4.0684
Client 1710: 3.5868
Client 1553: 3.5757
Client 505: 3.5975
Client 722: 3.6032
Client 1005: 2.8979
Client 334: 3.1961
Client 120: 3.8149
Client 714: 3.5635
Client 1129: 3.8574
Client 352: 3.4515
Client 1847: 3.5851
Client 1592: 3.3089
Client 1066: 3.2043
Client 1201: 3.5521
Client 691: 3.4398
Client 1394: 3.2949
Client 1359: 3.5404
Client 1841: 3.7867
Client 1510: 3.4881
Client 836: 3.8636
Client 236: 3.2723
Client 907: 3.3654
Client 1813: 3.3087
Client 1670: 2.9931
Client 1147: 2.8606
Client 113: 3.2575
Client 297: 3.3552
Client 927: 3.4483
Client 1475: 3.4838
Client 630: 3.2337
Client 605: 3.6189
Client 1507: 3.2099
Client 837: 3.9570
Client 859: 4.0005
Client 1: 2.7555
Client 173: 3.4602
Client 1318: 3.6477
Client 1119: 3.5191
Client 595: 3.8217
Client 711: 3.8440
Client 254: 3.3348
Client 478: 4.0097
Client 126: 3.8567
Client 755: 3.6973
Client 277: 3.3291
Client 1996: 3.1830
Client 1666: 3.4404
Client 597: 3.8729
Client 15: 3.6428
Client 1189: 3.8733
Client 933: 3.6840
Client 1693: 3.1909
Client 963: 3.1204
Client 962: 3.8677
Client 137: 4.1691
Client 66: 3.6214
Client 330: 3.3672
Client 1682: 3.2467
Client 833: 3.6080
Client 263: 3.5378
Client 1733: 3.3347
Client 1148: 3.6281
Client 1141: 3.2802
Client 443: 3.3964
Client 1274: 3.5634
Client 1120: 3.9502
Client 457: 4.0304
Client 1024: 3.5280
Client 1674: 3.7067
Client 70: 4.2393
Client 1966: 3.4618
Client 94: 3.1860
Client 55: 3.3985
Client 460: 3.4129
Client 1969: 3.7672
Client 877: 3.4494
Client 509: 3.4239
Client 1081: 3.5354
Client 1506: 3.2271
Client 24: 2.8446
Client 470: 2.9636
Client 1599: 3.0454
Client 1236: 3.9313
Round avg loss: 3.5132 (Best: 3.5114)

--- Round 14/20 ---
Client 1759: 3.9070
Client 1575: 3.9625
Client 1775: 3.6649
Client 1445: 3.6401
Client 1813: 3.1098
Client 1991: 3.7313
Client 241: 4.0602
Client 867: 4.0896
Client 1592: 3.1396
Client 28: 3.5767
Client 1422: 3.2676
Client 228: 3.3689
Client 1178: 4.0025
Client 561: 3.6589
Client 471: 4.0447
Client 534: 3.4527
Client 1555: 3.5990
Client 907: 3.2056
Client 1048: 3.6586
Client 458: 3.6261
Client 1019: 3.3040
Client 295: 3.4990
Client 505: 3.4343
Client 336: 3.1781
Client 980: 3.0110
Client 1660: 3.2546
Client 170: 3.6299
Client 706: 3.3894
Client 1774: 3.2481
Client 1622: 3.5921
Client 1016: 3.3562
Client 1342: 3.4558
Client 1088: 3.9349
Client 1486: 4.0413
Client 1452: 3.1218
Client 1296: 3.6910
Client 12: 3.2757
Client 682: 2.4976
Client 1917: 3.7676
Client 1109: 3.9051
Client 5: 2.6882
Client 1200: 3.4089
Client 482: 3.8125
Client 775: 3.2687
Client 1549: 3.3458
Client 433: 4.1200
Client 737: 3.3821
Client 1636: 3.5922
Client 1527: 3.2541
Client 1494: 2.7587
Client 1244: 3.6417
Client 529: 3.3056
Client 1988: 3.3056
Client 1958: 3.7117
Client 117: 3.1712
Client 1617: 4.0369
Client 337: 3.6335
Client 1897: 3.3063
Client 1723: 3.3876
Client 757: 3.9054
Client 259: 3.7398
Client 1861: 3.4944
Client 1642: 3.7988
Client 625: 2.5953
Client 186: 4.0803
Client 1798: 3.3868
Client 473: 3.5668
Client 1375: 2.8681
Client 1793: 3.3422
Client 245: 3.2707
Client 1524: 3.3966
Client 132: 4.3673
Client 1840: 4.0193
Client 215: 2.7070
Client 441: 3.9906
Client 281: 3.0710
Client 668: 3.8294
Client 30: 3.1738
Client 376: 3.6780
Client 1978: 3.3727
Client 453: 3.0347
Client 599: 3.2832
Client 621: 4.2018
Client 1010: 3.3871
Client 1614: 3.6219
Client 1168: 3.4849
Client 1867: 2.7077
Client 338: 3.1304
Client 1309: 3.6529
Client 267: 3.4305
Client 1571: 3.1793
Client 1686: 3.8589
Client 238: 3.6513
Client 207: 3.3582
Client 803: 3.2040
Client 652: 3.7102
Client 1966: 3.2922
Client 1177: 3.9362
Client 1392: 3.6408
Client 950: 3.5594
Round avg loss: 3.4947 (Best: 3.4947)

--- Round 15/20 ---
Client 1144: 3.2051
Client 10: 3.2858
Client 1639: 3.5246
Client 477: 3.3227
Client 1393: 3.7430
Client 1385: 4.0380
Client 1844: 3.7655
Client 1955: 3.8981
Client 163: 3.1978
Client 682: 2.4641
Client 1729: 3.3494
Client 738: 3.3498
Client 1044: 3.5217
Client 1095: 2.9225
Client 1249: 3.4642
Client 257: 3.9812
Client 292: 3.0843
Client 93: 4.1459
Client 1415: 3.3887
Client 1644: 3.6454
Client 1673: 3.2558
Client 1243: 3.6243
Client 1531: 3.1671
Client 30: 3.1003
Client 1011: 3.3640
Client 1680: 3.1997
Client 480: 3.3311
Client 1677: 3.8421
Client 1546: 4.0505
Client 142: 3.5182
Client 1330: 3.9134
Client 137: 3.9303
Client 1104: 3.7778
Client 1618: 3.4433
Client 205: 3.9606
Client 1612: 3.6859
Client 1378: 3.5157
Client 79: 3.6764
Client 1986: 3.8624
Client 169: 3.0124
Client 1877: 3.6229
Client 1084: 3.5412
Client 1232: 3.7576
Client 1384: 3.9501
Client 245: 3.1331
Client 563: 3.6419
Client 1667: 3.6498
Client 637: 3.6915
Client 800: 3.6890
Client 1880: 3.3957
Client 1458: 3.4908
Client 1326: 3.5945
Client 352: 3.2739
Client 1687: 3.7269
Client 376: 3.5572
Client 788: 3.4541
Client 1771: 3.3601
Client 773: 3.2118
Client 1231: 3.9136
Client 339: 3.5995
Client 1613: 3.5796
Client 1728: 3.6471
Client 1515: 3.7684
Client 1554: 3.9721
Client 1759: 3.7151
Client 752: 3.5539
Client 1214: 3.9804
Client 1696: 3.2390
Client 1158: 3.4950
Client 1126: 3.1781
Client 115: 3.2743
Client 997: 3.5833
Client 1608: 3.4023
Client 885: 3.4699
Client 334: 3.0185
Client 1182: 4.0162
Client 534: 3.3008
Client 743: 3.4747
Client 907: 3.0682
Client 268: 3.8760
Client 1433: 3.3867
Client 952: 3.3793
Client 1035: 3.6891
Client 917: 3.5642
Client 435: 3.2818
Client 498: 3.1255
Client 903: 3.5186
Client 1970: 3.8029
Client 981: 3.7322
Client 1863: 2.7166
Client 409: 3.4681
Client 850: 3.0482
Client 320: 3.6911
Client 1293: 3.6279
Client 1822: 3.3642
Client 1931: 3.5028
Client 1206: 3.7620
Client 659: 2.7302
Client 863: 3.5207
Client 731: 3.4918
Round avg loss: 3.5080 (Best: 3.4947)

--- Round 16/20 ---
Client 557: 3.7934
Client 1949: 3.5101
Client 416: 3.1565
Client 819: 3.3523
Client 632: 3.9299
Client 1555: 3.3883
Client 1528: 3.5830
Client 1021: 3.5292
Client 148: 3.3981
Client 953: 3.6243
Client 1548: 4.2935
Client 1912: 3.1996
Client 174: 3.9864
Client 1424: 3.8464
Client 968: 3.3672
Client 1401: 3.7687
Client 44: 3.7949
Client 158: 3.8484
Client 703: 3.2395
Client 1731: 3.0233
Client 708: 3.1091
Client 760: 3.5850
Client 1241: 3.7501
Client 1614: 3.3952
Client 466: 3.1396
Client 681: 3.4268
Client 1465: 3.1113
Client 491: 2.9342
Client 1440: 3.5638
Client 717: 3.9244
Client 113: 3.1286
Client 138: 2.7430
Client 1732: 3.5375
Client 1135: 3.2043
Client 911: 3.8803
Client 88: 3.4115
Client 604: 3.2994
Client 1618: 3.3203
Client 296: 3.4336
Client 1324: 3.5461
Client 7: 2.8072
Client 149: 2.9635
Client 1824: 3.9045
Client 1090: 3.6885
Client 20: 3.4160
Client 1642: 3.5867
Client 1760: 3.7870
Client 271: 3.5561
Client 419: 3.2371
Client 509: 3.2579
Client 1727: 3.6470
Client 1277: 3.2445
Client 1398: 4.1694
Client 1362: 3.4069
Client 1379: 3.4814
Client 854: 3.4816
Client 634: 3.5067
Client 1781: 3.6972
Client 1630: 3.2565
Client 756: 3.4029
Client 124: 3.7434
Client 392: 3.7725
Client 899: 3.8706
Client 277: 3.1854
Client 1139: 3.9652
Client 716: 3.7082
Client 518: 3.4392
Client 1730: 3.6875
Client 0: 3.2824
Client 670: 3.5831
Client 858: 4.0492
Client 1904: 3.4603
Client 348: 3.9072
Client 1234: 3.9848
Client 115: 3.1096
Client 1327: 2.7630
Client 864: 3.0680
Client 1083: 3.3943
Client 811: 3.2262
Client 1373: 3.7243
Client 1983: 3.2384
Client 1117: 3.2936
Client 1510: 3.2614
Client 938: 3.6021
Client 794: 3.5491
Client 939: 3.0964
Client 1876: 3.6997
Client 1504: 3.0989
Client 1635: 3.4847
Client 393: 3.4104
Client 1411: 3.7009
Client 331: 2.6787
Client 909: 3.4562
Client 303: 3.6204
Client 1502: 3.3459
Client 915: 3.6293
Client 460: 3.1985
Client 1682: 3.1600
Client 140: 3.5751
Client 1042: 3.4611
Round avg loss: 3.4706 (Best: 3.4706)

--- Round 17/20 ---
Client 358: 3.6334
Client 867: 3.9312
Client 1023: 3.5268
Client 1904: 3.3527
Client 277: 3.0675
Client 551: 3.2027
Client 1251: 3.5552
Client 1912: 3.0175
Client 1848: 3.2714
Client 1445: 3.4315
Client 1531: 3.0834
Client 1370: 3.7325
Client 182: 3.2160
Client 1176: 3.2318
Client 937: 3.3381
Client 295: 3.3123
Client 1660: 3.0657
Client 1711: 3.6672
Client 935: 3.2194
Client 1630: 3.0885
Client 600: 3.5050
Client 192: 3.4230
Client 1603: 3.6441
Client 1744: 3.5519
Client 1778: 3.5610
Client 1350: 3.2981
Client 1882: 3.6677
Client 914: 3.2198
Client 1692: 3.2098
Client 756: 3.2163
Client 1977: 3.2727
Client 688: 3.0863
Client 378: 3.7449
Client 158: 3.6321
Client 954: 3.9259
Client 111: 3.7150
Client 1545: 2.8734
Client 1879: 3.0418
Client 1746: 3.3896
Client 1813: 3.0077
Client 1923: 3.7510
Client 920: 3.8876
Client 841: 4.2267
Client 333: 3.3928
Client 327: 3.4782
Client 697: 3.9045
Client 284: 4.0775
Client 790: 3.1790
Client 1309: 3.5226
Client 1492: 3.7323
Client 1869: 3.9050
Client 1026: 3.6601
Client 377: 3.7210
Client 276: 3.6676
Client 1083: 3.2552
Client 480: 3.1691
Client 228: 3.1505
Client 711: 3.6696
Client 1594: 3.6485
Client 10: 3.1196
Client 945: 3.2125
Client 1040: 2.6846
Client 602: 3.8981
Client 1944: 3.9083
Client 1993: 3.7548
Client 824: 3.9646
Client 1820: 4.0711
Client 1827: 3.5348
Client 1263: 3.4503
Client 1842: 3.5063
Client 619: 3.8774
Client 1441: 3.6007
Client 1076: 3.6027
Client 198: 3.2534
Client 433: 3.9390
Client 257: 3.7548
Client 1291: 3.0230
Client 109: 3.6922
Client 299: 3.7394
Client 1771: 3.2066
Client 1102: 3.8439
Client 927: 3.3293
Client 1547: 3.6867
Client 1034: 3.6922
Client 889: 3.6466
Client 1975: 3.5331
Client 1637: 3.7561
Client 445: 3.7756
Client 280: 3.2541
Client 1789: 3.9903
Client 229: 3.8286
Client 338: 3.0041
Client 737: 3.1869
Client 714: 3.3739
Client 1794: 3.5884
Client 164: 3.8854
Client 402: 3.1711
Client 798: 3.3283
Client 960: 3.7949
Client 1467: 3.6704
Round avg loss: 3.5006 (Best: 3.4706)

--- Round 18/20 ---
Client 364: 3.7098
Client 1755: 3.2054
Client 1330: 3.7519
Client 1818: 3.4509
Client 1371: 3.2544
Client 601: 3.5227
Client 912: 3.6299
Client 295: 3.1681
Client 956: 3.7823
Client 219: 3.7529
Client 103: 3.1071
Client 1741: 3.5341
Client 733: 4.0371
Client 1958: 3.6009
Client 109: 3.4590
Client 484: 3.4187
Client 938: 3.4227
Client 759: 2.9356
Client 420: 3.4052
Client 310: 2.7480
Client 517: 3.2068
Client 1401: 3.5739
Client 1439: 3.8239
Client 187: 3.4761
Client 950: 3.3640
Client 1050: 3.3885
Client 1239: 3.5500
Client 1784: 3.7957
Client 1721: 3.3763
Client 1864: 3.4958
Client 1824: 3.7285
Client 1522: 3.4014
Client 1865: 3.8253
Client 652: 3.5112
Client 851: 3.4853
Client 1790: 3.6370
Client 1261: 3.6350
Client 1636: 3.4540
Client 917: 3.4321
Client 1809: 3.5256
Client 1771: 3.0787
Client 1647: 3.0993
Client 846: 3.7251
Client 688: 2.9778
Client 658: 3.3791
Client 669: 3.7450
Client 795: 3.5088
Client 402: 2.9871
Client 792: 3.3260
Client 1298: 3.7417
Client 1575: 3.7150
Client 1602: 3.5648
Client 554: 3.9023
Client 1018: 3.9774
Client 494: 3.5151
Client 875: 2.8492
Client 666: 3.3021
Client 984: 4.0164
Client 30: 2.9962
Client 1932: 3.4351
Client 1839: 3.4125
Client 1718: 3.7812
Client 1311: 3.6434
Client 1228: 3.6841
Client 1580: 3.8875
Client 540: 3.1951
Client 303: 3.3930
Client 861: 3.5711
Client 1899: 4.0643
Client 466: 2.9995
Client 1134: 3.7266
Client 172: 3.9044
Client 1457: 2.8590
Client 355: 3.2891
Client 318: 3.0903
Client 803: 3.0973
Client 293: 3.2298
Client 1628: 3.5343
Client 510: 3.3902
Client 9: 3.6740
Client 501: 2.9718
Client 1539: 3.7313
Client 1188: 3.5431
Client 1835: 3.6155
Client 349: 4.2481
Client 278: 3.6474
Client 1615: 3.5309
Client 964: 3.3555
Client 438: 3.9610
Client 1130: 4.1431
Client 35: 3.3528
Client 1828: 3.1306
Client 882: 3.0002
Client 1640: 3.6417
Client 647: 3.5933
Client 458: 3.4438
Client 1688: 2.8201
Client 656: 3.1271
Client 1749: 3.8666
Client 637: 3.4994
Round avg loss: 3.4808 (Best: 3.4706)

--- Round 19/20 ---
Client 392: 3.5934
Client 231: 3.8005
Client 562: 3.5224
Client 253: 3.2900
Client 126: 3.6557
Client 296: 3.3220
Client 1519: 3.3898
Client 1172: 3.5117
Client 815: 3.3916
Client 1352: 3.8118
Client 1045: 3.1950
Client 1499: 3.7875
Client 1297: 3.3119
Client 1752: 3.2847
Client 184: 3.6281
Client 1506: 3.0820
Client 461: 3.3089
Client 1639: 3.3312
Client 1232: 3.5521
Client 619: 3.6739
Client 1072: 3.6223
Client 1707: 3.3841
Client 334: 2.8689
Client 1982: 3.1455
Client 1508: 3.4286
Client 1692: 3.0508
Client 791: 3.9476
Client 1178: 3.8040
Client 235: 3.5240
Client 838: 3.3789
Client 1259: 3.1326
Client 560: 3.8821
Client 1822: 3.2302
Client 532: 3.5431
Client 1220: 4.0547
Client 1396: 3.4753
Client 748: 3.7367
Client 1445: 3.2459
Client 1089: 3.7023
Client 918: 3.9041
Client 1712: 3.4764
Client 887: 3.9306
Client 1161: 3.5326
Client 66: 3.4155
Client 1756: 3.6503
Client 970: 2.8965
Client 746: 3.5356
Client 875: 2.6921
Client 1562: 3.2721
Client 984: 3.8394
Client 506: 3.5208
Client 1000: 3.8721
Client 910: 3.3985
Client 69: 3.0026
Client 193: 3.7648
Client 641: 4.0535
Client 1663: 3.7808
Client 590: 3.7158
Client 1999: 4.6994
Client 1955: 3.7964
Client 1917: 3.5900
Client 440: 3.6683
Client 1101: 3.8017
Client 1575: 3.5586
Client 979: 3.8347
Client 966: 3.8981
Client 895: 3.3257
Client 1012: 3.1857
Client 1389: 3.2556
Client 943: 3.5231
Client 341: 3.6827
Client 1435: 3.6022
Client 1251: 3.3526
Client 777: 3.8124
Client 707: 3.5111
Client 682: 2.3484
Client 464: 2.9737
Client 1513: 3.6946
Client 411: 3.2262
Client 1949: 3.3158
Client 211: 3.3009
Client 799: 3.7206
Client 314: 3.4948
Client 574: 3.0979
Client 1873: 3.2180
Client 1419: 3.7850
Client 1303: 3.7689
Client 1493: 3.8042
Client 829: 3.4550
Client 589: 3.7046
Client 757: 3.6664
Client 857: 3.1204
Client 1426: 3.6404
Client 1952: 3.4280
Client 1304: 3.9245
Client 1141: 3.1245
Client 1809: 3.3622
Client 1557: 3.9109
Client 956: 3.5866
Client 671: 3.7447
Round avg loss: 3.5137 (Best: 3.4706)

--- Round 20/20 ---
Client 538: 2.9212
Client 806: 3.6255
Client 9: 3.5027
Client 607: 3.5976
Client 866: 3.1734
Client 268: 3.7106
Client 1573: 2.8041
Client 914: 3.0810
Client 1712: 3.2930
Client 1335: 3.5395
Client 1479: 3.4480
Client 604: 3.1735
Client 24: 2.7032
Client 519: 3.3875
Client 503: 3.0858
Client 921: 3.5102
Client 858: 3.9053
Client 343: 2.9280
Client 992: 3.6765
Client 1282: 3.5084
Client 1281: 3.4668
Client 565: 3.4065
Client 791: 3.7125
Client 1993: 3.6163
Client 1759: 3.5887
Client 1375: 2.8233
Client 461: 3.1793
Client 1730: 3.5640
Client 1225: 3.2996
Client 353: 3.8709
Client 1178: 3.6614
Client 221: 2.2313
Client 1915: 3.5025
Client 10: 3.0258
Client 1095: 2.8027
Client 1597: 3.9765
Client 626: 3.7945
Client 1704: 3.1605
Client 256: 3.0136
Client 1504: 2.9668
Client 1369: 3.3364
Client 977: 3.7079
Client 12: 3.1793
Client 1013: 3.9263
Client 1329: 4.1477
Client 608: 3.7414
Client 1319: 3.9827
Client 1638: 3.9144
Client 395: 3.6574
Client 1545: 2.7396
Client 1091: 3.5997
Client 1361: 3.5579
Client 1530: 3.2502
Client 1182: 3.7827
Client 1493: 3.7050
Client 1743: 3.3726
Client 708: 2.9107
Client 185: 4.0800
Client 1828: 2.9585
Client 303: 3.2500
Client 668: 3.5899
Client 1789: 3.7779
Client 1969: 3.5610
Client 232: 3.2635
Client 1716: 3.4081
Client 1465: 2.9390
Client 824: 3.7941
Client 133: 3.7403
Client 174: 3.8037
Client 601: 3.3309
Client 739: 3.9356
Client 478: 3.8135
Client 22: 4.2136
Client 488: 3.5967
Client 669: 3.5668
Client 111: 3.5193
Client 646: 3.7831
Client 962: 3.7077
Client 1509: 3.1939
Client 1086: 3.1987
Client 1971: 3.5697
Client 1760: 3.6350
Client 1243: 3.4706
Client 1795: 3.8106
Client 1656: 3.5381
Client 896: 3.3616
Client 1734: 3.8684
Client 376: 3.4971
Client 1303: 3.5687
Client 1208: 3.3682
Client 758: 3.6692
Client 1286: 3.5106
Client 1925: 3.7327
Client 1528: 3.4432
Client 1097: 4.0508
Client 614: 2.9845
Client 1690: 3.0919
Client 1821: 3.2369
Client 1378: 3.3750
Client 182: 3.0352
Round avg loss: 3.4559 (Best: 3.4559)
Projector checkpoint saved to fl_results/checkpoints/projector_resnet18_wco_l4_ifcb_pml_resnet18_2000C_5pct_seed27_20260528_161516.pt

Running final evaluations...

>>> Evaluating on 'wco_l4_ifcb_pml' <<<
[wco_l4_ifcb_pml] Linear split: 43525 train, 10882 val, 18135 test
Linear Epoch 5: Train Loss=1.5933, Val Acc=64.73%
Linear Epoch 10: Train Loss=1.1459, Val Acc=72.47%
Linear Epoch 15: Train Loss=0.9742, Val Acc=75.33%
Linear Epoch 20: Train Loss=0.8917, Val Acc=76.51%
Linear Epoch 25: Train Loss=0.8416, Val Acc=77.84%
Linear Epoch 30: Train Loss=0.8180, Val Acc=78.30%
Linear Epoch 35: Train Loss=0.7869, Val Acc=78.84%
Linear Epoch 40: Train Loss=0.7651, Val Acc=79.07%
Linear Epoch 45: Train Loss=0.7535, Val Acc=79.26%
Linear Epoch 50: Train Loss=0.7456, Val Acc=79.37%
[wco_l4_ifcb_pml] Linear accuracy: 79.51% | Val accuracy: 79.37%
[wco_l4_ifcb_pml] Eval-only accuracy: 0.44%
Running unsupervised k-NN evaluation...
k-NN Top-1 accuracy: 76.30%
Running unsupervised clustering evaluation...
K-Means clustering accuracy (Hungarian matched): 30.16%
Silhouette score: 0.052
Prototype accuracy: 61.38%

>>> Evaluating on 'syke_ifcb' <<<
[syke_ifcb] Linear split: 30272 train, 7568 val, 12618 test
Linear Epoch 5: Train Loss=0.9759, Val Acc=77.06%
Linear Epoch 10: Train Loss=0.6739, Val Acc=82.37%
Linear Epoch 15: Train Loss=0.5590, Val Acc=84.67%
Linear Epoch 20: Train Loss=0.4956, Val Acc=85.68%
Linear Epoch 25: Train Loss=0.4567, Val Acc=86.48%
Linear Epoch 30: Train Loss=0.4277, Val Acc=87.06%
Linear Epoch 35: Train Loss=0.4096, Val Acc=87.55%
Linear Epoch 40: Train Loss=0.3943, Val Acc=87.94%
Linear Epoch 45: Train Loss=0.3837, Val Acc=88.09%
Linear Epoch 50: Train Loss=0.3739, Val Acc=88.52%
[syke_ifcb] Linear accuracy: 88.93% | Val accuracy: 88.52%
[syke_ifcb] Eval-only accuracy: 0.64%
Running unsupervised k-NN evaluation...
k-NN Top-1 accuracy: 86.86%
Running unsupervised clustering evaluation...
K-Means clustering accuracy (Hungarian matched): 31.84%
Silhouette score: 0.065
Prototype accuracy: 64.42%

>>> Evaluating on 'syke_zooscan' <<<
[syke_zooscan] Linear split: 10896 train, 2724 val, 4597 test
Linear Epoch 5: Train Loss=1.0662, Val Acc=76.62%
Linear Epoch 10: Train Loss=0.7473, Val Acc=81.13%
Linear Epoch 15: Train Loss=0.6095, Val Acc=83.30%
Linear Epoch 20: Train Loss=0.5262, Val Acc=84.88%
Linear Epoch 25: Train Loss=0.4711, Val Acc=86.20%
Linear Epoch 30: Train Loss=0.4311, Val Acc=87.22%
Linear Epoch 35: Train Loss=0.4006, Val Acc=88.11%
Linear Epoch 40: Train Loss=0.3783, Val Acc=88.44%
Linear Epoch 45: Train Loss=0.3588, Val Acc=88.91%
Linear Epoch 50: Train Loss=0.3434, Val Acc=89.35%
[syke_zooscan] Linear accuracy: 89.06% | Val accuracy: 89.43%
[syke_zooscan] Eval-only accuracy: 0.44%
Running unsupervised k-NN evaluation...
k-NN Top-1 accuracy: 88.54%
Running unsupervised clustering evaluation...
K-Means clustering accuracy (Hungarian matched): 27.91%
Silhouette score: 0.064
Prototype accuracy: 60.91%

>>> Evaluating on 'plankto_share' <<<
[plankto_share] Linear split: 25363 train, 6341 val, 10572 test
Linear Epoch 5: Train Loss=2.2943, Val Acc=46.60%
Linear Epoch 10: Train Loss=1.8176, Val Acc=52.99%
Linear Epoch 15: Train Loss=1.6189, Val Acc=56.02%
Linear Epoch 20: Train Loss=1.5149, Val Acc=57.55%
Linear Epoch 25: Train Loss=1.4396, Val Acc=58.73%
Linear Epoch 30: Train Loss=1.3880, Val Acc=59.36%
Linear Epoch 35: Train Loss=1.3481, Val Acc=59.63%
Linear Epoch 40: Train Loss=1.3195, Val Acc=60.31%
Linear Epoch 45: Train Loss=1.3011, Val Acc=60.81%
Linear Epoch 50: Train Loss=1.2794, Val Acc=60.89%
[plankto_share] Linear accuracy: 61.56% | Val accuracy: 60.91%
[plankto_share] Eval-only accuracy: 1.65%
Running unsupervised k-NN evaluation...
k-NN Top-1 accuracy: 57.79%
Running unsupervised clustering evaluation...
K-Means clustering accuracy (Hungarian matched): 22.51%
Silhouette score: 0.036
Prototype accuracy: 45.54%

>>> Evaluating on 'daplankton_lab_ifcb' <<<
[daplankton_lab_ifcb] Linear split: 7909 train, 1978 val, 3294 test
Linear Epoch 5: Train Loss=1.3276, Val Acc=81.24%
Linear Epoch 10: Train Loss=0.8524, Val Acc=83.42%
Linear Epoch 15: Train Loss=0.6639, Val Acc=85.29%
Linear Epoch 20: Train Loss=0.5642, Val Acc=86.15%
Linear Epoch 25: Train Loss=0.5017, Val Acc=86.65%
Linear Epoch 30: Train Loss=0.4580, Val Acc=87.26%
Linear Epoch 35: Train Loss=0.4254, Val Acc=88.07%
Linear Epoch 40: Train Loss=0.4004, Val Acc=88.22%
Linear Epoch 45: Train Loss=0.3792, Val Acc=88.57%
Linear Epoch 50: Train Loss=0.3617, Val Acc=89.03%
[daplankton_lab_ifcb] Linear accuracy: 88.55% | Val accuracy: 89.03%
[daplankton_lab_ifcb] Eval-only accuracy: 6.92%
Running unsupervised k-NN evaluation...
k-NN Top-1 accuracy: 87.80%
Running unsupervised clustering evaluation...
K-Means clustering accuracy (Hungarian matched): 70.16%
Silhouette score: 0.152
Prototype accuracy: 80.72%

>>> Evaluating on 'daplankton_lab_cs' <<<
[daplankton_lab_cs] Linear split: 6330 train, 1583 val, 2638 test
Linear Epoch 5: Train Loss=1.7518, Val Acc=62.86%
Linear Epoch 10: Train Loss=1.3052, Val Acc=69.80%
Linear Epoch 15: Train Loss=1.0764, Val Acc=72.39%
Linear Epoch 20: Train Loss=0.9401, Val Acc=74.42%
Linear Epoch 25: Train Loss=0.8483, Val Acc=76.18%
Linear Epoch 30: Train Loss=0.7817, Val Acc=77.07%
Linear Epoch 35: Train Loss=0.7317, Val Acc=77.70%
Linear Epoch 40: Train Loss=0.6916, Val Acc=78.40%
Linear Epoch 45: Train Loss=0.6582, Val Acc=78.96%
Linear Epoch 50: Train Loss=0.6315, Val Acc=79.66%
[daplankton_lab_cs] Linear accuracy: 81.20% | Val accuracy: 79.79%
[daplankton_lab_cs] Eval-only accuracy: 7.54%
Running unsupervised k-NN evaluation...
k-NN Top-1 accuracy: 84.04%
Running unsupervised clustering evaluation...
K-Means clustering accuracy (Hungarian matched): 46.55%
Silhouette score: 0.096
Prototype accuracy: 68.99%

>>> Evaluating on 'daplankton_lab_fc' <<<
[daplankton_lab_fc] Linear split: 8548 train, 2137 val, 3561 test
Linear Epoch 5: Train Loss=1.4750, Val Acc=66.31%
Linear Epoch 10: Train Loss=1.0447, Val Acc=73.23%
Linear Epoch 15: Train Loss=0.8522, Val Acc=76.32%
Linear Epoch 20: Train Loss=0.7434, Val Acc=78.05%
Linear Epoch 25: Train Loss=0.6721, Val Acc=79.27%
Linear Epoch 30: Train Loss=0.6226, Val Acc=79.93%
Linear Epoch 35: Train Loss=0.5845, Val Acc=81.14%
Linear Epoch 40: Train Loss=0.5528, Val Acc=81.98%
Linear Epoch 45: Train Loss=0.5311, Val Acc=82.45%
Linear Epoch 50: Train Loss=0.5078, Val Acc=82.87%
[daplankton_lab_fc] Linear accuracy: 84.22% | Val accuracy: 82.97%
[daplankton_lab_fc] Eval-only accuracy: 13.62%
Running unsupervised k-NN evaluation...
k-NN Top-1 accuracy: 83.52%
Running unsupervised clustering evaluation...
K-Means clustering accuracy (Hungarian matched): 46.78%
Silhouette score: 0.101
Prototype accuracy: 66.81%
Results saved to fl_results/fed_unsup_simclr_resnet18_wco_l4_ifcb_pml_resnet18_2000C_5pct_seed27_20260528_161516.json
