Device: cuda
Configuration: {'dataset': 'wco_l4_ifcb_pml', 'resnet_model': 'resnet18', 'projection_dim': 128, 'image_size': 224, 'num_clients': 200, 'client_frac': 0.01, 'rounds': 20, 'local_epochs': 5, 'batch_size': 128, 'lr': 0.0001, 'wd': 0.0001, 'grad_clip': 1.0, 'linear_lr': 0.001, 'linear_wd': 0.0001, 'linear_bs': 256, 'linear_epochs': 50, 'linear_patience': 10, 'dirichlet_alpha': 0.3, 'balanced_partition': False, 'normalization': 'imagenet', 'seed': 27, 'backbone_tag': 'resnet18', 'run_name': 'resnet18_200C_1pct_seed27', 'verbose': False, 'progress_every': 20, 'eval_every': 0, 'save_test_embeddings': False, 'cpu': False, 'eval_datasets': ['wco_l4_ifcb_pml', 'syke_ifcb', 'syke_zooscan', 'plankto_share', 'daplankton_lab_ifcb', 'daplankton_lab_cs', 'daplankton_lab_fc'], 'tiny_root': './tiny', 'celeba_root': './celeba', 'device': device(type='cuda')}
Loading ResNet backbone (resnet18, weights=IMAGENET1K_V1)...
ResNet image feature dim: 512
Using Dirichlet alpha=0.3 for non-IID partition...
Using imbalanced Dirichlet partition
Starting federated unsupervised SimCLR (CLIP backbone)...

--- Round 1/20 ---
Client 166: 5.0564
Client 122: 4.9344
Round avg loss: 4.9954 (Best: 4.9954)

--- Round 2/20 ---
Client 179: 5.0649
Client 70: 5.0883
Round avg loss: 5.0766 (Best: 4.9954)

--- Round 3/20 ---
Client 73: 4.9235
Client 50: 5.1179
Round avg loss: 5.0207 (Best: 4.9954)

--- Round 4/20 ---
Client 18: 4.8964
Client 16: 4.8711
Round avg loss: 4.8837 (Best: 4.8837)

--- Round 5/20 ---
Client 65: 4.9053
Client 138: 5.0359
Round avg loss: 4.9706 (Best: 4.8837)

--- Round 6/20 ---
Client 85: 4.9296
Client 64: 4.8823
Round avg loss: 4.9060 (Best: 4.8837)

--- Round 7/20 ---
Client 95: 4.8845
Client 103: 4.9449
Round avg loss: 4.9147 (Best: 4.8837)

--- Round 8/20 ---
Client 46: 4.9517
Client 63: 4.8534
Round avg loss: 4.9025 (Best: 4.8837)

--- Round 9/20 ---
Client 61: 4.9747
Client 125: 5.0565
Round avg loss: 5.0156 (Best: 4.8837)

--- Round 10/20 ---
Client 18: 4.5553
Client 186: 4.8932
Round avg loss: 4.7242 (Best: 4.7242)

--- Round 11/20 ---
Client 163: 4.9079
Client 146: 4.9637
Round avg loss: 4.9358 (Best: 4.7242)

--- Round 12/20 ---
Client 167: 4.9292
Client 20: 4.9180
Round avg loss: 4.9236 (Best: 4.7242)

--- Round 13/20 ---
Client 156: 4.9183
Client 108: 4.9277
Round avg loss: 4.9230 (Best: 4.7242)

--- Round 14/20 ---
Client 198: 4.9274
Client 106: 4.8540
Round avg loss: 4.8907 (Best: 4.7242)

--- Round 15/20 ---
Client 189: 4.9994
Client 13: 4.8940
Round avg loss: 4.9467 (Best: 4.7242)

--- Round 16/20 ---
Client 168: 5.0473
Client 112: 5.0688
Round avg loss: 5.0581 (Best: 4.7242)

--- Round 17/20 ---
Client 89: 4.9115
Client 3: 4.8625
Round avg loss: 4.8870 (Best: 4.7242)

--- Round 18/20 ---
Client 164: 4.9349
Client 122: 4.5867
Round avg loss: 4.7608 (Best: 4.7242)

--- Round 19/20 ---
Client 64: 4.5116
Client 35: 4.8927
Round avg loss: 4.7022 (Best: 4.7022)

--- Round 20/20 ---
Client 156: 4.5659
Client 86: 4.9473
Round avg loss: 4.7566 (Best: 4.7022)
Projector checkpoint saved to fl_results/checkpoints/projector_resnet18_wco_l4_ifcb_pml_resnet18_200C_1pct_seed27_20260528_051016.pt

Running final evaluations...

>>> Evaluating on 'wco_l4_ifcb_pml' <<<
[wco_l4_ifcb_pml] Linear split: 43525 train, 10882 val, 18135 test
Linear Epoch 5: Train Loss=1.5336, Val Acc=64.54%
Linear Epoch 10: Train Loss=1.1229, Val Acc=71.94%
Linear Epoch 15: Train Loss=0.9694, Val Acc=74.71%
Linear Epoch 20: Train Loss=0.8900, Val Acc=76.23%
Linear Epoch 25: Train Loss=0.8355, Val Acc=77.08%
Linear Epoch 30: Train Loss=0.8025, Val Acc=77.58%
Linear Epoch 35: Train Loss=0.7781, Val Acc=78.10%
Linear Epoch 40: Train Loss=0.7606, Val Acc=78.67%
Linear Epoch 45: Train Loss=0.7441, Val Acc=78.85%
Linear Epoch 50: Train Loss=0.7348, Val Acc=78.94%
[wco_l4_ifcb_pml] Linear accuracy: 79.24% | Val accuracy: 78.97%
[wco_l4_ifcb_pml] Eval-only accuracy: 0.42%
Running unsupervised k-NN evaluation...
k-NN Top-1 accuracy: 73.92%
Running unsupervised clustering evaluation...
K-Means clustering accuracy (Hungarian matched): 29.17%
Silhouette score: 0.056
Prototype accuracy: 56.88%

>>> Evaluating on 'syke_ifcb' <<<
[syke_ifcb] Linear split: 30272 train, 7568 val, 12618 test
Linear Epoch 5: Train Loss=0.9481, Val Acc=76.72%
Linear Epoch 10: Train Loss=0.6799, Val Acc=81.83%
Linear Epoch 15: Train Loss=0.5713, Val Acc=84.38%
Linear Epoch 20: Train Loss=0.5109, Val Acc=85.45%
Linear Epoch 25: Train Loss=0.4715, Val Acc=86.05%
Linear Epoch 30: Train Loss=0.4442, Val Acc=86.83%
Linear Epoch 35: Train Loss=0.4239, Val Acc=87.41%
Linear Epoch 40: Train Loss=0.4084, Val Acc=87.46%
Linear Epoch 45: Train Loss=0.3956, Val Acc=87.78%
Linear Epoch 50: Train Loss=0.3867, Val Acc=87.92%
[syke_ifcb] Linear accuracy: 88.41% | Val accuracy: 88.05%
[syke_ifcb] Eval-only accuracy: 6.21%
Running unsupervised k-NN evaluation...
k-NN Top-1 accuracy: 85.83%
Running unsupervised clustering evaluation...
K-Means clustering accuracy (Hungarian matched): 32.00%
Silhouette score: 0.071
Prototype accuracy: 58.46%

>>> Evaluating on 'syke_zooscan' <<<
[syke_zooscan] Linear split: 10896 train, 2724 val, 4597 test
Linear Epoch 5: Train Loss=0.9997, Val Acc=75.51%
Linear Epoch 10: Train Loss=0.7177, Val Acc=81.02%
Linear Epoch 15: Train Loss=0.5935, Val Acc=83.08%
Linear Epoch 20: Train Loss=0.5172, Val Acc=84.54%
Linear Epoch 25: Train Loss=0.4663, Val Acc=85.98%
Linear Epoch 30: Train Loss=0.4294, Val Acc=87.11%
Linear Epoch 35: Train Loss=0.3999, Val Acc=87.85%
Linear Epoch 40: Train Loss=0.3787, Val Acc=88.40%
Linear Epoch 45: Train Loss=0.3588, Val Acc=89.06%
Linear Epoch 50: Train Loss=0.3437, Val Acc=89.61%
[syke_zooscan] Linear accuracy: 88.95% | Val accuracy: 89.61%
[syke_zooscan] Eval-only accuracy: 2.41%
Running unsupervised k-NN evaluation...
k-NN Top-1 accuracy: 87.97%
Running unsupervised clustering evaluation...
K-Means clustering accuracy (Hungarian matched): 28.48%
Silhouette score: 0.070
Prototype accuracy: 53.82%

>>> Evaluating on 'plankto_share' <<<
[plankto_share] Linear split: 25363 train, 6341 val, 10572 test
Linear Epoch 5: Train Loss=2.2573, Val Acc=45.81%
Linear Epoch 10: Train Loss=1.8206, Val Acc=52.70%
Linear Epoch 15: Train Loss=1.6260, Val Acc=55.20%
Linear Epoch 20: Train Loss=1.5230, Val Acc=57.10%
Linear Epoch 25: Train Loss=1.4439, Val Acc=58.11%
Linear Epoch 30: Train Loss=1.4042, Val Acc=58.81%
Linear Epoch 35: Train Loss=1.3608, Val Acc=59.56%
Linear Epoch 40: Train Loss=1.3303, Val Acc=59.80%
Linear Epoch 45: Train Loss=1.3020, Val Acc=60.10%
Linear Epoch 50: Train Loss=1.2881, Val Acc=60.53%
[plankto_share] Linear accuracy: 61.36% | Val accuracy: 60.53%
[plankto_share] Eval-only accuracy: 0.37%
Running unsupervised k-NN evaluation...
k-NN Top-1 accuracy: 56.03%
Running unsupervised clustering evaluation...
K-Means clustering accuracy (Hungarian matched): 20.56%
Silhouette score: 0.033
Prototype accuracy: 41.79%

>>> Evaluating on 'daplankton_lab_ifcb' <<<
[daplankton_lab_ifcb] Linear split: 7909 train, 1978 val, 3294 test
Linear Epoch 5: Train Loss=1.1837, Val Acc=80.49%
Linear Epoch 10: Train Loss=0.7890, Val Acc=83.37%
Linear Epoch 15: Train Loss=0.6312, Val Acc=84.83%
Linear Epoch 20: Train Loss=0.5458, Val Acc=85.54%
Linear Epoch 25: Train Loss=0.4902, Val Acc=86.20%
Linear Epoch 30: Train Loss=0.4512, Val Acc=87.11%
Linear Epoch 35: Train Loss=0.4215, Val Acc=87.56%
Linear Epoch 40: Train Loss=0.3980, Val Acc=88.02%
Linear Epoch 45: Train Loss=0.3787, Val Acc=88.07%
Linear Epoch 50: Train Loss=0.3624, Val Acc=88.42%
[daplankton_lab_ifcb] Linear accuracy: 88.19% | Val accuracy: 88.42%
[daplankton_lab_ifcb] Eval-only accuracy: 9.50%
Running unsupervised k-NN evaluation...
k-NN Top-1 accuracy: 87.10%
Running unsupervised clustering evaluation...
K-Means clustering accuracy (Hungarian matched): 65.42%
Silhouette score: 0.161
Prototype accuracy: 78.42%

>>> Evaluating on 'daplankton_lab_cs' <<<
[daplankton_lab_cs] Linear split: 6330 train, 1583 val, 2638 test
Linear Epoch 5: Train Loss=1.6648, Val Acc=64.43%
Linear Epoch 10: Train Loss=1.2597, Val Acc=71.00%
Linear Epoch 15: Train Loss=1.0529, Val Acc=73.15%
Linear Epoch 20: Train Loss=0.9268, Val Acc=74.79%
Linear Epoch 25: Train Loss=0.8386, Val Acc=76.31%
Linear Epoch 30: Train Loss=0.7756, Val Acc=77.20%
Linear Epoch 35: Train Loss=0.7259, Val Acc=78.52%
Linear Epoch 40: Train Loss=0.6881, Val Acc=79.03%
Linear Epoch 45: Train Loss=0.6564, Val Acc=78.96%
Linear Epoch 50: Train Loss=0.6276, Val Acc=80.04%
[daplankton_lab_cs] Linear accuracy: 81.43% | Val accuracy: 80.04%
[daplankton_lab_cs] Eval-only accuracy: 3.60%
Running unsupervised k-NN evaluation...
k-NN Top-1 accuracy: 83.40%
Running unsupervised clustering evaluation...
K-Means clustering accuracy (Hungarian matched): 41.77%
Silhouette score: 0.106
Prototype accuracy: 66.38%

>>> Evaluating on 'daplankton_lab_fc' <<<
[daplankton_lab_fc] Linear split: 8548 train, 2137 val, 3561 test
Linear Epoch 5: Train Loss=1.3681, Val Acc=66.64%
Linear Epoch 10: Train Loss=0.9905, Val Acc=72.77%
Linear Epoch 15: Train Loss=0.8210, Val Acc=76.28%
Linear Epoch 20: Train Loss=0.7259, Val Acc=78.94%
Linear Epoch 25: Train Loss=0.6592, Val Acc=79.83%
Linear Epoch 30: Train Loss=0.6138, Val Acc=80.63%
Linear Epoch 35: Train Loss=0.5805, Val Acc=81.47%
Linear Epoch 40: Train Loss=0.5492, Val Acc=81.89%
Linear Epoch 45: Train Loss=0.5283, Val Acc=82.55%
Linear Epoch 50: Train Loss=0.5055, Val Acc=82.78%
[daplankton_lab_fc] Linear accuracy: 83.60% | Val accuracy: 82.92%
[daplankton_lab_fc] Eval-only accuracy: 7.72%
Running unsupervised k-NN evaluation...
k-NN Top-1 accuracy: 82.84%
Running unsupervised clustering evaluation...
K-Means clustering accuracy (Hungarian matched): 48.92%
Silhouette score: 0.110
Prototype accuracy: 63.35%
Results saved to fl_results/fed_unsup_simclr_resnet18_wco_l4_ifcb_pml_resnet18_200C_1pct_seed27_20260528_051016.json
