Device: cuda
Configuration: {'dataset': 'wco_l4_ifcb_pml', 'resnet_model': 'resnet18', 'projection_dim': 128, 'image_size': 224, 'num_clients': 200, 'client_frac': 0.05, 'rounds': 20, 'local_epochs': 5, 'batch_size': 128, 'lr': 0.0001, 'wd': 0.0001, 'grad_clip': 1.0, 'linear_lr': 0.001, 'linear_wd': 0.0001, 'linear_bs': 256, 'linear_epochs': 50, 'linear_patience': 10, 'dirichlet_alpha': 0.3, 'balanced_partition': False, 'normalization': 'imagenet', 'seed': 17, 'backbone_tag': 'resnet18', 'run_name': 'resnet18_200C_5pct_seed17', 'verbose': False, 'progress_every': 20, 'eval_every': 0, 'save_test_embeddings': False, 'cpu': False, 'eval_datasets': ['wco_l4_ifcb_pml', 'syke_ifcb', 'syke_zooscan', 'plankto_share', 'daplankton_lab_ifcb', 'daplankton_lab_cs', 'daplankton_lab_fc'], 'tiny_root': './tiny', 'celeba_root': './celeba', 'device': device(type='cuda')}
Loading ResNet backbone (resnet18, weights=IMAGENET1K_V1)...
ResNet image feature dim: 512
Using Dirichlet alpha=0.3 for non-IID partition...
Using imbalanced Dirichlet partition
Starting federated unsupervised SimCLR (CLIP backbone)...

--- Round 1/20 ---
Client 133: 4.9769
Client 106: 5.0477
Client 77: 5.0620
Client 93: 5.1015
Client 74: 4.9574
Client 44: 5.1539
Client 196: 4.9870
Client 180: 5.1428
Client 138: 4.9092
Client 169: 5.0231
Round avg loss: 5.0362 (Best: 5.0362)

--- Round 2/20 ---
Client 71: 4.9319
Client 28: 5.0722
Client 6: 5.0111
Client 63: 4.9749
Client 98: 5.0322
Client 191: 4.9404
Client 107: 4.9875
Client 64: 4.9532
Client 128: 4.9460
Client 81: 5.0280
Round avg loss: 4.9877 (Best: 4.9877)

--- Round 3/20 ---
Client 163: 4.8739
Client 175: 4.9244
Client 185: 4.9446
Client 102: 4.9807
Client 35: 5.1004
Client 141: 4.9717
Client 15: 4.9471
Client 50: 4.8936
Client 38: 4.9263
Client 180: 4.8039
Round avg loss: 4.9367 (Best: 4.9367)

--- Round 4/20 ---
Client 136: 5.0081
Client 143: 4.9733
Client 175: 4.5719
Client 53: 5.0625
Client 84: 5.0793
Client 138: 4.4919
Client 31: 4.8936
Client 183: 4.9199
Client 163: 4.5448
Client 17: 4.9087
Round avg loss: 4.8454 (Best: 4.8454)

--- Round 5/20 ---
Client 79: 4.9184
Client 104: 4.9468
Client 20: 4.9815
Client 129: 4.9282
Client 121: 4.9480
Client 163: 4.3491
Client 153: 4.9836
Client 36: 4.9054
Client 174: 4.9207
Client 86: 5.0491
Round avg loss: 4.8931 (Best: 4.8454)

--- Round 6/20 ---
Client 4: 5.0376
Client 110: 5.0093
Client 95: 4.8361
Client 146: 5.1120
Client 13: 4.9519
Client 192: 4.9203
Client 189: 4.9774
Client 90: 4.9950
Client 12: 4.9497
Client 122: 5.1098
Round avg loss: 4.9899 (Best: 4.8454)

--- Round 7/20 ---
Client 95: 4.4796
Client 148: 4.9148
Client 198: 4.9163
Client 1: 5.0919
Client 103: 4.8896
Client 61: 4.9026
Client 29: 5.0339
Client 142: 4.9592
Client 54: 5.0566
Client 63: 4.6458
Round avg loss: 4.8890 (Best: 4.8454)

--- Round 8/20 ---
Client 134: 4.9143
Client 92: 4.9672
Client 14: 5.0298
Client 68: 4.9408
Client 16: 5.0561
Client 70: 4.9911
Client 49: 5.0875
Client 191: 4.5848
Client 154: 5.1406
Client 142: 4.5866
Round avg loss: 4.9299 (Best: 4.8454)

--- Round 9/20 ---
Client 136: 4.6377
Client 141: 4.6130
Client 33: 5.0572
Client 64: 4.5613
Client 168: 5.0393
Client 78: 5.0087
Client 89: 4.8907
Client 81: 4.6404
Client 43: 5.1464
Client 85: 4.9793
Round avg loss: 4.8574 (Best: 4.8454)

--- Round 10/20 ---
Client 24: 5.0657
Client 147: 5.0881
Client 148: 4.5420
Client 69: 4.9577
Client 85: 4.6276
Client 2: 4.9611
Client 12: 4.6216
Client 192: 4.5263
Client 89: 4.5475
Client 4: 4.7042
Round avg loss: 4.7642 (Best: 4.7642)

--- Round 11/20 ---
Client 119: 4.8781
Client 190: 5.0494
Client 69: 4.5613
Client 121: 4.5718
Client 162: 4.9008
Client 13: 4.5625
Client 186: 4.9057
Client 50: 4.5866
Client 79: 4.5307
Client 66: 4.9825
Round avg loss: 4.7530 (Best: 4.7530)

--- Round 12/20 ---
Client 19: 5.0930
Client 191: 4.4237
Client 183: 4.5323
Client 124: 4.9255
Client 5: 4.9846
Client 158: 5.0737
Client 144: 4.9443
Client 134: 4.6005
Client 175: 4.4373
Client 35: 4.7155
Round avg loss: 4.7730 (Best: 4.7530)

--- Round 13/20 ---
Client 103: 4.5679
Client 124: 4.5742
Client 187: 4.9780
Client 151: 5.1317
Client 100: 4.9061
Client 46: 5.0646
Client 50: 4.4122
Client 64: 4.3930
Client 38: 4.6062
Client 173: 5.1760
Round avg loss: 4.7810 (Best: 4.7530)

--- Round 14/20 ---
Client 28: 4.6958
Client 54: 4.6892
Client 12: 4.4594
Client 137: 5.1233
Client 78: 4.6697
Client 80: 5.0544
Client 41: 4.9182
Client 107: 4.6169
Client 23: 5.0920
Client 176: 4.9874
Round avg loss: 4.8306 (Best: 4.7530)

--- Round 15/20 ---
Client 197: 5.0315
Client 79: 4.3746
Client 64: 4.3004
Client 168: 4.6918
Client 103: 4.3806
Client 122: 4.7471
Client 19: 4.7526
Client 138: 4.3376
Client 21: 5.0414
Client 139: 4.8860
Round avg loss: 4.6544 (Best: 4.6544)

--- Round 16/20 ---
Client 162: 4.5358
Client 61: 4.5315
Client 57: 5.1684
Client 136: 4.4538
Client 67: 5.1018
Client 147: 4.7136
Client 41: 4.5422
Client 75: 4.9455
Client 12: 4.3500
Client 185: 4.5635
Round avg loss: 4.6906 (Best: 4.6544)

--- Round 17/20 ---
Client 124: 4.3975
Client 150: 5.0023
Client 100: 4.5806
Client 56: 4.9418
Client 141: 4.4455
Client 104: 4.5659
Client 132: 5.0875
Client 160: 5.0706
Client 113: 5.0504
Client 19: 4.5901
Round avg loss: 4.7732 (Best: 4.6544)

--- Round 18/20 ---
Client 117: 4.9725
Client 192: 4.3385
Client 55: 4.9791
Client 58: 4.8761
Client 123: 4.9544
Client 81: 4.4843
Client 48: 5.1413
Client 93: 4.7749
Client 153: 4.6486
Client 7: 4.8918
Round avg loss: 4.8061 (Best: 4.6544)

--- Round 19/20 ---
Client 190: 4.6636
Client 147: 4.5366
Client 145: 4.9091
Client 132: 4.7804
Client 108: 4.9372
Client 13: 4.3820
Client 84: 4.6981
Client 148: 4.3908
Client 43: 4.8156
Client 142: 4.4202
Round avg loss: 4.6534 (Best: 4.6534)

--- Round 20/20 ---
Client 59: 5.0432
Client 156: 4.8987
Client 80: 4.6718
Client 94: 4.9415
Client 44: 4.8344
Client 193: 5.1722
Client 54: 4.5258
Client 77: 4.7305
Client 111: 4.9457
Client 91: 5.0803
Round avg loss: 4.8844 (Best: 4.6534)
Projector checkpoint saved to fl_results/checkpoints/projector_resnet18_wco_l4_ifcb_pml_resnet18_200C_5pct_seed17_20260528_065720.pt

Running final evaluations...

>>> Evaluating on 'wco_l4_ifcb_pml' <<<
[wco_l4_ifcb_pml] Linear split: 43525 train, 10882 val, 18135 test
Linear Epoch 5: Train Loss=1.5101, Val Acc=65.32%
Linear Epoch 10: Train Loss=1.1077, Val Acc=72.36%
Linear Epoch 15: Train Loss=0.9568, Val Acc=74.77%
Linear Epoch 20: Train Loss=0.8696, Val Acc=76.69%
Linear Epoch 25: Train Loss=0.8242, Val Acc=77.55%
Linear Epoch 30: Train Loss=0.7842, Val Acc=78.20%
Linear Epoch 35: Train Loss=0.7609, Val Acc=78.86%
Linear Epoch 40: Train Loss=0.7478, Val Acc=79.10%
Linear Epoch 45: Train Loss=0.7331, Val Acc=79.40%
Linear Epoch 50: Train Loss=0.7216, Val Acc=79.47%
[wco_l4_ifcb_pml] Linear accuracy: 79.57% | Val accuracy: 79.63%
[wco_l4_ifcb_pml] Eval-only accuracy: 0.42%
Running unsupervised k-NN evaluation...
k-NN Top-1 accuracy: 75.25%
Running unsupervised clustering evaluation...
K-Means clustering accuracy (Hungarian matched): 30.29%
Silhouette score: 0.056
Prototype accuracy: 58.83%

>>> Evaluating on 'syke_ifcb' <<<
[syke_ifcb] Linear split: 30272 train, 7568 val, 12618 test
Linear Epoch 5: Train Loss=0.8897, Val Acc=77.83%
Linear Epoch 10: Train Loss=0.6305, Val Acc=83.26%
Linear Epoch 15: Train Loss=0.5303, Val Acc=85.13%
Linear Epoch 20: Train Loss=0.4754, Val Acc=86.39%
Linear Epoch 25: Train Loss=0.4394, Val Acc=87.06%
Linear Epoch 30: Train Loss=0.4146, Val Acc=87.43%
Linear Epoch 35: Train Loss=0.3958, Val Acc=87.75%
Linear Epoch 40: Train Loss=0.3821, Val Acc=88.08%
Linear Epoch 45: Train Loss=0.3715, Val Acc=88.25%
Linear Epoch 50: Train Loss=0.3629, Val Acc=88.40%
[syke_ifcb] Linear accuracy: 88.74% | Val accuracy: 88.45%
[syke_ifcb] Eval-only accuracy: 1.85%
Running unsupervised k-NN evaluation...
k-NN Top-1 accuracy: 86.72%
Running unsupervised clustering evaluation...
K-Means clustering accuracy (Hungarian matched): 32.82%
Silhouette score: 0.068
Prototype accuracy: 63.73%

>>> Evaluating on 'syke_zooscan' <<<
[syke_zooscan] Linear split: 10896 train, 2724 val, 4597 test
Linear Epoch 5: Train Loss=0.8953, Val Acc=79.19%
Linear Epoch 10: Train Loss=0.6212, Val Acc=83.88%
Linear Epoch 15: Train Loss=0.5052, Val Acc=86.01%
Linear Epoch 20: Train Loss=0.4399, Val Acc=87.67%
Linear Epoch 25: Train Loss=0.3976, Val Acc=88.29%
Linear Epoch 30: Train Loss=0.3650, Val Acc=88.91%
Linear Epoch 35: Train Loss=0.3420, Val Acc=89.65%
Linear Epoch 40: Train Loss=0.3234, Val Acc=90.09%
Linear Epoch 45: Train Loss=0.3105, Val Acc=90.38%
Linear Epoch 50: Train Loss=0.2972, Val Acc=90.64%
[syke_zooscan] Linear accuracy: 89.97% | Val accuracy: 90.64%
[syke_zooscan] Eval-only accuracy: 5.09%
Running unsupervised k-NN evaluation...
k-NN Top-1 accuracy: 88.86%
Running unsupervised clustering evaluation...
K-Means clustering accuracy (Hungarian matched): 29.21%
Silhouette score: 0.075
Prototype accuracy: 65.67%

>>> Evaluating on 'plankto_share' <<<
[plankto_share] Linear split: 25363 train, 6341 val, 10572 test
Linear Epoch 5: Train Loss=2.2891, Val Acc=46.43%
Linear Epoch 10: Train Loss=1.8119, Val Acc=53.07%
Linear Epoch 15: Train Loss=1.6227, Val Acc=55.83%
Linear Epoch 20: Train Loss=1.5161, Val Acc=57.37%
Linear Epoch 25: Train Loss=1.4425, Val Acc=58.33%
Linear Epoch 30: Train Loss=1.3894, Val Acc=59.19%
Linear Epoch 35: Train Loss=1.3506, Val Acc=60.01%
Linear Epoch 40: Train Loss=1.3181, Val Acc=60.40%
Linear Epoch 45: Train Loss=1.2979, Val Acc=60.53%
Linear Epoch 50: Train Loss=1.2777, Val Acc=61.08%
[plankto_share] Linear accuracy: 62.50% | Val accuracy: 61.08%
[plankto_share] Eval-only accuracy: 0.60%
Running unsupervised k-NN evaluation...
k-NN Top-1 accuracy: 58.25%
Running unsupervised clustering evaluation...
K-Means clustering accuracy (Hungarian matched): 21.75%
Silhouette score: 0.034
Prototype accuracy: 45.23%

>>> Evaluating on 'daplankton_lab_ifcb' <<<
[daplankton_lab_ifcb] Linear split: 7909 train, 1978 val, 3294 test
Linear Epoch 5: Train Loss=1.2481, Val Acc=79.52%
Linear Epoch 10: Train Loss=0.8262, Val Acc=83.01%
Linear Epoch 15: Train Loss=0.6552, Val Acc=84.73%
Linear Epoch 20: Train Loss=0.5617, Val Acc=85.89%
Linear Epoch 25: Train Loss=0.5018, Val Acc=86.80%
Linear Epoch 30: Train Loss=0.4593, Val Acc=87.36%
Linear Epoch 35: Train Loss=0.4273, Val Acc=87.97%
Linear Epoch 40: Train Loss=0.4020, Val Acc=88.27%
Linear Epoch 45: Train Loss=0.3820, Val Acc=88.62%
Linear Epoch 50: Train Loss=0.3650, Val Acc=88.93%
[daplankton_lab_ifcb] Linear accuracy: 88.16% | Val accuracy: 88.93%
[daplankton_lab_ifcb] Eval-only accuracy: 2.79%
Running unsupervised k-NN evaluation...
k-NN Top-1 accuracy: 87.34%
Running unsupervised clustering evaluation...
K-Means clustering accuracy (Hungarian matched): 64.45%
Silhouette score: 0.170
Prototype accuracy: 77.81%

>>> Evaluating on 'daplankton_lab_cs' <<<
[daplankton_lab_cs] Linear split: 6330 train, 1583 val, 2638 test
Linear Epoch 5: Train Loss=1.6908, Val Acc=62.16%
Linear Epoch 10: Train Loss=1.2567, Val Acc=70.06%
Linear Epoch 15: Train Loss=1.0422, Val Acc=73.09%
Linear Epoch 20: Train Loss=0.9140, Val Acc=74.04%
Linear Epoch 25: Train Loss=0.8265, Val Acc=76.18%
Linear Epoch 30: Train Loss=0.7636, Val Acc=77.51%
Linear Epoch 35: Train Loss=0.7146, Val Acc=78.21%
Linear Epoch 40: Train Loss=0.6764, Val Acc=79.28%
Linear Epoch 45: Train Loss=0.6452, Val Acc=79.79%
Linear Epoch 50: Train Loss=0.6192, Val Acc=80.23%
[daplankton_lab_cs] Linear accuracy: 81.73% | Val accuracy: 80.29%
[daplankton_lab_cs] Eval-only accuracy: 12.17%
Running unsupervised k-NN evaluation...
k-NN Top-1 accuracy: 82.79%
Running unsupervised clustering evaluation...
K-Means clustering accuracy (Hungarian matched): 51.14%
Silhouette score: 0.099
Prototype accuracy: 68.35%

>>> Evaluating on 'daplankton_lab_fc' <<<
[daplankton_lab_fc] Linear split: 8548 train, 2137 val, 3561 test
Linear Epoch 5: Train Loss=1.3307, Val Acc=66.78%
Linear Epoch 10: Train Loss=0.9727, Val Acc=73.14%
Linear Epoch 15: Train Loss=0.8153, Val Acc=76.65%
Linear Epoch 20: Train Loss=0.7233, Val Acc=78.19%
Linear Epoch 25: Train Loss=0.6646, Val Acc=79.13%
Linear Epoch 30: Train Loss=0.6207, Val Acc=80.16%
Linear Epoch 35: Train Loss=0.5827, Val Acc=81.00%
Linear Epoch 40: Train Loss=0.5575, Val Acc=81.61%
Linear Epoch 45: Train Loss=0.5354, Val Acc=81.98%
Linear Epoch 50: Train Loss=0.5168, Val Acc=82.92%
[daplankton_lab_fc] Linear accuracy: 83.46% | Val accuracy: 82.92%
[daplankton_lab_fc] Eval-only accuracy: 7.05%
Running unsupervised k-NN evaluation...
k-NN Top-1 accuracy: 82.45%
Running unsupervised clustering evaluation...
K-Means clustering accuracy (Hungarian matched): 50.10%
Silhouette score: 0.122
Prototype accuracy: 65.68%
Results saved to fl_results/fed_unsup_simclr_resnet18_wco_l4_ifcb_pml_resnet18_200C_5pct_seed17_20260528_065720.json
