Device: cuda
Configuration: {'dataset': 'wco_l4_ifcb_pml', 'resnet_model': 'resnet18', 'projection_dim': 128, 'image_size': 224, 'num_clients': 2000, 'client_frac': 0.05, 'rounds': 20, 'local_epochs': 5, 'batch_size': 128, 'lr': 0.0001, 'wd': 0.0001, 'grad_clip': 1.0, 'linear_lr': 0.001, 'linear_wd': 0.0001, 'linear_bs': 256, 'linear_epochs': 50, 'linear_patience': 10, 'dirichlet_alpha': 0.3, 'balanced_partition': False, 'normalization': 'imagenet', 'seed': 17, 'backbone_tag': 'resnet18', 'run_name': 'resnet18_2000C_5pct_seed17', 'verbose': False, 'progress_every': 20, 'eval_every': 0, 'save_test_embeddings': False, 'cpu': False, 'eval_datasets': ['wco_l4_ifcb_pml', 'syke_ifcb', 'syke_zooscan', 'plankto_share', 'daplankton_lab_ifcb', 'daplankton_lab_cs', 'daplankton_lab_fc'], 'tiny_root': './tiny', 'celeba_root': './celeba', 'device': device(type='cuda')}
Loading ResNet backbone (resnet18, weights=IMAGENET1K_V1)...
ResNet image feature dim: 512
Using Dirichlet alpha=0.3 for non-IID partition...
Using imbalanced Dirichlet partition
Starting federated unsupervised SimCLR (CLIP backbone)...

--- Round 1/20 ---
Client 1069: 3.2482
Client 848: 3.4565
Client 1652: 3.1848
Client 621: 4.2392
Client 1967: 3.3337
Client 748: 4.2082
Client 593: 3.4798
Client 357: 3.5602
Client 1568: 3.0575
Client 1444: 3.8604
Client 1442: 3.3139
Client 1106: 3.6014
Client 1354: 3.8343
Client 569: 3.9316
Client 225: 3.2026
Client 1879: 3.7082
Client 55: 3.7471
Client 509: 4.0517
Client 786: 3.2973
Client 1669: 3.3638
Client 1528: 3.5640
Client 859: 3.8549
Client 516: 3.5326
Client 1760: 3.9412
Client 1027: 3.8184
Client 1643: 3.7241
Client 650: 3.9732
Client 1311: 3.1519
Client 1733: 3.6240
Client 1401: 3.7999
Client 1935: 4.0285
Client 1483: 3.9487
Client 822: 3.9259
Client 281: 3.4793
Client 1128: 3.8366
Client 127: 3.7181
Client 286: 3.6969
Client 1664: 3.5532
Client 1621: 3.6156
Client 1792: 2.9570
Client 402: 4.0541
Client 309: 3.8352
Client 1807: 3.6558
Client 1445: 4.0155
Client 1091: 3.8529
Client 1144: 3.7359
Client 1642: 3.5836
Client 1956: 4.2476
Client 1404: 3.8714
Client 430: 3.5321
Client 677: 4.1336
Client 1105: 3.6616
Client 252: 3.5863
Client 1465: 3.3588
Client 1308: 3.9718
Client 141: 3.3896
Client 633: 3.6344
Client 839: 3.1941
Client 167: 4.1120
Client 1038: 3.5430
Client 1924: 3.8275
Client 1758: 3.5552
Client 970: 3.6688
Client 1228: 3.5478
Client 290: 3.1868
Client 1397: 3.4442
Client 1663: 3.6390
Client 836: 3.6471
Client 1665: 3.9819
Client 1036: 3.6398
Client 1884: 3.7541
Client 688: 3.3828
Client 36: 3.5160
Client 886: 4.1079
Client 762: 3.9656
Client 1170: 3.9790
Client 105: 3.5776
Client 1836: 3.3313
Client 1540: 3.8330
Client 1513: 4.1785
Client 726: 3.6722
Client 103: 3.5173
Client 1965: 3.8968
Client 977: 3.2836
Client 767: 3.6213
Client 1187: 3.4316
Client 1585: 3.8944
Client 10: 4.2756
Client 1777: 3.5685
Client 830: 3.5781
Client 489: 3.4848
Client 239: 3.7409
Client 1140: 3.9232
Client 437: 3.5917
Client 1960: 3.5466
Client 1079: 3.8335
Client 736: 3.3620
Client 119: 4.1874
Client 547: 3.7079
Client 131: 3.6763
Round avg loss: 3.6795 (Best: 3.6795)

--- Round 2/20 ---
Client 1610: 4.1383
Client 564: 3.1555
Client 394: 3.9303
Client 1530: 3.5637
Client 1236: 3.8135
Client 1697: 3.6373
Client 1137: 3.8116
Client 1091: 3.6545
Client 1133: 3.9952
Client 1846: 3.0518
Client 265: 2.9250
Client 512: 3.4946
Client 1348: 3.5506
Client 629: 3.8169
Client 1877: 3.6257
Client 712: 3.4175
Client 653: 3.8926
Client 349: 4.0876
Client 680: 4.0710
Client 192: 3.3760
Client 1861: 3.4773
Client 1177: 3.6619
Client 1184: 3.8059
Client 1602: 4.0162
Client 558: 3.5931
Client 686: 3.9734
Client 19: 3.4913
Client 103: 3.2811
Client 1542: 3.8687
Client 39: 4.1018
Client 956: 3.5718
Client 1525: 3.7757
Client 970: 3.4844
Client 1296: 3.5984
Client 110: 3.7274
Client 1492: 3.5162
Client 406: 4.1946
Client 634: 3.7925
Client 528: 3.8905
Client 153: 3.5132
Client 1532: 3.1535
Client 1464: 3.7368
Client 1863: 3.9179
Client 993: 3.6625
Client 42: 3.8262
Client 1271: 3.1184
Client 1155: 3.6063
Client 1075: 3.8065
Client 1404: 3.7087
Client 283: 3.6665
Client 825: 3.9662
Client 1498: 3.4967
Client 1948: 4.0075
Client 1965: 3.7120
Client 1208: 3.9308
Client 1672: 4.1910
Client 801: 3.8981
Client 375: 3.8684
Client 400: 4.0886
Client 514: 3.7165
Client 1967: 3.1766
Client 308: 3.7972
Client 1385: 4.4334
Client 226: 3.8528
Client 1858: 3.6656
Client 434: 3.9440
Client 102: 3.5908
Client 1724: 3.7250
Client 1993: 3.5421
Client 1099: 3.9285
Client 624: 3.9450
Client 1648: 3.9736
Client 1822: 3.6003
Client 1884: 3.6055
Client 646: 3.5546
Client 1660: 3.9505
Client 647: 3.7598
Client 101: 3.8808
Client 330: 3.9663
Client 1896: 3.5762
Client 858: 3.9413
Client 190: 3.3952
Client 1415: 3.6553
Client 1578: 3.1967
Client 638: 3.5164
Client 1718: 3.6366
Client 513: 4.2430
Client 1346: 3.4499
Client 826: 3.7769
Client 983: 4.2184
Client 1110: 3.7391
Client 174: 3.9267
Client 1112: 4.1565
Client 1303: 3.6859
Client 495: 3.5704
Client 460: 3.9127
Client 1090: 3.7371
Client 1961: 3.7495
Client 543: 3.6522
Client 1179: 4.0358
Round avg loss: 3.7309 (Best: 3.6795)

--- Round 3/20 ---
Client 334: 3.4576
Client 1641: 3.7150
Client 604: 3.5864
Client 100: 4.0948
Client 1484: 3.5353
Client 1818: 3.4801
Client 996: 3.4904
Client 1200: 3.7000
Client 804: 3.8777
Client 1688: 3.9586
Client 455: 3.7241
Client 1134: 3.0085
Client 835: 3.6540
Client 1056: 3.5035
Client 1283: 3.4643
Client 911: 3.7770
Client 158: 3.8387
Client 1981: 3.6381
Client 940: 3.6891
Client 1539: 3.4712
Client 447: 3.4391
Client 469: 3.4238
Client 989: 3.6708
Client 651: 3.8925
Client 1678: 3.5290
Client 386: 3.7469
Client 1986: 3.9526
Client 745: 3.5044
Client 1225: 3.9764
Client 58: 4.0370
Client 1969: 3.0973
Client 1524: 3.6416
Client 1183: 3.9586
Client 1163: 3.6998
Client 1063: 4.0678
Client 865: 3.8504
Client 109: 3.6182
Client 1829: 3.6893
Client 1704: 3.5669
Client 673: 3.7309
Client 1975: 3.9104
Client 1184: 3.6195
Client 346: 3.4132
Client 1904: 3.9606
Client 1138: 4.3930
Client 473: 4.3407
Client 1255: 3.7720
Client 641: 3.9856
Client 753: 3.5065
Client 352: 3.5133
Client 1991: 3.5107
Client 1545: 3.9286
Client 432: 4.1237
Client 621: 3.9840
Client 888: 4.1300
Client 728: 4.0329
Client 919: 3.2020
Client 1211: 3.8441
Client 191: 3.7130
Client 1062: 3.7569
Client 216: 3.8533
Client 1071: 3.5807
Client 21: 4.1298
Client 393: 3.5196
Client 1929: 4.0374
Client 1179: 3.8525
Client 1840: 3.5760
Client 1441: 2.9887
Client 1133: 3.8009
Client 1566: 4.3609
Client 366: 3.6787
Client 920: 3.7578
Client 949: 4.1071
Client 912: 3.8457
Client 1752: 3.0265
Client 1032: 3.9371
Client 280: 3.7977
Client 1098: 3.6477
Client 1125: 3.4067
Client 972: 3.2525
Client 927: 3.5411
Client 24: 3.5325
Client 602: 3.2840
Client 539: 3.6722
Client 376: 3.5044
Client 16: 3.2972
Client 1692: 3.6730
Client 1846: 2.8828
Client 957: 3.4642
Client 690: 3.5825
Client 1540: 3.6290
Client 106: 3.5842
Client 547: 3.5375
Client 201: 3.9443
Client 1060: 3.9314
Client 1366: 3.6185
Client 1432: 3.9585
Client 31: 3.3548
Client 56: 3.1688
Client 231: 3.5078
Round avg loss: 3.6822 (Best: 3.6795)

--- Round 4/20 ---
Client 966: 3.7104
Client 1454: 3.8634
Client 1855: 3.6815
Client 617: 3.5951
Client 1253: 3.6877
Client 417: 3.5192
Client 1597: 3.5568
Client 202: 4.2294
Client 1593: 3.5533
Client 1860: 3.9579
Client 1679: 3.6580
Client 1714: 3.7641
Client 53: 3.7556
Client 932: 3.0770
Client 1098: 3.4419
Client 1681: 3.4085
Client 1555: 3.5261
Client 1892: 3.9214
Client 454: 3.9447
Client 1776: 3.8182
Client 1329: 3.9818
Client 61: 3.5898
Client 1741: 3.8245
Client 819: 3.7530
Client 1626: 4.0871
Client 251: 3.2661
Client 876: 3.8594
Client 1957: 3.4542
Client 119: 3.9829
Client 1512: 3.2497
Client 1104: 3.6656
Client 122: 3.1051
Client 385: 3.6066
Client 1995: 3.6206
Client 1103: 3.6481
Client 537: 3.8176
Client 551: 3.8857
Client 730: 3.8180
Client 711: 3.9834
Client 1925: 3.7984
Client 1113: 3.7078
Client 1190: 3.2922
Client 1678: 3.3153
Client 1997: 2.7300
Client 853: 3.5208
Client 830: 3.3321
Client 1869: 3.6950
Client 15: 3.5841
Client 1076: 3.6773
Client 1536: 4.0152
Client 694: 3.2477
Client 165: 3.8928
Client 1551: 3.7514
Client 1534: 3.1951
Client 1701: 3.8215
Client 68: 3.1400
Client 1282: 4.2613
Client 1496: 4.0865
Client 1771: 3.5658
Client 583: 4.1410
Client 666: 3.8294
Client 658: 3.4600
Client 240: 4.2127
Client 684: 3.8002
Client 260: 3.7026
Client 1102: 3.9151
Client 498: 3.7168
Client 1891: 3.7789
Client 1012: 3.3724
Client 1683: 3.7524
Client 580: 3.7077
Client 906: 3.7073
Client 255: 3.7652
Client 522: 4.0049
Client 511: 3.4372
Client 150: 3.8115
Client 1394: 3.8586
Client 861: 3.3330
Client 635: 2.8295
Client 1402: 3.7339
Client 410: 3.7552
Client 988: 3.5711
Client 748: 3.9861
Client 262: 3.7222
Client 437: 3.3871
Client 1033: 3.6306
Client 1996: 4.1176
Client 1612: 3.4341
Client 1171: 3.5389
Client 310: 3.1239
Client 1606: 3.6420
Client 601: 3.8795
Client 170: 4.0285
Client 892: 3.4901
Client 896: 3.6003
Client 1081: 3.9132
Client 1837: 4.1870
Client 795: 3.9032
Client 1599: 4.0627
Client 1071: 3.4267
Round avg loss: 3.6777 (Best: 3.6777)

--- Round 5/20 ---
Client 1237: 3.3934
Client 1556: 4.0972
Client 1843: 3.2687
Client 315: 4.0106
Client 1358: 3.7592
Client 1145: 3.9506
Client 292: 3.6862
Client 336: 3.2139
Client 1201: 3.8470
Client 1095: 2.9651
Client 1916: 3.9382
Client 649: 3.6054
Client 1010: 3.8137
Client 1644: 3.9077
Client 1788: 3.5218
Client 1804: 3.7317
Client 576: 3.8677
Client 1959: 3.3646
Client 1910: 3.6913
Client 833: 3.4592
Client 134: 3.7768
Client 1263: 4.0408
Client 483: 3.6978
Client 345: 3.8598
Client 1847: 3.6570
Client 1457: 3.8155
Client 309: 3.6105
Client 1593: 3.3752
Client 482: 4.0846
Client 874: 3.1608
Client 1120: 3.7104
Client 658: 3.2449
Client 1106: 3.4939
Client 1552: 3.7643
Client 907: 3.5122
Client 1536: 3.8231
Client 1027: 3.6112
Client 1636: 4.2278
Client 263: 3.5921
Client 591: 3.9230
Client 1922: 3.6096
Client 496: 3.5275
Client 1015: 3.8047
Client 513: 4.0586
Client 1028: 4.0683
Client 391: 3.6103
Client 762: 3.7523
Client 14: 3.7199
Client 1301: 3.8896
Client 250: 3.7241
Client 686: 3.7473
Client 1009: 3.6152
Client 157: 3.0389
Client 881: 4.3172
Client 177: 3.6767
Client 1822: 3.4055
Client 1055: 3.7402
Client 774: 3.9625
Client 499: 3.5291
Client 348: 3.9925
Client 144: 3.9883
Client 1906: 3.5676
Client 607: 3.4564
Client 149: 3.3977
Client 590: 3.5321
Client 695: 4.0952
Client 1857: 3.1342
Client 1563: 3.5719
Client 947: 3.6626
Client 304: 3.5235
Client 1974: 3.7447
Client 306: 3.4635
Client 1522: 3.5803
Client 544: 3.3635
Client 631: 3.7013
Client 785: 3.9554
Client 1768: 3.9567
Client 666: 3.6195
Client 1887: 3.7008
Client 1177: 3.4632
Client 1052: 3.6159
Client 1294: 3.5858
Client 293: 3.7875
Client 893: 3.7879
Client 213: 3.7352
Client 1943: 3.4475
Client 1675: 3.9801
Client 1546: 3.7886
Client 1818: 3.2665
Client 1339: 4.2751
Client 1281: 3.5749
Client 1584: 3.9694
Client 1839: 3.4958
Client 1625: 4.4296
Client 527: 3.8720
Client 485: 4.1361
Client 443: 3.7994
Client 436: 3.7622
Client 1115: 3.2467
Client 1776: 3.6258
Round avg loss: 3.6953 (Best: 3.6777)

--- Round 6/20 ---
Client 756: 3.5984
Client 1718: 3.4080
Client 1488: 3.9067
Client 893: 3.5723
Client 768: 3.5327
Client 553: 3.5638
Client 1935: 3.8248
Client 161: 3.5068
Client 630: 3.5633
Client 828: 3.6775
Client 1989: 3.6203
Client 1861: 3.2932
Client 1324: 3.8871
Client 416: 3.7362
Client 1804: 3.5874
Client 646: 3.2966
Client 24: 3.3579
Client 72: 3.8216
Client 1779: 3.7643
Client 1165: 3.6616
Client 1192: 3.7495
Client 123: 3.7929
Client 720: 3.9240
Client 1382: 3.3934
Client 1331: 3.9220
Client 1007: 4.0108
Client 827: 3.4497
Client 866: 3.5559
Client 1249: 3.7556
Client 531: 3.3960
Client 1411: 3.7966
Client 619: 3.3050
Client 920: 3.4894
Client 1828: 3.9621
Client 1581: 3.9623
Client 1926: 3.5962
Client 332: 3.5532
Client 1540: 3.4311
Client 849: 3.4923
Client 436: 3.5672
Client 387: 3.4509
Client 426: 3.9074
Client 1748: 3.2635
Client 742: 3.8778
Client 1509: 4.0963
Client 1793: 3.9215
Client 1448: 3.4918
Client 1930: 3.7747
Client 401: 3.3737
Client 471: 3.7950
Client 1565: 3.7005
Client 1297: 3.8303
Client 1724: 3.4938
Client 777: 4.1996
Client 146: 3.6335
Client 932: 2.8927
Client 1349: 3.8542
Client 404: 3.8831
Client 727: 4.1741
Client 1477: 3.8985
Client 1025: 3.9125
Client 1601: 3.2845
Client 256: 2.8330
Client 1924: 3.7143
Client 1196: 3.7057
Client 991: 4.1531
Client 1510: 3.9897
Client 904: 4.1825
Client 1667: 4.1820
Client 1323: 3.6890
Client 179: 3.9338
Client 268: 3.8488
Client 482: 3.8398
Client 1799: 4.1794
Client 892: 3.3230
Client 1572: 3.7458
Client 806: 4.0872
Client 466: 3.4336
Client 1403: 3.7170
Client 822: 3.7253
Client 775: 4.2205
Client 995: 3.5990
Client 685: 4.1544
Client 1744: 3.8714
Client 1785: 3.4187
Client 1418: 4.0258
Client 1627: 4.2592
Client 489: 3.2559
Client 669: 4.2000
Client 1947: 3.8010
Client 790: 3.9969
Client 1904: 3.7981
Client 438: 3.8023
Client 1756: 3.5749
Client 355: 3.8580
Client 1009: 3.3909
Client 23: 4.2274
Client 969: 3.6389
Client 200: 3.7496
Client 832: 3.4556
Round avg loss: 3.7158 (Best: 3.6777)

--- Round 7/20 ---
Client 1788: 3.3114
Client 1332: 3.8665
Client 986: 3.9152
Client 203: 3.7145
Client 1965: 3.5215
Client 376: 3.2900
Client 1017: 3.6112
Client 62: 3.6962
Client 541: 3.5121
Client 966: 3.4702
Client 264: 3.7872
Client 407: 4.2318
Client 321: 3.3410
Client 525: 3.8109
Client 300: 3.8807
Client 73: 3.5230
Client 1755: 3.2620
Client 254: 3.8049
Client 596: 3.0147
Client 903: 3.8712
Client 110: 3.5499
Client 179: 3.6664
Client 1841: 3.7189
Client 606: 3.5995
Client 1737: 3.9177
Client 1254: 3.9972
Client 1323: 3.5254
Client 532: 3.7517
Client 1088: 3.6565
Client 637: 3.9473
Client 1325: 3.8505
Client 775: 4.0363
Client 1059: 3.6626
Client 539: 3.5089
Client 1657: 3.7057
Client 1153: 4.1769
Client 69: 3.7392
Client 1590: 3.5299
Client 1326: 3.5840
Client 63: 3.8547
Client 1452: 3.9544
Client 1098: 3.2563
Client 583: 3.9118
Client 1095: 2.8117
Client 1252: 3.8719
Client 1880: 3.9059
Client 146: 3.4790
Client 1441: 2.7953
Client 113: 3.9390
Client 562: 3.9931
Client 603: 3.9336
Client 1261: 3.8807
Client 719: 3.8054
Client 1844: 3.5935
Client 1948: 3.7905
Client 434: 3.7591
Client 1571: 4.1418
Client 1026: 3.4228
Client 220: 3.8209
Client 89: 3.2324
Client 761: 3.3814
Client 762: 3.5797
Client 980: 3.8554
Client 914: 3.3283
Client 674: 3.9464
Client 1644: 3.6820
Client 1553: 3.9073
Client 1009: 3.1943
Client 751: 3.7841
Client 449: 3.8696
Client 16: 3.1494
Client 1230: 3.5539
Client 1654: 3.7796
Client 1629: 3.5498
Client 232: 3.6621
Client 713: 4.0171
Client 1062: 3.5596
Client 1613: 3.2118
Client 304: 3.2917
Client 1743: 3.9982
Client 782: 3.5533
Client 235: 4.2835
Client 1251: 3.7335
Client 1142: 3.4099
Client 1963: 4.0095
Client 162: 3.4662
Client 83: 3.7686
Client 1461: 3.9340
Client 802: 3.5915
Client 1922: 3.4322
Client 224: 4.0868
Client 1385: 4.2406
Client 1521: 3.5817
Client 944: 3.2687
Client 294: 3.2936
Client 1329: 3.7795
Client 403: 3.5130
Client 1121: 3.7479
Client 1656: 3.5667
Client 906: 3.4953
Round avg loss: 3.6677 (Best: 3.6677)

--- Round 8/20 ---
Client 96: 4.3490
Client 1389: 3.5067
Client 1813: 3.9437
Client 1723: 3.8600
Client 549: 3.9115
Client 37: 3.2542
Client 1214: 4.1137
Client 217: 3.5486
Client 1583: 3.9858
Client 196: 3.6795
Client 287: 3.6342
Client 974: 3.4904
Client 451: 4.0792
Client 632: 4.2044
Client 1617: 3.6186
Client 1319: 4.2318
Client 615: 3.4230
Client 620: 3.5731
Client 1240: 3.9141
Client 677: 3.9005
Client 1131: 3.5020
Client 34: 3.6792
Client 895: 4.0934
Client 181: 3.3374
Client 786: 3.1281
Client 6: 4.0356
Client 1299: 3.5816
Client 944: 3.1213
Client 212: 3.3936
Client 1794: 3.4600
Client 668: 3.9490
Client 1099: 3.6908
Client 1542: 3.7135
Client 662: 3.8968
Client 1507: 3.9829
Client 940: 3.5229
Client 1897: 4.1791
Client 1568: 2.8955
Client 117: 3.7363
Client 1782: 3.5610
Client 997: 3.6459
Client 190: 3.2090
Client 1094: 2.7404
Client 1323: 3.3638
Client 958: 3.5602
Client 608: 3.3042
Client 1244: 3.2605
Client 1902: 3.5134
Client 251: 3.0752
Client 1484: 3.3749
Client 1775: 3.6878
Client 1208: 3.7699
Client 1701: 3.6104
Client 1364: 3.7272
Client 315: 3.8094
Client 1560: 3.8514
Client 1960: 3.3661
Client 145: 4.0737
Client 1387: 3.5668
Client 659: 4.2801
Client 1392: 3.5349
Client 79: 3.9644
Client 1746: 3.8781
Client 1724: 3.3449
Client 1899: 3.8634
Client 1951: 3.3979
Client 1171: 3.3506
Client 410: 3.5439
Client 1790: 3.5387
Client 604: 3.3885
Client 1532: 3.0155
Client 858: 3.7536
Client 1626: 3.8727
Client 174: 3.7241
Client 221: 3.3622
Client 1668: 3.8070
Client 1567: 3.7610
Client 780: 3.7045
Client 1639: 3.3921
Client 115: 4.0788
Client 1002: 3.4606
Client 1053: 3.4077
Client 839: 2.9548
Client 847: 3.6080
Client 1634: 3.4071
Client 1562: 3.2091
Client 1382: 3.2364
Client 539: 3.3603
Client 1181: 3.6845
Client 488: 3.6219
Client 1152: 3.8126
Client 1027: 3.4054
Client 1504: 3.7804
Client 829: 3.5182
Client 1233: 3.4045
Client 264: 3.5834
Client 1580: 3.6139
Client 1506: 3.5801
Client 454: 3.7498
Client 1773: 4.1297
Round avg loss: 3.6228 (Best: 3.6228)

--- Round 9/20 ---
Client 678: 3.4011
Client 1702: 3.7100
Client 474: 3.9426
Client 1347: 3.4459
Client 650: 3.8265
Client 964: 3.7975
Client 644: 4.0314
Client 1618: 3.4979
Client 1919: 2.9839
Client 432: 3.9444
Client 1270: 3.6791
Client 202: 4.0569
Client 1709: 3.4521
Client 419: 3.7716
Client 1540: 3.3753
Client 1086: 3.5815
Client 958: 3.4075
Client 426: 3.7140
Client 900: 3.8326
Client 892: 3.1560
Client 748: 3.8164
Client 1664: 3.3497
Client 894: 3.6867
Client 1264: 3.4815
Client 107: 3.8950
Client 407: 4.0171
Client 1967: 2.9770
Client 249: 3.6730
Client 510: 4.0318
Client 11: 4.1755
Client 530: 3.6309
Client 104: 3.2323
Client 1820: 3.6392
Client 535: 3.7171
Client 1778: 3.9182
Client 1458: 3.4471
Client 740: 3.8247
Client 1698: 3.6206
Client 877: 3.8943
Client 791: 3.8376
Client 1446: 3.7626
Client 93: 3.5485
Client 1094: 2.6188
Client 1146: 3.7942
Client 1067: 3.6594
Client 1942: 4.1054
Client 1568: 2.7284
Client 31: 3.1746
Client 48: 3.7032
Client 1287: 3.8850
Client 1108: 3.4271
Client 1549: 3.7991
Client 663: 3.4388
Client 1434: 3.9899
Client 1212: 3.6135
Client 658: 3.0572
Client 1661: 3.7233
Client 1603: 4.3593
Client 1364: 3.5725
Client 1812: 3.6205
Client 353: 3.6864
Client 1610: 3.9244
Client 733: 3.3151
Client 1199: 4.0832
Client 1246: 3.5232
Client 1352: 3.6147
Client 649: 3.4139
Client 1226: 3.4238
Client 488: 3.4828
Client 1691: 3.8176
Client 544: 3.1487
Client 1170: 3.7659
Client 906: 3.3053
Client 1890: 3.6943
Client 914: 3.1476
Client 226: 3.6720
Client 262: 3.5265
Client 1839: 3.3223
Client 281: 3.3242
Client 929: 3.5440
Client 1039: 3.4583
Client 313: 3.4512
Client 1471: 3.6219
Client 911: 3.6036
Client 1879: 3.4895
Client 1201: 3.6609
Client 14: 3.4957
Client 1821: 3.3563
Client 15: 3.4052
Client 354: 4.0581
Client 783: 3.8620
Client 769: 3.6866
Client 1346: 3.2568
Client 1432: 3.7249
Client 816: 4.0791
Client 203: 3.4644
Client 573: 3.9410
Client 392: 3.4025
Client 414: 4.2396
Client 288: 4.0204
Round avg loss: 3.6207 (Best: 3.6207)

--- Round 10/20 ---
Client 1459: 4.1748
Client 37: 3.0836
Client 1242: 3.3378
Client 1923: 3.8120
Client 1950: 3.6327
Client 958: 3.2257
Client 669: 4.0122
Client 307: 3.6227
Client 974: 3.3160
Client 452: 3.2429
Client 1970: 3.5330
Client 864: 3.5436
Client 1433: 3.7683
Client 740: 3.6628
Client 535: 3.5240
Client 1455: 4.0427
Client 1492: 3.2736
Client 1834: 3.7413
Client 915: 4.5379
Client 961: 3.4268
Client 183: 3.6298
Client 352: 3.3338
Client 215: 3.7386
Client 507: 3.7795
Client 1020: 4.2356
Client 510: 3.8791
Client 637: 3.7634
Client 209: 3.6901
Client 531: 3.2314
Client 1059: 3.4537
Client 1481: 3.5520
Client 1189: 3.5087
Client 527: 3.6662
Client 661: 3.8152
Client 923: 3.9162
Client 534: 3.2385
Client 1041: 3.2628
Client 800: 4.0208
Client 16: 3.0041
Client 927: 3.3648
Client 1646: 4.1634
Client 1839: 3.1772
Client 548: 3.3001
Client 1533: 3.5315
Client 331: 3.5436
Client 1954: 3.4140
Client 1053: 3.2286
Client 434: 3.5516
Client 436: 3.4028
Client 213: 3.5456
Client 66: 3.8955
Client 732: 3.9400
Client 232: 3.4176
Client 1463: 3.9722
Client 82: 3.8589
Client 385: 3.4212
Client 725: 3.6529
Client 1568: 2.5552
Client 668: 3.7046
Client 465: 4.0051
Client 429: 3.8863
Client 1036: 3.4291
Client 358: 3.8014
Client 333: 3.8071
Client 1730: 3.7713
Client 1903: 3.7005
Client 1179: 3.7146
Client 1266: 3.6011
Client 19: 3.3088
Client 1000: 3.6404
Client 1890: 3.5462
Client 1745: 4.0497
Client 1458: 3.2476
Client 1564: 3.1675
Client 1670: 3.5550
Client 1338: 3.3414
Client 941: 4.0039
Client 841: 4.1239
Client 849: 3.2799
Client 686: 3.5806
Client 1064: 3.6306
Client 1108: 3.2037
Client 953: 3.9429
Client 1190: 3.1346
Client 1814: 3.5272
Client 1726: 3.9044
Client 116: 3.7094
Client 54: 3.5302
Client 182: 3.7018
Client 130: 3.7875
Client 1279: 3.9626
Client 343: 3.3884
Client 581: 3.8247
Client 1567: 3.6088
Client 1187: 3.2510
Client 1656: 3.3656
Client 783: 3.6587
Client 69: 3.5009
Client 318: 3.2083
Client 1687: 3.9471
Round avg loss: 3.6023 (Best: 3.6023)

--- Round 11/20 ---
Client 586: 3.5177
Client 382: 3.2820
Client 1654: 3.5481
Client 683: 3.4794
Client 1710: 3.7945
Client 1522: 3.4137
Client 335: 3.2794
Client 1871: 3.7791
Client 1496: 3.9082
Client 1754: 3.8646
Client 697: 3.8154
Client 1903: 3.4586
Client 1994: 3.7675
Client 654: 3.8621
Client 1001: 3.9153
Client 478: 3.2758
Client 1154: 3.8574
Client 939: 3.8283
Client 1970: 3.3285
Client 1695: 3.7676
Client 600: 3.7105
Client 1329: 3.6109
Client 1507: 3.8049
Client 1280: 3.5767
Client 1446: 3.5400
Client 849: 3.1288
Client 442: 3.4094
Client 345: 3.6922
Client 1160: 3.7667
Client 1227: 3.7990
Client 875: 3.7590
Client 1863: 3.7021
Client 1803: 3.5070
Client 1916: 3.7200
Client 634: 3.6458
Client 951: 4.2554
Client 1114: 3.7156
Client 635: 2.5910
Client 1295: 4.4740
Client 127: 3.5498
Client 1445: 3.8331
Client 1574: 3.6941
Client 1612: 3.2813
Client 1082: 3.6381
Client 1531: 3.2912
Client 676: 3.3692
Client 272: 3.8493
Client 1980: 3.9568
Client 1977: 3.8738
Client 669: 3.8773
Client 76: 3.4224
Client 9: 3.6536
Client 1498: 3.3373
Client 1973: 3.9036
Client 622: 3.9380
Client 1610: 3.7607
Client 205: 3.6217
Client 173: 3.5958
Client 742: 3.6893
Client 1200: 3.5109
Client 233: 4.4200
Client 1024: 3.5773
Client 432: 3.7518
Client 1883: 3.7771
Client 178: 3.5955
Client 1663: 3.4562
Client 1546: 3.5978
Client 757: 3.6812
Client 321: 3.1004
Client 1011: 4.0905
Client 1730: 3.5708
Client 1225: 3.7989
Client 973: 3.8345
Client 650: 3.6553
Client 1899: 3.6496
Client 276: 3.4703
Client 1668: 3.6354
Client 903: 3.7112
Client 1731: 3.9243
Client 972: 3.0758
Client 1967: 2.8430
Client 445: 3.6873
Client 1244: 3.0734
Client 463: 3.5640
Client 1641: 3.5265
Client 1880: 3.7333
Client 857: 4.0101
Client 60: 3.6169
Client 1609: 3.8532
Client 488: 3.2940
Client 1658: 3.4619
Client 1132: 4.0852
Client 1848: 3.7663
Client 1687: 3.7456
Client 395: 3.7768
Client 1074: 3.4281
Client 1314: 3.8770
Client 151: 3.4781
Client 845: 3.8801
Client 1191: 3.9035
Round avg loss: 3.6478 (Best: 3.6023)

--- Round 12/20 ---
Client 508: 3.2504
Client 968: 3.4360
Client 560: 3.3632
Client 1210: 3.4338
Client 598: 3.8339
Client 1089: 3.7447
Client 356: 3.5316
Client 702: 3.6500
Client 920: 3.3564
Client 288: 3.8237
Client 1344: 3.4404
Client 657: 3.5527
Client 1974: 3.5490
Client 1597: 3.4142
Client 542: 3.8654
Client 565: 3.6927
Client 131: 3.5187
Client 1977: 3.6690
Client 1475: 3.5673
Client 1717: 4.0493
Client 971: 3.4424
Client 540: 3.8546
Client 1856: 3.4969
Client 926: 3.6729
Client 793: 3.7377
Client 1635: 3.9737
Client 1387: 3.4003
Client 18: 4.0425
Client 1068: 3.5432
Client 1576: 3.6454
Client 331: 3.3183
Client 832: 3.3294
Client 1382: 3.0747
Client 688: 3.2247
Client 433: 3.5374
Client 1329: 3.5024
Client 1524: 3.4370
Client 117: 3.5580
Client 990: 3.8061
Client 581: 3.6075
Client 249: 3.5022
Client 1256: 3.8074
Client 1657: 3.5195
Client 1298: 3.8491
Client 1306: 3.7188
Client 740: 3.4552
Client 528: 3.6504
Client 1046: 3.6842
Client 747: 3.6027
Client 1439: 3.8299
Client 618: 3.8398
Client 1422: 3.4612
Client 466: 3.2090
Client 66: 3.6866
Client 506: 2.9246
Client 51: 3.2868
Client 1017: 3.3896
Client 144: 3.7867
Client 1540: 3.2710
Client 877: 3.6990
Client 1684: 3.6524
Client 806: 3.8940
Client 1328: 3.8640
Client 1934: 3.2044
Client 1489: 4.5239
Client 710: 3.8196
Client 1765: 3.5561
Client 1709: 3.2501
Client 1257: 3.5824
Client 1667: 3.9737
Client 451: 3.8880
Client 1542: 3.5618
Client 1971: 3.6834
Client 1863: 3.5449
Client 1844: 3.3538
Client 1236: 3.6238
Client 1319: 4.0378
Client 1804: 3.3630
Client 559: 4.2214
Client 1882: 4.1168
Client 1037: 3.6346
Client 585: 3.8779
Client 1165: 3.4705
Client 1908: 3.9384
Client 1091: 3.4740
Client 122: 2.8874
Client 10: 4.0799
Client 526: 3.9608
Client 1947: 3.5983
Client 1293: 3.8097
Client 1659: 3.6703
Client 751: 3.5351
Client 24: 3.2068
Client 1437: 3.6270
Client 1192: 3.5566
Client 1501: 4.1090
Client 456: 4.0065
Client 1132: 3.8622
Client 1681: 3.2114
Client 271: 3.8740
Round avg loss: 3.6223 (Best: 3.6023)

--- Round 13/20 ---
Client 1380: 3.7859
Client 914: 2.9924
Client 75: 3.2418
Client 1888: 3.4622
Client 1724: 3.1702
Client 644: 3.8918
Client 1655: 2.8913
Client 183: 3.4143
Client 1258: 3.5677
Client 1574: 3.4853
Client 1217: 3.9771
Client 752: 3.0714
Client 69: 3.3475
Client 408: 3.3482
Client 612: 3.4263
Client 1050: 3.7788
Client 1633: 3.3539
Client 1873: 3.3057
Client 526: 3.7713
Client 1150: 3.9226
Client 1503: 3.7004
Client 433: 3.3682
Client 1049: 3.6093
Client 17: 3.0688
Client 758: 3.6098
Client 864: 3.3929
Client 195: 3.5386
Client 539: 3.2637
Client 1972: 3.5775
Client 1520: 3.6021
Client 1809: 3.1133
Client 1368: 4.2904
Client 1480: 3.9777
Client 1870: 3.3439
Client 1175: 3.0623
Client 573: 3.7421
Client 1301: 3.6909
Client 1915: 4.1231
Client 1130: 3.6521
Client 1032: 3.7186
Client 1090: 3.5679
Client 783: 3.5131
Client 1108: 3.1057
Client 1188: 3.9626
Client 445: 3.4835
Client 1260: 3.8185
Client 317: 4.2295
Client 613: 3.9287
Client 112: 3.1157
Client 1166: 3.6814
Client 1412: 3.6557
Client 1880: 3.5571
Client 341: 4.1108
Client 935: 3.6282
Client 1770: 3.5861
Client 1328: 3.6864
Client 1760: 3.7706
Client 627: 4.2635
Client 229: 4.0245
Client 1832: 3.8030
Client 337: 3.3863
Client 188: 3.2824
Client 106: 3.3919
Client 415: 4.1383
Client 414: 4.0450
Client 1627: 4.0312
Client 477: 3.3618
Client 1067: 3.4609
Client 1858: 3.5125
Client 584: 3.3117
Client 1008: 4.0631
Client 1951: 3.1870
Client 0: 3.2495
Client 137: 3.7441
Client 1905: 3.7994
Client 883: 3.5964
Client 1103: 3.4433
Client 925: 3.7142
Client 1192: 3.3517
Client 1463: 3.7461
Client 1436: 3.8445
Client 1398: 3.6936
Client 339: 3.3849
Client 207: 3.8270
Client 1547: 3.6413
Client 678: 3.1880
Client 1007: 3.8167
Client 804: 3.6622
Client 1421: 3.6700
Client 1087: 3.7875
Client 9: 3.4392
Client 1060: 3.7207
Client 837: 3.2749
Client 934: 3.8144
Client 403: 3.3556
Client 1255: 3.5750
Client 1898: 4.1896
Client 1644: 3.4714
Client 60: 3.3823
Client 237: 3.9300
Round avg loss: 3.5963 (Best: 3.5963)

--- Round 14/20 ---
Client 51: 3.0860
Client 551: 3.7012
Client 665: 4.2039
Client 1255: 3.3632
Client 1673: 3.2407
Client 1600: 3.6924
Client 395: 3.5570
Client 371: 3.3748
Client 1397: 3.2856
Client 1803: 3.3081
Client 1613: 3.0558
Client 1176: 3.9708
Client 1219: 3.6777
Client 407: 3.8509
Client 791: 3.6118
Client 1459: 3.9819
Client 1525: 3.5820
Client 244: 4.1469
Client 1702: 3.5451
Client 548: 3.1334
Client 1719: 3.8868
Client 1770: 3.4236
Client 1361: 4.0759
Client 440: 3.5029
Client 414: 3.8611
Client 528: 3.4582
Client 1962: 3.4660
Client 279: 3.8776
Client 741: 3.4334
Client 1093: 3.9201
Client 1978: 3.8103
Client 1900: 3.9101
Client 1363: 3.4885
Client 296: 3.6261
Client 1880: 3.4781
Client 1051: 3.6625
Client 626: 3.8730
Client 1829: 3.5095
Client 174: 3.5687
Client 178: 3.4074
Client 1284: 4.2778
Client 991: 3.9496
Client 1844: 3.1725
Client 614: 3.6524
Client 1288: 3.6504
Client 1127: 3.9279
Client 832: 3.0952
Client 1929: 3.7644
Client 860: 3.7477
Client 1918: 2.9655
Client 1937: 3.8288
Client 680: 3.9226
Client 1201: 3.4667
Client 413: 3.5475
Client 1837: 4.0157
Client 1439: 3.6643
Client 1931: 4.0228
Client 508: 3.0326
Client 494: 3.4333
Client 611: 3.5008
Client 557: 4.1110
Client 1953: 3.3929
Client 792: 3.3588
Client 1921: 3.7396
Client 1986: 3.7570
Client 608: 3.0951
Client 340: 4.0359
Client 396: 3.9999
Client 1236: 3.4170
Client 822: 3.5301
Client 1304: 3.5289
Client 1111: 3.8150
Client 694: 3.0645
Client 456: 3.7815
Client 546: 3.6799
Client 1585: 3.6939
Client 35: 3.8577
Client 399: 3.8592
Client 698: 3.5031
Client 1081: 3.7488
Client 1597: 3.2588
Client 732: 3.7561
Client 1386: 3.8673
Client 1809: 2.9485
Client 1768: 3.7621
Client 1997: 2.5913
Client 603: 3.7047
Client 952: 3.9973
Client 760: 3.6502
Client 818: 3.6403
Client 1080: 3.0871
Client 828: 3.4087
Client 561: 3.5054
Client 1285: 3.8497
Client 330: 3.8006
Client 447: 3.2759
Client 79: 3.7493
Client 1265: 3.8038
Client 543: 3.4376
Client 1168: 3.7854
Round avg loss: 3.6110 (Best: 3.5963)

--- Round 15/20 ---
Client 1164: 3.9649
Client 833: 3.2765
Client 704: 3.6737
Client 484: 4.1503
Client 333: 3.6114
Client 668: 3.5186
Client 1128: 3.6662
Client 1627: 3.8353
Client 1968: 3.6544
Client 987: 3.5570
Client 1931: 3.8272
Client 102: 3.3845
Client 504: 3.3869
Client 354: 3.8564
Client 395: 3.3793
Client 1936: 3.8519
Client 1398: 3.4872
Client 440: 3.2956
Client 1760: 3.5865
Client 196: 3.4626
Client 251: 2.8802
Client 1782: 3.3088
Client 1056: 3.2923
Client 864: 3.2353
Client 643: 3.8535
Client 1466: 3.4334
Client 1973: 3.7375
Client 1396: 3.7571
Client 1938: 3.4735
Client 125: 3.5310
Client 502: 3.6467
Client 261: 3.5320
Client 1962: 3.2135
Client 1046: 3.4619
Client 295: 3.7394
Client 708: 3.4806
Client 513: 3.8264
Client 45: 3.3230
Client 1921: 3.5445
Client 447: 3.1108
Client 705: 3.3468
Client 1784: 4.4194
Client 1954: 3.2460
Client 850: 3.7720
Client 1184: 3.4221
Client 1446: 3.3953
Client 1290: 3.6570
Client 189: 3.9574
Client 1883: 3.5832
Client 1582: 3.7861
Client 1501: 3.9160
Client 523: 3.6190
Client 663: 3.2897
Client 161: 3.3107
Client 861: 3.1598
Client 1714: 3.5688
Client 717: 3.7706
Client 760: 3.4589
Client 488: 3.1188
Client 436: 3.2913
Client 659: 4.0735
Client 299: 3.6899
Client 1440: 3.9905
Client 974: 3.1276
Client 883: 3.3758
Client 70: 3.6783
Client 113: 3.7113
Client 345: 3.4889
Client 1665: 3.8059
Client 863: 2.9687
Client 1361: 3.8656
Client 109: 3.4380
Client 1877: 3.4632
Client 120: 3.7529
Client 1177: 3.2192
Client 135: 3.8530
Client 699: 3.3889
Client 1079: 3.6256
Client 1633: 3.1064
Client 846: 3.6764
Client 1433: 3.5451
Client 346: 3.2041
Client 1185: 3.7162
Client 1846: 2.7325
Client 1233: 3.1776
Client 1990: 3.3779
Client 755: 3.1060
Client 726: 3.4501
Client 570: 3.7720
Client 1949: 3.5581
Client 68: 2.9392
Client 52: 3.7758
Client 890: 3.6893
Client 1006: 3.4232
Client 1044: 3.6971
Client 1327: 3.5769
Client 356: 3.3703
Client 49: 3.3684
Client 1909: 3.7811
Client 1864: 3.9347
Round avg loss: 3.5339 (Best: 3.5339)

--- Round 16/20 ---
Client 1872: 3.7300
Client 1392: 3.4002
Client 664: 3.9260
Client 461: 3.3352
Client 273: 4.1207
Client 1254: 3.8147
Client 161: 3.1138
Client 351: 3.0270
Client 1292: 4.0308
Client 1031: 3.6454
Client 1557: 3.2066
Client 126: 3.8194
Client 879: 3.7980
Client 966: 3.2805
Client 1606: 3.4578
Client 1241: 3.8206
Client 507: 3.5981
Client 107: 3.7324
Client 672: 3.6572
Client 150: 3.6278
Client 464: 3.9200
Client 51: 2.8791
Client 44: 3.4305
Client 1280: 3.3806
Client 14: 3.3112
Client 1860: 3.7628
Client 1817: 3.4139
Client 1200: 3.3205
Client 292: 3.4878
Client 1181: 3.5225
Client 184: 3.5343
Client 703: 3.3485
Client 1327: 3.3389
Client 420: 3.9022
Client 671: 4.1880
Client 1699: 3.3617
Client 1105: 3.4440
Client 1511: 3.5940
Client 62: 3.5170
Client 1978: 3.5989
Client 120: 3.5643
Client 1944: 4.0379
Client 982: 3.7133
Client 1230: 3.3464
Client 1953: 3.2083
Client 263: 3.4029
Client 357: 3.3324
Client 1743: 3.7983
Client 294: 3.1936
Client 1748: 3.0884
Client 1579: 3.4370
Client 866: 3.3810
Client 1543: 4.0835
Client 136: 3.4192
Client 1051: 3.4390
Client 113: 3.5475
Client 1491: 3.8331
Client 1404: 3.5382
Client 688: 3.0678
Client 1651: 3.6307
Client 467: 3.6172
Client 1691: 3.6245
Client 666: 3.4602
Client 409: 3.6010
Client 571: 3.5842
Client 1791: 3.7946
Client 1171: 3.1998
Client 1001: 3.7205
Client 1539: 3.2677
Client 1298: 3.6833
Client 1656: 3.2103
Client 1146: 3.5758
Client 1356: 3.6944
Client 1336: 4.0185
Client 390: 3.2563
Client 1124: 3.0415
Client 1454: 3.6543
Client 435: 3.7869
Client 505: 3.9504
Client 923: 3.7375
Client 277: 2.9522
Client 274: 3.5467
Client 871: 4.2063
Client 934: 3.6171
Client 1014: 3.2424
Client 830: 3.1372
Client 205: 3.4244
Client 1390: 3.4102
Client 1421: 3.4215
Client 1595: 4.0364
Client 204: 3.7084
Client 1302: 3.4929
Client 815: 3.6183
Client 350: 3.6845
Client 1467: 3.2370
Client 1338: 3.1471
Client 1258: 3.3993
Client 1576: 3.4383
Client 555: 3.7003
Client 597: 3.9065
Round avg loss: 3.5427 (Best: 3.5339)

--- Round 17/20 ---
Client 247: 3.9278
Client 1385: 4.0713
Client 118: 3.4286
Client 407: 3.7568
Client 1425: 4.1120
Client 323: 3.6248
Client 1877: 3.3045
Client 1057: 3.1843
Client 37: 2.8774
Client 1758: 3.3737
Client 839: 2.8034
Client 325: 3.7418
Client 1623: 3.6794
Client 374: 3.4310
Client 1749: 4.2745
Client 283: 3.4514
Client 1573: 3.9666
Client 1639: 3.1653
Client 324: 3.5029
Client 762: 3.4633
Client 720: 3.7179
Client 1590: 3.3543
Client 114: 3.8866
Client 628: 3.4963
Client 792: 3.1658
Client 1282: 4.0790
Client 1524: 3.2453
Client 1875: 4.1330
Client 535: 3.3063
Client 64: 3.6665
Client 1991: 3.3665
Client 1304: 3.3468
Client 534: 3.0532
Client 1177: 3.1803
Client 1008: 3.8701
Client 616: 3.6203
Client 1116: 4.1009
Client 370: 3.6676
Client 1066: 3.6251
Client 1450: 3.8869
Client 1460: 3.5001
Client 504: 3.1903
Client 1041: 3.0825
Client 163: 3.9976
Client 1653: 3.2973
Client 75: 3.0196
Client 1189: 3.3107
Client 1182: 3.8253
Client 1959: 3.1947
Client 1065: 3.8826
Client 1719: 3.7355
Client 574: 3.4499
Client 1820: 3.4612
Client 1921: 3.3991
Client 1929: 3.6161
Client 734: 4.0204
Client 1337: 3.7043
Client 1019: 4.0915
Client 865: 3.6193
Client 846: 3.4568
Client 368: 4.0544
Client 501: 3.5978
Client 1645: 3.6200
Client 1016: 3.2654
Client 1790: 3.3699
Client 1555: 3.3223
Client 88: 3.7672
Client 981: 3.8152
Client 540: 3.6830
Client 107: 3.5621
Client 169: 3.5943
Client 588: 3.9381
Client 1136: 3.5521
Client 768: 3.3424
Client 362: 3.5515
Client 1947: 3.4233
Client 1819: 3.1517
Client 1333: 3.6697
Client 627: 4.0757
Client 122: 2.7173
Client 231: 3.3016
Client 1858: 3.2936
Client 1872: 3.5237
Client 1092: 3.4077
Client 942: 3.7916
Client 1762: 3.8078
Client 426: 3.5033
Client 1486: 3.9448
Client 189: 3.7866
Client 1074: 3.2357
Client 1075: 3.6508
Client 893: 3.3790
Client 1919: 2.8070
Client 531: 3.0378
Client 645: 3.6301
Client 31: 3.0259
Client 742: 3.5602
Client 721: 3.4029
Client 1764: 3.8767
Client 1005: 3.3078
Round avg loss: 3.5411 (Best: 3.5339)

--- Round 18/20 ---
Client 1323: 3.2112
Client 1110: 3.5387
Client 1587: 4.1184
Client 1439: 3.5105
Client 4: 3.4299
Client 1655: 2.6708
Client 1761: 3.3998
Client 631: 3.4913
Client 876: 3.6339
Client 787: 3.2440
Client 1251: 3.5873
Client 1658: 3.2864
Client 611: 3.3145
Client 254: 3.6478
Client 324: 3.3407
Client 515: 3.7154
Client 1527: 3.7941
Client 1884: 3.4379
Client 1036: 3.2697
Client 454: 3.5984
Client 465: 3.8140
Client 777: 4.0483
Client 1035: 3.7315
Client 650: 3.5303
Client 259: 3.5781
Client 302: 3.4985
Client 651: 3.7210
Client 1851: 4.0542
Client 1794: 3.2470
Client 171: 3.6330
Client 1925: 3.5553
Client 1948: 3.6639
Client 172: 3.4348
Client 693: 3.5743
Client 338: 3.7606
Client 1356: 3.4850
Client 309: 3.4427
Client 696: 3.5346
Client 1073: 3.5563
Client 599: 3.0437
Client 864: 3.0479
Client 1226: 3.2448
Client 1397: 3.1316
Client 1907: 3.8269
Client 411: 2.9425
Client 1299: 3.4453
Client 426: 3.3716
Client 783: 3.3291
Client 1263: 3.8616
Client 1568: 2.4272
Client 1388: 3.6686
Client 200: 3.6484
Client 1724: 3.0795
Client 801: 3.6727
Client 1: 3.4077
Client 1856: 3.3068
Client 1006: 3.2702
Client 944: 2.9398
Client 1835: 4.1396
Client 1756: 3.3417
Client 1132: 3.6791
Client 1887: 3.5009
Client 564: 2.9988
Client 1826: 3.5654
Client 1466: 3.2964
Client 822: 3.3944
Client 1017: 3.2390
Client 299: 3.5041
Client 1582: 3.6130
Client 774: 3.7585
Client 975: 4.0052
Client 653: 3.6451
Client 1885: 3.5596
Client 107: 3.4566
Client 1868: 3.4421
Client 617: 3.4095
Client 508: 2.8963
Client 434: 3.4421
Client 1320: 3.4470
Client 1576: 3.2703
Client 1332: 3.6724
Client 1099: 3.5231
Client 1167: 3.6393
Client 1616: 3.0425
Client 108: 4.0467
Client 181: 3.1630
Client 859: 3.6412
Client 890: 3.5145
Client 1861: 3.1315
Client 832: 2.9548
Client 556: 3.6933
Client 1091: 3.3555
Client 1927: 3.1587
Client 405: 3.9385
Client 1571: 3.9455
Client 560: 3.1874
Client 813: 3.6348
Client 1743: 3.6550
Client 472: 3.4445
Client 885: 3.6995
Round avg loss: 3.4742 (Best: 3.4742)

--- Round 19/20 ---
Client 421: 3.5122
Client 1104: 3.4582
Client 1785: 3.2748
Client 449: 3.6668
Client 1260: 3.6357
Client 1049: 3.3765
Client 1693: 3.9093
Client 1181: 3.3346
Client 860: 3.5389
Client 310: 2.9143
Client 1309: 3.7364
Client 1917: 3.6917
Client 668: 3.4251
Client 404: 3.6997
Client 330: 3.6313
Client 1398: 3.3132
Client 941: 3.7770
Client 1795: 4.1279
Client 415: 3.9289
Client 119: 3.7874
Client 972: 2.9210
Client 1406: 3.7580
Client 715: 3.9490
Client 1372: 3.8945
Client 354: 3.6896
Client 1743: 3.5339
Client 627: 3.8947
Client 1319: 3.8829
Client 1831: 3.4179
Client 578: 3.5757
Client 1797: 3.7281
Client 1161: 3.7020
Client 1777: 3.3392
Client 672: 3.4196
Client 447: 2.9685
Client 1843: 3.0396
Client 940: 3.3441
Client 1872: 3.3870
Client 1371: 4.0691
Client 74: 3.5784
Client 351: 2.8401
Client 1177: 3.0751
Client 798: 3.7391
Client 920: 3.2240
Client 1572: 3.5287
Client 582: 3.6785
Client 1957: 3.2884
Client 1739: 3.7896
Client 302: 3.3533
Client 453: 3.6458
Client 1035: 3.4965
Client 647: 3.5435
Client 1015: 3.6090
Client 1750: 3.8677
Client 891: 3.9262
Client 1903: 3.2583
Client 31: 2.8506
Client 555: 3.5102
Client 1678: 3.1404
Client 1403: 3.4940
Client 1705: 3.9924
Client 1933: 3.7705
Client 768: 3.1921
Client 1788: 3.1819
Client 1543: 3.8685
Client 622: 3.7497
Client 1586: 3.5271
Client 43: 3.8502
Client 849: 2.9828
Client 1696: 3.9245
Client 258: 4.0679
Client 585: 3.6828
Client 464: 3.6972
Client 1321: 4.0721
Client 1926: 3.3612
Client 1857: 2.9961
Client 729: 4.3148
Client 1754: 3.6637
Client 1601: 3.0804
Client 397: 3.8947
Client 173: 3.4103
Client 1655: 2.4750
Client 1639: 3.0306
Client 1225: 3.6074
Client 558: 3.4058
Client 1176: 3.7329
Client 1358: 3.6059
Client 957: 3.2781
Client 593: 3.2978
Client 1714: 3.3465
Client 1499: 3.6399
Client 1592: 3.9710
Client 1435: 3.4879
Client 1353: 3.2477
Client 1349: 3.6975
Client 413: 3.3460
Client 1044: 3.4402
Client 855: 3.9096
Client 894: 3.5128
Client 1830: 3.6998
Round avg loss: 3.5370 (Best: 3.4742)

--- Round 20/20 ---
Client 48: 3.5213
Client 1292: 3.8011
Client 595: 3.7483
Client 205: 3.2740
Client 647: 3.3455
Client 206: 4.0686
Client 32: 3.1887
Client 1215: 3.6337
Client 1425: 3.9460
Client 277: 2.7713
Client 946: 3.8645
Client 152: 3.6158
Client 506: 2.7340
Client 927: 3.1356
Client 750: 3.4830
Client 592: 3.3769
Client 1202: 3.9169
Client 972: 2.7767
Client 1023: 3.6536
Client 990: 3.6248
Client 236: 3.8760
Client 1351: 3.6875
Client 138: 3.1215
Client 328: 3.9657
Client 102: 3.2391
Client 1903: 3.1441
Client 163: 3.7841
Client 186: 3.3448
Client 1636: 4.0429
Client 755: 2.8894
Client 842: 3.5830
Client 1587: 3.9277
Client 950: 3.7318
Client 184: 3.3330
Client 1190: 2.9566
Client 1999: 5.0032
Client 811: 3.6480
Client 542: 3.6458
Client 957: 3.0823
Client 617: 3.2263
Client 1991: 3.1889
Client 1248: 3.7800
Client 1223: 3.5396
Client 1129: 3.7793
Client 569: 3.7397
Client 531: 2.9133
Client 989: 3.4367
Client 1932: 3.6885
Client 200: 3.3921
Client 1360: 3.4968
Client 720: 3.5179
Client 627: 3.8133
Client 883: 3.1899
Client 1975: 3.6997
Client 862: 3.7427
Client 543: 3.2798
Client 1939: 3.8539
Client 210: 3.5916
Client 1943: 3.2533
Client 73: 3.2771
Client 1654: 3.3599
Client 1287: 3.6465
Client 587: 3.5588
Client 1902: 3.2613
Client 1941: 3.1677
Client 1071: 3.2383
Client 1032: 3.5738
Client 1695: 3.5973
Client 21: 3.9306
Client 278: 4.0226
Client 954: 3.8043
Client 912: 3.6034
Client 1099: 3.4226
Client 30: 4.0178
Client 845: 3.6882
Client 900: 3.6750
Client 15: 3.2377
Client 1367: 3.6209
Client 325: 3.5470
Client 1061: 3.8856
Client 458: 3.5908
Client 469: 3.3243
Client 681: 3.0503
Client 1146: 3.4089
Client 532: 3.5788
Client 1212: 3.4914
Client 1942: 3.9020
Client 1623: 3.4871
Client 723: 3.2457
Client 1208: 3.6122
Client 1585: 3.5622
Client 1052: 3.4093
Client 1791: 3.6136
Client 466: 3.0750
Client 886: 3.9032
Client 1677: 3.7058
Client 645: 3.4550
Client 670: 3.3403
Client 820: 3.4504
Client 336: 3.0349
Round avg loss: 3.5199 (Best: 3.4742)
Projector checkpoint saved to fl_results/checkpoints/projector_resnet18_wco_l4_ifcb_pml_resnet18_2000C_5pct_seed17_20260529_072447.pt

Running final evaluations...

>>> Evaluating on 'wco_l4_ifcb_pml' <<<
[wco_l4_ifcb_pml] Linear split: 43525 train, 10882 val, 18135 test
Linear Epoch 5: Train Loss=1.6412, Val Acc=64.08%
Linear Epoch 10: Train Loss=1.1744, Val Acc=71.80%
Linear Epoch 15: Train Loss=1.0049, Val Acc=74.52%
Linear Epoch 20: Train Loss=0.9091, Val Acc=76.03%
Linear Epoch 25: Train Loss=0.8557, Val Acc=77.04%
Linear Epoch 30: Train Loss=0.8230, Val Acc=77.64%
Linear Epoch 35: Train Loss=0.8017, Val Acc=78.12%
Linear Epoch 40: Train Loss=0.7827, Val Acc=78.53%
Linear Epoch 45: Train Loss=0.7725, Val Acc=78.76%
Linear Epoch 50: Train Loss=0.7618, Val Acc=78.98%
[wco_l4_ifcb_pml] Linear accuracy: 79.54% | Val accuracy: 78.98%
[wco_l4_ifcb_pml] Eval-only accuracy: 0.74%
Running unsupervised k-NN evaluation...
k-NN Top-1 accuracy: 76.86%
Running unsupervised clustering evaluation...
K-Means clustering accuracy (Hungarian matched): 29.33%
Silhouette score: 0.053
Prototype accuracy: 62.14%

>>> Evaluating on 'syke_ifcb' <<<
[syke_ifcb] Linear split: 30272 train, 7568 val, 12618 test
Linear Epoch 5: Train Loss=0.9699, Val Acc=76.52%
Linear Epoch 10: Train Loss=0.6708, Val Acc=82.15%
Linear Epoch 15: Train Loss=0.5567, Val Acc=84.71%
Linear Epoch 20: Train Loss=0.4947, Val Acc=85.98%
Linear Epoch 25: Train Loss=0.4558, Val Acc=86.80%
Linear Epoch 30: Train Loss=0.4297, Val Acc=87.10%
Linear Epoch 35: Train Loss=0.4109, Val Acc=87.49%
Linear Epoch 40: Train Loss=0.3953, Val Acc=87.91%
Linear Epoch 45: Train Loss=0.3846, Val Acc=88.04%
Linear Epoch 50: Train Loss=0.3779, Val Acc=88.27%
[syke_ifcb] Linear accuracy: 88.31% | Val accuracy: 88.27%
[syke_ifcb] Eval-only accuracy: 1.50%
Running unsupervised k-NN evaluation...
k-NN Top-1 accuracy: 87.33%
Running unsupervised clustering evaluation...
K-Means clustering accuracy (Hungarian matched): 30.55%
Silhouette score: 0.062
Prototype accuracy: 67.59%

>>> Evaluating on 'syke_zooscan' <<<
[syke_zooscan] Linear split: 10896 train, 2724 val, 4597 test
Linear Epoch 5: Train Loss=0.9621, Val Acc=78.96%
Linear Epoch 10: Train Loss=0.6554, Val Acc=83.26%
Linear Epoch 15: Train Loss=0.5294, Val Acc=85.68%
Linear Epoch 20: Train Loss=0.4572, Val Acc=87.19%
Linear Epoch 25: Train Loss=0.4100, Val Acc=87.92%
Linear Epoch 30: Train Loss=0.3775, Val Acc=88.80%
Linear Epoch 35: Train Loss=0.3527, Val Acc=89.39%
Linear Epoch 40: Train Loss=0.3339, Val Acc=89.83%
Linear Epoch 45: Train Loss=0.3181, Val Acc=90.20%
Linear Epoch 50: Train Loss=0.3040, Val Acc=90.60%
[syke_zooscan] Linear accuracy: 89.69% | Val accuracy: 90.64%
[syke_zooscan] Eval-only accuracy: 6.63%
Running unsupervised k-NN evaluation...
k-NN Top-1 accuracy: 89.08%
Running unsupervised clustering evaluation...
K-Means clustering accuracy (Hungarian matched): 31.35%
Silhouette score: 0.077
Prototype accuracy: 66.17%

>>> Evaluating on 'plankto_share' <<<
[plankto_share] Linear split: 25363 train, 6341 val, 10572 test
Linear Epoch 5: Train Loss=2.3639, Val Acc=46.38%
Linear Epoch 10: Train Loss=1.8525, Val Acc=53.16%
Linear Epoch 15: Train Loss=1.6463, Val Acc=55.76%
Linear Epoch 20: Train Loss=1.5255, Val Acc=57.47%
Linear Epoch 25: Train Loss=1.4514, Val Acc=58.81%
Linear Epoch 30: Train Loss=1.3973, Val Acc=59.60%
Linear Epoch 35: Train Loss=1.3595, Val Acc=60.10%
Linear Epoch 40: Train Loss=1.3266, Val Acc=60.53%
Linear Epoch 45: Train Loss=1.2999, Val Acc=60.61%
Linear Epoch 50: Train Loss=1.2779, Val Acc=61.05%
[plankto_share] Linear accuracy: 62.26% | Val accuracy: 61.05%
[plankto_share] Eval-only accuracy: 1.09%
Running unsupervised k-NN evaluation...
k-NN Top-1 accuracy: 59.75%
Running unsupervised clustering evaluation...
K-Means clustering accuracy (Hungarian matched): 23.93%
Silhouette score: 0.035
Prototype accuracy: 47.31%

>>> Evaluating on 'daplankton_lab_ifcb' <<<
[daplankton_lab_ifcb] Linear split: 7909 train, 1978 val, 3294 test
Linear Epoch 5: Train Loss=1.4181, Val Acc=78.36%
Linear Epoch 10: Train Loss=0.9364, Val Acc=82.05%
Linear Epoch 15: Train Loss=0.7330, Val Acc=83.92%
Linear Epoch 20: Train Loss=0.6224, Val Acc=85.29%
Linear Epoch 25: Train Loss=0.5515, Val Acc=86.35%
Linear Epoch 30: Train Loss=0.5013, Val Acc=87.11%
Linear Epoch 35: Train Loss=0.4639, Val Acc=87.87%
Linear Epoch 40: Train Loss=0.4346, Val Acc=88.27%
Linear Epoch 45: Train Loss=0.4113, Val Acc=88.93%
Linear Epoch 50: Train Loss=0.3911, Val Acc=89.13%
[daplankton_lab_ifcb] Linear accuracy: 87.95% | Val accuracy: 89.13%
[daplankton_lab_ifcb] Eval-only accuracy: 13.02%
Running unsupervised k-NN evaluation...
k-NN Top-1 accuracy: 87.64%
Running unsupervised clustering evaluation...
K-Means clustering accuracy (Hungarian matched): 65.60%
Silhouette score: 0.152
Prototype accuracy: 78.99%

>>> Evaluating on 'daplankton_lab_cs' <<<
[daplankton_lab_cs] Linear split: 6330 train, 1583 val, 2638 test
Linear Epoch 5: Train Loss=1.8161, Val Acc=60.01%
Linear Epoch 10: Train Loss=1.3579, Val Acc=68.48%
Linear Epoch 15: Train Loss=1.1179, Val Acc=71.95%
Linear Epoch 20: Train Loss=0.9747, Val Acc=74.29%
Linear Epoch 25: Train Loss=0.8769, Val Acc=76.12%
Linear Epoch 30: Train Loss=0.8068, Val Acc=76.69%
Linear Epoch 35: Train Loss=0.7538, Val Acc=77.57%
Linear Epoch 40: Train Loss=0.7106, Val Acc=78.40%
Linear Epoch 45: Train Loss=0.6767, Val Acc=79.15%
Linear Epoch 50: Train Loss=0.6477, Val Acc=79.91%
[daplankton_lab_cs] Linear accuracy: 81.73% | Val accuracy: 79.97%
[daplankton_lab_cs] Eval-only accuracy: 7.96%
Running unsupervised k-NN evaluation...
k-NN Top-1 accuracy: 83.40%
Running unsupervised clustering evaluation...
K-Means clustering accuracy (Hungarian matched): 49.58%
Silhouette score: 0.095
Prototype accuracy: 70.92%

>>> Evaluating on 'daplankton_lab_fc' <<<
[daplankton_lab_fc] Linear split: 8548 train, 2137 val, 3561 test
Linear Epoch 5: Train Loss=1.4320, Val Acc=64.62%
Linear Epoch 10: Train Loss=1.0328, Val Acc=72.30%
Linear Epoch 15: Train Loss=0.8531, Val Acc=75.39%
Linear Epoch 20: Train Loss=0.7498, Val Acc=77.59%
Linear Epoch 25: Train Loss=0.6834, Val Acc=78.90%
Linear Epoch 30: Train Loss=0.6349, Val Acc=79.97%
Linear Epoch 35: Train Loss=0.5974, Val Acc=80.77%
Linear Epoch 40: Train Loss=0.5706, Val Acc=81.66%
Linear Epoch 45: Train Loss=0.5469, Val Acc=82.17%
Linear Epoch 50: Train Loss=0.5270, Val Acc=82.41%
[daplankton_lab_fc] Linear accuracy: 83.88% | Val accuracy: 82.55%
[daplankton_lab_fc] Eval-only accuracy: 3.12%
Running unsupervised k-NN evaluation...
k-NN Top-1 accuracy: 82.84%
Running unsupervised clustering evaluation...
K-Means clustering accuracy (Hungarian matched): 48.36%
Silhouette score: 0.111
Prototype accuracy: 68.63%
Results saved to fl_results/fed_unsup_simclr_resnet18_wco_l4_ifcb_pml_resnet18_2000C_5pct_seed17_20260529_072447.json
