Device: cuda
Configuration: {'dataset': 'wco_l4_ifcb_pml', 'tips_model': 'google/tipsv2-b14', 'projection_dim': 128, 'image_size': 224, 'num_clients': 200, 'client_frac': 0.05, 'rounds': 20, 'local_epochs': 5, 'batch_size': 128, 'lr': 0.0001, 'wd': 0.0001, 'grad_clip': 1.0, 'linear_lr': 0.001, 'linear_wd': 0.0001, 'linear_bs': 256, 'linear_epochs': 50, 'linear_patience': 10, 'dirichlet_alpha': 0.3, 'balanced_partition': False, 'normalization': 'none', 'seed': 27, 'backbone_tag': 'tips_b14', 'run_name': 'tips_b14_200C_5pct_seed27', 'verbose': False, 'progress_every': 20, 'eval_every': 0, 'save_test_embeddings': False, 'cpu': False, 'eval_datasets': ['wco_l4_ifcb_pml', 'syke_ifcb', 'syke_zooscan', 'plankto_share', 'daplankton_lab_ifcb', 'daplankton_lab_cs', 'daplankton_lab_fc'], 'tiny_root': './tiny', 'celeba_root': './celeba', 'device': device(type='cuda')}
Loading TIPS backbone (google/tipsv2-b14)...
Loading weights:   0%|          | 0/323 [00:00<?, ?it/s]Loading weights: 100%|██████████| 323/323 [00:00<00:00, 12475.35it/s]
TIPS feature dim (mean-pool all tokens): 768
Using Dirichlet alpha=0.3 for non-IID partition...
Using imbalanced Dirichlet partition
Starting federated unsupervised SimCLR (CLIP backbone)...

--- Round 1/20 ---
Client 166: 5.0306
Client 122: 4.9065
Client 179: 5.0178
Client 70: 5.0790
Client 73: 4.9133
Client 50: 5.0806
Client 18: 4.8790
Client 16: 4.8589
Client 65: 4.8821
Client 138: 4.9855
Round avg loss: 4.9633 (Best: 4.9633)

--- Round 2/20 ---
Client 85: 4.9177
Client 64: 4.8395
Client 95: 4.8327
Client 103: 4.9337
Client 46: 4.9333
Client 63: 4.8398
Client 61: 4.9500
Client 125: 5.0716
Client 18: 4.5117
Client 186: 4.8887
Round avg loss: 4.8719 (Best: 4.8719)

--- Round 3/20 ---
Client 163: 4.8602
Client 146: 4.9361
Client 167: 4.8901
Client 20: 4.9097
Client 156: 4.9094
Client 108: 4.8996
Client 198: 4.8593
Client 106: 4.8200
Client 189: 4.9836
Client 13: 4.8833
Round avg loss: 4.8951 (Best: 4.8719)

--- Round 4/20 ---
Client 168: 5.0090
Client 112: 5.0472
Client 89: 4.8795
Client 3: 4.8228
Client 164: 4.9306
Client 122: 4.5097
Client 64: 4.4695
Client 35: 4.8853
Client 156: 4.5651
Client 86: 4.8994
Round avg loss: 4.8018 (Best: 4.8018)

--- Round 5/20 ---
Client 156: 4.3768
Client 166: 4.6792
Client 58: 4.8761
Client 180: 4.8630
Client 134: 4.8627
Client 36: 4.7573
Client 25: 4.9615
Client 100: 4.8832
Client 192: 4.8911
Client 77: 4.9150
Round avg loss: 4.8066 (Best: 4.8018)

--- Round 6/20 ---
Client 191: 4.9838
Client 9: 4.8750
Client 198: 4.5298
Client 174: 4.8061
Client 135: 4.8898
Client 21: 4.8543
Client 43: 4.9830
Client 117: 4.8199
Client 181: 4.8448
Client 38: 4.8994
Round avg loss: 4.8486 (Best: 4.8018)

--- Round 7/20 ---
Client 67: 4.8448
Client 138: 4.6276
Client 13: 4.5099
Client 44: 5.0205
Client 166: 4.5029
Client 3: 4.5245
Client 115: 4.8485
Client 199: 4.8758
Client 38: 4.5129
Client 88: 4.8027
Round avg loss: 4.7070 (Best: 4.7070)

--- Round 8/20 ---
Client 146: 4.5547
Client 147: 4.8020
Client 106: 4.4500
Client 16: 4.5247
Client 78: 5.0059
Client 112: 4.6997
Client 119: 4.9186
Client 90: 5.0645
Client 3: 4.3462
Client 92: 5.0568
Round avg loss: 4.7423 (Best: 4.7070)

--- Round 9/20 ---
Client 40: 4.9565
Client 67: 4.5337
Client 45: 4.8848
Client 123: 4.9802
Client 91: 4.9601
Client 132: 4.8802
Client 15: 4.9895
Client 63: 4.4995
Client 43: 4.6448
Client 53: 4.9525
Round avg loss: 4.8282 (Best: 4.7070)

--- Round 10/20 ---
Client 195: 4.9387
Client 188: 4.9600
Client 125: 4.7450
Client 142: 4.9270
Client 23: 4.9574
Client 85: 4.5733
Client 86: 4.5613
Client 14: 4.9377
Client 100: 4.5014
Client 87: 4.9603
Round avg loss: 4.8062 (Best: 4.7070)

--- Round 11/20 ---
Client 162: 5.0063
Client 29: 4.8609
Client 77: 4.5805
Client 65: 4.5499
Client 142: 4.5625
Client 178: 4.9640
Client 176: 4.8204
Client 21: 4.4891
Client 76: 4.8807
Client 116: 4.8532
Round avg loss: 4.7567 (Best: 4.7070)

--- Round 12/20 ---
Client 118: 4.8944
Client 72: 4.8508
Client 131: 5.0657
Client 30: 4.9549
Client 149: 4.8360
Client 5: 5.0235
Client 55: 4.9893
Client 197: 4.8418
Client 122: 4.3534
Client 141: 4.8320
Round avg loss: 4.8642 (Best: 4.7070)

--- Round 13/20 ---
Client 138: 4.4754
Client 175: 5.0788
Client 30: 4.6058
Client 0: 4.8000
Client 151: 5.1582
Client 14: 4.5618
Client 95: 4.4382
Client 48: 4.8948
Client 75: 4.8348
Client 179: 4.6916
Round avg loss: 4.7539 (Best: 4.7070)

--- Round 14/20 ---
Client 157: 4.9930
Client 24: 4.7839
Client 8: 4.8317
Client 143: 4.8754
Client 108: 4.5679
Client 105: 4.9869
Client 190: 4.8348
Client 117: 4.4947
Client 188: 4.5503
Client 0: 4.4375
Round avg loss: 4.7356 (Best: 4.7070)

--- Round 15/20 ---
Client 46: 4.5836
Client 90: 4.7074
Client 189: 4.6769
Client 3: 4.2323
Client 158: 4.9398
Client 48: 4.5089
Client 58: 4.4853
Client 97: 4.9480
Client 49: 5.0090
Client 191: 4.6448
Round avg loss: 4.6736 (Best: 4.6736)

--- Round 16/20 ---
Client 84: 4.9554
Client 98: 4.8913
Client 16: 4.3543
Client 88: 4.3834
Client 10: 4.8267
Client 46: 4.4121
Client 20: 4.5377
Client 75: 4.5019
Client 59: 4.9718
Client 35: 4.5484
Round avg loss: 4.6383 (Best: 4.6383)

--- Round 17/20 ---
Client 118: 4.5028
Client 154: 5.1013
Client 122: 4.2690
Client 26: 4.9357
Client 59: 4.5865
Client 152: 4.8883
Client 94: 4.9138
Client 71: 4.9137
Client 7: 5.0792
Client 168: 4.6448
Round avg loss: 4.7835 (Best: 4.6383)

--- Round 18/20 ---
Client 125: 4.5777
Client 41: 4.9436
Client 79: 4.8471
Client 136: 4.9920
Client 119: 4.5700
Client 54: 4.8653
Client 111: 4.8865
Client 77: 4.4463
Client 171: 4.9484
Client 52: 4.9027
Round avg loss: 4.7980 (Best: 4.6383)

--- Round 19/20 ---
Client 130: 5.0444
Client 38: 4.3567
Client 183: 5.0127
Client 85: 4.3878
Client 145: 4.9279
Client 177: 5.0832
Client 14: 4.3906
Client 58: 4.2974
Client 31: 4.9380
Client 120: 4.8160
Round avg loss: 4.7255 (Best: 4.6383)

--- Round 20/20 ---
Client 155: 4.8472
Client 157: 4.7047
Client 179: 4.5513
Client 20: 4.3838
Client 62: 4.8698
Client 111: 4.5098
Client 81: 5.0080
Client 78: 4.6625
Client 11: 4.7725
Client 32: 4.9112
Round avg loss: 4.7221 (Best: 4.6383)
Projector checkpoint saved to fl_results/checkpoints/projector_tips_b14_wco_l4_ifcb_pml_tips_b14_200C_5pct_seed27_20260528_061917.pt

Running final evaluations...

>>> Evaluating on 'wco_l4_ifcb_pml' <<<
[wco_l4_ifcb_pml] Linear split: 43525 train, 10882 val, 18135 test
Linear Epoch 5: Train Loss=1.3085, Val Acc=71.93%
Linear Epoch 10: Train Loss=0.9198, Val Acc=77.95%
Linear Epoch 15: Train Loss=0.7724, Val Acc=80.27%
Linear Epoch 20: Train Loss=0.6993, Val Acc=81.76%
Linear Epoch 25: Train Loss=0.6553, Val Acc=82.50%
Linear Epoch 30: Train Loss=0.6294, Val Acc=83.42%
Linear Epoch 35: Train Loss=0.6050, Val Acc=83.71%
Linear Epoch 40: Train Loss=0.5881, Val Acc=83.96%
Linear Epoch 45: Train Loss=0.5761, Val Acc=84.13%
Linear Epoch 50: Train Loss=0.5670, Val Acc=84.38%
[wco_l4_ifcb_pml] Linear accuracy: 84.70% | Val accuracy: 84.38%
[wco_l4_ifcb_pml] Eval-only accuracy: 1.08%
Running unsupervised k-NN evaluation...
k-NN Top-1 accuracy: 79.10%
Running unsupervised clustering evaluation...
K-Means clustering accuracy (Hungarian matched): 29.57%
Silhouette score: 0.066
Prototype accuracy: 59.91%

>>> Evaluating on 'syke_ifcb' <<<
[syke_ifcb] Linear split: 30272 train, 7568 val, 12618 test
Linear Epoch 5: Train Loss=0.8004, Val Acc=81.63%
Linear Epoch 10: Train Loss=0.5209, Val Acc=86.61%
Linear Epoch 15: Train Loss=0.4166, Val Acc=88.57%
Linear Epoch 20: Train Loss=0.3590, Val Acc=89.72%
Linear Epoch 25: Train Loss=0.3232, Val Acc=90.45%
Linear Epoch 30: Train Loss=0.2996, Val Acc=90.63%
Linear Epoch 35: Train Loss=0.2817, Val Acc=91.07%
Linear Epoch 40: Train Loss=0.2678, Val Acc=91.62%
Linear Epoch 45: Train Loss=0.2584, Val Acc=91.74%
Linear Epoch 50: Train Loss=0.2502, Val Acc=92.05%
[syke_ifcb] Linear accuracy: 92.69% | Val accuracy: 92.05%
[syke_ifcb] Eval-only accuracy: 1.97%
Running unsupervised k-NN evaluation...
k-NN Top-1 accuracy: 89.37%
Running unsupervised clustering evaluation...
K-Means clustering accuracy (Hungarian matched): 30.00%
Silhouette score: 0.081
Prototype accuracy: 63.26%

>>> Evaluating on 'syke_zooscan' <<<
[syke_zooscan] Linear split: 10896 train, 2724 val, 4597 test
Linear Epoch 5: Train Loss=1.0463, Val Acc=79.44%
Linear Epoch 10: Train Loss=0.7197, Val Acc=83.77%
Linear Epoch 15: Train Loss=0.5675, Val Acc=86.31%
Linear Epoch 20: Train Loss=0.4781, Val Acc=88.22%
Linear Epoch 25: Train Loss=0.4198, Val Acc=89.32%
Linear Epoch 30: Train Loss=0.3766, Val Acc=90.35%
Linear Epoch 35: Train Loss=0.3450, Val Acc=91.15%
Linear Epoch 40: Train Loss=0.3196, Val Acc=91.63%
Linear Epoch 45: Train Loss=0.3001, Val Acc=91.96%
Linear Epoch 50: Train Loss=0.2847, Val Acc=92.36%
[syke_zooscan] Linear accuracy: 91.12% | Val accuracy: 92.36%
[syke_zooscan] Eval-only accuracy: 2.26%
Running unsupervised k-NN evaluation...
k-NN Top-1 accuracy: 89.43%
Running unsupervised clustering evaluation...
K-Means clustering accuracy (Hungarian matched): 30.48%
Silhouette score: 0.063
Prototype accuracy: 67.72%

>>> Evaluating on 'plankto_share' <<<
[plankto_share] Linear split: 25363 train, 6341 val, 10572 test
Linear Epoch 5: Train Loss=2.2393, Val Acc=47.91%
Linear Epoch 10: Train Loss=1.7167, Val Acc=57.12%
Linear Epoch 15: Train Loss=1.4924, Val Acc=61.22%
Linear Epoch 20: Train Loss=1.3640, Val Acc=63.41%
Linear Epoch 25: Train Loss=1.2808, Val Acc=64.99%
Linear Epoch 30: Train Loss=1.2229, Val Acc=65.90%
Linear Epoch 35: Train Loss=1.1759, Val Acc=66.87%
Linear Epoch 40: Train Loss=1.1420, Val Acc=67.50%
Linear Epoch 45: Train Loss=1.1114, Val Acc=67.59%
Linear Epoch 50: Train Loss=1.0932, Val Acc=68.18%
[plankto_share] Linear accuracy: 69.10% | Val accuracy: 68.18%
[plankto_share] Eval-only accuracy: 0.13%
Running unsupervised k-NN evaluation...
k-NN Top-1 accuracy: 62.01%
Running unsupervised clustering evaluation...
K-Means clustering accuracy (Hungarian matched): 22.66%
Silhouette score: 0.034
Prototype accuracy: 42.17%

>>> Evaluating on 'daplankton_lab_ifcb' <<<
[daplankton_lab_ifcb] Linear split: 7909 train, 1978 val, 3294 test
Linear Epoch 5: Train Loss=1.2651, Val Acc=76.29%
Linear Epoch 10: Train Loss=0.8755, Val Acc=81.90%
Linear Epoch 15: Train Loss=0.6965, Val Acc=84.43%
Linear Epoch 20: Train Loss=0.5932, Val Acc=85.95%
Linear Epoch 25: Train Loss=0.5243, Val Acc=86.75%
Linear Epoch 30: Train Loss=0.4751, Val Acc=87.66%
Linear Epoch 35: Train Loss=0.4380, Val Acc=88.32%
Linear Epoch 40: Train Loss=0.4088, Val Acc=89.13%
Linear Epoch 45: Train Loss=0.3850, Val Acc=89.53%
Linear Epoch 50: Train Loss=0.3657, Val Acc=89.79%
[daplankton_lab_ifcb] Linear accuracy: 89.16% | Val accuracy: 89.79%
[daplankton_lab_ifcb] Eval-only accuracy: 0.85%
Running unsupervised k-NN evaluation...
k-NN Top-1 accuracy: 86.85%
Running unsupervised clustering evaluation...
K-Means clustering accuracy (Hungarian matched): 55.16%
Silhouette score: 0.128
Prototype accuracy: 74.83%

>>> Evaluating on 'daplankton_lab_cs' <<<
[daplankton_lab_cs] Linear split: 6330 train, 1583 val, 2638 test
Linear Epoch 5: Train Loss=1.7571, Val Acc=54.45%
Linear Epoch 10: Train Loss=1.3499, Val Acc=67.21%
Linear Epoch 15: Train Loss=1.1269, Val Acc=72.71%
Linear Epoch 20: Train Loss=0.9817, Val Acc=75.99%
Linear Epoch 25: Train Loss=0.8795, Val Acc=78.90%
Linear Epoch 30: Train Loss=0.8026, Val Acc=80.54%
Linear Epoch 35: Train Loss=0.7422, Val Acc=81.55%
Linear Epoch 40: Train Loss=0.6960, Val Acc=81.93%
Linear Epoch 45: Train Loss=0.6541, Val Acc=82.88%
Linear Epoch 50: Train Loss=0.6215, Val Acc=83.64%
[daplankton_lab_cs] Linear accuracy: 82.60% | Val accuracy: 83.64%
[daplankton_lab_cs] Eval-only accuracy: 5.19%
Running unsupervised k-NN evaluation...
k-NN Top-1 accuracy: 80.89%
Running unsupervised clustering evaluation...
K-Means clustering accuracy (Hungarian matched): 38.25%
Silhouette score: 0.096
Prototype accuracy: 58.23%

>>> Evaluating on 'daplankton_lab_fc' <<<
[daplankton_lab_fc] Linear split: 8548 train, 2137 val, 3561 test
Linear Epoch 5: Train Loss=1.5042, Val Acc=62.52%
Linear Epoch 10: Train Loss=1.0965, Val Acc=73.05%
Linear Epoch 15: Train Loss=0.8975, Val Acc=76.51%
Linear Epoch 20: Train Loss=0.7771, Val Acc=78.05%
Linear Epoch 25: Train Loss=0.6962, Val Acc=80.25%
Linear Epoch 30: Train Loss=0.6380, Val Acc=81.70%
Linear Epoch 35: Train Loss=0.5919, Val Acc=82.69%
Linear Epoch 40: Train Loss=0.5560, Val Acc=83.76%
Linear Epoch 45: Train Loss=0.5250, Val Acc=84.60%
Linear Epoch 50: Train Loss=0.5000, Val Acc=85.26%
[daplankton_lab_fc] Linear accuracy: 85.37% | Val accuracy: 85.26%
[daplankton_lab_fc] Eval-only accuracy: 8.09%
Running unsupervised k-NN evaluation...
k-NN Top-1 accuracy: 85.99%
Running unsupervised clustering evaluation...
K-Means clustering accuracy (Hungarian matched): 47.21%
Silhouette score: 0.112
Prototype accuracy: 65.15%
Results saved to fl_results/fed_unsup_simclr_tips_b14_wco_l4_ifcb_pml_tips_b14_200C_5pct_seed27_20260528_061917.json
