Device: cuda
Configuration: {'dataset': 'wco_l4_ifcb_pml', 'tips_model': 'google/tipsv2-b14', 'projection_dim': 128, 'image_size': 224, 'num_clients': 200, 'client_frac': 0.01, 'rounds': 20, 'local_epochs': 5, 'batch_size': 128, 'lr': 0.0001, 'wd': 0.0001, 'grad_clip': 1.0, 'linear_lr': 0.001, 'linear_wd': 0.0001, 'linear_bs': 256, 'linear_epochs': 50, 'linear_patience': 10, 'dirichlet_alpha': 0.3, 'balanced_partition': False, 'normalization': 'none', 'seed': 1, 'backbone_tag': 'tips_b14', 'run_name': 'tips_b14_200C_1pct_seed1', 'verbose': False, 'progress_every': 20, 'eval_every': 0, 'save_test_embeddings': False, 'cpu': False, 'eval_datasets': ['wco_l4_ifcb_pml', 'syke_ifcb', 'syke_zooscan', 'plankto_share', 'daplankton_lab_ifcb', 'daplankton_lab_cs', 'daplankton_lab_fc'], 'tiny_root': './tiny', 'celeba_root': './celeba', 'device': device(type='cuda')}
Loading TIPS backbone (google/tipsv2-b14)...
Loading weights:   0%|          | 0/323 [00:00<?, ?it/s]Loading weights:  86%|████████▋ | 279/323 [00:00<00:00, 2460.48it/s]Loading weights: 100%|██████████| 323/323 [00:00<00:00, 2743.05it/s]
TIPS feature dim (mean-pool all tokens): 768
Using Dirichlet alpha=0.3 for non-IID partition...
Using imbalanced Dirichlet partition
Starting federated unsupervised SimCLR (CLIP backbone)...

--- Round 1/20 ---
Client 34: 4.9212
Client 145: 4.8332
Round avg loss: 4.8772 (Best: 4.8772)

--- Round 2/20 ---
Client 195: 4.9091
Client 16: 4.8756
Round avg loss: 4.8923 (Best: 4.8772)

--- Round 3/20 ---
Client 65: 4.8557
Client 30: 4.8862
Round avg loss: 4.8710 (Best: 4.8710)

--- Round 4/20 ---
Client 126: 4.8323
Client 194: 5.0328
Round avg loss: 4.9325 (Best: 4.8710)

--- Round 5/20 ---
Client 115: 4.8628
Client 120: 4.8655
Round avg loss: 4.8642 (Best: 4.8642)

--- Round 6/20 ---
Client 166: 4.9057
Client 97: 4.7770
Round avg loss: 4.8413 (Best: 4.8413)

--- Round 7/20 ---
Client 53: 4.9325
Client 24: 4.8475
Round avg loss: 4.8900 (Best: 4.8413)

--- Round 8/20 ---
Client 124: 4.9891
Client 7: 4.9049
Round avg loss: 4.9470 (Best: 4.8413)

--- Round 9/20 ---
Client 99: 4.8117
Client 110: 4.8996
Round avg loss: 4.8556 (Best: 4.8413)

--- Round 10/20 ---
Client 155: 4.9937
Client 195: 4.5026
Round avg loss: 4.7482 (Best: 4.7482)

--- Round 11/20 ---
Client 196: 4.8516
Client 0: 4.9760
Round avg loss: 4.9138 (Best: 4.7482)

--- Round 12/20 ---
Client 178: 4.8599
Client 114: 4.9230
Round avg loss: 4.8915 (Best: 4.7482)

--- Round 13/20 ---
Client 68: 5.0215
Client 184: 4.9514
Round avg loss: 4.9864 (Best: 4.7482)

--- Round 14/20 ---
Client 58: 4.8337
Client 151: 4.8597
Round avg loss: 4.8467 (Best: 4.7482)

--- Round 15/20 ---
Client 26: 4.8959
Client 81: 4.8425
Round avg loss: 4.8692 (Best: 4.7482)

--- Round 16/20 ---
Client 7: 4.5625
Client 5: 4.9112
Round avg loss: 4.7369 (Best: 4.7369)

--- Round 17/20 ---
Client 6: 4.9550
Client 166: 4.5052
Round avg loss: 4.7301 (Best: 4.7301)

--- Round 18/20 ---
Client 138: 4.8057
Client 2: 5.0467
Round avg loss: 4.9262 (Best: 4.7301)

--- Round 19/20 ---
Client 97: 4.3841
Client 175: 4.8284
Round avg loss: 4.6063 (Best: 4.6063)

--- Round 20/20 ---
Client 55: 4.8647
Client 108: 5.0147
Round avg loss: 4.9397 (Best: 4.6063)
Projector checkpoint saved to fl_results/checkpoints/projector_tips_b14_wco_l4_ifcb_pml_tips_b14_200C_1pct_seed1_20260528_023005.pt

Running final evaluations...

>>> Evaluating on 'wco_l4_ifcb_pml' <<<
[wco_l4_ifcb_pml] Linear split: 43525 train, 10882 val, 18135 test
Linear Epoch 5: Train Loss=1.3973, Val Acc=70.16%
Linear Epoch 10: Train Loss=0.9585, Val Acc=77.32%
Linear Epoch 15: Train Loss=0.8041, Val Acc=80.17%
Linear Epoch 20: Train Loss=0.7223, Val Acc=81.58%
Linear Epoch 25: Train Loss=0.6760, Val Acc=82.39%
Linear Epoch 30: Train Loss=0.6412, Val Acc=82.92%
Linear Epoch 35: Train Loss=0.6223, Val Acc=83.20%
Linear Epoch 40: Train Loss=0.6114, Val Acc=83.80%
Linear Epoch 45: Train Loss=0.5955, Val Acc=83.82%
Linear Epoch 50: Train Loss=0.5890, Val Acc=83.92%
[wco_l4_ifcb_pml] Linear accuracy: 84.15% | Val accuracy: 83.99%
[wco_l4_ifcb_pml] Eval-only accuracy: 0.49%
Running unsupervised k-NN evaluation...
k-NN Top-1 accuracy: 80.44%
Running unsupervised clustering evaluation...
K-Means clustering accuracy (Hungarian matched): 30.50%
Silhouette score: 0.065
Prototype accuracy: 62.90%

>>> Evaluating on 'syke_ifcb' <<<
[syke_ifcb] Linear split: 30272 train, 7568 val, 12618 test
Linear Epoch 5: Train Loss=0.8512, Val Acc=81.01%
Linear Epoch 10: Train Loss=0.5463, Val Acc=86.38%
Linear Epoch 15: Train Loss=0.4288, Val Acc=88.39%
Linear Epoch 20: Train Loss=0.3669, Val Acc=89.90%
Linear Epoch 25: Train Loss=0.3287, Val Acc=90.70%
Linear Epoch 30: Train Loss=0.3016, Val Acc=91.27%
Linear Epoch 35: Train Loss=0.2829, Val Acc=91.57%
Linear Epoch 40: Train Loss=0.2700, Val Acc=91.85%
Linear Epoch 45: Train Loss=0.2588, Val Acc=91.91%
Linear Epoch 50: Train Loss=0.2509, Val Acc=92.14%
[syke_ifcb] Linear accuracy: 92.86% | Val accuracy: 92.27%
[syke_ifcb] Eval-only accuracy: 2.54%
Running unsupervised k-NN evaluation...
k-NN Top-1 accuracy: 89.77%
Running unsupervised clustering evaluation...
K-Means clustering accuracy (Hungarian matched): 34.61%
Silhouette score: 0.075
Prototype accuracy: 66.06%

>>> Evaluating on 'syke_zooscan' <<<
[syke_zooscan] Linear split: 10896 train, 2724 val, 4597 test
Linear Epoch 5: Train Loss=1.0486, Val Acc=77.02%
Linear Epoch 10: Train Loss=0.7185, Val Acc=81.94%
Linear Epoch 15: Train Loss=0.5699, Val Acc=85.13%
Linear Epoch 20: Train Loss=0.4810, Val Acc=87.19%
Linear Epoch 25: Train Loss=0.4230, Val Acc=88.55%
Linear Epoch 30: Train Loss=0.3813, Val Acc=89.83%
Linear Epoch 35: Train Loss=0.3510, Val Acc=90.60%
Linear Epoch 40: Train Loss=0.3264, Val Acc=91.01%
Linear Epoch 45: Train Loss=0.3074, Val Acc=91.74%
Linear Epoch 50: Train Loss=0.2918, Val Acc=92.03%
[syke_zooscan] Linear accuracy: 90.89% | Val accuracy: 92.03%
[syke_zooscan] Eval-only accuracy: 32.26%
Running unsupervised k-NN evaluation...
k-NN Top-1 accuracy: 89.67%
Running unsupervised clustering evaluation...
K-Means clustering accuracy (Hungarian matched): 29.54%
Silhouette score: 0.069
Prototype accuracy: 67.13%

>>> Evaluating on 'plankto_share' <<<
[plankto_share] Linear split: 25363 train, 6341 val, 10572 test
Linear Epoch 5: Train Loss=2.2968, Val Acc=46.57%
Linear Epoch 10: Train Loss=1.7622, Val Acc=56.52%
Linear Epoch 15: Train Loss=1.5321, Val Acc=60.10%
Linear Epoch 20: Train Loss=1.3994, Val Acc=62.07%
Linear Epoch 25: Train Loss=1.3092, Val Acc=63.55%
Linear Epoch 30: Train Loss=1.2440, Val Acc=64.90%
Linear Epoch 35: Train Loss=1.2006, Val Acc=65.53%
Linear Epoch 40: Train Loss=1.1631, Val Acc=66.11%
Linear Epoch 45: Train Loss=1.1437, Val Acc=66.52%
Linear Epoch 50: Train Loss=1.1163, Val Acc=66.99%
[plankto_share] Linear accuracy: 68.82% | Val accuracy: 66.99%
[plankto_share] Eval-only accuracy: 0.67%
Running unsupervised k-NN evaluation...
k-NN Top-1 accuracy: 64.02%
Running unsupervised clustering evaluation...
K-Means clustering accuracy (Hungarian matched): 22.81%
Silhouette score: 0.030
Prototype accuracy: 43.35%

>>> Evaluating on 'daplankton_lab_ifcb' <<<
[daplankton_lab_ifcb] Linear split: 7909 train, 1978 val, 3294 test
Linear Epoch 5: Train Loss=1.4119, Val Acc=75.99%
Linear Epoch 10: Train Loss=0.9813, Val Acc=80.28%
Linear Epoch 15: Train Loss=0.7794, Val Acc=82.66%
Linear Epoch 20: Train Loss=0.6598, Val Acc=84.78%
Linear Epoch 25: Train Loss=0.5799, Val Acc=86.30%
Linear Epoch 30: Train Loss=0.5222, Val Acc=87.31%
Linear Epoch 35: Train Loss=0.4780, Val Acc=87.71%
Linear Epoch 40: Train Loss=0.4436, Val Acc=88.37%
Linear Epoch 45: Train Loss=0.4155, Val Acc=88.73%
Linear Epoch 50: Train Loss=0.3925, Val Acc=88.98%
[daplankton_lab_ifcb] Linear accuracy: 88.37% | Val accuracy: 89.03%
[daplankton_lab_ifcb] Eval-only accuracy: 5.92%
Running unsupervised k-NN evaluation...
k-NN Top-1 accuracy: 87.31%
Running unsupervised clustering evaluation...
K-Means clustering accuracy (Hungarian matched): 52.64%
Silhouette score: 0.118
Prototype accuracy: 74.20%

>>> Evaluating on 'daplankton_lab_cs' <<<
[daplankton_lab_cs] Linear split: 6330 train, 1583 val, 2638 test
Linear Epoch 5: Train Loss=1.7968, Val Acc=53.89%
Linear Epoch 10: Train Loss=1.3779, Val Acc=65.51%
Linear Epoch 15: Train Loss=1.1470, Val Acc=72.84%
Linear Epoch 20: Train Loss=0.9963, Val Acc=74.86%
Linear Epoch 25: Train Loss=0.8892, Val Acc=76.94%
Linear Epoch 30: Train Loss=0.8096, Val Acc=78.14%
Linear Epoch 35: Train Loss=0.7465, Val Acc=79.47%
Linear Epoch 40: Train Loss=0.6963, Val Acc=80.67%
Linear Epoch 45: Train Loss=0.6561, Val Acc=81.93%
Linear Epoch 50: Train Loss=0.6212, Val Acc=82.94%
[daplankton_lab_cs] Linear accuracy: 83.21% | Val accuracy: 82.94%
[daplankton_lab_cs] Eval-only accuracy: 7.77%
Running unsupervised k-NN evaluation...
k-NN Top-1 accuracy: 83.24%
Running unsupervised clustering evaluation...
K-Means clustering accuracy (Hungarian matched): 41.39%
Silhouette score: 0.094
Prototype accuracy: 63.23%

>>> Evaluating on 'daplankton_lab_fc' <<<
[daplankton_lab_fc] Linear split: 8548 train, 2137 val, 3561 test
Linear Epoch 5: Train Loss=1.5264, Val Acc=60.41%
Linear Epoch 10: Train Loss=1.1167, Val Acc=71.64%
Linear Epoch 15: Train Loss=0.9158, Val Acc=75.81%
Linear Epoch 20: Train Loss=0.7945, Val Acc=78.52%
Linear Epoch 25: Train Loss=0.7115, Val Acc=79.74%
Linear Epoch 30: Train Loss=0.6505, Val Acc=80.86%
Linear Epoch 35: Train Loss=0.6072, Val Acc=81.80%
Linear Epoch 40: Train Loss=0.5667, Val Acc=82.69%
Linear Epoch 45: Train Loss=0.5365, Val Acc=83.90%
Linear Epoch 50: Train Loss=0.5121, Val Acc=84.28%
[daplankton_lab_fc] Linear accuracy: 84.75% | Val accuracy: 84.28%
[daplankton_lab_fc] Eval-only accuracy: 10.00%
Running unsupervised k-NN evaluation...
k-NN Top-1 accuracy: 84.78%
Running unsupervised clustering evaluation...
K-Means clustering accuracy (Hungarian matched): 41.39%
Silhouette score: 0.109
Prototype accuracy: 66.81%
Results saved to fl_results/fed_unsup_simclr_tips_b14_wco_l4_ifcb_pml_tips_b14_200C_1pct_seed1_20260528_023005.json
