Device: cuda
Configuration: {'dataset': 'wco_l4_ifcb_pml', 'tips_model': 'google/tipsv2-b14', 'projection_dim': 128, 'image_size': 224, 'num_clients': 200, 'client_frac': 0.05, 'rounds': 20, 'local_epochs': 5, 'batch_size': 128, 'lr': 0.0001, 'wd': 0.0001, 'grad_clip': 1.0, 'linear_lr': 0.001, 'linear_wd': 0.0001, 'linear_bs': 256, 'linear_epochs': 50, 'linear_patience': 10, 'dirichlet_alpha': 0.3, 'balanced_partition': False, 'normalization': 'none', 'seed': 1, 'backbone_tag': 'tips_b14', 'run_name': 'tips_b14_200C_5pct_seed1', 'verbose': False, 'progress_every': 20, 'eval_every': 0, 'save_test_embeddings': False, 'cpu': False, 'eval_datasets': ['wco_l4_ifcb_pml', 'syke_ifcb', 'syke_zooscan', 'plankto_share', 'daplankton_lab_ifcb', 'daplankton_lab_cs', 'daplankton_lab_fc'], 'tiny_root': './tiny', 'celeba_root': './celeba', 'device': device(type='cuda')}
Loading TIPS backbone (google/tipsv2-b14)...
Loading weights:   0%|          | 0/323 [00:00<?, ?it/s]Loading weights: 100%|██████████| 323/323 [00:00<00:00, 9624.41it/s]
TIPS feature dim (mean-pool all tokens): 768
Using Dirichlet alpha=0.3 for non-IID partition...
Using imbalanced Dirichlet partition
Starting federated unsupervised SimCLR (CLIP backbone)...

--- Round 1/20 ---
Client 34: 4.9212
Client 145: 4.8332
Client 195: 4.9091
Client 16: 4.8756
Client 65: 4.8557
Client 30: 4.8862
Client 126: 4.8323
Client 194: 5.0328
Client 115: 4.8628
Client 120: 4.8655
Round avg loss: 4.8874 (Best: 4.8874)

--- Round 2/20 ---
Client 166: 4.9057
Client 97: 4.7770
Client 53: 4.9325
Client 24: 4.8475
Client 124: 4.9891
Client 7: 4.9049
Client 99: 4.8117
Client 110: 4.8996
Client 155: 4.9937
Client 195: 4.5026
Round avg loss: 4.8564 (Best: 4.8564)

--- Round 3/20 ---
Client 196: 4.8516
Client 0: 4.9760
Client 178: 4.8599
Client 114: 4.9230
Client 68: 5.0215
Client 184: 4.9514
Client 58: 4.8337
Client 151: 4.8597
Client 26: 4.8959
Client 81: 4.8425
Round avg loss: 4.9015 (Best: 4.8564)

--- Round 4/20 ---
Client 7: 4.5625
Client 5: 4.9112
Client 6: 4.9550
Client 166: 4.5052
Client 138: 4.8057
Client 2: 5.0467
Client 97: 4.3841
Client 175: 4.8284
Client 55: 4.8647
Client 108: 5.0147
Round avg loss: 4.7878 (Best: 4.7878)

--- Round 5/20 ---
Client 185: 4.8866
Client 7: 4.4183
Client 135: 4.9507
Client 56: 5.0743
Client 195: 4.3633
Client 112: 4.8629
Client 126: 4.4373
Client 141: 4.8787
Client 59: 4.8244
Client 88: 4.8414
Round avg loss: 4.7538 (Best: 4.7538)

--- Round 6/20 ---
Client 59: 4.4532
Client 173: 5.0461
Client 56: 4.7629
Client 194: 4.6750
Client 117: 4.8728
Client 74: 4.8686
Client 5: 4.5523
Client 106: 4.8355
Client 142: 4.8137
Client 164: 4.8184
Round avg loss: 4.7699 (Best: 4.7538)

--- Round 7/20 ---
Client 25: 4.9578
Client 47: 4.8733
Client 161: 4.9159
Client 185: 4.5306
Client 75: 4.9535
Client 30: 4.5444
Client 190: 4.8749
Client 85: 4.8395
Client 184: 4.6015
Client 182: 4.8872
Round avg loss: 4.7978 (Best: 4.7538)

--- Round 8/20 ---
Client 128: 4.8449
Client 108: 4.6866
Client 129: 4.8970
Client 171: 4.7716
Client 48: 4.8568
Client 77: 4.9949
Client 72: 4.8504
Client 150: 4.8105
Client 127: 4.8789
Client 100: 4.8540
Round avg loss: 4.8446 (Best: 4.7538)

--- Round 9/20 ---
Client 150: 4.4781
Client 8: 4.8839
Client 122: 4.8887
Client 62: 4.8746
Client 190: 4.4961
Client 103: 4.8938
Client 106: 4.5157
Client 170: 5.0289
Client 44: 4.8476
Client 93: 4.8347
Round avg loss: 4.7742 (Best: 4.7538)

--- Round 10/20 ---
Client 140: 5.0109
Client 179: 4.8324
Client 198: 4.9151
Client 172: 5.0267
Client 188: 4.9074
Client 95: 4.8540
Client 22: 4.8653
Client 112: 4.4749
Client 169: 5.0074
Client 130: 4.8327
Round avg loss: 4.8727 (Best: 4.7538)

--- Round 11/20 ---
Client 27: 5.0195
Client 199: 4.8670
Client 41: 4.9435
Client 133: 4.9565
Client 100: 4.4918
Client 94: 4.8355
Client 125: 5.0679
Client 187: 4.8858
Client 7: 4.3180
Client 120: 4.5100
Round avg loss: 4.7896 (Best: 4.7538)

--- Round 12/20 ---
Client 11: 4.8740
Client 78: 4.9712
Client 180: 4.9457
Client 157: 4.9135
Client 151: 4.4984
Client 148: 4.9400
Client 100: 4.3431
Client 165: 4.9815
Client 43: 4.8840
Client 128: 4.4916
Round avg loss: 4.7843 (Best: 4.7538)

--- Round 13/20 ---
Client 58: 4.4817
Client 3: 4.9951
Client 197: 4.8547
Client 51: 5.0049
Client 138: 4.4520
Client 140: 4.6743
Client 59: 4.2692
Client 103: 4.5556
Client 131: 4.9506
Client 88: 4.4658
Round avg loss: 4.6704 (Best: 4.6704)

--- Round 14/20 ---
Client 147: 4.8635
Client 90: 4.8716
Client 117: 4.5461
Client 68: 4.6991
Client 168: 4.8944
Client 140: 4.4959
Client 155: 4.6511
Client 186: 4.9521
Client 1: 4.8685
Client 98: 4.8240
Round avg loss: 4.7666 (Best: 4.6704)

--- Round 15/20 ---
Client 189: 4.9107
Client 131: 4.5885
Client 33: 4.9747
Client 132: 4.9124
Client 199: 4.4722
Client 143: 4.8159
Client 52: 4.8539
Client 109: 4.8840
Client 14: 4.9803
Client 123: 4.8658
Round avg loss: 4.8258 (Best: 4.6704)

--- Round 16/20 ---
Client 93: 4.4883
Client 145: 4.4721
Client 141: 4.5107
Client 51: 4.6227
Client 129: 4.5445
Client 105: 4.8421
Client 124: 4.6472
Client 91: 4.8809
Client 106: 4.3274
Client 88: 4.3235
Round avg loss: 4.5659 (Best: 4.5659)

--- Round 17/20 ---
Client 0: 4.6476
Client 137: 4.8084
Client 138: 4.3215
Client 159: 4.8716
Client 156: 4.9016
Client 84: 5.0014
Client 117: 4.3750
Client 153: 4.9856
Client 7: 4.2610
Client 58: 4.3088
Round avg loss: 4.6482 (Best: 4.5659)

--- Round 18/20 ---
Client 162: 4.8776
Client 45: 4.8569
Client 140: 4.3775
Client 149: 4.7996
Client 46: 4.8397
Client 23: 4.8253
Client 141: 4.3761
Client 65: 4.4798
Client 8: 4.5653
Client 172: 4.6974
Round avg loss: 4.6695 (Best: 4.5659)

--- Round 19/20 ---
Client 18: 4.9638
Client 21: 4.9344
Client 4: 4.8901
Client 115: 4.4930
Client 3: 4.6528
Client 193: 4.7831
Client 71: 4.9829
Client 63: 4.9598
Client 68: 4.5265
Client 28: 4.8868
Round avg loss: 4.8073 (Best: 4.5659)

--- Round 20/20 ---
Client 159: 4.5320
Client 47: 4.5301
Client 88: 4.2290
Client 74: 4.5110
Client 17: 4.8352
Client 42: 5.0342
Client 40: 4.9195
Client 65: 4.3083
Client 135: 4.5961
Client 43: 4.5172
Round avg loss: 4.6013 (Best: 4.5659)
Projector checkpoint saved to fl_results/checkpoints/projector_tips_b14_wco_l4_ifcb_pml_tips_b14_200C_5pct_seed1_20260528_061145.pt

Running final evaluations...

>>> Evaluating on 'wco_l4_ifcb_pml' <<<
[wco_l4_ifcb_pml] Linear split: 43525 train, 10882 val, 18135 test
Linear Epoch 5: Train Loss=1.2791, Val Acc=71.71%
Linear Epoch 10: Train Loss=0.9046, Val Acc=77.94%
Linear Epoch 15: Train Loss=0.7655, Val Acc=80.58%
Linear Epoch 20: Train Loss=0.6917, Val Acc=81.80%
Linear Epoch 25: Train Loss=0.6443, Val Acc=82.54%
Linear Epoch 30: Train Loss=0.6162, Val Acc=83.40%
Linear Epoch 35: Train Loss=0.5969, Val Acc=83.68%
Linear Epoch 40: Train Loss=0.5831, Val Acc=84.03%
Linear Epoch 45: Train Loss=0.5693, Val Acc=84.24%
Linear Epoch 50: Train Loss=0.5654, Val Acc=84.44%
[wco_l4_ifcb_pml] Linear accuracy: 84.35% | Val accuracy: 84.44%
[wco_l4_ifcb_pml] Eval-only accuracy: 1.47%
Running unsupervised k-NN evaluation...
k-NN Top-1 accuracy: 79.42%
Running unsupervised clustering evaluation...
K-Means clustering accuracy (Hungarian matched): 32.27%
Silhouette score: 0.071
Prototype accuracy: 62.59%

>>> Evaluating on 'syke_ifcb' <<<
[syke_ifcb] Linear split: 30272 train, 7568 val, 12618 test
Linear Epoch 5: Train Loss=0.7949, Val Acc=81.62%
Linear Epoch 10: Train Loss=0.5266, Val Acc=86.18%
Linear Epoch 15: Train Loss=0.4208, Val Acc=88.49%
Linear Epoch 20: Train Loss=0.3636, Val Acc=89.50%
Linear Epoch 25: Train Loss=0.3272, Val Acc=90.26%
Linear Epoch 30: Train Loss=0.3023, Val Acc=91.01%
Linear Epoch 35: Train Loss=0.2845, Val Acc=91.37%
Linear Epoch 40: Train Loss=0.2707, Val Acc=91.58%
Linear Epoch 45: Train Loss=0.2608, Val Acc=91.89%
Linear Epoch 50: Train Loss=0.2516, Val Acc=92.02%
[syke_ifcb] Linear accuracy: 92.52% | Val accuracy: 92.06%
[syke_ifcb] Eval-only accuracy: 1.24%
Running unsupervised k-NN evaluation...
k-NN Top-1 accuracy: 89.27%
Running unsupervised clustering evaluation...
K-Means clustering accuracy (Hungarian matched): 32.65%
Silhouette score: 0.083
Prototype accuracy: 63.69%

>>> Evaluating on 'syke_zooscan' <<<
[syke_zooscan] Linear split: 10896 train, 2724 val, 4597 test
Linear Epoch 5: Train Loss=1.0018, Val Acc=78.05%
Linear Epoch 10: Train Loss=0.6862, Val Acc=82.93%
Linear Epoch 15: Train Loss=0.5426, Val Acc=85.57%
Linear Epoch 20: Train Loss=0.4608, Val Acc=87.92%
Linear Epoch 25: Train Loss=0.4051, Val Acc=89.28%
Linear Epoch 30: Train Loss=0.3675, Val Acc=89.90%
Linear Epoch 35: Train Loss=0.3387, Val Acc=91.12%
Linear Epoch 40: Train Loss=0.3171, Val Acc=91.59%
Linear Epoch 45: Train Loss=0.2980, Val Acc=91.81%
Linear Epoch 50: Train Loss=0.2835, Val Acc=92.14%
[syke_zooscan] Linear accuracy: 90.54% | Val accuracy: 92.14%
[syke_zooscan] Eval-only accuracy: 1.13%
Running unsupervised k-NN evaluation...
k-NN Top-1 accuracy: 89.60%
Running unsupervised clustering evaluation...
K-Means clustering accuracy (Hungarian matched): 28.54%
Silhouette score: 0.071
Prototype accuracy: 63.08%

>>> Evaluating on 'plankto_share' <<<
[plankto_share] Linear split: 25363 train, 6341 val, 10572 test
Linear Epoch 5: Train Loss=2.1659, Val Acc=48.19%
Linear Epoch 10: Train Loss=1.6838, Val Acc=57.39%
Linear Epoch 15: Train Loss=1.4835, Val Acc=60.73%
Linear Epoch 20: Train Loss=1.3624, Val Acc=63.03%
Linear Epoch 25: Train Loss=1.2784, Val Acc=64.26%
Linear Epoch 30: Train Loss=1.2242, Val Acc=65.16%
Linear Epoch 35: Train Loss=1.1805, Val Acc=65.84%
Linear Epoch 40: Train Loss=1.1469, Val Acc=66.01%
Linear Epoch 45: Train Loss=1.1178, Val Acc=66.60%
Linear Epoch 50: Train Loss=1.0970, Val Acc=67.10%
[plankto_share] Linear accuracy: 69.00% | Val accuracy: 67.10%
[plankto_share] Eval-only accuracy: 0.50%
Running unsupervised k-NN evaluation...
k-NN Top-1 accuracy: 63.36%
Running unsupervised clustering evaluation...
K-Means clustering accuracy (Hungarian matched): 23.72%
Silhouette score: 0.044
Prototype accuracy: 42.19%

>>> Evaluating on 'daplankton_lab_ifcb' <<<
[daplankton_lab_ifcb] Linear split: 7909 train, 1978 val, 3294 test
Linear Epoch 5: Train Loss=1.3319, Val Acc=73.51%
Linear Epoch 10: Train Loss=0.9488, Val Acc=80.38%
Linear Epoch 15: Train Loss=0.7658, Val Acc=82.61%
Linear Epoch 20: Train Loss=0.6560, Val Acc=84.33%
Linear Epoch 25: Train Loss=0.5820, Val Acc=85.84%
Linear Epoch 30: Train Loss=0.5273, Val Acc=87.21%
Linear Epoch 35: Train Loss=0.4856, Val Acc=88.27%
Linear Epoch 40: Train Loss=0.4525, Val Acc=88.57%
Linear Epoch 45: Train Loss=0.4255, Val Acc=88.73%
Linear Epoch 50: Train Loss=0.4030, Val Acc=89.18%
[daplankton_lab_ifcb] Linear accuracy: 88.43% | Val accuracy: 89.28%
[daplankton_lab_ifcb] Eval-only accuracy: 1.94%
Running unsupervised k-NN evaluation...
k-NN Top-1 accuracy: 86.73%
Running unsupervised clustering evaluation...
K-Means clustering accuracy (Hungarian matched): 49.09%
Silhouette score: 0.138
Prototype accuracy: 74.44%

>>> Evaluating on 'daplankton_lab_cs' <<<
[daplankton_lab_cs] Linear split: 6330 train, 1583 val, 2638 test
Linear Epoch 5: Train Loss=1.7179, Val Acc=54.83%
Linear Epoch 10: Train Loss=1.3216, Val Acc=66.14%
Linear Epoch 15: Train Loss=1.1052, Val Acc=71.13%
Linear Epoch 20: Train Loss=0.9640, Val Acc=74.61%
Linear Epoch 25: Train Loss=0.8646, Val Acc=77.13%
Linear Epoch 30: Train Loss=0.7915, Val Acc=79.15%
Linear Epoch 35: Train Loss=0.7337, Val Acc=79.85%
Linear Epoch 40: Train Loss=0.6878, Val Acc=80.86%
Linear Epoch 45: Train Loss=0.6485, Val Acc=81.62%
Linear Epoch 50: Train Loss=0.6164, Val Acc=82.75%
[daplankton_lab_cs] Linear accuracy: 81.92% | Val accuracy: 82.75%
[daplankton_lab_cs] Eval-only accuracy: 1.86%
Running unsupervised k-NN evaluation...
k-NN Top-1 accuracy: 80.93%
Running unsupervised clustering evaluation...
K-Means clustering accuracy (Hungarian matched): 36.20%
Silhouette score: 0.099
Prototype accuracy: 61.60%

>>> Evaluating on 'daplankton_lab_fc' <<<
[daplankton_lab_fc] Linear split: 8548 train, 2137 val, 3561 test
Linear Epoch 5: Train Loss=1.4630, Val Acc=58.31%
Linear Epoch 10: Train Loss=1.0904, Val Acc=70.52%
Linear Epoch 15: Train Loss=0.9029, Val Acc=75.53%
Linear Epoch 20: Train Loss=0.7919, Val Acc=78.15%
Linear Epoch 25: Train Loss=0.7125, Val Acc=79.93%
Linear Epoch 30: Train Loss=0.6546, Val Acc=81.14%
Linear Epoch 35: Train Loss=0.6108, Val Acc=82.22%
Linear Epoch 40: Train Loss=0.5745, Val Acc=82.78%
Linear Epoch 45: Train Loss=0.5442, Val Acc=83.53%
Linear Epoch 50: Train Loss=0.5177, Val Acc=84.60%
[daplankton_lab_fc] Linear accuracy: 84.86% | Val accuracy: 84.60%
[daplankton_lab_fc] Eval-only accuracy: 11.93%
Running unsupervised k-NN evaluation...
k-NN Top-1 accuracy: 85.14%
Running unsupervised clustering evaluation...
K-Means clustering accuracy (Hungarian matched): 39.40%
Silhouette score: 0.113
Prototype accuracy: 64.45%
Results saved to fl_results/fed_unsup_simclr_tips_b14_wco_l4_ifcb_pml_tips_b14_200C_5pct_seed1_20260528_061145.json
