Device: cuda
Configuration: {'dataset': 'wco_l4_ifcb_pml', 'tips_model': 'google/tipsv2-b14', 'projection_dim': 128, 'image_size': 224, 'num_clients': 200, 'client_frac': 0.01, 'rounds': 20, 'local_epochs': 5, 'batch_size': 128, 'lr': 0.0001, 'wd': 0.0001, 'grad_clip': 1.0, 'linear_lr': 0.001, 'linear_wd': 0.0001, 'linear_bs': 256, 'linear_epochs': 50, 'linear_patience': 10, 'dirichlet_alpha': 0.3, 'balanced_partition': False, 'normalization': 'none', 'seed': 27, 'backbone_tag': 'tips_b14', 'run_name': 'tips_b14_200C_1pct_seed27', 'verbose': False, 'progress_every': 20, 'eval_every': 0, 'save_test_embeddings': False, 'cpu': False, 'eval_datasets': ['wco_l4_ifcb_pml', 'syke_ifcb', 'syke_zooscan', 'plankto_share', 'daplankton_lab_ifcb', 'daplankton_lab_cs', 'daplankton_lab_fc'], 'tiny_root': './tiny', 'celeba_root': './celeba', 'device': device(type='cuda')}
Loading TIPS backbone (google/tipsv2-b14)...
Loading weights:   0%|          | 0/323 [00:00<?, ?it/s]Loading weights: 100%|██████████| 323/323 [00:00<00:00, 11811.13it/s]
TIPS feature dim (mean-pool all tokens): 768
Using Dirichlet alpha=0.3 for non-IID partition...
Using imbalanced Dirichlet partition
Starting federated unsupervised SimCLR (CLIP backbone)...

--- Round 1/20 ---
Client 166: 5.0306
Client 122: 4.9065
Round avg loss: 4.9686 (Best: 4.9686)

--- Round 2/20 ---
Client 179: 5.0178
Client 70: 5.0790
Round avg loss: 5.0484 (Best: 4.9686)

--- Round 3/20 ---
Client 73: 4.9133
Client 50: 5.0806
Round avg loss: 4.9969 (Best: 4.9686)

--- Round 4/20 ---
Client 18: 4.8790
Client 16: 4.8589
Round avg loss: 4.8689 (Best: 4.8689)

--- Round 5/20 ---
Client 65: 4.8821
Client 138: 4.9855
Round avg loss: 4.9338 (Best: 4.8689)

--- Round 6/20 ---
Client 85: 4.9177
Client 64: 4.8395
Round avg loss: 4.8786 (Best: 4.8689)

--- Round 7/20 ---
Client 95: 4.8327
Client 103: 4.9337
Round avg loss: 4.8832 (Best: 4.8689)

--- Round 8/20 ---
Client 46: 4.9333
Client 63: 4.8398
Round avg loss: 4.8865 (Best: 4.8689)

--- Round 9/20 ---
Client 61: 4.9500
Client 125: 5.0716
Round avg loss: 5.0108 (Best: 4.8689)

--- Round 10/20 ---
Client 18: 4.5117
Client 186: 4.8887
Round avg loss: 4.7002 (Best: 4.7002)

--- Round 11/20 ---
Client 163: 4.8602
Client 146: 4.9361
Round avg loss: 4.8982 (Best: 4.7002)

--- Round 12/20 ---
Client 167: 4.8901
Client 20: 4.9097
Round avg loss: 4.8999 (Best: 4.7002)

--- Round 13/20 ---
Client 156: 4.9094
Client 108: 4.8996
Round avg loss: 4.9045 (Best: 4.7002)

--- Round 14/20 ---
Client 198: 4.8593
Client 106: 4.8200
Round avg loss: 4.8396 (Best: 4.7002)

--- Round 15/20 ---
Client 189: 4.9836
Client 13: 4.8833
Round avg loss: 4.9335 (Best: 4.7002)

--- Round 16/20 ---
Client 168: 5.0090
Client 112: 5.0472
Round avg loss: 5.0281 (Best: 4.7002)

--- Round 17/20 ---
Client 89: 4.8795
Client 3: 4.8228
Round avg loss: 4.8511 (Best: 4.7002)

--- Round 18/20 ---
Client 164: 4.9306
Client 122: 4.5097
Round avg loss: 4.7201 (Best: 4.7002)

--- Round 19/20 ---
Client 64: 4.4695
Client 35: 4.8853
Round avg loss: 4.6774 (Best: 4.6774)

--- Round 20/20 ---
Client 156: 4.5651
Client 86: 4.8994
Round avg loss: 4.7322 (Best: 4.6774)
Projector checkpoint saved to fl_results/checkpoints/projector_tips_b14_wco_l4_ifcb_pml_tips_b14_200C_1pct_seed27_20260528_035832.pt

Running final evaluations...

>>> Evaluating on 'wco_l4_ifcb_pml' <<<
[wco_l4_ifcb_pml] Linear split: 43525 train, 10882 val, 18135 test
Linear Epoch 5: Train Loss=1.3257, Val Acc=70.84%
Linear Epoch 10: Train Loss=0.9385, Val Acc=77.90%
Linear Epoch 15: Train Loss=0.7941, Val Acc=79.91%
Linear Epoch 20: Train Loss=0.7099, Val Acc=81.37%
Linear Epoch 25: Train Loss=0.6675, Val Acc=82.50%
Linear Epoch 30: Train Loss=0.6336, Val Acc=83.03%
Linear Epoch 35: Train Loss=0.6132, Val Acc=83.53%
Linear Epoch 40: Train Loss=0.5951, Val Acc=83.73%
Linear Epoch 45: Train Loss=0.5823, Val Acc=83.89%
Linear Epoch 50: Train Loss=0.5789, Val Acc=84.17%
[wco_l4_ifcb_pml] Linear accuracy: 84.42% | Val accuracy: 84.17%
[wco_l4_ifcb_pml] Eval-only accuracy: 0.94%
Running unsupervised k-NN evaluation...
k-NN Top-1 accuracy: 78.37%
Running unsupervised clustering evaluation...
K-Means clustering accuracy (Hungarian matched): 29.35%
Silhouette score: 0.059
Prototype accuracy: 58.26%

>>> Evaluating on 'syke_ifcb' <<<
[syke_ifcb] Linear split: 30272 train, 7568 val, 12618 test
Linear Epoch 5: Train Loss=0.8233, Val Acc=80.75%
Linear Epoch 10: Train Loss=0.5434, Val Acc=86.13%
Linear Epoch 15: Train Loss=0.4345, Val Acc=88.29%
Linear Epoch 20: Train Loss=0.3747, Val Acc=89.15%
Linear Epoch 25: Train Loss=0.3385, Val Acc=89.97%
Linear Epoch 30: Train Loss=0.3119, Val Acc=90.57%
Linear Epoch 35: Train Loss=0.2925, Val Acc=90.99%
Linear Epoch 40: Train Loss=0.2788, Val Acc=91.35%
Linear Epoch 45: Train Loss=0.2681, Val Acc=91.89%
Linear Epoch 50: Train Loss=0.2593, Val Acc=91.90%
[syke_ifcb] Linear accuracy: 92.42% | Val accuracy: 91.90%
[syke_ifcb] Eval-only accuracy: 0.70%
Running unsupervised k-NN evaluation...
k-NN Top-1 accuracy: 88.80%
Running unsupervised clustering evaluation...
K-Means clustering accuracy (Hungarian matched): 31.01%
Silhouette score: 0.081
Prototype accuracy: 60.71%

>>> Evaluating on 'syke_zooscan' <<<
[syke_zooscan] Linear split: 10896 train, 2724 val, 4597 test
Linear Epoch 5: Train Loss=1.0572, Val Acc=78.12%
Linear Epoch 10: Train Loss=0.7322, Val Acc=83.52%
Linear Epoch 15: Train Loss=0.5762, Val Acc=86.75%
Linear Epoch 20: Train Loss=0.4849, Val Acc=88.29%
Linear Epoch 25: Train Loss=0.4237, Val Acc=89.35%
Linear Epoch 30: Train Loss=0.3803, Val Acc=90.35%
Linear Epoch 35: Train Loss=0.3482, Val Acc=91.08%
Linear Epoch 40: Train Loss=0.3212, Val Acc=91.52%
Linear Epoch 45: Train Loss=0.3029, Val Acc=91.74%
Linear Epoch 50: Train Loss=0.2853, Val Acc=92.22%
[syke_zooscan] Linear accuracy: 91.04% | Val accuracy: 92.22%
[syke_zooscan] Eval-only accuracy: 7.96%
Running unsupervised k-NN evaluation...
k-NN Top-1 accuracy: 89.49%
Running unsupervised clustering evaluation...
K-Means clustering accuracy (Hungarian matched): 30.28%
Silhouette score: 0.072
Prototype accuracy: 65.22%

>>> Evaluating on 'plankto_share' <<<
[plankto_share] Linear split: 25363 train, 6341 val, 10572 test
Linear Epoch 5: Train Loss=2.2106, Val Acc=48.04%
Linear Epoch 10: Train Loss=1.7123, Val Acc=56.82%
Linear Epoch 15: Train Loss=1.4901, Val Acc=61.16%
Linear Epoch 20: Train Loss=1.3651, Val Acc=63.22%
Linear Epoch 25: Train Loss=1.2842, Val Acc=64.53%
Linear Epoch 30: Train Loss=1.2259, Val Acc=65.54%
Linear Epoch 35: Train Loss=1.1808, Val Acc=66.27%
Linear Epoch 40: Train Loss=1.1435, Val Acc=67.04%
Linear Epoch 45: Train Loss=1.1162, Val Acc=67.67%
Linear Epoch 50: Train Loss=1.1002, Val Acc=67.75%
[plankto_share] Linear accuracy: 68.69% | Val accuracy: 67.89%
[plankto_share] Eval-only accuracy: 1.13%
Running unsupervised k-NN evaluation...
k-NN Top-1 accuracy: 61.40%
Running unsupervised clustering evaluation...
K-Means clustering accuracy (Hungarian matched): 21.58%
Silhouette score: 0.038
Prototype accuracy: 39.60%

>>> Evaluating on 'daplankton_lab_ifcb' <<<
[daplankton_lab_ifcb] Linear split: 7909 train, 1978 val, 3294 test
Linear Epoch 5: Train Loss=1.3069, Val Acc=75.94%
Linear Epoch 10: Train Loss=0.9120, Val Acc=81.90%
Linear Epoch 15: Train Loss=0.7269, Val Acc=83.92%
Linear Epoch 20: Train Loss=0.6177, Val Acc=85.59%
Linear Epoch 25: Train Loss=0.5448, Val Acc=86.80%
Linear Epoch 30: Train Loss=0.4928, Val Acc=87.61%
Linear Epoch 35: Train Loss=0.4535, Val Acc=88.62%
Linear Epoch 40: Train Loss=0.4224, Val Acc=89.48%
Linear Epoch 45: Train Loss=0.3975, Val Acc=89.43%
Linear Epoch 50: Train Loss=0.3764, Val Acc=89.94%
[daplankton_lab_ifcb] Linear accuracy: 88.92% | Val accuracy: 90.04%
[daplankton_lab_ifcb] Eval-only accuracy: 7.65%
Running unsupervised k-NN evaluation...
k-NN Top-1 accuracy: 86.70%
Running unsupervised clustering evaluation...
K-Means clustering accuracy (Hungarian matched): 51.79%
Silhouette score: 0.131
Prototype accuracy: 74.41%

>>> Evaluating on 'daplankton_lab_cs' <<<
[daplankton_lab_cs] Linear split: 6330 train, 1583 val, 2638 test
Linear Epoch 5: Train Loss=1.7502, Val Acc=54.26%
Linear Epoch 10: Train Loss=1.3409, Val Acc=67.28%
Linear Epoch 15: Train Loss=1.1149, Val Acc=73.72%
Linear Epoch 20: Train Loss=0.9695, Val Acc=76.75%
Linear Epoch 25: Train Loss=0.8678, Val Acc=78.40%
Linear Epoch 30: Train Loss=0.7909, Val Acc=79.41%
Linear Epoch 35: Train Loss=0.7318, Val Acc=80.67%
Linear Epoch 40: Train Loss=0.6843, Val Acc=81.43%
Linear Epoch 45: Train Loss=0.6447, Val Acc=82.75%
Linear Epoch 50: Train Loss=0.6112, Val Acc=83.45%
[daplankton_lab_cs] Linear accuracy: 82.71% | Val accuracy: 83.45%
[daplankton_lab_cs] Eval-only accuracy: 4.93%
Running unsupervised k-NN evaluation...
k-NN Top-1 accuracy: 81.54%
Running unsupervised clustering evaluation...
K-Means clustering accuracy (Hungarian matched): 40.03%
Silhouette score: 0.103
Prototype accuracy: 59.29%

>>> Evaluating on 'daplankton_lab_fc' <<<
[daplankton_lab_fc] Linear split: 8548 train, 2137 val, 3561 test
Linear Epoch 5: Train Loss=1.4766, Val Acc=63.36%
Linear Epoch 10: Train Loss=1.0750, Val Acc=74.03%
Linear Epoch 15: Train Loss=0.8828, Val Acc=77.21%
Linear Epoch 20: Train Loss=0.7677, Val Acc=79.46%
Linear Epoch 25: Train Loss=0.6897, Val Acc=81.28%
Linear Epoch 30: Train Loss=0.6308, Val Acc=81.94%
Linear Epoch 35: Train Loss=0.5873, Val Acc=83.06%
Linear Epoch 40: Train Loss=0.5510, Val Acc=84.09%
Linear Epoch 45: Train Loss=0.5237, Val Acc=84.84%
Linear Epoch 50: Train Loss=0.5001, Val Acc=85.54%
[daplankton_lab_fc] Linear accuracy: 85.62% | Val accuracy: 85.68%
[daplankton_lab_fc] Eval-only accuracy: 1.24%
Running unsupervised k-NN evaluation...
k-NN Top-1 accuracy: 86.13%
Running unsupervised clustering evaluation...
K-Means clustering accuracy (Hungarian matched): 47.60%
Silhouette score: 0.118
Prototype accuracy: 66.16%
Results saved to fl_results/fed_unsup_simclr_tips_b14_wco_l4_ifcb_pml_tips_b14_200C_1pct_seed27_20260528_035832.json
