Device: cuda
Configuration: {'dataset': 'cifar10', 'resnet_model': 'resnet18', 'projection_dim': 128, 'image_size': 224, 'num_clients': 2000, 'client_frac': 0.05, 'rounds': 20, 'local_epochs': 5, 'batch_size': 128, 'lr': 0.0001, 'wd': 0.0001, 'grad_clip': 1.0, 'linear_lr': 0.001, 'linear_wd': 0.0001, 'linear_bs': 256, 'linear_epochs': 50, 'linear_patience': 10, 'dirichlet_alpha': 0.3, 'balanced_partition': False, 'normalization': 'imagenet', 'seed': 1, 'backbone_tag': 'resnet18', 'run_name': 'resnet18_2000C_5pct_seed1', 'verbose': False, 'progress_every': 20, 'eval_every': 0, 'save_test_embeddings': False, 'cpu': False, 'eval_datasets': ['cifar10', 'cifar100', 'tiny', 'whoi_plankton', 'eurosat', 'bone_marrow', 'wikiart_style'], 'tiny_root': '/home/daniela/mine/fedDINO/data/tiny_in_view', 'celeba_root': './celeba', 'device': device(type='cuda')}
Files already downloaded and verified
Files already downloaded and verified
Loading ResNet backbone (resnet18, weights=IMAGENET1K_V1)...
ResNet image feature dim: 512
Using Dirichlet alpha=0.3 for non-IID partition...
Using imbalanced Dirichlet partition
Starting federated unsupervised SimCLR (CLIP backbone)...

--- Round 1/20 ---
Client 275: 3.4654
Client 1165: 3.8301
Client 1735: 3.9833
Client 1643: 3.5186
Client 1564: 4.4587
Client 129: 2.7593
Client 522: 4.2116
Client 241: 3.3524
Client 1014: 3.9201
Client 1558: 2.6447
Client 920: 3.4487
Client 967: 2.3997
Client 1334: 3.1286
Client 777: 3.4163
Client 1615: 4.0089
Client 429: 4.5765
Client 192: 4.4405
Client 999: 3.5063
Client 58: 4.0374
Client 1829: 3.7243
Client 1711: 4.5008
Client 798: 2.6149
Client 886: 3.7361
Client 1244: 3.8258
Client 1561: 3.3594
Client 1571: 4.0644
Client 4: 3.8359
Client 1425: 3.9868
Client 912: 3.0050
Client 545: 3.2858
Client 1477: 3.5254
Client 1642: 4.0705
Client 468: 3.7182
Client 1210: 3.9407
Client 1935: 3.9535
Client 209: 3.6998
Client 1846: 2.5267
Client 650: 3.6268
Client 62: 2.9312
Client 45: 3.8232
Client 52: 3.9914
Client 1330: 3.4407
Client 1108: 1.6564
Client 18: 3.7510
Client 1923: 4.1725
Client 1804: 2.6670
Client 780: 3.0081
Client 1405: 2.8622
Client 443: 3.3312
Client 1984: 3.9173
Client 864: 3.8110
Client 1486: 3.7210
Client 59: 3.2165
Client 1080: 3.7943
Client 454: 3.0951
Client 896: 2.1150
Client 1015: 4.4056
Client 1132: 4.2036
Client 477: 3.8098
Client 707: 3.7111
Client 472: 3.6955
Client 1386: 3.5729
Client 448: 3.6322
Client 941: 3.8977
Client 1950: 4.0313
Client 593: 3.8928
Client 1897: 2.8496
Client 44: 3.7672
Client 852: 4.1424
Client 1715: 3.6172
Client 1876: 4.1097
Client 1139: 3.4844
Client 1888: 2.7797
Client 1315: 3.1809
Client 204: 4.2466
Client 380: 2.9407
Client 1288: 3.4526
Client 1482: 3.8369
Client 1761: 4.0572
Client 607: 4.0331
Client 247: 3.2097
Client 1521: 3.8464
Client 681: 4.3575
Client 1834: 3.0564
Client 1993: 4.0322
Client 1456: 3.8931
Client 1025: 4.1630
Client 1917: 3.3284
Client 1980: 4.4807
Client 1039: 3.8072
Client 1699: 2.8540
Client 1864: 3.8518
Client 1372: 3.4575
Client 388: 4.0355
Client 621: 2.9161
Client 581: 4.0167
Client 1203: 4.2965
Client 1807: 2.6512
Client 1022: 2.6460
Client 1733: 3.3816
Round avg loss: 3.5905 (Best: 3.5905)

--- Round 2/20 ---
Client 1926: 4.5665
Client 1034: 2.1874
Client 805: 2.9279
Client 1206: 2.9979
Client 1747: 4.6804
Client 70: 2.4808
Client 983: 2.7460
Client 497: 3.6060
Client 1523: 3.9099
Client 1633: 1.3165
Client 827: 3.9327
Client 848: 3.9706
Client 1361: 4.3708
Client 354: 3.3570
Client 751: 2.9758
Client 1123: 3.3680
Client 1807: 2.6137
Client 1439: 4.4147
Client 1588: 3.5076
Client 1381: 3.9236
Client 1511: 3.3859
Client 767: 3.8675
Client 177: 3.3462
Client 898: 3.6079
Client 1359: 4.0878
Client 1041: 4.0759
Client 221: 4.4938
Client 1594: 3.7082
Client 335: 3.6255
Client 1066: 3.7318
Client 1720: 4.2997
Client 758: 3.3551
Client 1002: 4.0572
Client 1500: 2.2469
Client 60: 3.1678
Client 961: 4.3506
Client 89: 4.1090
Client 631: 4.3522
Client 1440: 3.6232
Client 1737: 4.0519
Client 1259: 4.6573
Client 1214: 3.5099
Client 1184: 4.0670
Client 806: 2.4661
Client 1325: 3.6890
Client 348: 4.0741
Client 345: 3.0353
Client 1028: 2.9393
Client 464: 2.6338
Client 25: 3.4772
Client 1578: 4.8761
Client 408: 3.5630
Client 1105: 3.8159
Client 1884: 3.0630
Client 1761: 3.9303
Client 1122: 3.0260
Client 475: 3.3806
Client 828: 2.7631
Client 1052: 3.3911
Client 704: 3.5351
Client 1950: 3.8992
Client 1735: 3.8556
Client 1183: 3.8285
Client 723: 3.5524
Client 940: 2.4394
Client 1863: 2.4710
Client 551: 3.4265
Client 1350: 3.3583
Client 1247: 3.6374
Client 1960: 2.1237
Client 1493: 3.6554
Client 11: 3.0381
Client 785: 1.9115
Client 1604: 4.4994
Client 1755: 3.3129
Client 1680: 3.5165
Client 1955: 3.7254
Client 1814: 3.1871
Client 1921: 3.8766
Client 1516: 3.6077
Client 1049: 3.5230
Client 1657: 3.3914
Client 264: 3.2887
Client 1062: 3.8388
Client 1592: 3.6741
Client 1149: 3.9471
Client 420: 3.8061
Client 872: 3.4376
Client 1945: 3.5999
Client 114: 4.4299
Client 985: 3.4443
Client 1781: 2.1031
Client 746: 3.9441
Client 1167: 4.2229
Client 1135: 3.9753
Client 409: 4.0600
Client 1927: 3.5871
Client 1033: 3.4885
Client 846: 4.0889
Client 993: 3.7161
Round avg loss: 3.5378 (Best: 3.5378)

--- Round 3/20 ---
Client 1665: 4.2540
Client 730: 3.0792
Client 848: 3.8550
Client 708: 3.4731
Client 3: 3.9212
Client 1102: 3.6479
Client 1106: 4.4289
Client 1276: 3.8250
Client 1610: 3.0275
Client 1254: 4.4533
Client 678: 4.2837
Client 938: 3.6196
Client 1228: 2.9027
Client 57: 3.6864
Client 1647: 3.2108
Client 470: 1.6984
Client 1301: 3.2651
Client 362: 4.1564
Client 1127: 3.5071
Client 1196: 3.7651
Client 370: 3.4139
Client 1763: 2.7640
Client 187: 3.8652
Client 1635: 3.9650
Client 1128: 3.8648
Client 1632: 3.8690
Client 1743: 4.2116
Client 1672: 3.9246
Client 1906: 3.4883
Client 522: 4.0985
Client 66: 3.3665
Client 1723: 3.5041
Client 1932: 3.2392
Client 1378: 4.1179
Client 144: 3.5420
Client 170: 2.9066
Client 1777: 2.8833
Client 34: 3.8582
Client 927: 3.8987
Client 29: 4.3275
Client 1544: 3.5543
Client 1547: 3.5299
Client 575: 3.8248
Client 511: 4.0225
Client 550: 3.1818
Client 224: 3.2057
Client 1279: 3.0476
Client 378: 4.3493
Client 705: 2.8720
Client 594: 1.2932
Client 142: 3.3855
Client 342: 3.0891
Client 326: 3.4918
Client 1080: 3.7157
Client 1949: 3.5329
Client 344: 4.0276
Client 1344: 3.1487
Client 558: 2.7464
Client 1327: 3.5281
Client 1457: 3.4963
Client 603: 3.9292
Client 931: 4.2618
Client 1438: 3.8271
Client 659: 4.3643
Client 1016: 3.7338
Client 970: 3.4185
Client 233: 3.5953
Client 48: 4.4002
Client 638: 3.6922
Client 791: 3.1195
Client 703: 3.7512
Client 862: 3.9166
Client 1630: 3.3677
Client 385: 3.6389
Client 529: 4.1006
Client 222: 3.1277
Client 519: 3.8696
Client 1842: 4.8466
Client 1495: 3.0668
Client 1044: 3.1400
Client 428: 3.4779
Client 1977: 3.2631
Client 1240: 3.8035
Client 884: 3.2070
Client 1673: 3.3709
Client 1997: 3.0978
Client 42: 4.1773
Client 461: 1.2219
Client 36: 3.5994
Client 813: 4.5609
Client 299: 3.8123
Client 72: 2.5275
Client 1472: 4.1996
Client 1965: 3.6193
Client 328: 3.9351
Client 912: 2.8847
Client 1443: 3.9288
Client 1036: 3.6655
Client 1388: 3.5550
Client 873: 3.2356
Round avg loss: 3.5652 (Best: 3.5378)

--- Round 4/20 ---
Client 1115: 3.7439
Client 1704: 3.6544
Client 451: 2.5056
Client 1998: 4.3031
Client 1291: 4.0492
Client 1633: 1.2742
Client 1423: 1.9296
Client 1057: 4.0133
Client 923: 3.2311
Client 457: 4.0794
Client 1072: 3.6572
Client 1328: 3.7652
Client 62: 2.8014
Client 808: 3.6424
Client 1382: 4.2779
Client 1179: 3.1592
Client 1645: 3.4929
Client 657: 3.9177
Client 1351: 4.1396
Client 1292: 3.9071
Client 873: 3.0821
Client 120: 4.4647
Client 1510: 4.0167
Client 611: 3.8727
Client 257: 4.2063
Client 1982: 3.2197
Client 434: 3.6657
Client 1793: 3.9805
Client 97: 3.7911
Client 627: 2.9443
Client 144: 3.4090
Client 1758: 4.0902
Client 156: 4.1195
Client 635: 3.8625
Client 1878: 2.7350
Client 1923: 4.0545
Client 610: 4.5642
Client 1523: 3.7935
Client 324: 4.3973
Client 852: 4.0328
Client 1156: 3.1242
Client 516: 4.1670
Client 267: 4.3985
Client 17: 4.0050
Client 1148: 3.5509
Client 1799: 2.3186
Client 1741: 3.3620
Client 77: 4.0517
Client 1209: 3.7550
Client 1678: 3.8123
Client 445: 2.7851
Client 1970: 3.5531
Client 1844: 3.5002
Client 1167: 4.1136
Client 943: 3.9096
Client 351: 2.8008
Client 1695: 4.0311
Client 1777: 2.7608
Client 1781: 1.9747
Client 1994: 2.3315
Client 1597: 3.7598
Client 1441: 3.6716
Client 1275: 3.3494
Client 1042: 3.6711
Client 76: 2.1574
Client 774: 3.0368
Client 410: 3.3554
Client 710: 3.6698
Client 202: 3.5234
Client 421: 3.7291
Client 1174: 3.3234
Client 1380: 3.7597
Client 1836: 3.2856
Client 886: 3.6513
Client 1211: 3.6900
Client 397: 3.4484
Client 1008: 4.7406
Client 213: 3.1742
Client 1920: 2.9239
Client 1363: 3.3280
Client 798: 2.5141
Client 606: 3.5058
Client 1032: 3.6671
Client 1023: 3.5441
Client 35: 4.0077
Client 666: 2.5964
Client 1253: 3.3098
Client 1785: 2.8989
Client 823: 2.9135
Client 1842: 4.7279
Client 576: 3.9959
Client 37: 4.4716
Client 321: 2.3593
Client 411: 3.8066
Client 1756: 3.0125
Client 671: 3.2550
Client 1661: 3.2701
Client 1153: 3.6648
Client 1602: 3.5181
Client 276: 3.9900
Round avg loss: 3.5243 (Best: 3.5243)

--- Round 5/20 ---
Client 694: 3.6467
Client 879: 2.6556
Client 436: 2.8364
Client 545: 3.1561
Client 1381: 3.8480
Client 197: 4.5390
Client 1715: 3.5041
Client 776: 2.8852
Client 1909: 2.3377
Client 1121: 3.7677
Client 704: 3.4315
Client 1872: 4.1193
Client 1807: 2.5367
Client 1407: 4.0160
Client 1094: 3.7126
Client 992: 4.1111
Client 1572: 4.0658
Client 1090: 3.8518
Client 480: 3.9300
Client 133: 3.3355
Client 1485: 4.6115
Client 82: 3.5412
Client 173: 2.5575
Client 272: 3.8284
Client 347: 4.4681
Client 341: 3.5585
Client 1865: 2.3349
Client 1102: 3.5653
Client 548: 3.5529
Client 1554: 3.6120
Client 680: 4.1886
Client 1229: 2.8481
Client 1036: 3.5352
Client 1722: 3.4416
Client 522: 3.9671
Client 753: 3.4230
Client 693: 3.8758
Client 696: 3.2449
Client 233: 3.5392
Client 596: 2.4408
Client 481: 4.0152
Client 1776: 1.7094
Client 1933: 4.2832
Client 1236: 3.3850
Client 1596: 4.4019
Client 1954: 3.9409
Client 1464: 3.5391
Client 1817: 4.2900
Client 1001: 3.4293
Client 277: 3.3113
Client 1187: 3.2534
Client 1128: 3.8022
Client 1577: 2.8865
Client 213: 3.0466
Client 656: 4.3198
Client 80: 3.5613
Client 832: 4.4608
Client 149: 3.5855
Client 778: 3.9267
Client 1773: 3.1977
Client 1614: 4.4351
Client 301: 3.7128
Client 1696: 4.3438
Client 256: 2.6360
Client 698: 2.4981
Client 234: 4.1802
Client 1259: 4.5104
Client 1203: 4.2103
Client 1601: 2.7043
Client 1896: 3.7886
Client 774: 2.8951
Client 156: 4.0303
Client 1168: 3.4983
Client 1126: 3.2634
Client 458: 3.1953
Client 1159: 4.3118
Client 167: 4.4523
Client 1950: 3.7882
Client 546: 3.1186
Client 747: 3.2362
Client 1824: 3.7448
Client 605: 4.0625
Client 1155: 4.6791
Client 1894: 3.3609
Client 937: 3.8458
Client 1836: 3.1966
Client 567: 4.0044
Client 220: 3.6498
Client 1611: 4.0229
Client 93: 4.5489
Client 1695: 3.9454
Client 25: 3.3454
Client 1256: 3.6640
Client 1373: 3.9940
Client 29: 4.1732
Client 187: 3.7913
Client 846: 3.9972
Client 235: 2.8585
Client 1691: 3.5434
Client 1812: 3.5732
Round avg loss: 3.6158 (Best: 3.5243)

--- Round 6/20 ---
Client 1617: 4.0452
Client 81: 4.4258
Client 384: 3.8884
Client 490: 2.9321
Client 1608: 3.4883
Client 1201: 3.9104
Client 862: 3.8411
Client 331: 4.4377
Client 236: 3.9785
Client 923: 3.0979
Client 342: 2.9298
Client 1394: 4.2988
Client 494: 2.0420
Client 325: 4.3857
Client 1523: 3.7097
Client 1730: 4.0126
Client 210: 2.8232
Client 891: 3.4150
Client 1865: 2.2524
Client 1975: 3.7053
Client 774: 2.7773
Client 1651: 4.2517
Client 1987: 3.5930
Client 1111: 3.8195
Client 1862: 4.3531
Client 1675: 3.4104
Client 602: 3.3293
Client 1126: 3.1795
Client 518: 4.5114
Client 1457: 3.3867
Client 976: 4.5408
Client 644: 4.1856
Client 205: 3.0132
Client 425: 4.3121
Client 1335: 4.5137
Client 650: 3.5829
Client 55: 4.4335
Client 21: 3.4111
Client 1611: 3.9019
Client 1895: 2.5081
Client 605: 3.9706
Client 1487: 3.0790
Client 1221: 2.9459
Client 655: 3.4141
Client 921: 2.1362
Client 801: 3.1271
Client 641: 4.7418
Client 816: 3.1452
Client 128: 3.1949
Client 131: 3.3661
Client 1870: 4.3031
Client 649: 3.1596
Client 1986: 3.5081
Client 1231: 4.3397
Client 933: 2.1499
Client 228: 3.5475
Client 512: 3.2110
Client 440: 3.5436
Client 1607: 4.5831
Client 1265: 3.6164
Client 1593: 4.0304
Client 1825: 3.8380
Client 1776: 1.6216
Client 1409: 3.2966
Client 960: 3.9931
Client 1355: 4.0863
Client 728: 4.5154
Client 530: 3.8732
Client 375: 4.0769
Client 1109: 3.0450
Client 629: 3.9950
Client 407: 4.4497
Client 504: 2.7350
Client 738: 3.9295
Client 166: 4.2230
Client 1679: 4.5641
Client 575: 3.7844
Client 183: 1.6368
Client 1542: 3.5562
Client 917: 3.1923
Client 185: 3.9148
Client 1176: 4.1824
Client 1317: 3.5395
Client 694: 3.5124
Client 1926: 4.4154
Client 465: 4.3382
Client 799: 4.3236
Client 1979: 3.1145
Client 628: 2.7748
Client 84: 3.3453
Client 670: 3.0329
Client 382: 4.2410
Client 648: 4.0802
Client 1623: 3.7769
Client 1734: 3.7594
Client 1185: 4.4654
Client 1829: 3.6255
Client 1886: 2.8162
Client 620: 3.3377
Client 503: 3.2429
Round avg loss: 3.6200 (Best: 3.5243)

--- Round 7/20 ---
Client 684: 4.8378
Client 206: 4.3505
Client 1114: 3.3956
Client 1252: 4.1935
Client 1185: 4.3257
Client 1653: 3.5101
Client 1220: 3.3588
Client 188: 4.2267
Client 501: 3.0002
Client 450: 3.6855
Client 41: 4.1395
Client 1655: 2.5382
Client 499: 3.1183
Client 822: 3.1806
Client 148: 3.6276
Client 548: 3.4449
Client 1128: 3.6872
Client 1776: 1.6013
Client 145: 2.5056
Client 1493: 3.5261
Client 153: 4.1402
Client 44: 3.6473
Client 1301: 3.1918
Client 20: 3.9973
Client 595: 4.0224
Client 1537: 4.3577
Client 1622: 3.2909
Client 735: 1.3324
Client 1010: 4.4419
Client 960: 3.8567
Client 1766: 3.4765
Client 1759: 2.6683
Client 315: 3.7892
Client 1026: 3.4345
Client 1592: 3.5694
Client 1628: 3.3403
Client 671: 3.1149
Client 157: 3.1780
Client 1042: 3.5592
Client 1944: 4.8727
Client 1362: 1.6817
Client 354: 3.2211
Client 367: 3.9072
Client 1589: 3.1814
Client 306: 3.4899
Client 289: 3.5565
Client 1682: 4.0224
Client 1772: 3.9538
Client 654: 3.8512
Client 625: 2.3798
Client 218: 3.2405
Client 1452: 3.6989
Client 1053: 4.1724
Client 1709: 3.2966
Client 1882: 2.9099
Client 1232: 3.3489
Client 601: 3.7502
Client 258: 3.6125
Client 1830: 3.4411
Client 423: 3.6401
Client 290: 3.2795
Client 1117: 3.8354
Client 1864: 3.7002
Client 1479: 3.3101
Client 65: 2.5445
Client 1596: 4.3080
Client 647: 3.1959
Client 1681: 3.2585
Client 1849: 4.2632
Client 1276: 3.7429
Client 1646: 3.8142
Client 1376: 2.5274
Client 1857: 3.1845
Client 1132: 4.0769
Client 1721: 3.6735
Client 1932: 3.1400
Client 1528: 4.2028
Client 1412: 3.0243
Client 420: 3.7062
Client 364: 3.1155
Client 612: 3.9889
Client 886: 3.5187
Client 1100: 3.6682
Client 323: 3.6722
Client 99: 4.1854
Client 1463: 3.4563
Client 1765: 3.9340
Client 1367: 3.8453
Client 506: 4.4616
Client 517: 3.1576
Client 131: 3.2784
Client 1396: 3.8258
Client 1973: 3.0531
Client 914: 4.5900
Client 880: 3.9201
Client 1124: 3.4070
Client 512: 3.1171
Client 1108: 1.6351
Client 899: 4.0480
Client 1743: 4.0532
Round avg loss: 3.5261 (Best: 3.5243)

--- Round 8/20 ---
Client 1101: 3.4600
Client 928: 2.9502
Client 22: 3.6274
Client 810: 4.0027
Client 1712: 2.5040
Client 693: 3.7621
Client 351: 2.7207
Client 528: 4.4233
Client 994: 4.2038
Client 49: 4.1837
Client 1624: 2.8974
Client 1323: 3.4629
Client 1910: 3.7739
Client 853: 2.9960
Client 1999: 3.4099
Client 1168: 3.4521
Client 38: 4.1054
Client 127: 4.8844
Client 1416: 4.2453
Client 726: 4.0854
Client 1187: 3.0959
Client 283: 4.0337
Client 1215: 4.2405
Client 256: 2.5583
Client 530: 3.7263
Client 1697: 3.4858
Client 567: 3.9455
Client 814: 3.9066
Client 1155: 4.5576
Client 821: 2.9520
Client 352: 3.8499
Client 1254: 4.3630
Client 182: 3.1636
Client 478: 3.4697
Client 995: 3.5650
Client 15: 4.2114
Client 363: 3.8812
Client 1082: 3.4853
Client 649: 3.0821
Client 1025: 4.0443
Client 1828: 4.7422
Client 1328: 3.6477
Client 1885: 3.6804
Client 897: 3.6274
Client 1904: 3.2547
Client 1405: 2.7366
Client 1308: 4.3319
Client 1497: 3.4710
Client 462: 3.8918
Client 488: 3.3726
Client 640: 3.1282
Client 1013: 4.3505
Client 1406: 3.5825
Client 980: 3.8873
Client 1958: 3.3242
Client 460: 3.0726
Client 1459: 4.0377
Client 844: 3.8052
Client 690: 3.9432
Client 1147: 3.5885
Client 1251: 2.7752
Client 1857: 3.1737
Client 1491: 3.6174
Client 1879: 3.1375
Client 1338: 3.2147
Client 563: 3.7198
Client 1991: 3.8779
Client 449: 3.9049
Client 98: 3.2357
Client 1887: 3.8200
Client 146: 3.6114
Client 1563: 3.1507
Client 1047: 3.5740
Client 1321: 3.0344
Client 1796: 3.1005
Client 755: 4.2871
Client 326: 3.4059
Client 1568: 3.7427
Client 1622: 3.2302
Client 1808: 3.1782
Client 417: 3.3335
Client 638: 3.6121
Client 611: 3.7648
Client 1418: 3.8779
Client 613: 2.8470
Client 1738: 4.5484
Client 1131: 3.5044
Client 761: 3.7776
Client 338: 3.4347
Client 1436: 3.8199
Client 1508: 3.2827
Client 951: 3.5165
Client 1217: 2.8765
Client 174: 2.7023
Client 1753: 3.8099
Client 252: 3.1856
Client 1836: 3.0932
Client 1241: 2.6285
Client 1966: 3.7563
Client 1052: 3.2446
Round avg loss: 3.5765 (Best: 3.5243)

--- Round 9/20 ---
Client 1169: 3.3133
Client 772: 3.4689
Client 361: 3.4576
Client 319: 4.2935
Client 513: 3.5243
Client 873: 2.9620
Client 445: 2.6599
Client 1928: 3.8157
Client 1166: 2.5235
Client 1473: 2.9645
Client 1551: 3.1689
Client 1602: 3.4461
Client 106: 2.6922
Client 1013: 4.2189
Client 1395: 3.1777
Client 806: 2.3653
Client 1468: 4.2093
Client 1304: 3.8267
Client 712: 3.7927
Client 786: 3.4330
Client 1054: 3.9020
Client 1731: 4.2262
Client 337: 4.7998
Client 1114: 3.2510
Client 1494: 4.3101
Client 83: 4.0679
Client 1073: 3.4135
Client 185: 3.8310
Client 1654: 2.6437
Client 522: 3.9019
Client 1287: 3.8007
Client 206: 4.2925
Client 547: 4.1031
Client 1509: 3.1642
Client 1869: 2.8194
Client 171: 2.8597
Client 1964: 2.4345
Client 1996: 3.8508
Client 284: 3.5066
Client 1984: 3.8120
Client 1588: 3.4260
Client 1263: 3.9931
Client 1724: 2.5402
Client 1980: 4.3625
Client 1351: 4.0005
Client 1406: 3.4962
Client 1434: 4.4946
Client 167: 4.3364
Client 911: 4.6298
Client 1742: 4.0318
Client 1892: 3.5281
Client 493: 4.0142
Client 1989: 3.5540
Client 783: 3.5827
Client 1925: 3.3293
Client 1643: 3.4446
Client 1850: 4.3227
Client 886: 3.4513
Client 813: 4.4427
Client 1863: 2.3858
Client 666: 2.4321
Client 897: 3.5092
Client 258: 3.5406
Client 1274: 2.3570
Client 1861: 3.9788
Client 999: 3.4123
Client 434: 3.5604
Client 244: 3.2749
Client 883: 3.3274
Client 1230: 4.5841
Client 1093: 3.3897
Client 836: 2.1668
Client 1862: 4.2498
Client 241: 3.2698
Client 1352: 3.9651
Client 605: 3.9060
Client 568: 2.3400
Client 508: 3.3985
Client 775: 3.1365
Client 1535: 3.6427
Client 1145: 2.3548
Client 8: 3.8288
Client 1965: 3.4802
Client 388: 3.9260
Client 1082: 3.3815
Client 898: 3.4849
Client 1185: 4.2226
Client 43: 4.2467
Client 63: 3.0957
Client 1285: 3.3458
Client 1992: 4.0187
Client 1240: 3.7552
Client 496: 4.6011
Client 1710: 3.9634
Client 533: 3.3984
Client 423: 3.5782
Client 354: 3.1422
Client 583: 4.1580
Client 303: 3.7192
Client 1110: 4.0517
Round avg loss: 3.5687 (Best: 3.5243)

--- Round 10/20 ---
Client 410: 3.2867
Client 559: 3.8366
Client 637: 2.8909
Client 1199: 3.9547
Client 1551: 3.1060
Client 513: 3.4413
Client 1704: 3.5235
Client 1399: 3.2263
Client 914: 4.4816
Client 1620: 2.3490
Client 1763: 2.6805
Client 1656: 3.7683
Client 1751: 2.6319
Client 1993: 3.9125
Client 344: 3.9395
Client 1116: 4.2289
Client 731: 3.6825
Client 1005: 3.8684
Client 860: 3.6659
Client 1752: 3.9514
Client 249: 4.5181
Client 1575: 4.4491
Client 427: 4.9042
Client 1168: 3.2688
Client 1800: 4.1375
Client 784: 3.8462
Client 419: 3.5022
Client 581: 3.9044
Client 1660: 4.2347
Client 221: 4.3842
Client 1851: 3.9680
Client 1653: 3.4120
Client 49: 4.0964
Client 241: 3.2018
Client 1165: 3.7378
Client 1530: 3.7381
Client 27: 3.6407
Client 607: 3.9141
Client 1976: 3.7624
Client 1380: 3.6674
Client 1558: 2.5466
Client 1483: 3.2071
Client 1329: 3.9458
Client 279: 3.3341
Client 153: 4.0191
Client 1024: 4.4086
Client 765: 3.4739
Client 1172: 3.6361
Client 1649: 2.8948
Client 895: 3.1079
Client 1030: 3.8618
Client 1387: 4.0652
Client 730: 3.0140
Client 1553: 4.3092
Client 1082: 3.2262
Client 662: 4.3565
Client 1: 2.7544
Client 253: 3.3212
Client 905: 3.9979
Client 1470: 3.8867
Client 920: 3.3624
Client 717: 3.5751
Client 624: 3.2029
Client 1104: 3.5859
Client 817: 2.7653
Client 695: 4.0643
Client 1603: 3.7256
Client 1497: 3.3436
Client 1170: 3.9171
Client 1008: 4.6466
Client 231: 3.1133
Client 1326: 3.8414
Client 1879: 2.9699
Client 773: 3.8328
Client 783: 3.4395
Client 417: 3.2043
Client 1140: 3.6731
Client 7: 3.2947
Client 568: 2.2056
Client 1301: 3.0731
Client 1225: 3.8739
Client 1479: 3.1859
Client 1805: 3.7538
Client 1512: 2.6019
Client 1698: 3.5236
Client 1491: 3.4652
Client 1046: 3.5677
Client 407: 4.3556
Client 1890: 3.4533
Client 945: 4.1931
Client 1230: 4.4658
Client 1709: 3.2555
Client 1058: 4.1246
Client 837: 3.2743
Client 1919: 3.0998
Client 1525: 2.8739
Client 1458: 4.1169
Client 625: 2.2926
Client 1439: 4.3419
Client 348: 3.9945
Round avg loss: 3.6073 (Best: 3.5243)

--- Round 11/20 ---
Client 920: 3.2735
Client 1269: 3.8671
Client 1369: 3.4716
Client 1087: 2.7955
Client 404: 2.6203
Client 736: 4.1546
Client 1077: 4.4552
Client 7: 3.1602
Client 1389: 4.1508
Client 797: 2.7733
Client 1186: 3.3915
Client 872: 3.3201
Client 1987: 3.4703
Client 829: 2.7507
Client 688: 3.4022
Client 1763: 2.5243
Client 1273: 3.4720
Client 1196: 3.6398
Client 1995: 2.3310
Client 1502: 4.4701
Client 1432: 2.7663
Client 1838: 4.2961
Client 1981: 3.5037
Client 1533: 4.1825
Client 138: 3.2476
Client 1009: 3.6713
Client 1527: 2.9321
Client 507: 4.1947
Client 1311: 4.6491
Client 1980: 4.2546
Client 1328: 3.5423
Client 595: 3.9083
Client 1289: 3.4882
Client 42: 4.0838
Client 833: 4.1642
Client 1477: 3.4518
Client 1288: 3.2981
Client 319: 4.1585
Client 1297: 3.1565
Client 1595: 3.6376
Client 1919: 2.9889
Client 813: 4.3238
Client 1602: 3.3506
Client 553: 1.6290
Client 1733: 3.2669
Client 364: 3.0061
Client 1571: 3.9820
Client 150: 4.2718
Client 1669: 3.3950
Client 1589: 3.0634
Client 1239: 3.5099
Client 20: 3.8772
Client 715: 3.4899
Client 1869: 2.7607
Client 541: 2.9276
Client 1634: 3.9185
Client 1450: 4.4558
Client 842: 3.4039
Client 1789: 4.5148
Client 1402: 3.9642
Client 1114: 3.1758
Client 621: 2.8274
Client 311: 2.4012
Client 946: 3.6132
Client 1705: 3.3441
Client 531: 4.4454
Client 992: 3.9411
Client 347: 4.3603
Client 956: 3.7853
Client 1045: 2.8409
Client 92: 4.0649
Client 554: 4.2127
Client 201: 3.2427
Client 1525: 2.7829
Client 1209: 3.6725
Client 865: 3.7358
Client 142: 3.2648
Client 727: 3.8269
Client 137: 1.6207
Client 1345: 4.5679
Client 906: 3.7578
Client 40: 4.0983
Client 336: 3.3908
Client 1038: 3.2244
Client 1454: 2.8581
Client 1937: 4.7086
Client 331: 4.3603
Client 1414: 4.6377
Client 190: 4.0254
Client 823: 2.8275
Client 1302: 4.1200
Client 1410: 2.3779
Client 564: 3.4168
Client 623: 3.4023
Client 427: 4.7973
Client 1081: 4.1214
Client 425: 4.2270
Client 485: 2.5901
Client 1814: 3.0901
Client 683: 2.4696
Round avg loss: 3.5441 (Best: 3.5243)

--- Round 12/20 ---
Client 551: 3.2541
Client 140: 3.8651
Client 153: 3.9095
Client 1431: 3.8744
Client 1701: 3.5542
Client 1864: 3.5777
Client 1071: 2.8013
Client 1349: 2.9807
Client 754: 4.0098
Client 958: 3.0732
Client 1047: 3.4758
Client 1142: 2.8513
Client 1508: 3.2409
Client 101: 2.5456
Client 345: 3.0284
Client 608: 3.9033
Client 1337: 4.3138
Client 1505: 3.3022
Client 1461: 5.1115
Client 1669: 3.2976
Client 1139: 3.3941
Client 552: 3.2666
Client 728: 4.4031
Client 1248: 3.8780
Client 1515: 3.9845
Client 475: 3.2414
Client 803: 3.7400
Client 1149: 3.8308
Client 818: 3.2786
Client 352: 3.7453
Client 990: 3.0344
Client 1617: 3.9643
Client 531: 4.3105
Client 1775: 4.0527
Client 1250: 2.8697
Client 675: 4.5626
Client 1466: 3.4895
Client 455: 3.3525
Client 529: 4.0204
Client 1973: 3.0082
Client 1249: 3.5423
Client 1447: 2.1092
Client 500: 2.6153
Client 1728: 3.8287
Client 1353: 3.8341
Client 62: 2.6823
Client 1744: 3.5177
Client 1841: 4.4280
Client 1778: 3.5535
Client 1274: 2.3298
Client 824: 2.8612
Client 648: 3.9337
Client 1900: 4.1075
Client 884: 3.0775
Client 1911: 3.3276
Client 1559: 4.2718
Client 508: 3.2720
Client 1608: 3.3961
Client 388: 3.7679
Client 148: 3.5627
Client 1281: 3.4486
Client 1499: 3.2988
Client 339: 3.8514
Client 1783: 3.6472
Client 1992: 3.9359
Client 1186: 3.2678
Client 908: 4.0856
Client 1190: 3.9932
Client 1870: 4.1550
Client 1910: 3.7181
Client 1491: 3.3437
Client 303: 3.6096
Client 1241: 2.5107
Client 1936: 3.2016
Client 536: 3.1997
Client 940: 2.3393
Client 1078: 3.2394
Client 332: 3.0208
Client 283: 3.8978
Client 1594: 3.6119
Client 282: 3.8386
Client 1830: 3.3451
Client 1465: 3.7280
Client 902: 2.6563
Client 739: 3.5440
Client 634: 4.2579
Client 1538: 3.8935
Client 820: 4.1164
Client 492: 3.4132
Client 237: 2.4038
Client 1470: 3.7706
Client 422: 3.7809
Client 1471: 3.7668
Client 1395: 3.1540
Client 625: 2.2057
Client 139: 3.4970
Client 217: 2.3479
Client 466: 2.3305
Client 813: 4.2340
Client 658: 2.6815
Round avg loss: 3.4776 (Best: 3.4776)

--- Round 13/20 ---
Client 1008: 4.5598
Client 1901: 3.8520
Client 204: 4.1189
Client 1956: 4.4635
Client 382: 4.1355
Client 92: 3.9134
Client 113: 3.8747
Client 1657: 3.3063
Client 1223: 3.7809
Client 47: 0.6931
Client 1820: 4.6565
Client 1540: 3.1831
Client 443: 3.2471
Client 1399: 3.0704
Client 71: 4.0345
Client 1012: 2.1735
Client 1441: 3.5602
Client 1082: 3.1374
Client 1668: 2.9829
Client 1482: 3.7458
Client 1974: 3.9546
Client 1816: 2.7942
Client 1255: 4.2225
Client 905: 3.8485
Client 701: 2.5155
Client 1357: 2.6357
Client 1715: 3.4015
Client 562: 2.8730
Client 241: 3.1153
Client 1418: 3.7650
Client 353: 4.0251
Client 195: 3.6385
Client 454: 3.0063
Client 818: 3.1261
Client 477: 3.6998
Client 1013: 4.1494
Client 921: 1.9946
Client 773: 3.7737
Client 1537: 4.2202
Client 345: 2.8998
Client 1993: 3.8086
Client 474: 4.9600
Client 482: 3.9454
Client 1679: 4.4152
Client 580: 4.4724
Client 947: 3.2536
Client 1120: 3.5759
Client 1187: 3.0136
Client 797: 2.6982
Client 433: 2.1703
Client 925: 2.9854
Client 1464: 3.4224
Client 528: 4.3356
Client 676: 4.4850
Client 1016: 3.5915
Client 1215: 4.0954
Client 227: 4.4084
Client 1862: 4.1096
Client 437: 3.7020
Client 161: 3.6541
Client 94: 2.0810
Client 31: 4.6336
Client 1633: 1.2152
Client 10: 3.4342
Client 1756: 2.9485
Client 983: 2.6569
Client 654: 3.7606
Client 784: 3.7203
Client 1736: 3.5350
Client 1188: 3.7148
Client 588: 4.0448
Client 1881: 2.1033
Client 401: 2.5662
Client 819: 2.7186
Client 327: 2.1762
Client 1802: 2.9216
Client 1688: 2.7826
Client 1553: 4.1587
Client 1323: 3.3541
Client 311: 2.3067
Client 1625: 3.3993
Client 1871: 4.3660
Client 62: 2.6606
Client 793: 3.0855
Client 297: 3.1893
Client 1794: 4.3157
Client 1361: 4.2345
Client 1111: 3.7479
Client 116: 4.1425
Client 1156: 2.9535
Client 777: 3.2932
Client 520: 2.8752
Client 266: 4.4367
Client 162: 4.0112
Client 1335: 4.4077
Client 1720: 4.1377
Client 621: 2.6868
Client 1855: 3.3324
Client 29: 4.0754
Client 72: 2.3916
Round avg loss: 3.4583 (Best: 3.4583)

--- Round 14/20 ---
Client 1099: 4.0967
Client 124: 4.0639
Client 1075: 2.6389
Client 1721: 3.6158
Client 264: 3.2610
Client 87: 3.3667
Client 1911: 3.2470
Client 560: 3.9148
Client 1599: 3.4611
Client 240: 3.5164
Client 885: 3.1255
Client 186: 2.8977
Client 389: 2.1511
Client 56: 3.6452
Client 1023: 3.4387
Client 1305: 4.3481
Client 266: 4.3413
Client 1524: 2.9456
Client 571: 4.2299
Client 1406: 3.4099
Client 1673: 3.2351
Client 1731: 4.1060
Client 393: 4.0982
Client 1357: 2.5426
Client 916: 2.8169
Client 798: 2.3693
Client 675: 4.4368
Client 1292: 3.7969
Client 548: 3.4039
Client 1985: 3.0217
Client 532: 4.4192
Client 1314: 2.8669
Client 1301: 3.0097
Client 497: 3.5129
Client 502: 3.4340
Client 123: 3.1206
Client 1204: 4.0390
Client 1915: 2.8570
Client 1613: 4.3300
Client 1209: 3.5768
Client 358: 4.2398
Client 716: 3.7586
Client 877: 1.9166
Client 1239: 3.3499
Client 1429: 3.3351
Client 1147: 3.4491
Client 1307: 2.8792
Client 1069: 3.6223
Client 1984: 3.6909
Client 1853: 4.1934
Client 723: 3.4835
Client 1120: 3.4600
Client 845: 2.4234
Client 1102: 3.4768
Client 408: 3.4729
Client 1457: 3.2469
Client 1802: 2.8123
Client 1098: 3.4232
Client 868: 4.1222
Client 1883: 3.7277
Client 1356: 3.5686
Client 143: 3.4847
Client 1461: 4.9983
Client 547: 3.9483
Client 1522: 3.6371
Client 1250: 2.7844
Client 1476: 3.6923
Client 1991: 3.7819
Client 1540: 3.0950
Client 148: 3.4379
Client 515: 2.4081
Client 363: 3.7816
Client 1999: 3.3258
Client 197: 4.4346
Client 309: 3.4416
Client 120: 4.3180
Client 1881: 2.0380
Client 416: 3.6206
Client 1750: 2.4150
Client 876: 3.5137
Client 1745: 4.2355
Client 91: 3.6750
Client 108: 4.2395
Client 1304: 3.7239
Client 1868: 3.9913
Client 1665: 4.1528
Client 1050: 4.1500
Client 960: 3.6802
Client 1026: 3.3333
Client 758: 3.1969
Client 203: 4.0810
Client 640: 3.0428
Client 82: 3.4443
Client 259: 3.8418
Client 1088: 4.4616
Client 67: 4.5358
Client 907: 3.0534
Client 1360: 2.7275
Client 262: 4.2016
Client 1833: 2.9572
Round avg loss: 3.5124 (Best: 3.4583)

--- Round 15/20 ---
Client 809: 4.0417
Client 1563: 3.1157
Client 1449: 3.3666
Client 1840: 3.9774
Client 1806: 4.3281
Client 913: 3.0328
Client 50: 3.2667
Client 1508: 3.1325
Client 1074: 3.8652
Client 552: 3.1809
Client 185: 3.7326
Client 512: 2.9935
Client 1639: 2.9086
Client 666: 2.3223
Client 175: 3.4650
Client 618: 3.0907
Client 70: 2.3784
Client 1760: 3.3478
Client 786: 3.3573
Client 119: 3.0633
Client 1500: 2.1961
Client 534: 3.6712
Client 641: 4.6261
Client 1505: 3.2656
Client 266: 4.2552
Client 533: 3.2811
Client 1627: 3.2989
Client 778: 3.8493
Client 1652: 4.5288
Client 239: 4.2610
Client 1752: 3.8632
Client 1388: 3.4708
Client 622: 2.9851
Client 192: 4.3479
Client 870: 3.9933
Client 1723: 3.3699
Client 502: 3.2899
Client 1029: 4.1124
Client 1141: 3.6401
Client 420: 3.6305
Client 676: 4.3163
Client 1890: 3.3356
Client 693: 3.6548
Client 1043: 2.6769
Client 1604: 4.3792
Client 800: 3.5332
Client 1958: 3.2545
Client 1834: 3.0108
Client 1196: 3.5488
Client 985: 3.3483
Client 214: 3.6023
Client 265: 4.1843
Client 1336: 3.4077
Client 1668: 2.9116
Client 918: 2.1373
Client 1072: 3.5496
Client 1144: 4.0259
Client 1473: 2.8780
Client 1728: 3.7066
Client 1709: 3.1878
Client 1190: 3.9233
Client 1436: 3.6928
Client 1065: 4.4662
Client 1096: 3.9887
Client 61: 3.1651
Client 1836: 3.0157
Client 1703: 3.9519
Client 596: 2.3788
Client 1522: 3.4933
Client 321: 2.2072
Client 409: 3.9796
Client 758: 3.0531
Client 797: 2.6054
Client 1067: 3.8537
Client 664: 3.0659
Client 199: 2.5025
Client 838: 3.9536
Client 707: 3.6163
Client 258: 3.4086
Client 1177: 3.8763
Client 132: 4.2266
Client 89: 4.0176
Client 615: 3.3586
Client 1669: 3.1397
Client 1636: 3.9490
Client 1333: 3.6051
Client 1092: 3.5672
Client 642: 3.1249
Client 855: 4.4377
Client 610: 4.4176
Client 652: 3.2689
Client 722: 2.9494
Client 558: 2.6523
Client 1533: 4.1240
Client 1532: 3.1200
Client 1026: 3.2403
Client 17: 3.8991
Client 1077: 4.3314
Client 249: 4.3945
Client 304: 4.4241
Round avg loss: 3.5100 (Best: 3.4583)

--- Round 16/20 ---
Client 649: 2.9736
Client 1872: 4.0075
Client 1488: 3.4279
Client 666: 2.1817
Client 1607: 4.4965
Client 670: 2.9560
Client 1173: 3.9187
Client 140: 3.7526
Client 925: 2.8652
Client 572: 3.8240
Client 982: 4.0533
Client 930: 3.8664
Client 1869: 2.6796
Client 745: 4.1233
Client 1899: 3.7640
Client 1518: 4.3111
Client 1986: 3.4463
Client 779: 1.6834
Client 1670: 4.5940
Client 1821: 3.2331
Client 1895: 2.4592
Client 160: 3.3405
Client 1888: 2.7239
Client 1185: 4.1197
Client 1641: 4.1791
Client 114: 4.3360
Client 275: 3.3332
Client 99: 4.0647
Client 1072: 3.4052
Client 1007: 2.5328
Client 1178: 3.4557
Client 1747: 4.5685
Client 515: 2.2966
Client 1605: 4.2682
Client 502: 3.1605
Client 1439: 4.2456
Client 1175: 3.9467
Client 1529: 4.2141
Client 693: 3.5507
Client 740: 3.0470
Client 1929: 2.2896
Client 1632: 3.7599
Client 1317: 3.4764
Client 758: 2.9871
Client 824: 2.8046
Client 629: 3.8687
Client 951: 3.4330
Client 1225: 3.7027
Client 697: 3.6900
Client 1089: 4.0634
Client 1039: 3.6925
Client 343: 3.8802
Client 59: 3.0753
Client 303: 3.5484
Client 512: 2.9006
Client 1407: 3.8852
Client 452: 3.0802
Client 1152: 4.9028
Client 273: 2.9634
Client 1857: 3.0838
Client 230: 4.2605
Client 378: 4.2309
Client 1569: 2.7888
Client 841: 3.4126
Client 1923: 3.9063
Client 1490: 4.2918
Client 1269: 3.7315
Client 102: 3.5188
Client 1662: 2.4891
Client 203: 3.9762
Client 1117: 3.7289
Client 1395: 2.9638
Client 544: 2.7368
Client 1463: 3.3448
Client 219: 4.1496
Client 418: 2.7340
Client 535: 3.7557
Client 136: 3.8055
Client 1294: 3.7509
Client 1169: 3.2370
Client 1078: 3.0761
Client 1312: 3.2450
Client 1751: 2.5464
Client 149: 3.5119
Client 1626: 2.4558
Client 1742: 3.9268
Client 445: 2.5710
Client 1716: 3.4816
Client 355: 3.8419
Client 1047: 3.3644
Client 1765: 3.7892
Client 884: 2.9098
Client 44: 3.5636
Client 1209: 3.5051
Client 753: 3.3097
Client 1843: 4.2455
Client 1735: 3.7610
Client 996: 3.8012
Client 1454: 2.7114
Client 1653: 3.2991
Round avg loss: 3.4822 (Best: 3.4583)

--- Round 17/20 ---
Client 581: 3.7907
Client 450: 3.5437
Client 1825: 3.7631
Client 410: 3.2041
Client 1224: 3.0746
Client 1010: 4.3707
Client 1772: 3.8852
Client 1840: 3.8883
Client 1828: 4.6330
Client 481: 3.9307
Client 871: 3.9958
Client 926: 3.7292
Client 1383: 3.4832
Client 751: 2.8598
Client 1115: 3.6503
Client 1869: 2.5840
Client 1934: 3.4507
Client 386: 3.3858
Client 1634: 3.8245
Client 987: 3.0481
Client 1486: 3.6752
Client 148: 3.3388
Client 1667: 3.9851
Client 1721: 3.5178
Client 1999: 3.2612
Client 525: 4.2182
Client 834: 3.4175
Client 412: 3.8859
Client 16: 3.3770
Client 1529: 4.0815
Client 1089: 3.9564
Client 1577: 2.8205
Client 779: 1.6737
Client 1053: 4.0734
Client 1794: 4.1875
Client 997: 3.9336
Client 156: 3.9422
Client 826: 3.5409
Client 1261: 3.1565
Client 1807: 2.4299
Client 1044: 3.0437
Client 1630: 3.2582
Client 1184: 3.9405
Client 1197: 3.1327
Client 82: 3.3159
Client 720: 3.6103
Client 1743: 3.9359
Client 938: 3.5276
Client 13: 4.0436
Client 388: 3.7022
Client 1967: 3.9358
Client 613: 2.8171
Client 1425: 3.8615
Client 1415: 4.3170
Client 1314: 2.7861
Client 11: 2.9201
Client 1107: 3.9935
Client 245: 4.2850
Client 1683: 4.3211
Client 619: 3.7741
Client 1049: 3.4035
Client 1816: 2.7746
Client 646: 3.2690
Client 1988: 2.8144
Client 1590: 3.6565
Client 1112: 2.7782
Client 1321: 2.9371
Client 1171: 3.8337
Client 1129: 3.5195
Client 578: 4.2207
Client 1076: 3.1450
Client 842: 3.2962
Client 1110: 3.9216
Client 1924: 3.8238
Client 1676: 3.2748
Client 1898: 4.4839
Client 1952: 3.9293
Client 1060: 4.1015
Client 836: 1.9664
Client 1234: 4.0430
Client 1290: 2.9272
Client 1190: 3.8173
Client 630: 3.2040
Client 618: 3.0170
Client 268: 3.8550
Client 1036: 3.4360
Client 909: 3.1357
Client 1200: 3.7360
Client 287: 4.4235
Client 1126: 2.9851
Client 1582: 3.8880
Client 1995: 2.2404
Client 333: 2.6511
Client 517: 3.0500
Client 1303: 3.3921
Client 19: 3.3876
Client 868: 3.9878
Client 1507: 3.6820
Client 1354: 3.0217
Client 1158: 3.2513
Round avg loss: 3.5137 (Best: 3.4583)

--- Round 18/20 ---
Client 74: 4.5611
Client 754: 3.8680
Client 861: 2.6175
Client 823: 2.7298
Client 576: 3.8826
Client 1917: 3.2207
Client 1349: 2.9308
Client 1833: 2.8602
Client 1538: 3.7722
Client 1371: 3.3116
Client 37: 4.3824
Client 1840: 3.8184
Client 185: 3.6532
Client 1894: 3.2475
Client 184: 4.3047
Client 1733: 3.1765
Client 9: 3.2456
Client 785: 1.8338
Client 550: 3.1156
Client 951: 3.3373
Client 556: 3.4217
Client 1630: 3.0956
Client 1600: 4.2286
Client 763: 3.3891
Client 1302: 3.9816
Client 1534: 3.3437
Client 1745: 4.1141
Client 985: 3.2400
Client 1574: 2.8724
Client 689: 3.9423
Client 795: 4.6306
Client 934: 3.5686
Client 1645: 3.3068
Client 238: 3.7351
Client 990: 2.9131
Client 726: 3.9779
Client 296: 3.7316
Client 850: 3.5434
Client 303: 3.4737
Client 352: 3.6103
Client 1667: 3.8505
Client 532: 4.3006
Client 753: 3.2426
Client 1756: 2.8728
Client 260: 3.4382
Client 1207: 4.3863
Client 1610: 2.9376
Client 588: 3.9403
Client 1944: 4.7165
Client 845: 2.2973
Client 528: 4.2110
Client 1923: 3.8085
Client 1052: 3.1681
Client 1514: 4.0969
Client 1415: 4.2140
Client 560: 3.7515
Client 887: 3.5201
Client 687: 3.6159
Client 1591: 4.1937
Client 1871: 4.2629
Client 994: 4.0591
Client 441: 4.0123
Client 1465: 3.6523
Client 1699: 2.7386
Client 1006: 3.7364
Client 1989: 3.4161
Client 1466: 3.4315
Client 870: 3.9140
Client 187: 3.6394
Client 131: 3.2368
Client 265: 4.0858
Client 422: 3.6515
Client 1979: 2.9954
Client 306: 3.3653
Client 469: 3.5622
Client 1495: 2.9775
Client 53: 3.3403
Client 211: 2.4149
Client 518: 4.3898
Client 318: 2.7598
Client 982: 4.0089
Client 1586: 3.3783
Client 1950: 3.6898
Client 202: 3.3825
Client 817: 2.6199
Client 1330: 3.3732
Client 1481: 4.2210
Client 383: 3.0682
Client 1708: 4.0493
Client 6: 3.8684
Client 182: 3.0677
Client 875: 1.6501
Client 1253: 3.2639
Client 1955: 3.6263
Client 104: 3.3159
Client 1125: 4.3441
Client 447: 3.9324
Client 1094: 3.5697
Client 864: 3.7129
Client 710: 3.4983
Round avg loss: 3.5383 (Best: 3.4583)

--- Round 19/20 ---
Client 96: 3.7316
Client 1937: 4.5723
Client 1334: 2.9393
Client 1985: 2.9041
Client 1896: 3.6525
Client 211: 2.4044
Client 1504: 3.4175
Client 1132: 3.9511
Client 1390: 2.7139
Client 859: 3.5692
Client 1709: 3.1058
Client 1375: 3.5849
Client 1517: 2.2317
Client 242: 3.6829
Client 543: 2.4989
Client 1401: 3.7928
Client 570: 2.7611
Client 366: 3.6831
Client 982: 3.8903
Client 1648: 3.3216
Client 1624: 2.7517
Client 1442: 2.9502
Client 1756: 2.7361
Client 97: 3.6908
Client 1610: 2.8357
Client 438: 3.3073
Client 1386: 3.4672
Client 1319: 3.6223
Client 178: 3.4341
Client 1774: 3.5233
Client 798: 2.2720
Client 253: 3.2101
Client 1369: 3.3775
Client 916: 2.8044
Client 602: 3.2109
Client 1396: 3.7175
Client 1040: 3.3713
Client 1019: 3.8155
Client 1853: 4.0504
Client 805: 2.9035
Client 237: 2.3294
Client 1241: 2.4825
Client 1748: 3.4695
Client 981: 2.7466
Client 216: 3.0612
Client 305: 4.0108
Client 791: 3.0146
Client 1256: 3.5908
Client 1854: 3.5495
Client 1438: 3.7423
Client 412: 3.7874
Client 342: 2.8388
Client 1066: 3.5820
Client 527: 3.1086
Client 853: 2.8601
Client 1522: 3.4301
Client 1818: 3.1188
Client 1915: 2.8061
Client 1099: 3.9730
Client 591: 4.0127
Client 1779: 3.7525
Client 1008: 4.4790
Client 1297: 3.1102
Client 1832: 4.1977
Client 1659: 2.7426
Client 1115: 3.5573
Client 1869: 2.5423
Client 439: 3.7282
Client 1615: 3.8946
Client 1555: 3.5369
Client 1277: 4.0386
Client 690: 3.8290
Client 1763: 2.5148
Client 995: 3.4525
Client 210: 2.6643
Client 17: 3.7897
Client 1551: 3.1082
Client 1493: 3.3876
Client 1346: 4.0260
Client 710: 3.3811
Client 1812: 3.4880
Client 1983: 2.7125
Client 1451: 4.0360
Client 547: 3.8717
Client 115: 3.7095
Client 1107: 3.8597
Client 1280: 3.1375
Client 901: 3.8494
Client 614: 3.7743
Client 1556: 3.4107
Client 1851: 3.8960
Client 1725: 2.9540
Client 206: 4.1628
Client 468: 3.5708
Client 562: 2.8072
Client 553: 1.5306
Client 1446: 4.0438
Client 504: 2.6147
Client 843: 4.0712
Client 303: 3.4012
Round avg loss: 3.3561 (Best: 3.3561)

--- Round 20/20 ---
Client 266: 4.1686
Client 524: 2.4807
Client 399: 2.3497
Client 835: 3.1779
Client 1148: 3.4475
Client 1290: 2.8509
Client 1225: 3.6452
Client 1850: 4.1882
Client 1966: 3.6880
Client 119: 2.9698
Client 1091: 3.7973
Client 1708: 3.9076
Client 1247: 3.5218
Client 1043: 2.5563
Client 304: 4.2975
Client 1937: 4.4586
Client 847: 3.2061
Client 553: 1.3192
Client 573: 4.4123
Client 983: 2.5924
Client 1424: 3.3341
Client 626: 3.6594
Client 546: 3.0723
Client 1006: 3.6723
Client 439: 3.5634
Client 1021: 4.4024
Client 753: 3.1539
Client 1226: 4.5155
Client 963: 4.6482
Client 494: 2.0301
Client 693: 3.4557
Client 360: 3.3412
Client 1240: 3.6848
Client 1554: 3.5415
Client 371: 3.1576
Client 1513: 2.6031
Client 1802: 2.6511
Client 1188: 3.5613
Client 1421: 4.4130
Client 923: 2.9781
Client 1095: 3.5161
Client 306: 3.2427
Client 1032: 3.5357
Client 667: 4.7115
Client 1082: 3.0614
Client 1413: 4.0494
Client 276: 3.8580
Client 1321: 2.8342
Client 1559: 4.1680
Client 1662: 2.3447
Client 1825: 3.6643
Client 436: 2.7409
Client 645: 4.1352
Client 1274: 2.1837
Client 1011: 4.1084
Client 675: 4.3199
Client 242: 3.5944
Client 261: 3.4734
Client 1817: 4.1659
Client 286: 3.7611
Client 1430: 4.0107
Client 525: 4.1020
Client 460: 2.9442
Client 180: 4.6300
Client 1301: 2.8636
Client 1103: 1.7129
Client 1697: 3.3773
Client 1439: 4.2075
Client 102: 3.4328
Client 1153: 3.5826
Client 352: 3.4827
Client 1402: 3.8762
Client 237: 2.2078
Client 463: 4.2006
Client 408: 3.3979
Client 1030: 3.7318
Client 1162: 2.8696
Client 1351: 3.8437
Client 1811: 0.6931
Client 630: 3.0492
Client 864: 3.5472
Client 671: 3.0733
Client 8: 3.7444
Client 1584: 3.6118
Client 41: 3.9888
Client 1682: 3.9190
Client 625: 2.0629
Client 1683: 4.2416
Client 1260: 4.6755
Client 451: 2.3979
Client 173: 2.4921
Client 1521: 3.7124
Client 459: 3.8179
Client 1394: 4.1680
Client 1281: 3.3175
Client 1763: 2.4362
Client 698: 2.4162
Client 551: 3.1918
Client 1231: 4.1890
Client 1472: 4.0655
Round avg loss: 3.4323 (Best: 3.3561)
Projector checkpoint saved to fl_results/checkpoints/projector_resnet18_cifar10_resnet18_2000C_5pct_seed1_20260527_011442.pt

Running final evaluations...

>>> Evaluating on 'cifar10' <<<
Files already downloaded and verified
Files already downloaded and verified
[cifar10] Linear split: 40000 train, 10000 val, 10000 test
Linear Epoch 5: Train Loss=0.9253, Val Acc=72.19%
Linear Epoch 10: Train Loss=0.7821, Val Acc=74.54%
Linear Epoch 15: Train Loss=0.7278, Val Acc=75.85%
Linear Epoch 20: Train Loss=0.6988, Val Acc=76.48%
Linear Epoch 25: Train Loss=0.6810, Val Acc=76.77%
Linear Epoch 30: Train Loss=0.6674, Val Acc=77.08%
Linear Epoch 35: Train Loss=0.6585, Val Acc=77.41%
Linear Epoch 40: Train Loss=0.6513, Val Acc=77.67%
Linear Epoch 45: Train Loss=0.6451, Val Acc=77.64%
Linear Epoch 50: Train Loss=0.6408, Val Acc=77.75%
[cifar10] Linear accuracy: 77.84% | Val accuracy: 77.76%
[cifar10] Eval-only accuracy: 11.31%
Running unsupervised k-NN evaluation...
k-NN Top-1 accuracy: 74.38%
Running unsupervised clustering evaluation...
K-Means clustering accuracy (Hungarian matched): 47.26%
Silhouette score: 0.044
Prototype accuracy: 64.39%

>>> Evaluating on 'cifar100' <<<
Files already downloaded and verified
Files already downloaded and verified
[cifar100] Linear split: 40000 train, 10000 val, 10000 test
Linear Epoch 5: Train Loss=2.5734, Val Acc=44.52%
Linear Epoch 10: Train Loss=2.1105, Val Acc=47.95%
Linear Epoch 15: Train Loss=1.9391, Val Acc=49.71%
Linear Epoch 20: Train Loss=1.8467, Val Acc=50.52%
Linear Epoch 25: Train Loss=1.7880, Val Acc=51.04%
Linear Epoch 30: Train Loss=1.7481, Val Acc=51.55%
Linear Epoch 35: Train Loss=1.7173, Val Acc=52.00%
Linear Epoch 40: Train Loss=1.6966, Val Acc=52.45%
Linear Epoch 45: Train Loss=1.6784, Val Acc=52.63%
Linear Epoch 50: Train Loss=1.6644, Val Acc=52.91%
[cifar100] Linear accuracy: 52.57% | Val accuracy: 52.91%
[cifar100] Eval-only accuracy: 0.98%
Running unsupervised k-NN evaluation...
k-NN Top-1 accuracy: 48.17%
Running unsupervised clustering evaluation...
K-Means clustering accuracy (Hungarian matched): 22.46%
Silhouette score: 0.030
Prototype accuracy: 43.20%

>>> Evaluating on 'tiny' <<<
[tiny] Linear split: 80000 train, 20000 val, 10000 test
Linear Epoch 5: Train Loss=2.7348, Val Acc=45.11%
Linear Epoch 10: Train Loss=2.3443, Val Acc=48.05%
Linear Epoch 15: Train Loss=2.2161, Val Acc=49.25%
Linear Epoch 20: Train Loss=2.1537, Val Acc=50.02%
Linear Epoch 25: Train Loss=2.1173, Val Acc=50.37%
Linear Epoch 30: Train Loss=2.0948, Val Acc=50.74%
Linear Epoch 35: Train Loss=2.0798, Val Acc=50.94%
Linear Epoch 40: Train Loss=2.0686, Val Acc=50.97%
Linear Epoch 45: Train Loss=2.0608, Val Acc=51.25%
Linear Epoch 50: Train Loss=2.0547, Val Acc=51.23%
[tiny] Linear accuracy: 51.00% | Val accuracy: 51.25%
[tiny] Eval-only accuracy: 0.51%
Running unsupervised k-NN evaluation...
k-NN Top-1 accuracy: 44.01%
Running unsupervised clustering evaluation...
K-Means clustering accuracy (Hungarian matched): 18.66%
Silhouette score: 0.023
Prototype accuracy: 44.53%

>>> Evaluating on 'whoi_plankton' <<<
[whoi_plankton] Linear split: 535844 train, 133962 val, 191375 test
[HFImageDataset] WARN: failed to decode row 317330 of nf-whoi/whoi-plankton (UnidentifiedImageError: cannot identify image file <_io.BytesIO object at 0x7e8a5cbc3560>); returning 1x1 black placeholder.
[HFImageDataset] WARN: failed to decode row 83436 of nf-whoi/whoi-plankton (UnidentifiedImageError: cannot identify image file <_io.BytesIO object at 0x7e8a47691e40>); returning 1x1 black placeholder.
Linear Epoch 5: Train Loss=0.8396, Val Acc=75.39%
Linear Epoch 10: Train Loss=0.8156, Val Acc=75.96%
Linear Epoch 15: Train Loss=0.8092, Val Acc=76.05%
Linear Epoch 20: Train Loss=0.8068, Val Acc=76.21%
Linear Epoch 25: Train Loss=0.8054, Val Acc=76.20%
Linear Epoch 30: Train Loss=0.8050, Val Acc=76.19%
Linear Epoch 35: Train Loss=0.8045, Val Acc=76.23%
Linear Epoch 40: Train Loss=0.8044, Val Acc=76.26%
Linear Epoch 45: Train Loss=0.8040, Val Acc=76.28%
Early stopping at epoch 47
[whoi_plankton] Linear accuracy: 76.33% | Val accuracy: 76.33%
[whoi_plankton] Eval-only accuracy: 0.07%
Running unsupervised k-NN evaluation...
k-NN Top-1 accuracy: 81.35%
Running unsupervised clustering evaluation...
K-Means clustering accuracy (Hungarian matched): 11.61%
Silhouette score: 0.040
Prototype accuracy: 34.47%

>>> Evaluating on 'eurosat' <<<
[eurosat] Linear split: 12960 train, 3240 val, 5400 test
Linear Epoch 5: Train Loss=0.9649, Val Acc=81.73%
Linear Epoch 10: Train Loss=0.6575, Val Acc=82.96%
Linear Epoch 15: Train Loss=0.5457, Val Acc=84.07%
Linear Epoch 20: Train Loss=0.4866, Val Acc=84.63%
Linear Epoch 25: Train Loss=0.4503, Val Acc=85.37%
Linear Epoch 30: Train Loss=0.4238, Val Acc=85.90%
Linear Epoch 35: Train Loss=0.4042, Val Acc=85.96%
Linear Epoch 40: Train Loss=0.3888, Val Acc=86.39%
Linear Epoch 45: Train Loss=0.3772, Val Acc=86.79%
Linear Epoch 50: Train Loss=0.3673, Val Acc=87.25%
[eurosat] Linear accuracy: 87.26% | Val accuracy: 87.25%
[eurosat] Eval-only accuracy: 10.89%
Running unsupervised k-NN evaluation...
k-NN Top-1 accuracy: 86.70%
Running unsupervised clustering evaluation...
K-Means clustering accuracy (Hungarian matched): 59.33%
Silhouette score: 0.103
Prototype accuracy: 78.37%

>>> Evaluating on 'bone_marrow' <<<
[bone_marrow] Linear split: 109674 train, 27419 val, 17135 test
[HFImageDataset] WARN: failed to decode row 83795 of ekim15/bone_marrow_cell_dataset (OSError: broken data stream when reading image file); returning 1x1 black placeholder.
Linear Epoch 5: Train Loss=1.6502, Val Acc=48.83%
Linear Epoch 10: Train Loss=1.5863, Val Acc=50.24%
Linear Epoch 15: Train Loss=1.5610, Val Acc=50.97%
Linear Epoch 20: Train Loss=1.5468, Val Acc=51.45%
Linear Epoch 25: Train Loss=1.5370, Val Acc=51.53%
Linear Epoch 30: Train Loss=1.5306, Val Acc=51.68%
Linear Epoch 35: Train Loss=1.5258, Val Acc=51.97%
Linear Epoch 40: Train Loss=1.5215, Val Acc=51.89%
Linear Epoch 45: Train Loss=1.5191, Val Acc=52.16%
Linear Epoch 50: Train Loss=1.5163, Val Acc=52.17%
[bone_marrow] Linear accuracy: 52.66% | Val accuracy: 52.20%
[bone_marrow] Eval-only accuracy: 1.47%
Running unsupervised k-NN evaluation...
k-NN Top-1 accuracy: 48.60%
Running unsupervised clustering evaluation...
K-Means clustering accuracy (Hungarian matched): 15.95%
Silhouette score: 0.033
Prototype accuracy: 30.55%

>>> Evaluating on 'wikiart_style' <<<
[wikiart_style] Linear split: 52124 train, 13031 val, 16289 test
Linear Epoch 5: Train Loss=2.2180, Val Acc=31.58%
Linear Epoch 10: Train Loss=2.1190, Val Acc=33.32%
Linear Epoch 15: Train Loss=2.0777, Val Acc=34.06%
Linear Epoch 20: Train Loss=2.0542, Val Acc=34.38%
Linear Epoch 25: Train Loss=2.0391, Val Acc=34.63%
Linear Epoch 30: Train Loss=2.0280, Val Acc=34.72%
Linear Epoch 35: Train Loss=2.0200, Val Acc=34.97%
Linear Epoch 40: Train Loss=2.0137, Val Acc=34.96%
Linear Epoch 45: Train Loss=2.0085, Val Acc=35.02%
Linear Epoch 50: Train Loss=2.0046, Val Acc=35.19%
[wikiart_style] Linear accuracy: 35.37% | Val accuracy: 35.43%
[wikiart_style] Eval-only accuracy: 4.14%
Running unsupervised k-NN evaluation...
k-NN Top-1 accuracy: 37.19%
Running unsupervised clustering evaluation...
K-Means clustering accuracy (Hungarian matched): 12.41%
Silhouette score: 0.026
Prototype accuracy: 20.09%
Results saved to fl_results/fed_unsup_simclr_resnet18_cifar10_resnet18_2000C_5pct_seed1_20260527_011442.json
