Device: cuda
Configuration: {'dataset': 'cifar10', 'resnet_model': 'resnet18', 'projection_dim': 128, 'image_size': 224, 'num_clients': 2000, 'client_frac': 0.05, 'rounds': 20, 'local_epochs': 5, 'batch_size': 128, 'lr': 0.0001, 'wd': 0.0001, 'grad_clip': 1.0, 'linear_lr': 0.001, 'linear_wd': 0.0001, 'linear_bs': 256, 'linear_epochs': 50, 'linear_patience': 10, 'dirichlet_alpha': 0.3, 'balanced_partition': False, 'normalization': 'imagenet', 'seed': 17, 'backbone_tag': 'resnet18', 'run_name': 'resnet18_2000C_5pct_seed17', 'verbose': False, 'progress_every': 20, 'eval_every': 0, 'save_test_embeddings': False, 'cpu': False, 'eval_datasets': ['cifar10', 'cifar100', 'tiny', 'whoi_plankton', 'eurosat', 'bone_marrow', 'wikiart_style'], 'tiny_root': '/home/daniela/mine/fedDINO/data/tiny_in_view', 'celeba_root': './celeba', 'device': device(type='cuda')}
Files already downloaded and verified
Files already downloaded and verified
Loading ResNet backbone (resnet18, weights=IMAGENET1K_V1)...
ResNet image feature dim: 512
Using Dirichlet alpha=0.3 for non-IID partition...
Using imbalanced Dirichlet partition
Starting federated unsupervised SimCLR (CLIP backbone)...

--- Round 1/20 ---
Client 1069: 2.8083
Client 848: 3.6336
Client 1652: 2.6362
Client 621: 4.6596
Client 1967: 3.7771
Client 748: 2.8338
Client 593: 4.3796
Client 357: 3.7842
Client 1568: 3.8258
Client 1444: 2.7198
Client 1442: 4.5295
Client 1106: 3.4555
Client 1354: 3.4463
Client 569: 2.8696
Client 225: 4.0668
Client 1879: 3.7152
Client 55: 3.5302
Client 509: 2.8238
Client 786: 4.1862
Client 1669: 3.2558
Client 1528: 3.9589
Client 859: 3.9413
Client 516: 4.1354
Client 1760: 3.7408
Client 1027: 3.7065
Client 1643: 3.1034
Client 650: 3.3029
Client 1311: 4.6103
Client 1733: 3.9973
Client 1401: 4.4533
Client 1935: 3.5516
Client 1483: 2.7771
Client 822: 4.5807
Client 281: 4.4172
Client 1128: 3.9560
Client 127: 3.3806
Client 286: 3.7661
Client 1664: 3.2204
Client 1621: 3.5171
Client 1792: 3.9067
Client 402: 3.1994
Client 309: 2.9761
Client 1807: 2.3618
Client 1445: 4.3649
Client 1091: 3.6036
Client 1144: 4.4124
Client 1642: 3.9552
Client 1956: 3.7436
Client 1404: 3.9289
Client 430: 3.4440
Client 677: 3.9895
Client 1105: 3.3468
Client 252: 4.3833
Client 1465: 3.4214
Client 1308: 4.1664
Client 141: 4.1029
Client 633: 2.1914
Client 839: 2.9189
Client 167: 3.9287
Client 1038: 2.7447
Client 1924: 3.4889
Client 1758: 4.5154
Client 970: 2.9333
Client 1228: 3.7208
Client 290: 4.8443
Client 1397: 3.3464
Client 1663: 3.7637
Client 836: 4.1277
Client 1665: 4.2895
Client 1036: 3.9818
Client 1884: 3.9641
Client 688: 2.9163
Client 36: 3.6025
Client 886: 2.7473
Client 762: 4.4027
Client 1170: 3.1287
Client 105: 3.5331
Client 1836: 2.9801
Client 1540: 3.8483
Client 1513: 2.6270
Client 726: 0.6931
Client 103: 2.6489
Client 1965: 4.4981
Client 977: 3.5149
Client 767: 4.2260
Client 1187: 4.3017
Client 1585: 3.3544
Client 10: 3.8045
Client 1777: 3.6769
Client 830: 2.9517
Client 489: 2.6741
Client 239: 3.0562
Client 1140: 4.9755
Client 437: 4.2705
Client 1960: 3.7076
Client 1079: 4.1593
Client 736: 3.7948
Client 119: 2.9698
Client 547: 3.6234
Client 131: 3.1589
Round avg loss: 3.6097 (Best: 3.6097)

--- Round 2/20 ---
Client 1610: 3.8360
Client 564: 3.7903
Client 394: 3.3556
Client 1530: 3.2584
Client 1236: 3.1771
Client 1697: 4.1233
Client 1137: 4.1738
Client 1091: 3.4947
Client 1133: 3.2931
Client 1846: 3.9506
Client 265: 3.8829
Client 512: 3.6168
Client 1348: 4.1580
Client 629: 2.8283
Client 1877: 3.3518
Client 712: 4.0204
Client 653: 4.3063
Client 349: 3.9867
Client 680: 3.5562
Client 192: 3.7481
Client 1861: 3.1904
Client 1177: 4.6432
Client 1184: 4.2997
Client 1602: 4.1298
Client 558: 3.8137
Client 686: 4.4587
Client 19: 3.9167
Client 103: 2.5593
Client 1542: 3.7402
Client 39: 2.8931
Client 956: 3.4667
Client 1525: 4.1352
Client 970: 2.8023
Client 1296: 4.5907
Client 110: 3.6295
Client 1492: 4.5095
Client 406: 3.3215
Client 634: 4.1215
Client 528: 2.6506
Client 153: 4.3286
Client 1532: 3.1483
Client 1464: 3.6117
Client 1863: 4.0335
Client 993: 3.8762
Client 42: 4.5201
Client 1271: 4.1402
Client 1155: 3.8804
Client 1075: 3.8483
Client 1404: 3.8376
Client 283: 4.4030
Client 825: 3.1363
Client 1498: 3.9139
Client 1948: 3.4651
Client 1965: 4.3787
Client 1208: 3.1046
Client 1672: 3.2251
Client 801: 4.2388
Client 375: 2.8922
Client 400: 3.5562
Client 514: 3.1049
Client 1967: 3.7017
Client 308: 3.8259
Client 1385: 3.6778
Client 226: 3.4177
Client 1858: 4.3507
Client 434: 2.6111
Client 102: 4.3063
Client 1724: 3.4121
Client 1993: 3.1803
Client 1099: 4.1820
Client 624: 3.6672
Client 1648: 3.2674
Client 1822: 4.0482
Client 1884: 3.8735
Client 646: 3.5506
Client 1660: 3.1140
Client 647: 4.2969
Client 101: 3.5825
Client 330: 3.3306
Client 1896: 3.5599
Client 858: 3.6610
Client 190: 3.5883
Client 1415: 3.0301
Client 1578: 2.1374
Client 638: 3.3735
Client 1718: 3.6698
Client 513: 3.8034
Client 1346: 4.7174
Client 826: 4.0617
Client 983: 3.7350
Client 1110: 2.8656
Client 174: 4.4681
Client 1112: 2.4905
Client 1303: 3.5909
Client 495: 4.1066
Client 460: 2.9428
Client 1090: 3.6360
Client 1961: 4.2850
Client 543: 4.1838
Client 1179: 3.4292
Round avg loss: 3.6816 (Best: 3.6097)

--- Round 3/20 ---
Client 334: 2.9540
Client 1641: 3.0315
Client 604: 4.4886
Client 100: 3.2553
Client 1484: 4.3030
Client 1818: 4.0005
Client 996: 2.5192
Client 1200: 4.3114
Client 804: 3.2063
Client 1688: 4.5673
Client 455: 3.8299
Client 1134: 3.1488
Client 835: 3.3035
Client 1056: 3.0239
Client 1283: 3.8433
Client 911: 4.0674
Client 158: 3.7759
Client 1981: 2.3548
Client 940: 3.8611
Client 1539: 3.2305
Client 447: 4.0117
Client 469: 3.3507
Client 989: 4.0899
Client 651: 2.1715
Client 1678: 2.9770
Client 386: 4.0914
Client 1986: 3.8740
Client 745: 2.8508
Client 1225: 2.2718
Client 58: 3.9890
Client 1969: 2.8679
Client 1524: 3.6293
Client 1183: 3.6448
Client 1163: 2.3278
Client 1063: 3.3010
Client 865: 3.6044
Client 109: 3.6102
Client 1829: 3.4627
Client 1704: 2.8418
Client 673: 3.8870
Client 1975: 3.5555
Client 1184: 4.2064
Client 346: 3.8642
Client 1904: 4.0669
Client 1138: 2.9497
Client 473: 3.9137
Client 1255: 3.6092
Client 641: 3.5525
Client 753: 4.4811
Client 352: 4.6234
Client 1991: 3.8050
Client 1545: 3.3201
Client 432: 4.6133
Client 621: 4.5617
Client 888: 4.2137
Client 728: 3.2626
Client 919: 4.9294
Client 1211: 4.4055
Client 191: 2.6419
Client 1062: 3.5227
Client 216: 4.1761
Client 1071: 4.5066
Client 21: 2.4968
Client 393: 4.5649
Client 1929: 4.2725
Client 1179: 3.3638
Client 1840: 3.3742
Client 1441: 2.8058
Client 1133: 3.2242
Client 1566: 2.1911
Client 366: 2.3616
Client 920: 4.5493
Client 949: 3.9784
Client 912: 3.3438
Client 1752: 2.8073
Client 1032: 3.3709
Client 280: 3.4408
Client 1098: 4.1761
Client 1125: 2.8476
Client 972: 3.9441
Client 927: 4.1491
Client 24: 3.8926
Client 602: 4.1429
Client 539: 3.6791
Client 376: 2.7750
Client 16: 2.9337
Client 1692: 2.9699
Client 1846: 3.8220
Client 957: 3.5093
Client 690: 2.8574
Client 1540: 3.7365
Client 106: 3.5441
Client 547: 3.4940
Client 201: 3.4878
Client 1060: 4.5432
Client 1366: 3.1726
Client 1432: 3.4043
Client 31: 4.5339
Client 56: 3.8385
Client 231: 2.9486
Round avg loss: 3.5726 (Best: 3.5726)

--- Round 4/20 ---
Client 966: 2.3933
Client 1454: 3.1738
Client 1855: 4.5057
Client 617: 4.2052
Client 1253: 3.6313
Client 417: 3.9747
Client 1597: 4.3900
Client 202: 3.9603
Client 1593: 3.1280
Client 1860: 2.5303
Client 1679: 3.9773
Client 1714: 2.9611
Client 53: 4.2055
Client 932: 4.0236
Client 1098: 4.0519
Client 1681: 3.1712
Client 1555: 3.9755
Client 1892: 3.8826
Client 454: 3.3679
Client 1776: 2.5163
Client 1329: 3.1298
Client 61: 3.0878
Client 1741: 3.5259
Client 819: 3.8661
Client 1626: 3.7199
Client 251: 3.6777
Client 876: 4.1664
Client 1957: 4.2523
Client 119: 2.9758
Client 1512: 2.4458
Client 1104: 3.3126
Client 122: 3.3131
Client 385: 0.6931
Client 1995: 2.3972
Client 1103: 3.7934
Client 537: 3.2797
Client 551: 4.2783
Client 730: 3.4562
Client 711: 3.3122
Client 1925: 3.2366
Client 1113: 4.3949
Client 1190: 3.3045
Client 1678: 2.9422
Client 1997: 3.2120
Client 853: 4.0301
Client 830: 2.9296
Client 1869: 2.3533
Client 15: 2.9891
Client 1076: 4.2832
Client 1536: 2.5646
Client 694: 2.7799
Client 165: 1.7071
Client 1551: 4.0039
Client 1534: 3.1453
Client 1701: 3.8610
Client 68: 2.7727
Client 1282: 3.9958
Client 1496: 3.4810
Client 1771: 3.1169
Client 583: 4.0475
Client 666: 1.9579
Client 658: 3.9467
Client 240: 4.1217
Client 684: 2.9345
Client 260: 3.7011
Client 1102: 3.5478
Client 498: 3.2297
Client 1891: 4.3419
Client 1012: 3.7370
Client 1683: 3.7447
Client 580: 3.6172
Client 906: 3.3132
Client 255: 3.4966
Client 522: 3.2943
Client 511: 3.2050
Client 150: 4.2930
Client 1394: 2.4576
Client 861: 4.3685
Client 635: 4.1367
Client 1402: 3.3421
Client 410: 3.7552
Client 988: 4.0055
Client 748: 2.7800
Client 262: 3.6064
Client 437: 4.1488
Client 1033: 3.3589
Client 1996: 4.0136
Client 1612: 4.0234
Client 1171: 3.2202
Client 310: 3.4604
Client 1606: 4.2209
Client 601: 4.2132
Client 170: 4.1332
Client 892: 3.0369
Client 896: 3.1271
Client 1081: 3.8360
Client 1837: 3.5679
Client 795: 3.7233
Client 1599: 2.7432
Client 1071: 4.3941
Round avg loss: 3.4802 (Best: 3.4802)

--- Round 5/20 ---
Client 1237: 3.8509
Client 1556: 4.2385
Client 1843: 4.3465
Client 315: 3.0702
Client 1358: 3.2993
Client 1145: 3.8966
Client 292: 3.1471
Client 336: 4.7333
Client 1201: 3.9572
Client 1095: 3.3786
Client 1916: 4.5121
Client 649: 2.5504
Client 1010: 3.0438
Client 1644: 3.2329
Client 1788: 3.6999
Client 1804: 3.0961
Client 576: 3.2928
Client 1959: 3.0579
Client 1910: 3.0385
Client 833: 4.2283
Client 134: 3.9005
Client 1263: 2.7079
Client 483: 3.3711
Client 345: 3.9980
Client 1847: 4.2834
Client 1457: 3.3840
Client 309: 2.8436
Client 1593: 2.9919
Client 482: 3.6842
Client 874: 3.0664
Client 1120: 3.3714
Client 658: 3.8837
Client 1106: 3.4089
Client 1552: 3.7046
Client 907: 4.2483
Client 1536: 2.4756
Client 1027: 3.6217
Client 1636: 3.5003
Client 263: 3.9535
Client 591: 3.1464
Client 1922: 4.8144
Client 496: 3.3271
Client 1015: 2.7178
Client 513: 3.6744
Client 1028: 3.6754
Client 391: 3.1050
Client 762: 4.2943
Client 14: 2.2146
Client 1301: 3.7339
Client 250: 4.5340
Client 686: 4.3313
Client 1009: 3.3674
Client 157: 4.1561
Client 881: 4.0577
Client 177: 3.3391
Client 1822: 3.9185
Client 1055: 4.8271
Client 774: 3.8137
Client 499: 3.8450
Client 348: 2.7228
Client 144: 3.5278
Client 1906: 3.6109
Client 607: 3.2174
Client 149: 3.0337
Client 590: 3.7968
Client 695: 2.9992
Client 1857: 3.4745
Client 1563: 4.1412
Client 947: 4.5018
Client 304: 4.1449
Client 1974: 2.9479
Client 306: 3.8886
Client 1522: 3.6418
Client 544: 3.4550
Client 631: 3.7538
Client 785: 2.8596
Client 1768: 3.9211
Client 666: 1.8556
Client 1887: 4.4707
Client 1177: 4.5518
Client 1052: 3.7274
Client 1294: 3.8831
Client 293: 3.9097
Client 893: 3.3167
Client 213: 3.4558
Client 1943: 3.3641
Client 1675: 3.2810
Client 1546: 2.1802
Client 1818: 3.9044
Client 1339: 3.3409
Client 1281: 3.1184
Client 1584: 3.7011
Client 1839: 3.8728
Client 1625: 2.5567
Client 527: 3.8183
Client 485: 2.8512
Client 443: 4.2679
Client 436: 3.7825
Client 1115: 3.5638
Client 1776: 2.4355
Round avg loss: 3.5581 (Best: 3.4802)

--- Round 6/20 ---
Client 756: 3.4445
Client 1718: 3.6269
Client 1488: 3.5387
Client 893: 3.2114
Client 768: 4.2710
Client 553: 3.2443
Client 1935: 3.4954
Client 161: 3.7589
Client 630: 4.0478
Client 828: 3.7186
Client 1989: 3.5083
Client 1861: 3.1213
Client 1324: 4.4274
Client 416: 2.9761
Client 1804: 2.9817
Client 646: 3.4790
Client 24: 3.7822
Client 72: 3.5738
Client 1779: 3.1856
Client 1165: 3.9441
Client 1192: 3.2629
Client 123: 3.3736
Client 720: 2.0067
Client 1382: 3.4705
Client 1331: 3.3861
Client 1007: 3.3610
Client 827: 2.8781
Client 866: 3.3980
Client 1249: 4.2943
Client 531: 3.6275
Client 1411: 3.8987
Client 619: 3.4050
Client 920: 4.4479
Client 1828: 3.5235
Client 1581: 4.2345
Client 1926: 3.4604
Client 332: 3.6897
Client 1540: 3.6159
Client 849: 3.8071
Client 436: 3.6800
Client 387: 4.0919
Client 426: 3.6802
Client 1748: 3.9867
Client 742: 3.4387
Client 1509: 3.6427
Client 1793: 1.9633
Client 1448: 3.7816
Client 1930: 3.1558
Client 401: 3.1760
Client 471: 4.1827
Client 1565: 3.1001
Client 1297: 4.5224
Client 1724: 3.3912
Client 777: 4.0007
Client 146: 3.3574
Client 932: 3.8944
Client 1349: 3.2602
Client 404: 3.3782
Client 727: 2.6620
Client 1477: 3.9897
Client 1025: 3.8211
Client 1601: 3.9642
Client 256: 2.4835
Client 1924: 3.3861
Client 1196: 2.6464
Client 991: 3.7319
Client 1510: 3.3256
Client 904: 4.0772
Client 1667: 3.4869
Client 1323: 3.7308
Client 179: 4.2334
Client 268: 4.3070
Client 482: 3.6086
Client 1799: 2.3222
Client 892: 2.9592
Client 1572: 3.9662
Client 806: 3.6152
Client 466: 3.7387
Client 1403: 2.8767
Client 822: 4.4702
Client 775: 3.8359
Client 995: 3.5651
Client 685: 3.5350
Client 1744: 4.1222
Client 1785: 3.5907
Client 1418: 1.6732
Client 1627: 3.7947
Client 489: 2.5636
Client 669: 2.4955
Client 1947: 3.6023
Client 790: 3.9903
Client 1904: 3.9492
Client 438: 3.0641
Client 1756: 3.7860
Client 355: 3.8150
Client 1009: 3.2321
Client 23: 2.9768
Client 969: 3.4999
Client 200: 3.5057
Client 832: 4.1852
Round avg loss: 3.5235 (Best: 3.4802)

--- Round 7/20 ---
Client 1788: 3.5896
Client 1332: 3.9806
Client 986: 3.9681
Client 203: 4.1026
Client 1965: 4.2933
Client 376: 2.6447
Client 1017: 2.1709
Client 62: 3.9314
Client 541: 4.9444
Client 966: 2.2695
Client 264: 2.7867
Client 407: 3.7407
Client 321: 3.1993
Client 525: 3.5478
Client 300: 3.6220
Client 73: 3.7524
Client 1755: 4.5455
Client 254: 2.3555
Client 596: 4.2709
Client 903: 4.1665
Client 110: 3.5825
Client 179: 4.1302
Client 1841: 3.3928
Client 606: 3.8252
Client 1737: 2.9776
Client 1254: 3.5725
Client 1323: 3.6765
Client 532: 3.8260
Client 1088: 4.2194
Client 637: 4.1339
Client 1325: 4.1562
Client 775: 3.7414
Client 1059: 4.0780
Client 539: 3.5795
Client 1657: 4.0972
Client 1153: 2.3692
Client 69: 3.5650
Client 1590: 3.8955
Client 1326: 3.8803
Client 63: 3.9184
Client 1452: 3.4076
Client 1098: 3.9410
Client 583: 3.9182
Client 1095: 3.3113
Client 1252: 3.2264
Client 1880: 2.7585
Client 146: 3.2635
Client 1441: 2.7434
Client 113: 3.8287
Client 562: 3.6828
Client 603: 3.4604
Client 1261: 4.4564
Client 719: 3.6505
Client 1844: 3.9221
Client 1948: 3.4065
Client 434: 2.5122
Client 1571: 3.1210
Client 1026: 4.3588
Client 220: 3.9712
Client 89: 3.5676
Client 761: 4.0591
Client 762: 4.1683
Client 980: 2.7484
Client 914: 2.7934
Client 674: 4.2422
Client 1644: 3.1539
Client 1553: 3.2707
Client 1009: 3.1251
Client 751: 2.1219
Client 449: 3.9603
Client 16: 2.8675
Client 1230: 4.3882
Client 1654: 3.3482
Client 1629: 3.2466
Client 232: 2.1847
Client 713: 2.6725
Client 1062: 3.4492
Client 1613: 3.7811
Client 304: 4.0366
Client 1743: 3.1561
Client 782: 3.7087
Client 235: 4.5846
Client 1251: 3.7439
Client 1142: 1.7086
Client 1963: 3.0461
Client 162: 3.4323
Client 83: 3.7605
Client 1461: 4.1535
Client 802: 3.9908
Client 1922: 4.6879
Client 224: 3.7815
Client 1385: 3.5757
Client 1521: 2.6705
Client 944: 4.0194
Client 294: 4.0181
Client 1329: 3.0400
Client 403: 3.9460
Client 1121: 2.6757
Client 1656: 2.9918
Client 906: 3.1790
Round avg loss: 3.5450 (Best: 3.4802)

--- Round 8/20 ---
Client 96: 4.3300
Client 1389: 4.4467
Client 1813: 4.0756
Client 1723: 3.7759
Client 549: 4.4622
Client 37: 2.7536
Client 1214: 3.0445
Client 217: 3.4824
Client 1583: 4.3492
Client 196: 3.3669
Client 287: 2.7494
Client 974: 4.3797
Client 451: 3.9615
Client 632: 3.0259
Client 1617: 3.8298
Client 1319: 2.7942
Client 615: 3.7041
Client 620: 4.6987
Client 1240: 3.9882
Client 677: 3.9025
Client 1131: 2.5653
Client 34: 4.9204
Client 895: 3.0558
Client 181: 3.7310
Client 786: 4.0563
Client 6: 3.2730
Client 1299: 4.3133
Client 944: 3.8792
Client 212: 3.9446
Client 1794: 2.3735
Client 668: 3.7553
Client 1099: 4.0918
Client 1542: 3.5870
Client 662: 4.0584
Client 1507: 3.3881
Client 940: 3.7305
Client 1897: 3.7251
Client 1568: 3.7228
Client 117: 3.9476
Client 1782: 2.5008
Client 997: 4.0014
Client 190: 3.4712
Client 1094: 3.2122
Client 1323: 3.5313
Client 958: 3.7828
Client 608: 3.4221
Client 1244: 3.6452
Client 1902: 3.1175
Client 251: 3.5916
Client 1484: 4.1883
Client 1775: 4.4017
Client 1208: 2.9575
Client 1701: 3.7540
Client 1364: 4.1286
Client 315: 3.0269
Client 1560: 3.1566
Client 1960: 3.5848
Client 145: 3.3371
Client 1387: 2.4498
Client 659: 3.2332
Client 1392: 4.0692
Client 79: 3.3091
Client 1746: 3.3570
Client 1724: 3.2981
Client 1899: 2.2742
Client 1951: 3.5616
Client 1171: 3.1295
Client 410: 3.6976
Client 1790: 3.0948
Client 604: 4.4151
Client 1532: 3.0591
Client 858: 3.5666
Client 1626: 3.6577
Client 174: 4.4432
Client 221: 3.0580
Client 1668: 3.2506
Client 1567: 3.3467
Client 780: 4.1533
Client 1639: 3.8501
Client 115: 3.2433
Client 1002: 2.7685
Client 1053: 4.6903
Client 839: 2.8262
Client 847: 3.3343
Client 1634: 2.7861
Client 1562: 3.8325
Client 1382: 3.3845
Client 539: 3.4046
Client 1181: 3.2545
Client 488: 3.2570
Client 1152: 3.3153
Client 1027: 3.5648
Client 1504: 3.0035
Client 829: 3.9890
Client 1233: 2.7338
Client 264: 2.7167
Client 1580: 3.7516
Client 1506: 4.5577
Client 454: 3.2765
Client 1773: 2.8631
Round avg loss: 3.5488 (Best: 3.4802)

--- Round 9/20 ---
Client 678: 4.0405
Client 1702: 4.1749
Client 474: 3.9660
Client 1347: 3.0193
Client 650: 3.2356
Client 964: 2.4604
Client 644: 3.4987
Client 1618: 2.8066
Client 1919: 3.5838
Client 432: 4.4700
Client 1270: 3.8322
Client 202: 3.8766
Client 1709: 3.6865
Client 419: 4.5787
Client 1540: 3.5057
Client 1086: 3.5370
Client 958: 3.7092
Client 426: 3.6043
Client 900: 3.8101
Client 892: 2.9099
Client 748: 2.6209
Client 1664: 3.1219
Client 894: 3.3722
Client 1264: 2.5113
Client 107: 3.5925
Client 407: 3.6730
Client 1967: 3.5672
Client 249: 3.4051
Client 510: 3.0263
Client 11: 3.2229
Client 530: 2.7474
Client 104: 4.4713
Client 1820: 4.1281
Client 535: 4.5495
Client 1778: 3.3556
Client 1458: 3.6767
Client 740: 3.3163
Client 1698: 3.6087
Client 877: 4.0944
Client 791: 4.0601
Client 1446: 2.7792
Client 93: 4.0927
Client 1094: 3.0806
Client 1146: 2.7693
Client 1067: 3.6158
Client 1942: 3.8463
Client 1568: 3.6439
Client 31: 4.3973
Client 48: 4.1362
Client 1287: 4.3636
Client 1108: 2.3347
Client 1549: 3.8722
Client 663: 4.5493
Client 1434: 3.7323
Client 1212: 3.4067
Client 658: 3.7463
Client 1661: 4.1691
Client 1603: 3.5357
Client 1364: 4.0316
Client 1812: 2.8709
Client 353: 3.5543
Client 1610: 3.7216
Client 733: 3.3263
Client 1199: 4.1905
Client 1246: 4.5497
Client 1352: 3.7654
Client 649: 2.4150
Client 1226: 3.4545
Client 488: 3.2129
Client 1691: 3.0349
Client 544: 3.3996
Client 1170: 3.0809
Client 906: 3.1212
Client 1890: 4.3715
Client 914: 2.7203
Client 226: 3.3612
Client 262: 3.5226
Client 1839: 3.7759
Client 281: 4.3122
Client 929: 3.4597
Client 1039: 4.1042
Client 313: 3.6368
Client 1471: 4.0362
Client 911: 3.9557
Client 1879: 3.6285
Client 1201: 3.8628
Client 14: 2.1205
Client 1821: 2.7513
Client 15: 2.8936
Client 354: 3.6671
Client 783: 3.6918
Client 769: 3.4261
Client 1346: 4.5879
Client 1432: 3.2733
Client 816: 4.5275
Client 203: 3.9607
Client 573: 4.2936
Client 392: 3.1067
Client 414: 4.2808
Client 288: 3.5726
Round avg loss: 3.5913 (Best: 3.4802)

--- Round 10/20 ---
Client 1459: 3.1146
Client 37: 2.6572
Client 1242: 3.3498
Client 1923: 3.1915
Client 1950: 3.9608
Client 958: 3.5809
Client 669: 2.4354
Client 307: 3.1379
Client 974: 4.2657
Client 452: 3.6233
Client 1970: 3.2147
Client 864: 4.3806
Client 1433: 3.7471
Client 740: 3.1804
Client 535: 4.4783
Client 1455: 3.9669
Client 1492: 4.3779
Client 1834: 3.3951
Client 915: 4.2271
Client 961: 4.1195
Client 183: 3.8712
Client 352: 4.5066
Client 215: 3.9165
Client 507: 1.2874
Client 1020: 3.5572
Client 510: 2.9625
Client 637: 3.9991
Client 209: 2.5361
Client 531: 3.5440
Client 1059: 4.0026
Client 1481: 4.3547
Client 1189: 4.9722
Client 527: 3.6819
Client 661: 3.9195
Client 923: 3.5816
Client 534: 4.6756
Client 1041: 2.9823
Client 800: 2.9232
Client 16: 2.7431
Client 927: 4.0582
Client 1646: 4.0336
Client 1839: 3.6764
Client 548: 3.7745
Client 1533: 3.8592
Client 331: 2.6092
Client 1954: 3.2687
Client 1053: 4.5877
Client 434: 2.3452
Client 436: 3.5446
Client 213: 3.4012
Client 66: 2.8348
Client 732: 3.6229
Client 232: 2.0738
Client 1463: 4.3741
Client 82: 4.7065
Client 385: 0.6931
Client 725: 3.1096
Client 1568: 3.5101
Client 668: 3.6636
Client 465: 3.6435
Client 429: 3.9878
Client 1036: 3.9246
Client 358: 3.6419
Client 333: 3.5527
Client 1730: 4.3730
Client 1903: 3.4814
Client 1179: 3.2658
Client 1266: 4.0310
Client 19: 3.7937
Client 1000: 2.7717
Client 1890: 4.2853
Client 1745: 2.0832
Client 1458: 3.5750
Client 1564: 4.2823
Client 1670: 4.3440
Client 1338: 3.3798
Client 941: 2.6318
Client 841: 4.4631
Client 849: 3.7295
Client 686: 4.2454
Client 1064: 3.4891
Client 1108: 2.2550
Client 953: 4.0026
Client 1190: 3.2026
Client 1814: 4.3097
Client 1726: 3.6740
Client 116: 3.8685
Client 54: 3.4089
Client 182: 2.7594
Client 130: 2.6676
Client 1279: 4.5150
Client 343: 2.8908
Client 581: 4.3558
Client 1567: 3.2617
Client 1187: 4.2318
Client 1656: 2.9178
Client 783: 3.5428
Client 69: 3.4887
Client 318: 3.8872
Client 1687: 3.6459
Round avg loss: 3.5603 (Best: 3.4802)

--- Round 11/20 ---
Client 586: 3.9266
Client 382: 4.9669
Client 1654: 3.2545
Client 683: 4.3599
Client 1710: 2.8285
Client 1522: 3.5410
Client 335: 2.9600
Client 1871: 2.9545
Client 1496: 3.3796
Client 1754: 2.8995
Client 697: 3.6957
Client 1903: 3.4518
Client 1994: 3.3303
Client 654: 4.1787
Client 1001: 2.6963
Client 478: 3.0615
Client 1154: 4.6223
Client 939: 3.1236
Client 1970: 3.0763
Client 1695: 2.6367
Client 600: 2.8593
Client 1329: 2.9762
Client 1507: 3.3077
Client 1280: 2.2218
Client 1446: 2.7003
Client 849: 3.6137
Client 442: 4.0241
Client 345: 3.8879
Client 1160: 3.6891
Client 1227: 3.7328
Client 875: 3.5378
Client 1863: 3.9570
Client 1803: 3.5407
Client 1916: 4.4163
Client 634: 4.0120
Client 951: 3.7499
Client 1114: 3.4312
Client 635: 4.0326
Client 1295: 4.1183
Client 127: 3.2770
Client 1445: 4.2643
Client 1574: 2.6584
Client 1612: 3.8895
Client 1082: 3.4882
Client 1531: 4.1381
Client 676: 3.6843
Client 272: 4.0978
Client 1980: 4.2363
Client 1977: 3.6952
Client 669: 2.3287
Client 76: 4.1901
Client 9: 4.2244
Client 1498: 3.8387
Client 1973: 3.4521
Client 622: 3.9102
Client 1610: 3.6186
Client 205: 4.5184
Client 173: 3.4783
Client 742: 3.3179
Client 1200: 4.2301
Client 233: 3.4066
Client 1024: 3.9035
Client 432: 4.3256
Client 1883: 3.6173
Client 178: 3.3111
Client 1663: 3.6895
Client 1546: 2.1364
Client 757: 4.1554
Client 321: 3.1814
Client 1011: 3.9174
Client 1730: 4.2411
Client 1225: 2.2278
Client 973: 3.4003
Client 650: 3.0810
Client 1899: 2.1856
Client 276: 3.4775
Client 1668: 3.1638
Client 903: 4.0285
Client 1731: 3.8819
Client 972: 3.8222
Client 1967: 3.4612
Client 445: 2.7361
Client 1244: 3.5683
Client 463: 2.3462
Client 1641: 2.9474
Client 1880: 2.6667
Client 857: 2.7066
Client 60: 3.6599
Client 1609: 2.5115
Client 488: 3.1500
Client 1658: 3.1792
Client 1132: 4.2993
Client 1848: 4.2991
Client 1687: 3.5383
Client 395: 4.6652
Client 1074: 4.1523
Client 1314: 4.3318
Client 151: 2.6900
Client 845: 3.6231
Client 1191: 3.1090
Round avg loss: 3.5208 (Best: 3.4802)

--- Round 12/20 ---
Client 508: 4.5938
Client 968: 3.9090
Client 560: 3.2399
Client 1210: 3.7556
Client 598: 4.7852
Client 1089: 4.2976
Client 356: 3.3689
Client 702: 3.7982
Client 920: 4.2995
Client 288: 3.5235
Client 1344: 3.0991
Client 657: 3.5136
Client 1974: 2.8751
Client 1597: 4.2690
Client 542: 3.1293
Client 565: 3.2320
Client 131: 3.1052
Client 1977: 3.5956
Client 1475: 3.4971
Client 1717: 3.7819
Client 971: 3.4210
Client 540: 3.2015
Client 1856: 4.0363
Client 926: 3.9581
Client 793: 3.9851
Client 1635: 4.3249
Client 1387: 2.3267
Client 18: 3.4187
Client 1068: 4.2701
Client 1576: 2.9850
Client 331: 2.4907
Client 832: 4.0529
Client 1382: 3.3008
Client 688: 2.8345
Client 433: 3.3006
Client 1329: 2.8654
Client 1524: 3.5281
Client 117: 3.8857
Client 990: 3.7693
Client 581: 4.2720
Client 249: 3.3069
Client 1256: 3.7783
Client 1657: 3.9823
Client 1298: 3.6008
Client 1306: 3.3947
Client 740: 3.1345
Client 528: 2.4999
Client 1046: 3.5166
Client 747: 3.8666
Client 1439: 3.8716
Client 618: 2.5601
Client 1422: 3.5955
Client 466: 3.6030
Client 66: 2.6838
Client 506: 2.6860
Client 51: 4.2412
Client 1017: 2.0606
Client 144: 3.4544
Client 1540: 3.4077
Client 877: 3.9963
Client 1684: 2.9279
Client 806: 3.5374
Client 1328: 3.1141
Client 1934: 4.2718
Client 1489: 3.5342
Client 710: 4.2492
Client 1765: 2.7440
Client 1709: 3.5811
Client 1257: 2.8134
Client 1667: 3.3800
Client 451: 3.8316
Client 1542: 3.5209
Client 1971: 3.9374
Client 1863: 3.8740
Client 1844: 3.8695
Client 1236: 3.1053
Client 1319: 2.7071
Client 1804: 2.8934
Client 559: 3.5521
Client 1882: 3.9931
Client 1037: 3.9833
Client 585: 4.4890
Client 1165: 3.8421
Client 1908: 3.2196
Client 1091: 3.3402
Client 122: 3.1708
Client 10: 3.7005
Client 526: 4.0474
Client 1947: 3.4925
Client 1293: 3.6646
Client 1659: 4.3939
Client 751: 2.0377
Client 24: 3.6206
Client 1437: 3.6660
Client 1192: 3.2180
Client 1501: 3.9923
Client 456: 3.9136
Client 1132: 4.2375
Client 1681: 3.1026
Client 271: 3.3940
Round avg loss: 3.5310 (Best: 3.4802)

--- Round 13/20 ---
Client 1380: 4.2795
Client 914: 2.5514
Client 75: 3.8632
Client 1888: 3.5305
Client 1724: 3.1551
Client 644: 3.4275
Client 1655: 3.5050
Client 183: 3.7836
Client 1258: 4.1862
Client 1574: 2.5475
Client 1217: 4.0263
Client 752: 4.6905
Client 69: 3.3663
Client 408: 2.1528
Client 612: 3.3200
Client 1050: 3.0102
Client 1633: 2.6758
Client 1873: 2.3139
Client 526: 3.9368
Client 1150: 3.2603
Client 1503: 4.1630
Client 433: 3.2388
Client 1049: 4.3209
Client 17: 3.6668
Client 758: 2.6431
Client 864: 4.2909
Client 195: 3.6119
Client 539: 3.2994
Client 1972: 3.7533
Client 1520: 3.2653
Client 1809: 3.9505
Client 1368: 2.6610
Client 1480: 3.6493
Client 1870: 3.1945
Client 1175: 2.9533
Client 573: 4.1778
Client 1301: 3.6641
Client 1915: 2.7611
Client 1130: 4.7014
Client 1032: 3.2751
Client 1090: 3.5382
Client 783: 3.4467
Client 1108: 2.1413
Client 1188: 4.1954
Client 445: 2.6229
Client 1260: 4.2331
Client 317: 3.8807
Client 613: 4.0060
Client 112: 2.8510
Client 1166: 3.5448
Client 1412: 3.3349
Client 1880: 2.4893
Client 341: 3.4095
Client 935: 3.1193
Client 1770: 4.7103
Client 1328: 3.0795
Client 1760: 3.6654
Client 627: 3.4840
Client 229: 4.1772
Client 1832: 3.6699
Client 337: 4.5044
Client 188: 3.2675
Client 106: 3.4643
Client 415: 3.6979
Client 414: 4.1615
Client 1627: 3.6524
Client 477: 3.3456
Client 1067: 3.5241
Client 1858: 4.2557
Client 584: 2.4947
Client 1008: 4.4156
Client 1951: 3.4759
Client 0: 2.9423
Client 137: 4.4177
Client 1905: 3.4959
Client 883: 3.4508
Client 1103: 3.7068
Client 925: 3.9798
Client 1192: 3.0995
Client 1463: 4.3063
Client 1436: 2.6741
Client 1398: 4.0005
Client 339: 2.4561
Client 207: 4.3271
Client 1547: 4.1729
Client 678: 3.8993
Client 1007: 3.2411
Client 804: 3.1550
Client 1421: 2.9360
Client 1087: 3.8174
Client 9: 4.1226
Client 1060: 4.4323
Client 837: 3.2516
Client 934: 3.8014
Client 403: 3.7991
Client 1255: 3.5293
Client 1898: 3.8910
Client 1644: 3.1184
Client 60: 3.5482
Client 237: 2.5473
Round avg loss: 3.5280 (Best: 3.4802)

--- Round 14/20 ---
Client 51: 4.1627
Client 551: 4.1923
Client 665: 4.0458
Client 1255: 3.4586
Client 1673: 3.2412
Client 1600: 4.1423
Client 395: 4.5480
Client 371: 2.4463
Client 1397: 3.2765
Client 1803: 3.4394
Client 1613: 3.6926
Client 1176: 2.7755
Client 1219: 2.4106
Client 407: 3.5556
Client 791: 3.9851
Client 1459: 3.0389
Client 1525: 3.9984
Client 244: 4.3115
Client 1702: 4.0936
Client 548: 3.6542
Client 1719: 3.9438
Client 1770: 4.6009
Client 1361: 3.6660
Client 440: 3.3894
Client 414: 4.0891
Client 528: 2.3606
Client 1962: 3.7339
Client 279: 4.0810
Client 741: 2.9594
Client 1093: 3.0842
Client 1978: 3.5080
Client 1900: 4.1566
Client 1363: 4.3837
Client 296: 3.5144
Client 1880: 2.4194
Client 1051: 3.0623
Client 626: 4.6173
Client 1829: 3.3936
Client 174: 4.3332
Client 178: 3.2597
Client 1284: 3.7041
Client 991: 3.6249
Client 1844: 3.6925
Client 614: 3.9422
Client 1288: 3.7159
Client 1127: 3.1781
Client 832: 3.8601
Client 1929: 4.1310
Client 860: 3.3809
Client 1918: 3.7766
Client 1937: 4.1895
Client 680: 3.4676
Client 1201: 3.7754
Client 413: 3.0450
Client 1837: 3.4593
Client 1439: 3.8012
Client 1931: 3.9437
Client 508: 4.5096
Client 494: 4.2889
Client 611: 4.4322
Client 557: 2.8861
Client 1953: 2.8702
Client 792: 3.1166
Client 1921: 3.4785
Client 1986: 3.7662
Client 608: 3.3282
Client 340: 2.5036
Client 396: 2.8129
Client 1236: 3.0434
Client 822: 4.3451
Client 1304: 3.3830
Client 1111: 4.4557
Client 694: 2.6977
Client 456: 3.8021
Client 546: 3.0941
Client 1585: 3.2289
Client 35: 3.7535
Client 399: 3.8194
Client 698: 3.9006
Client 1081: 3.7288
Client 1597: 4.1584
Client 732: 3.5269
Client 1386: 3.3378
Client 1809: 3.8336
Client 1768: 3.8266
Client 1997: 3.1185
Client 603: 3.3421
Client 952: 3.1839
Client 760: 2.9902
Client 818: 3.8448
Client 1080: 3.1164
Client 828: 3.6288
Client 561: 4.0009
Client 1285: 3.4625
Client 330: 3.2306
Client 447: 3.8812
Client 79: 3.2516
Client 1265: 2.8556
Client 543: 4.0797
Client 1168: 3.1185
Round avg loss: 3.5875 (Best: 3.4802)

--- Round 15/20 ---
Client 1164: 3.9749
Client 833: 4.1101
Client 704: 3.0143
Client 484: 3.8494
Client 333: 3.4125
Client 668: 3.5463
Client 1128: 3.8613
Client 1627: 3.5777
Client 1968: 3.0501
Client 987: 4.0764
Client 1931: 3.8697
Client 102: 4.1994
Client 504: 2.8464
Client 354: 3.5067
Client 395: 4.4191
Client 1936: 3.0776
Client 1398: 3.9341
Client 440: 3.3360
Client 1760: 3.5659
Client 196: 3.2581
Client 251: 3.4809
Client 1782: 2.4366
Client 1056: 2.9873
Client 864: 4.2474
Client 643: 3.3461
Client 1466: 2.8244
Client 1973: 3.3057
Client 1396: 3.6389
Client 1938: 4.4688
Client 125: 3.9586
Client 502: 3.4678
Client 261: 3.8295
Client 1962: 3.6317
Client 1046: 3.4145
Client 295: 4.6887
Client 708: 3.1133
Client 513: 3.5518
Client 45: 4.4911
Client 1921: 3.3679
Client 447: 3.7969
Client 705: 3.4342
Client 1784: 3.7701
Client 1954: 3.1481
Client 850: 1.9776
Client 1184: 4.0709
Client 1446: 2.6033
Client 1290: 3.4810
Client 189: 3.4619
Client 1883: 3.5219
Client 1582: 3.3792
Client 1501: 3.9058
Client 523: 3.5374
Client 663: 4.4526
Client 161: 3.6138
Client 861: 4.2640
Client 1714: 2.8569
Client 717: 3.9862
Client 760: 2.9083
Client 488: 3.0800
Client 436: 3.4681
Client 659: 3.1539
Client 299: 3.6928
Client 1440: 3.3501
Client 974: 4.1451
Client 883: 3.3669
Client 70: 3.2138
Client 113: 3.7320
Client 345: 3.7536
Client 1665: 4.2068
Client 863: 4.1832
Client 1361: 3.5803
Client 109: 3.4888
Client 1877: 3.2546
Client 120: 4.9632
Client 1177: 4.4184
Client 135: 3.5673
Client 699: 4.7986
Client 1079: 4.0711
Client 1633: 2.5329
Client 846: 3.6430
Client 1433: 3.6735
Client 346: 3.7534
Client 1185: 2.9522
Client 1846: 3.7008
Client 1233: 2.6726
Client 1990: 2.8550
Client 755: 3.6377
Client 726: 0.6931
Client 570: 3.8284
Client 1949: 3.5217
Client 68: 2.7222
Client 52: 3.8380
Client 890: 3.9778
Client 1006: 3.7013
Client 1044: 2.9967
Client 1327: 3.7437
Client 356: 3.2726
Client 49: 3.5568
Client 1909: 4.3296
Client 1864: 2.7508
Round avg loss: 3.5475 (Best: 3.4802)

--- Round 16/20 ---
Client 1872: 2.9596
Client 1392: 3.9849
Client 664: 3.3836
Client 461: 4.1014
Client 273: 4.5068
Client 1254: 3.4905
Client 161: 3.4927
Client 351: 4.3348
Client 1292: 3.4746
Client 1031: 3.3924
Client 1557: 3.5509
Client 126: 3.3114
Client 879: 3.9073
Client 966: 2.2022
Client 1606: 4.1450
Client 1241: 3.7257
Client 507: 1.2063
Client 107: 3.5044
Client 672: 4.2291
Client 150: 4.2292
Client 464: 3.6329
Client 51: 4.1073
Client 44: 2.7719
Client 1280: 2.1510
Client 14: 2.0520
Client 1860: 2.3926
Client 1817: 4.3407
Client 1200: 4.1649
Client 292: 3.0925
Client 1181: 3.1719
Client 184: 2.9795
Client 703: 4.0806
Client 1327: 3.6295
Client 420: 3.5615
Client 671: 3.6616
Client 1699: 3.6185
Client 1105: 3.2462
Client 1511: 3.4493
Client 62: 3.8606
Client 1978: 3.4394
Client 120: 4.8036
Client 1944: 3.2377
Client 982: 4.1270
Client 1230: 4.2745
Client 1953: 2.7826
Client 263: 3.8738
Client 357: 3.6692
Client 1743: 3.0432
Client 294: 3.9357
Client 1748: 3.8827
Client 1579: 4.4514
Client 866: 3.3504
Client 1543: 3.0892
Client 136: 2.7715
Client 1051: 3.0441
Client 113: 3.5938
Client 1491: 3.9886
Client 1404: 3.6871
Client 688: 2.6810
Client 1651: 3.3246
Client 467: 3.8575
Client 1691: 2.9212
Client 666: 1.6542
Client 409: 4.4877
Client 571: 4.3391
Client 1791: 4.2918
Client 1171: 2.9930
Client 1001: 2.6251
Client 1539: 3.1978
Client 1298: 3.5187
Client 1656: 2.7943
Client 1146: 2.7157
Client 1356: 3.0305
Client 1336: 3.4524
Client 390: 2.8405
Client 1124: 4.0594
Client 1454: 3.0764
Client 435: 2.7144
Client 505: 3.5172
Client 923: 3.4628
Client 277: 3.6944
Client 274: 4.7767
Client 871: 4.3951
Client 934: 3.7181
Client 1014: 3.9658
Client 830: 2.8090
Client 205: 4.4090
Client 1390: 3.8940
Client 1421: 2.8234
Client 1595: 3.8015
Client 204: 4.2572
Client 1302: 3.7476
Client 815: 3.2059
Client 350: 3.2244
Client 1467: 2.7136
Client 1338: 3.2969
Client 1258: 4.0952
Client 1576: 2.8866
Client 555: 4.2015
Client 597: 4.0695
Round avg loss: 3.4968 (Best: 3.4802)

--- Round 17/20 ---
Client 247: 4.1320
Client 1385: 3.4917
Client 118: 3.5613
Client 407: 3.5128
Client 1425: 3.2919
Client 323: 4.6630
Client 1877: 3.1263
Client 1057: 2.8164
Client 37: 2.5301
Client 1758: 4.4331
Client 839: 2.6546
Client 325: 3.4315
Client 1623: 3.8434
Client 374: 4.0391
Client 1749: 2.6713
Client 283: 4.3074
Client 1573: 4.3001
Client 1639: 3.7778
Client 324: 2.6243
Client 762: 4.1079
Client 720: 1.9007
Client 1590: 3.8441
Client 114: 2.6782
Client 628: 4.4610
Client 792: 2.9907
Client 1282: 3.8735
Client 1524: 3.3657
Client 1875: 2.9657
Client 535: 4.3844
Client 64: 1.2685
Client 1991: 3.7744
Client 1304: 3.2525
Client 534: 4.5607
Client 1177: 4.3083
Client 1008: 4.2795
Client 616: 4.4281
Client 1116: 3.1198
Client 370: 3.7936
Client 1066: 3.6408
Client 1450: 3.5276
Client 1460: 2.1361
Client 504: 2.6845
Client 1041: 2.9165
Client 163: 2.6856
Client 1653: 4.4282
Client 75: 3.7892
Client 1189: 4.8580
Client 1182: 3.5871
Client 1959: 2.9584
Client 1065: 3.6888
Client 1719: 3.8791
Client 574: 4.8929
Client 1820: 4.0456
Client 1921: 3.1798
Client 1929: 4.0018
Client 734: 3.6656
Client 1337: 3.7162
Client 1019: 4.0423
Client 865: 3.5017
Client 846: 3.5957
Client 368: 4.3158
Client 501: 4.1041
Client 1645: 4.3349
Client 1016: 3.6196
Client 1790: 3.0809
Client 1555: 3.8148
Client 88: 3.9358
Client 981: 3.0995
Client 540: 3.1993
Client 107: 3.3114
Client 169: 3.3120
Client 588: 2.5619
Client 1136: 3.4650
Client 768: 4.1698
Client 362: 3.3749
Client 1947: 3.4457
Client 1819: 2.6076
Client 1333: 4.3327
Client 627: 3.3962
Client 122: 3.0881
Client 231: 2.8116
Client 1858: 4.1405
Client 1872: 2.8470
Client 1092: 3.2926
Client 942: 3.5251
Client 1762: 3.8630
Client 426: 3.4649
Client 1486: 3.4871
Client 189: 3.3686
Client 1074: 4.0521
Client 1075: 3.7863
Client 893: 3.1457
Client 1919: 3.4533
Client 531: 3.4509
Client 645: 3.9627
Client 31: 4.2662
Client 742: 3.2700
Client 721: 2.6064
Client 1764: 4.0942
Client 1005: 3.3134
Round avg loss: 3.5476 (Best: 3.4802)

--- Round 18/20 ---
Client 1323: 3.4018
Client 1110: 2.8075
Client 1587: 3.1268
Client 1439: 3.6261
Client 4: 2.9045
Client 1655: 3.3782
Client 1761: 3.6761
Client 631: 3.6184
Client 876: 4.0487
Client 787: 3.7498
Client 1251: 3.6513
Client 1658: 3.0743
Client 611: 4.3256
Client 254: 2.2953
Client 324: 2.5170
Client 515: 3.6949
Client 1527: 3.7862
Client 1884: 3.7961
Client 1036: 3.8227
Client 454: 3.1664
Client 465: 3.4896
Client 777: 3.8793
Client 1035: 3.0927
Client 650: 2.9646
Client 259: 2.6501
Client 302: 2.5232
Client 651: 2.0983
Client 1851: 3.7557
Client 1794: 2.2778
Client 171: 3.3686
Client 1925: 3.1244
Client 1948: 3.2573
Client 172: 3.1259
Client 693: 3.2787
Client 338: 2.7041
Client 1356: 2.9756
Client 309: 2.7634
Client 696: 3.2176
Client 1073: 3.5835
Client 599: 4.2878
Client 864: 4.1218
Client 1226: 3.3425
Client 1397: 3.1127
Client 1907: 3.4963
Client 411: 3.2321
Client 1299: 4.2059
Client 426: 3.3416
Client 783: 3.3099
Client 1263: 2.6845
Client 1568: 3.4166
Client 1388: 3.9772
Client 200: 3.4389
Client 1724: 3.0686
Client 801: 4.1135
Client 1: 3.8161
Client 1856: 3.8513
Client 1006: 3.5905
Client 944: 3.7639
Client 1835: 3.3086
Client 1756: 3.6972
Client 1132: 4.1797
Client 1887: 4.3766
Client 564: 3.6983
Client 1826: 3.4768
Client 1466: 2.7667
Client 822: 4.2568
Client 1017: 2.0416
Client 299: 3.5695
Client 1582: 3.2684
Client 774: 3.7347
Client 975: 2.8232
Client 653: 4.1947
Client 1885: 3.0045
Client 107: 3.2650
Client 1868: 3.0466
Client 617: 4.1008
Client 508: 4.3750
Client 434: 2.2309
Client 1320: 4.3219
Client 1576: 2.8043
Client 1332: 3.8605
Client 1099: 4.0164
Client 1167: 3.9873
Client 1616: 3.2631
Client 108: 3.8364
Client 181: 3.6437
Client 859: 3.8555
Client 890: 3.9457
Client 1861: 3.0196
Client 832: 3.8426
Client 556: 3.6980
Client 1091: 3.2168
Client 1927: 3.3994
Client 405: 3.5165
Client 1571: 3.0469
Client 560: 3.1441
Client 813: 3.7395
Client 1743: 2.9168
Client 472: 2.7154
Client 885: 4.3015
Round avg loss: 3.4228 (Best: 3.4228)

--- Round 19/20 ---
Client 421: 4.1277
Client 1104: 3.2221
Client 1785: 3.4899
Client 449: 3.8575
Client 1260: 4.1556
Client 1049: 4.1690
Client 1693: 3.0108
Client 1181: 3.0930
Client 860: 3.3482
Client 310: 3.3607
Client 1309: 3.8612
Client 1917: 4.5969
Client 668: 3.4685
Client 404: 3.2785
Client 330: 3.0973
Client 1398: 3.8099
Client 941: 2.5186
Client 1795: 3.9436
Client 415: 3.5631
Client 119: 2.7909
Client 972: 3.7047
Client 1406: 4.0050
Client 715: 4.0747
Client 1372: 4.0944
Client 354: 3.4613
Client 1743: 2.8561
Client 627: 3.3121
Client 1319: 2.5833
Client 1831: 3.7757
Client 578: 3.9677
Client 1797: 3.1687
Client 1161: 3.5144
Client 1777: 3.5806
Client 672: 4.1371
Client 447: 3.7151
Client 1843: 4.2532
Client 940: 3.6009
Client 1872: 2.7810
Client 1371: 4.2755
Client 74: 3.3031
Client 351: 4.1819
Client 1177: 4.2285
Client 798: 3.5039
Client 920: 4.2507
Client 1572: 3.8308
Client 582: 1.6930
Client 1957: 4.1569
Client 1739: 3.2258
Client 302: 2.4568
Client 453: 3.9828
Client 1035: 3.0076
Client 647: 4.1864
Client 1015: 2.6589
Client 1750: 4.3068
Client 891: 4.6612
Client 1903: 3.2911
Client 31: 4.1582
Client 555: 4.0831
Client 1678: 2.8253
Client 1403: 2.7614
Client 1705: 3.9499
Client 1933: 3.8329
Client 768: 4.0469
Client 1788: 3.4433
Client 1543: 3.0266
Client 622: 3.7823
Client 1586: 3.8722
Client 43: 2.4862
Client 849: 3.5015
Client 1696: 5.1338
Client 258: 4.2786
Client 585: 4.4105
Client 464: 3.5211
Client 1321: 2.5349
Client 1926: 3.4034
Client 1857: 3.3397
Client 729: 4.0992
Client 1754: 2.8389
Client 1601: 3.8264
Client 397: 4.0029
Client 173: 3.3846
Client 1655: 3.3124
Client 1639: 3.6200
Client 1225: 2.0095
Client 558: 3.7318
Client 1176: 2.6924
Client 1358: 3.2113
Client 957: 3.3880
Client 593: 4.2935
Client 1714: 2.6989
Client 1499: 3.6843
Client 1592: 2.6162
Client 1435: 3.5973
Client 1353: 3.8452
Client 1349: 3.1864
Client 413: 2.9894
Client 1044: 2.9240
Client 855: 3.7951
Client 894: 3.2829
Client 1830: 2.1775
Round avg loss: 3.5215 (Best: 3.4228)

--- Round 20/20 ---
Client 48: 4.0381
Client 1292: 3.4090
Client 595: 3.4364
Client 205: 4.3281
Client 647: 4.0971
Client 206: 2.9511
Client 32: 4.0369
Client 1215: 3.2623
Client 1425: 3.2817
Client 277: 3.5293
Client 946: 4.1052
Client 152: 3.7966
Client 506: 2.6230
Client 927: 3.9273
Client 750: 3.5367
Client 592: 4.3641
Client 1202: 4.5526
Client 972: 3.6112
Client 1023: 3.8901
Client 990: 3.6546
Client 236: 3.7601
Client 1351: 3.3831
Client 138: 4.3071
Client 328: 2.7847
Client 102: 4.0597
Client 1903: 3.1986
Client 163: 2.5980
Client 186: 3.4837
Client 1636: 3.3592
Client 755: 3.5467
Client 842: 4.1084
Client 1587: 3.1016
Client 950: 3.1488
Client 184: 2.9429
Client 1190: 3.0354
Client 1999: 4.7318
Client 811: 3.2786
Client 542: 3.0995
Client 957: 3.3352
Client 617: 3.9861
Client 1991: 3.6643
Client 1248: 1.6594
Client 1223: 2.8983
Client 1129: 4.0047
Client 569: 2.7337
Client 531: 3.3409
Client 989: 3.9478
Client 1932: 3.8843
Client 200: 3.2738
Client 1360: 4.5754
Client 720: 1.7575
Client 627: 3.1540
Client 883: 3.1986
Client 1975: 3.4381
Client 862: 3.2912
Client 543: 3.9606
Client 1939: 3.0987
Client 210: 3.4137
Client 1943: 3.3043
Client 73: 3.6713
Client 1654: 3.1331
Client 1287: 4.2339
Client 587: 4.4715
Client 1902: 3.0063
Client 1941: 3.9977
Client 1071: 4.2476
Client 1032: 3.1628
Client 1695: 2.5343
Client 21: 2.3688
Client 278: 3.2065
Client 954: 4.0685
Client 912: 3.2661
Client 1099: 3.9053
Client 30: 3.7016
Client 845: 3.5477
Client 900: 3.7212
Client 15: 2.7911
Client 1367: 3.4814
Client 325: 3.3442
Client 1061: 4.3888
Client 458: 3.4932
Client 469: 3.2935
Client 681: 3.9140
Client 1146: 2.6100
Client 532: 3.7218
Client 1212: 3.3258
Client 1942: 3.7673
Client 1623: 3.7833
Client 723: 3.4802
Client 1208: 2.8190
Client 1585: 3.0688
Client 1052: 3.5785
Client 1791: 4.1549
Client 466: 3.4902
Client 886: 2.6747
Client 1677: 4.2068
Client 645: 3.9112
Client 670: 2.9595
Client 820: 2.9376
Client 336: 4.6437
Round avg loss: 3.5036 (Best: 3.4228)
Projector checkpoint saved to fl_results/checkpoints/projector_resnet18_cifar10_resnet18_2000C_5pct_seed17_20260527_011527.pt

Running final evaluations...

>>> Evaluating on 'cifar10' <<<
Files already downloaded and verified
Files already downloaded and verified
[cifar10] Linear split: 40000 train, 10000 val, 10000 test
Linear Epoch 5: Train Loss=0.9230, Val Acc=72.91%
Linear Epoch 10: Train Loss=0.7695, Val Acc=75.34%
Linear Epoch 15: Train Loss=0.7134, Val Acc=76.83%
Linear Epoch 20: Train Loss=0.6843, Val Acc=77.41%
Linear Epoch 25: Train Loss=0.6663, Val Acc=77.73%
Linear Epoch 30: Train Loss=0.6541, Val Acc=78.03%
Linear Epoch 35: Train Loss=0.6450, Val Acc=78.30%
Linear Epoch 40: Train Loss=0.6376, Val Acc=78.49%
Linear Epoch 45: Train Loss=0.6333, Val Acc=78.61%
Linear Epoch 50: Train Loss=0.6281, Val Acc=78.64%
[cifar10] Linear accuracy: 77.95% | Val accuracy: 78.72%
[cifar10] Eval-only accuracy: 9.66%
Running unsupervised k-NN evaluation...
k-NN Top-1 accuracy: 74.84%
Running unsupervised clustering evaluation...
K-Means clustering accuracy (Hungarian matched): 54.94%
Silhouette score: 0.041
Prototype accuracy: 66.05%

>>> Evaluating on 'cifar100' <<<
Files already downloaded and verified
Files already downloaded and verified
[cifar100] Linear split: 40000 train, 10000 val, 10000 test
Linear Epoch 5: Train Loss=2.6191, Val Acc=45.16%
Linear Epoch 10: Train Loss=2.1421, Val Acc=48.19%
Linear Epoch 15: Train Loss=1.9621, Val Acc=49.98%
Linear Epoch 20: Train Loss=1.8679, Val Acc=51.34%
Linear Epoch 25: Train Loss=1.8071, Val Acc=51.80%
Linear Epoch 30: Train Loss=1.7657, Val Acc=52.55%
Linear Epoch 35: Train Loss=1.7349, Val Acc=52.91%
Linear Epoch 40: Train Loss=1.7130, Val Acc=53.16%
Linear Epoch 45: Train Loss=1.6953, Val Acc=53.50%
Linear Epoch 50: Train Loss=1.6804, Val Acc=53.69%
[cifar100] Linear accuracy: 52.49% | Val accuracy: 53.69%
[cifar100] Eval-only accuracy: 1.70%
Running unsupervised k-NN evaluation...
k-NN Top-1 accuracy: 48.25%
Running unsupervised clustering evaluation...
K-Means clustering accuracy (Hungarian matched): 23.21%
Silhouette score: 0.032
Prototype accuracy: 43.76%

>>> Evaluating on 'tiny' <<<
[tiny] Linear split: 80000 train, 20000 val, 10000 test
Linear Epoch 5: Train Loss=2.7924, Val Acc=44.31%
Linear Epoch 10: Train Loss=2.3759, Val Acc=47.26%
Linear Epoch 15: Train Loss=2.2401, Val Acc=48.57%
Linear Epoch 20: Train Loss=2.1735, Val Acc=49.20%
Linear Epoch 25: Train Loss=2.1352, Val Acc=49.71%
Linear Epoch 30: Train Loss=2.1108, Val Acc=50.16%
Linear Epoch 35: Train Loss=2.0944, Val Acc=50.36%
Linear Epoch 40: Train Loss=2.0829, Val Acc=50.59%
Linear Epoch 45: Train Loss=2.0744, Val Acc=50.59%
Linear Epoch 50: Train Loss=2.0681, Val Acc=50.71%
[tiny] Linear accuracy: 51.44% | Val accuracy: 50.74%
[tiny] Eval-only accuracy: 0.25%
Running unsupervised k-NN evaluation...
k-NN Top-1 accuracy: 44.32%
Running unsupervised clustering evaluation...
K-Means clustering accuracy (Hungarian matched): 17.93%
Silhouette score: 0.024
Prototype accuracy: 45.49%

>>> Evaluating on 'whoi_plankton' <<<
[whoi_plankton] Linear split: 535844 train, 133962 val, 191375 test
[HFImageDataset] WARN: failed to decode row 317330 of nf-whoi/whoi-plankton (UnidentifiedImageError: cannot identify image file <_io.BytesIO object at 0x78c04b2ff420>); returning 1x1 black placeholder.
[HFImageDataset] WARN: failed to decode row 83436 of nf-whoi/whoi-plankton (UnidentifiedImageError: cannot identify image file <_io.BytesIO object at 0x78c049931670>); returning 1x1 black placeholder.
Linear Epoch 5: Train Loss=0.8706, Val Acc=74.87%
Linear Epoch 10: Train Loss=0.8420, Val Acc=75.52%
Linear Epoch 15: Train Loss=0.8346, Val Acc=75.65%
Linear Epoch 20: Train Loss=0.8316, Val Acc=75.69%
Linear Epoch 25: Train Loss=0.8304, Val Acc=75.78%
Linear Epoch 30: Train Loss=0.8293, Val Acc=75.87%
Linear Epoch 35: Train Loss=0.8293, Val Acc=75.90%
Linear Epoch 40: Train Loss=0.8287, Val Acc=76.00%
Linear Epoch 45: Train Loss=0.8284, Val Acc=75.90%
Early stopping at epoch 50
[whoi_plankton] Linear accuracy: 75.86% | Val accuracy: 76.00%
[whoi_plankton] Eval-only accuracy: 0.21%
Running unsupervised k-NN evaluation...
k-NN Top-1 accuracy: 80.96%
Running unsupervised clustering evaluation...
K-Means clustering accuracy (Hungarian matched): 10.29%
Silhouette score: 0.043
Prototype accuracy: 30.47%

>>> Evaluating on 'eurosat' <<<
[eurosat] Linear split: 12960 train, 3240 val, 5400 test
Linear Epoch 5: Train Loss=0.9897, Val Acc=82.10%
Linear Epoch 10: Train Loss=0.6719, Val Acc=84.01%
Linear Epoch 15: Train Loss=0.5541, Val Acc=85.49%
Linear Epoch 20: Train Loss=0.4917, Val Acc=86.05%
Linear Epoch 25: Train Loss=0.4534, Val Acc=86.54%
Linear Epoch 30: Train Loss=0.4258, Val Acc=86.85%
Linear Epoch 35: Train Loss=0.4068, Val Acc=87.31%
Linear Epoch 40: Train Loss=0.3903, Val Acc=87.87%
Linear Epoch 45: Train Loss=0.3783, Val Acc=87.99%
Linear Epoch 50: Train Loss=0.3682, Val Acc=88.33%
[eurosat] Linear accuracy: 87.50% | Val accuracy: 88.43%
[eurosat] Eval-only accuracy: 11.98%
Running unsupervised k-NN evaluation...
k-NN Top-1 accuracy: 86.94%
Running unsupervised clustering evaluation...
K-Means clustering accuracy (Hungarian matched): 60.39%
Silhouette score: 0.116
Prototype accuracy: 78.50%

>>> Evaluating on 'bone_marrow' <<<
[bone_marrow] Linear split: 109674 train, 27419 val, 17135 test
[HFImageDataset] WARN: failed to decode row 83795 of ekim15/bone_marrow_cell_dataset (OSError: broken data stream when reading image file); returning 1x1 black placeholder.
Linear Epoch 5: Train Loss=1.6508, Val Acc=49.09%
Linear Epoch 10: Train Loss=1.5809, Val Acc=50.82%
Linear Epoch 15: Train Loss=1.5534, Val Acc=51.60%
Linear Epoch 20: Train Loss=1.5374, Val Acc=51.86%
Linear Epoch 25: Train Loss=1.5277, Val Acc=52.13%
Linear Epoch 30: Train Loss=1.5200, Val Acc=52.39%
Linear Epoch 35: Train Loss=1.5154, Val Acc=52.51%
Linear Epoch 40: Train Loss=1.5110, Val Acc=52.55%
Linear Epoch 45: Train Loss=1.5075, Val Acc=52.77%
Linear Epoch 50: Train Loss=1.5047, Val Acc=52.80%
[bone_marrow] Linear accuracy: 52.63% | Val accuracy: 52.84%
[bone_marrow] Eval-only accuracy: 2.45%
Running unsupervised k-NN evaluation...
k-NN Top-1 accuracy: 48.78%
Running unsupervised clustering evaluation...
K-Means clustering accuracy (Hungarian matched): 15.03%
Silhouette score: 0.036
Prototype accuracy: 30.31%

>>> Evaluating on 'wikiart_style' <<<
[wikiart_style] Linear split: 52124 train, 13031 val, 16289 test
Linear Epoch 5: Train Loss=2.2400, Val Acc=31.31%
Linear Epoch 10: Train Loss=2.1298, Val Acc=32.99%
Linear Epoch 15: Train Loss=2.0847, Val Acc=33.56%
Linear Epoch 20: Train Loss=2.0588, Val Acc=34.17%
Linear Epoch 25: Train Loss=2.0418, Val Acc=34.48%
Linear Epoch 30: Train Loss=2.0298, Val Acc=34.84%
Linear Epoch 35: Train Loss=2.0204, Val Acc=34.91%
Linear Epoch 40: Train Loss=2.0130, Val Acc=35.20%
Linear Epoch 45: Train Loss=2.0074, Val Acc=35.22%
Linear Epoch 50: Train Loss=2.0029, Val Acc=35.27%
[wikiart_style] Linear accuracy: 35.96% | Val accuracy: 35.36%
[wikiart_style] Eval-only accuracy: 3.87%
Running unsupervised k-NN evaluation...
k-NN Top-1 accuracy: 37.12%
Running unsupervised clustering evaluation...
K-Means clustering accuracy (Hungarian matched): 13.09%
Silhouette score: 0.024
Prototype accuracy: 20.95%
Results saved to fl_results/fed_unsup_simclr_resnet18_cifar10_resnet18_2000C_5pct_seed17_20260527_011527.json
